# Logfile created on 2026-04-01 18:47:33 +0200 by logger.rb/v1.4.3
2026-04-01 18:47:33 +0200: Memory Usage (430648K) : Starting running SG13G2 Klayout LVS runset on /home/designer/shared/designs/SSDOR_1.2V_v3/components/cgenerator/cgenerator.gds
2026-04-01 18:47:33 +0200: Memory Usage (430648K) : Ruby Version for klayout: 3.0.2
2026-04-01 18:47:33 +0200: Memory Usage (431544K) : Loading database to memory is complete.
2026-04-01 18:47:33 +0200: Memory Usage (431544K) : SG13G2 Klayout LVS runset output at: /home/designer/shared/designs/SSDOR_1.2V_v3/components/cgenerator/lvs_run_cgenerator_2026_04_01_18_47_31/cgenerator.lvsdb
2026-04-01 18:47:33 +0200: Memory Usage (431544K) : Evaluate switches.
2026-04-01 18:47:33 +0200: Memory Usage (431544K) : Extracted netlist with net names: true
2026-04-01 18:47:33 +0200: Memory Usage (431544K) : Extracted netlist with comments in details: false
2026-04-01 18:47:33 +0200: Memory Usage (431544K) : Selected NET_ONLY option: false
2026-04-01 18:47:33 +0200: Memory Usage (431544K) : Selected LAYOUT_NETLIST option: (none)
2026-04-01 18:47:33 +0200: Memory Usage (431544K) : Selected IGNORE_TOP_PORTS_MISMATCH option: 
2026-04-01 18:47:33 +0200: Memory Usage (431544K) : Selected IMPLICIT_NETS option: (none)
2026-04-01 18:47:33 +0200: Memory Usage (431544K) : Selected TOP_LVL_PINS option: true
2026-04-01 18:47:33 +0200: Memory Usage (431544K) : Selected COMBINE DEVICES option: false
2026-04-01 18:47:33 +0200: Memory Usage (431544K) : Selected PURGE option: false
2026-04-01 18:47:33 +0200: Memory Usage (431544K) : Selected PURGE_NETS option: false
2026-04-01 18:47:33 +0200: Memory Usage (431544K) : Selected SIMPLIFY option: true
2026-04-01 18:47:33 +0200: Memory Usage (431544K) : Selected SERIES_RES option: true
2026-04-01 18:47:33 +0200: Memory Usage (431544K) : Selected PARALLEL_RES option: true
2026-04-01 18:47:33 +0200: Memory Usage (431544K) : deep  mode is enabled.
2026-04-01 18:47:33 +0200: Memory Usage (432568K) : Netlist file: /home/designer/shared/designs/SSDOR_1.2V_v3/components/cgenerator/simulations/cgenerator.spice
2026-04-01 18:47:33 +0200: Memory Usage (432568K) : LVS extracted netlist at: /home/designer/shared/designs/SSDOR_1.2V_v3/components/cgenerator/lvs_run_cgenerator_2026_04_01_18_47_31/cgenerator_extracted.cir
2026-04-01 18:47:33 +0200: Memory Usage (432568K) : Applying SRAM integration support.
2026-04-01 18:47:33 +0200: Memory Usage (432568K) : Starting SG13G2 LVS runset
2026-04-01 18:47:33 +0200: Memory Usage (432568K) : Read in polygons from layers.
2026-04-01 18:47:33 +0200: Memory Usage (433592K) : activ_drw has 82 polygons
2026-04-01 18:47:33 +0200: Memory Usage (433592K) : activ_filler has 0 polygons
2026-04-01 18:47:33 +0200: Memory Usage (433592K) : activ has 82 polygons
2026-04-01 18:47:33 +0200: Memory Usage (433592K) : activ_pin has 0 polygons
2026-04-01 18:47:33 +0200: Memory Usage (433592K) : activ_mask has 0 polygons
2026-04-01 18:47:33 +0200: Memory Usage (433592K) : activ_nofill has 0 polygons
2026-04-01 18:47:33 +0200: Memory Usage (433592K) : activ_OPC has 0 polygons
2026-04-01 18:47:33 +0200: Memory Usage (433592K) : activ_iOPC has 0 polygons
2026-04-01 18:47:33 +0200: Memory Usage (433720K) : activ_noqrc has 0 polygons
2026-04-01 18:47:33 +0200: Memory Usage (433720K) : biwind_drw has 0 polygons
2026-04-01 18:47:33 +0200: Memory Usage (433720K) : biwind_OPC has 0 polygons
2026-04-01 18:47:33 +0200: Memory Usage (433720K) : gatpoly_drw has 69 polygons
2026-04-01 18:47:33 +0200: Memory Usage (433720K) : gatpoly_filler has 0 polygons
2026-04-01 18:47:33 +0200: Memory Usage (433720K) : gatpoly has 69 polygons
2026-04-01 18:47:33 +0200: Memory Usage (433720K) : gatpoly_pin has 13 polygons
2026-04-01 18:47:33 +0200: Memory Usage (433720K) : gatpoly_nofill has 0 polygons
2026-04-01 18:47:33 +0200: Memory Usage (433720K) : gatpoly_OPC has 0 polygons
2026-04-01 18:47:33 +0200: Memory Usage (433720K) : gatpoly_iOPC has 0 polygons
2026-04-01 18:47:33 +0200: Memory Usage (433720K) : gatpoly_noqrc has 0 polygons
2026-04-01 18:47:33 +0200: Memory Usage (433848K) : cont_drw has 982 polygons
2026-04-01 18:47:33 +0200: Memory Usage (433848K) : cont_OPC has 0 polygons
2026-04-01 18:47:33 +0200: Memory Usage (433848K) : nsd_drw has 0 polygons
2026-04-01 18:47:33 +0200: Memory Usage (433848K) : nsd_block has 0 polygons
2026-04-01 18:47:33 +0200: Memory Usage (434104K) : metal1_drw has 149 polygons
2026-04-01 18:47:33 +0200: Memory Usage (434104K) : metal1_filler has 0 polygons
2026-04-01 18:47:33 +0200: Memory Usage (434232K) : metal1_slit has 0 polygons
2026-04-01 18:47:33 +0200: Memory Usage (434488K) : metal1 has 149 polygons
2026-04-01 18:47:33 +0200: Memory Usage (434488K) : metal1_pin has 31 polygons
2026-04-01 18:47:33 +0200: Memory Usage (434488K) : metal1_mask has 0 polygons
2026-04-01 18:47:33 +0200: Memory Usage (434616K) : metal1_nofill has 0 polygons
2026-04-01 18:47:33 +0200: Memory Usage (434872K) : metal1_text has 3 polygons
2026-04-01 18:47:33 +0200: Memory Usage (435000K) : metal1_OPC has 0 polygons
2026-04-01 18:47:33 +0200: Memory Usage (435000K) : metal1_noqrc has 0 polygons
2026-04-01 18:47:33 +0200: Memory Usage (435128K) : metal1_res has 0 polygons
2026-04-01 18:47:33 +0200: Memory Usage (435128K) : metal1_iprobe has 0 polygons
2026-04-01 18:47:33 +0200: Memory Usage (435256K) : metal1_diffprb has 0 polygons
2026-04-01 18:47:33 +0200: Memory Usage (435256K) : passiv_drw has 0 polygons
2026-04-01 18:47:33 +0200: Memory Usage (435384K) : passiv_pin has 0 polygons
2026-04-01 18:47:33 +0200: Memory Usage (435384K) : passiv_sbump has 0 polygons
2026-04-01 18:47:33 +0200: Memory Usage (435512K) : passiv_pillar has 0 polygons
2026-04-01 18:47:33 +0200: Memory Usage (435512K) : passiv_pdl has 0 polygons
2026-04-01 18:47:33 +0200: Memory Usage (435640K) : metal2_drw has 3 polygons
2026-04-01 18:47:33 +0200: Memory Usage (435640K) : metal2_filler has 0 polygons
2026-04-01 18:47:33 +0200: Memory Usage (435768K) : metal2_slit has 0 polygons
2026-04-01 18:47:33 +0200: Memory Usage (435896K) : metal2 has 3 polygons
2026-04-01 18:47:33 +0200: Memory Usage (435896K) : metal2_pin has 0 polygons
2026-04-01 18:47:33 +0200: Memory Usage (436024K) : metal2_mask has 0 polygons
2026-04-01 18:47:33 +0200: Memory Usage (436024K) : metal2_nofill has 0 polygons
2026-04-01 18:47:33 +0200: Memory Usage (436152K) : metal2_text has 0 polygons
2026-04-01 18:47:33 +0200: Memory Usage (436152K) : metal2_OPC has 0 polygons
2026-04-01 18:47:33 +0200: Memory Usage (436152K) : metal2_noqrc has 0 polygons
2026-04-01 18:47:33 +0200: Memory Usage (436280K) : metal2_res has 0 polygons
2026-04-01 18:47:33 +0200: Memory Usage (436280K) : metal2_iprobe has 0 polygons
2026-04-01 18:47:33 +0200: Memory Usage (436408K) : metal2_diffprb has 0 polygons
2026-04-01 18:47:33 +0200: Memory Usage (436408K) : baspoly_drw has 0 polygons
2026-04-01 18:47:33 +0200: Memory Usage (436536K) : baspoly_pin has 0 polygons
2026-04-01 18:47:33 +0200: Memory Usage (436536K) : psd_drw has 14 polygons
2026-04-01 18:47:33 +0200: Memory Usage (436664K) : nldb_drw has 0 polygons
2026-04-01 18:47:33 +0200: Memory Usage (436664K) : digibnd_drw has 0 polygons
2026-04-01 18:47:33 +0200: Memory Usage (436792K) : via1_drw has 8 polygons
2026-04-01 18:47:33 +0200: Memory Usage (436920K) : backmetal1_drw has 0 polygons
2026-04-01 18:47:33 +0200: Memory Usage (436920K) : backmetal1_pin has 0 polygons
2026-04-01 18:47:33 +0200: Memory Usage (437048K) : backmetal1_mask has 0 polygons
2026-04-01 18:47:33 +0200: Memory Usage (437048K) : backmetal1_filler has 0 polygons
2026-04-01 18:47:33 +0200: Memory Usage (437176K) : backmetal1_nofill has 0 polygons
2026-04-01 18:47:33 +0200: Memory Usage (437176K) : backmetal1_slit has 0 polygons
2026-04-01 18:47:33 +0200: Memory Usage (437304K) : backmetal1_text has 0 polygons
2026-04-01 18:47:33 +0200: Memory Usage (437304K) : backmetal1_OPC has 0 polygons
2026-04-01 18:47:33 +0200: Memory Usage (437432K) : backmetal1_noqrc has 0 polygons
2026-04-01 18:47:33 +0200: Memory Usage (437432K) : backmetal1_res has 0 polygons
2026-04-01 18:47:33 +0200: Memory Usage (437560K) : backmetal1_iprobe has 0 polygons
2026-04-01 18:47:33 +0200: Memory Usage (437560K) : backmetal1_diffprb has 0 polygons
2026-04-01 18:47:33 +0200: Memory Usage (437688K) : backpassiv_drw has 0 polygons
2026-04-01 18:47:33 +0200: Memory Usage (437688K) : res_drw has 0 polygons
2026-04-01 18:47:33 +0200: Memory Usage (437688K) : sram_drw has 0 polygons
2026-04-01 18:47:33 +0200: Memory Usage (437816K) : trans_drw has 0 polygons
2026-04-01 18:47:33 +0200: Memory Usage (437816K) : ind_drw has 0 polygons
2026-04-01 18:47:33 +0200: Memory Usage (437944K) : ind_pin has 0 polygons
2026-04-01 18:47:33 +0200: Memory Usage (437944K) : ind_text has 0 polygons
2026-04-01 18:47:33 +0200: Memory Usage (438072K) : salblock_drw has 0 polygons
2026-04-01 18:47:33 +0200: Memory Usage (438072K) : via2_drw has 0 polygons
2026-04-01 18:47:33 +0200: Memory Usage (438200K) : metal3_drw has 0 polygons
2026-04-01 18:47:33 +0200: Memory Usage (438200K) : metal3_filler has 0 polygons
2026-04-01 18:47:33 +0200: Memory Usage (438328K) : metal3_slit has 0 polygons
2026-04-01 18:47:33 +0200: Memory Usage (438456K) : metal3 has 0 polygons
2026-04-01 18:47:33 +0200: Memory Usage (438456K) : metal3_pin has 0 polygons
2026-04-01 18:47:33 +0200: Memory Usage (438584K) : metal3_mask has 0 polygons
2026-04-01 18:47:33 +0200: Memory Usage (438584K) : metal3_nofill has 0 polygons
2026-04-01 18:47:33 +0200: Memory Usage (438712K) : metal3_text has 0 polygons
2026-04-01 18:47:33 +0200: Memory Usage (438712K) : metal3_OPC has 0 polygons
2026-04-01 18:47:33 +0200: Memory Usage (438840K) : metal3_noqrc has 0 polygons
2026-04-01 18:47:33 +0200: Memory Usage (438840K) : metal3_res has 0 polygons
2026-04-01 18:47:33 +0200: Memory Usage (438968K) : metal3_iprobe has 0 polygons
2026-04-01 18:47:33 +0200: Memory Usage (438968K) : metal3_diffprb has 0 polygons
2026-04-01 18:47:33 +0200: Memory Usage (438968K) : nwell_drw has 16 polygons
2026-04-01 18:47:33 +0200: Memory Usage (439096K) : nwell_pin has 1 polygons
2026-04-01 18:47:33 +0200: Memory Usage (439096K) : nwell_text has 0 polygons
2026-04-01 18:47:33 +0200: Memory Usage (439224K) : nbulay_drw has 1 polygons
2026-04-01 18:47:33 +0200: Memory Usage (439224K) : nbulay_pin has 0 polygons
2026-04-01 18:47:33 +0200: Memory Usage (439352K) : nbulay_block has 0 polygons
2026-04-01 18:47:33 +0200: Memory Usage (439352K) : emwind_drw has 0 polygons
2026-04-01 18:47:33 +0200: Memory Usage (439480K) : emwind_OPC has 0 polygons
2026-04-01 18:47:33 +0200: Memory Usage (439480K) : deepco_drw has 0 polygons
2026-04-01 18:47:33 +0200: Memory Usage (439608K) : mim_drw has 0 polygons
2026-04-01 18:47:33 +0200: Memory Usage (439608K) : edgeseal_drw has 0 polygons
2026-04-01 18:47:33 +0200: Memory Usage (439736K) : substrate_drw has 13 polygons
2026-04-01 18:47:33 +0200: Memory Usage (439736K) : substrate_text has 0 polygons
2026-04-01 18:47:33 +0200: Memory Usage (439864K) : dfpad_drw has 0 polygons
2026-04-01 18:47:33 +0200: Memory Usage (439864K) : dfpad_pillar has 0 polygons
2026-04-01 18:47:33 +0200: Memory Usage (439992K) : dfpad_sbump has 0 polygons
2026-04-01 18:47:33 +0200: Memory Usage (439992K) : thickgateox_drw has 0 polygons
2026-04-01 18:47:33 +0200: Memory Usage (440120K) : pldb_drw has 0 polygons
2026-04-01 18:47:33 +0200: Memory Usage (440120K) : pwell_drw has 0 polygons
2026-04-01 18:47:33 +0200: Memory Usage (440248K) : pwell_pin has 0 polygons
2026-04-01 18:47:33 +0200: Memory Usage (440248K) : pwell_block has 0 polygons
2026-04-01 18:47:33 +0200: Memory Usage (440376K) : ic_drw has 0 polygons
2026-04-01 18:47:33 +0200: Memory Usage (440376K) : via3_drw has 0 polygons
2026-04-01 18:47:33 +0200: Memory Usage (440504K) : metal4_drw has 0 polygons
2026-04-01 18:47:33 +0200: Memory Usage (440504K) : metal4_filler has 0 polygons
2026-04-01 18:47:33 +0200: Memory Usage (440632K) : metal4_slit has 0 polygons
2026-04-01 18:47:33 +0200: Memory Usage (440632K) : metal4 has 0 polygons
2026-04-01 18:47:33 +0200: Memory Usage (440760K) : metal4_pin has 0 polygons
2026-04-01 18:47:33 +0200: Memory Usage (440760K) : metal4_mask has 0 polygons
2026-04-01 18:47:33 +0200: Memory Usage (440888K) : metal4_nofill has 0 polygons
2026-04-01 18:47:33 +0200: Memory Usage (440888K) : metal4_text has 0 polygons
2026-04-01 18:47:33 +0200: Memory Usage (441016K) : metal4_OPC has 0 polygons
2026-04-01 18:47:33 +0200: Memory Usage (441016K) : metal4_noqrc has 0 polygons
2026-04-01 18:47:33 +0200: Memory Usage (441144K) : metal4_res has 0 polygons
2026-04-01 18:47:33 +0200: Memory Usage (441144K) : metal4_iprobe has 0 polygons
2026-04-01 18:47:33 +0200: Memory Usage (441272K) : metal4_diffprb has 0 polygons
2026-04-01 18:47:33 +0200: Memory Usage (441272K) : heattrans_drw has 28 polygons
2026-04-01 18:47:33 +0200: Memory Usage (441400K) : heatres_drw has 0 polygons
2026-04-01 18:47:33 +0200: Memory Usage (441400K) : fbe_drw has 0 polygons
2026-04-01 18:47:33 +0200: Memory Usage (441528K) : empoly_drw has 0 polygons
2026-04-01 18:47:33 +0200: Memory Usage (441528K) : digisub_drw has 0 polygons
2026-04-01 18:47:33 +0200: Memory Usage (441656K) : text_drw has 27 polygons
2026-04-01 18:47:33 +0200: Memory Usage (441656K) : via4_drw has 0 polygons
2026-04-01 18:47:33 +0200: Memory Usage (441784K) : metal5_drw has 0 polygons
2026-04-01 18:47:33 +0200: Memory Usage (441784K) : metal5_filler has 0 polygons
2026-04-01 18:47:33 +0200: Memory Usage (441912K) : metal5_slit has 0 polygons
2026-04-01 18:47:33 +0200: Memory Usage (442040K) : metal5 has 0 polygons
2026-04-01 18:47:33 +0200: Memory Usage (442040K) : metal5_pin has 0 polygons
2026-04-01 18:47:33 +0200: Memory Usage (442168K) : metal5_mask has 0 polygons
2026-04-01 18:47:33 +0200: Memory Usage (442168K) : metal5_nofill has 0 polygons
2026-04-01 18:47:33 +0200: Memory Usage (442168K) : metal5_text has 0 polygons
2026-04-01 18:47:33 +0200: Memory Usage (442296K) : metal5_OPC has 0 polygons
2026-04-01 18:47:33 +0200: Memory Usage (442296K) : metal5_noqrc has 0 polygons
2026-04-01 18:47:33 +0200: Memory Usage (442424K) : metal5_res has 0 polygons
2026-04-01 18:47:33 +0200: Memory Usage (442424K) : metal5_iprobe has 0 polygons
2026-04-01 18:47:33 +0200: Memory Usage (442552K) : metal5_diffprb has 0 polygons
2026-04-01 18:47:33 +0200: Memory Usage (442552K) : radhard_drw has 0 polygons
2026-04-01 18:47:33 +0200: Memory Usage (442680K) : memcap_drw has 0 polygons
2026-04-01 18:47:33 +0200: Memory Usage (442680K) : varicap_drw has 0 polygons
2026-04-01 18:47:33 +0200: Memory Usage (442808K) : intbondvia_drw has 0 polygons
2026-04-01 18:47:33 +0200: Memory Usage (442808K) : intbondmet_drw has 0 polygons
2026-04-01 18:47:33 +0200: Memory Usage (442936K) : devbondvia_drw has 0 polygons
2026-04-01 18:47:33 +0200: Memory Usage (442936K) : devbondmet_drw has 0 polygons
2026-04-01 18:47:33 +0200: Memory Usage (443064K) : devtrench_drw has 0 polygons
2026-04-01 18:47:33 +0200: Memory Usage (443064K) : redist_drw has 0 polygons
2026-04-01 18:47:33 +0200: Memory Usage (443192K) : graphbot_drw has 0 polygons
2026-04-01 18:47:33 +0200: Memory Usage (443192K) : graphtop_drw has 0 polygons
2026-04-01 18:47:33 +0200: Memory Usage (443320K) : antvia1_drw has 0 polygons
2026-04-01 18:47:33 +0200: Memory Usage (443320K) : antmetal2_drw has 0 polygons
2026-04-01 18:47:33 +0200: Memory Usage (443448K) : graphcont_drw has 0 polygons
2026-04-01 18:47:33 +0200: Memory Usage (443448K) : siwg_drw has 0 polygons
2026-04-01 18:47:33 +0200: Memory Usage (443576K) : siwg_filler has 0 polygons
2026-04-01 18:47:33 +0200: Memory Usage (443576K) : siwg_nofill has 0 polygons
2026-04-01 18:47:33 +0200: Memory Usage (443704K) : sigrating_drw has 0 polygons
2026-04-01 18:47:33 +0200: Memory Usage (443704K) : singrating_drw has 0 polygons
2026-04-01 18:47:33 +0200: Memory Usage (443832K) : graphpas_drw has 0 polygons
2026-04-01 18:47:33 +0200: Memory Usage (443832K) : emwind3_drw has 0 polygons
2026-04-01 18:47:33 +0200: Memory Usage (443960K) : emwihv3_drw has 0 polygons
2026-04-01 18:47:33 +0200: Memory Usage (443960K) : redbulay_drw has 0 polygons
2026-04-01 18:47:33 +0200: Memory Usage (444088K) : smos_drw has 0 polygons
2026-04-01 18:47:33 +0200: Memory Usage (444216K) : graphpad_drw has 0 polygons
2026-04-01 18:47:33 +0200: Memory Usage (444216K) : polimide_drw has 0 polygons
2026-04-01 18:47:33 +0200: Memory Usage (444344K) : polimide_pin has 0 polygons
2026-04-01 18:47:33 +0200: Memory Usage (444344K) : recog_drw has 0 polygons
2026-04-01 18:47:33 +0200: Memory Usage (444472K) : recog_pin has 0 polygons
2026-04-01 18:47:33 +0200: Memory Usage (444472K) : recog_esd has 0 polygons
2026-04-01 18:47:33 +0200: Memory Usage (444600K) : recog_diode has 0 polygons
2026-04-01 18:47:33 +0200: Memory Usage (444600K) : recog_tsv has 0 polygons
2026-04-01 18:47:33 +0200: Memory Usage (444728K) : recog_iprobe has 0 polygons
2026-04-01 18:47:33 +0200: Memory Usage (444728K) : recog_diffprb has 0 polygons
2026-04-01 18:47:33 +0200: Memory Usage (444856K) : recog_pillar has 0 polygons
2026-04-01 18:47:33 +0200: Memory Usage (444856K) : recog_sbump has 0 polygons
2026-04-01 18:47:33 +0200: Memory Usage (444984K) : recog_otp has 0 polygons
2026-04-01 18:47:33 +0200: Memory Usage (444984K) : recog_pdiode has 0 polygons
2026-04-01 18:47:33 +0200: Memory Usage (445112K) : recog_mom has 0 polygons
2026-04-01 18:47:33 +0200: Memory Usage (445112K) : recog_pcm has 0 polygons
2026-04-01 18:47:33 +0200: Memory Usage (445240K) : colopen_drw has 0 polygons
2026-04-01 18:47:33 +0200: Memory Usage (445240K) : graphmetal1_drw has 0 polygons
2026-04-01 18:47:33 +0200: Memory Usage (445368K) : graphmetal1_filler has 0 polygons
2026-04-01 18:47:33 +0200: Memory Usage (445368K) : graphmetal1_nofill has 0 polygons
2026-04-01 18:47:33 +0200: Memory Usage (445496K) : graphmetal1_slit has 0 polygons
2026-04-01 18:47:33 +0200: Memory Usage (445496K) : graphmetal1_OPC has 0 polygons
2026-04-01 18:47:33 +0200: Memory Usage (445624K) : graphmet1l_drw has 0 polygons
2026-04-01 18:47:33 +0200: Memory Usage (445624K) : graphmet1l_filler has 0 polygons
2026-04-01 18:47:33 +0200: Memory Usage (445752K) : graphmet1l_nofill has 0 polygons
2026-04-01 18:47:33 +0200: Memory Usage (445752K) : graphmet1l_slit has 0 polygons
2026-04-01 18:47:33 +0200: Memory Usage (445880K) : graphmet1l_OPC has 0 polygons
2026-04-01 18:47:33 +0200: Memory Usage (445880K) : extblock_drw has 0 polygons
2026-04-01 18:47:33 +0200: Memory Usage (446008K) : nldd_drw has 0 polygons
2026-04-01 18:47:33 +0200: Memory Usage (446008K) : pldd_drw has 0 polygons
2026-04-01 18:47:33 +0200: Memory Usage (446136K) : next_drw has 0 polygons
2026-04-01 18:47:33 +0200: Memory Usage (446136K) : pext_drw has 0 polygons
2026-04-01 18:47:33 +0200: Memory Usage (446264K) : nexthv_drw has 0 polygons
2026-04-01 18:47:33 +0200: Memory Usage (446264K) : pexthv_drw has 0 polygons
2026-04-01 18:47:33 +0200: Memory Usage (446392K) : graphgate_drw has 0 polygons
2026-04-01 18:47:33 +0200: Memory Usage (446520K) : sinwg_drw has 0 polygons
2026-04-01 18:47:33 +0200: Memory Usage (446520K) : sinwg_filler has 0 polygons
2026-04-01 18:47:33 +0200: Memory Usage (446648K) : sinwg_nofill has 0 polygons
2026-04-01 18:47:33 +0200: Memory Usage (446648K) : mempad_drw has 0 polygons
2026-04-01 18:47:33 +0200: Memory Usage (446776K) : topvia1_drw has 0 polygons
2026-04-01 18:47:33 +0200: Memory Usage (446776K) : topmetal1_drw has 0 polygons
2026-04-01 18:47:33 +0200: Memory Usage (446904K) : topmetal1_filler has 0 polygons
2026-04-01 18:47:33 +0200: Memory Usage (446904K) : topmetal1_slit has 0 polygons
2026-04-01 18:47:33 +0200: Memory Usage (447032K) : topmetal1 has 0 polygons
2026-04-01 18:47:33 +0200: Memory Usage (447160K) : topmetal1_pin has 0 polygons
2026-04-01 18:47:33 +0200: Memory Usage (447160K) : topmetal1_mask has 0 polygons
2026-04-01 18:47:33 +0200: Memory Usage (447288K) : topmetal1_nofill has 0 polygons
2026-04-01 18:47:33 +0200: Memory Usage (447288K) : topmetal1_text has 0 polygons
2026-04-01 18:47:33 +0200: Memory Usage (447416K) : topmetal1_noqrc has 0 polygons
2026-04-01 18:47:33 +0200: Memory Usage (447416K) : topmetal1_res has 0 polygons
2026-04-01 18:47:33 +0200: Memory Usage (447544K) : topmetal1_iprobe has 0 polygons
2026-04-01 18:47:33 +0200: Memory Usage (447544K) : topmetal1_diffprb has 0 polygons
2026-04-01 18:47:33 +0200: Memory Usage (447672K) : inldpwl_drw has 0 polygons
2026-04-01 18:47:33 +0200: Memory Usage (447672K) : polyres_drw has 0 polygons
2026-04-01 18:47:33 +0200: Memory Usage (447672K) : polyres_pin has 0 polygons
2026-04-01 18:47:33 +0200: Memory Usage (447800K) : vmim_drw has 0 polygons
2026-04-01 18:47:33 +0200: Memory Usage (447800K) : nbulaycut_drw has 0 polygons
2026-04-01 18:47:33 +0200: Memory Usage (447928K) : antmetal1_drw has 0 polygons
2026-04-01 18:47:33 +0200: Memory Usage (447928K) : topvia2_drw has 0 polygons
2026-04-01 18:47:33 +0200: Memory Usage (447928K) : topmetal2_drw has 0 polygons
2026-04-01 18:47:33 +0200: Memory Usage (447928K) : topmetal2_filler has 0 polygons
2026-04-01 18:47:33 +0200: Memory Usage (447928K) : topmetal2_slit has 0 polygons
2026-04-01 18:47:33 +0200: Memory Usage (448056K) : topmetal2 has 0 polygons
2026-04-01 18:47:33 +0200: Memory Usage (448056K) : topmetal2_pin has 0 polygons
2026-04-01 18:47:33 +0200: Memory Usage (448184K) : topmetal2_mask has 0 polygons
2026-04-01 18:47:33 +0200: Memory Usage (448184K) : topmetal2_nofill has 0 polygons
2026-04-01 18:47:33 +0200: Memory Usage (448312K) : topmetal2_text has 0 polygons
2026-04-01 18:47:33 +0200: Memory Usage (448312K) : topmetal2_noqrc has 0 polygons
2026-04-01 18:47:33 +0200: Memory Usage (448440K) : topmetal2_res has 0 polygons
2026-04-01 18:47:33 +0200: Memory Usage (448440K) : topmetal2_iprobe has 0 polygons
2026-04-01 18:47:33 +0200: Memory Usage (448568K) : topmetal2_diffprb has 0 polygons
2026-04-01 18:47:33 +0200: Memory Usage (448568K) : snsring_drw has 0 polygons
2026-04-01 18:47:33 +0200: Memory Usage (448696K) : sensor_drw has 0 polygons
2026-04-01 18:47:33 +0200: Memory Usage (448696K) : snsarms_drw has 0 polygons
2026-04-01 18:47:33 +0200: Memory Usage (448824K) : snscmosvia_drw has 0 polygons
2026-04-01 18:47:33 +0200: Memory Usage (448824K) : colwind_drw has 0 polygons
2026-04-01 18:47:33 +0200: Memory Usage (448952K) : flm_drw has 0 polygons
2026-04-01 18:47:33 +0200: Memory Usage (448952K) : hafniumox_drw has 0 polygons
2026-04-01 18:47:33 +0200: Memory Usage (449080K) : memvia_drw has 0 polygons
2026-04-01 18:47:33 +0200: Memory Usage (449080K) : thinfilmres_drw has 0 polygons
2026-04-01 18:47:33 +0200: Memory Usage (449208K) : rfmem_drw has 0 polygons
2026-04-01 18:47:33 +0200: Memory Usage (449208K) : norcx_drw has 0 polygons
2026-04-01 18:47:33 +0200: Memory Usage (449336K) : norcx_m2m3 has 0 polygons
2026-04-01 18:47:33 +0200: Memory Usage (449336K) : norcx_m2m4 has 0 polygons
2026-04-01 18:47:33 +0200: Memory Usage (449464K) : norcx_m2m5 has 0 polygons
2026-04-01 18:47:33 +0200: Memory Usage (449464K) : norcx_m2tm1 has 0 polygons
2026-04-01 18:47:33 +0200: Memory Usage (449592K) : norcx_m2tm2 has 0 polygons
2026-04-01 18:47:33 +0200: Memory Usage (449592K) : norcx_m3m4 has 0 polygons
2026-04-01 18:47:33 +0200: Memory Usage (449720K) : norcx_m3m5 has 0 polygons
2026-04-01 18:47:33 +0200: Memory Usage (449720K) : norcx_m3tm1 has 0 polygons
2026-04-01 18:47:33 +0200: Memory Usage (449848K) : norcx_m3tm2 has 0 polygons
2026-04-01 18:47:33 +0200: Memory Usage (449848K) : norcx_m4m5 has 0 polygons
2026-04-01 18:47:33 +0200: Memory Usage (449848K) : norcx_m4tm1 has 0 polygons
2026-04-01 18:47:33 +0200: Memory Usage (449976K) : norcx_m4tm2 has 0 polygons
2026-04-01 18:47:33 +0200: Memory Usage (449976K) : norcx_m5tm1 has 0 polygons
2026-04-01 18:47:33 +0200: Memory Usage (450104K) : norcx_m5tm2 has 0 polygons
2026-04-01 18:47:33 +0200: Memory Usage (450104K) : norcx_tm1tm2 has 0 polygons
2026-04-01 18:47:33 +0200: Memory Usage (450232K) : norcx_m1sub has 0 polygons
2026-04-01 18:47:33 +0200: Memory Usage (450232K) : norcx_m2sub has 0 polygons
2026-04-01 18:47:33 +0200: Memory Usage (450360K) : norcx_m3sub has 0 polygons
2026-04-01 18:47:33 +0200: Memory Usage (450360K) : norcx_m4sub has 0 polygons
2026-04-01 18:47:33 +0200: Memory Usage (450488K) : norcx_m5sub has 0 polygons
2026-04-01 18:47:33 +0200: Memory Usage (450488K) : norcx_tm1sub has 0 polygons
2026-04-01 18:47:33 +0200: Memory Usage (450616K) : norcx_tm2sub has 0 polygons
2026-04-01 18:47:33 +0200: Memory Usage (450616K) : snsbotvia_drw has 0 polygons
2026-04-01 18:47:33 +0200: Memory Usage (450744K) : snstopvia_drw has 0 polygons
2026-04-01 18:47:33 +0200: Memory Usage (450872K) : deepvia_drw has 0 polygons
2026-04-01 18:47:33 +0200: Memory Usage (450872K) : fgetch_drw has 0 polygons
2026-04-01 18:47:33 +0200: Memory Usage (451000K) : ctrgat_drw has 0 polygons
2026-04-01 18:47:33 +0200: Memory Usage (451000K) : fgimp_drw has 0 polygons
2026-04-01 18:47:33 +0200: Memory Usage (451128K) : emwihv_drw has 0 polygons
2026-04-01 18:47:33 +0200: Memory Usage (451128K) : lbe_drw has 0 polygons
2026-04-01 18:47:33 +0200: Memory Usage (451256K) : alcustop_drw has 0 polygons
2026-04-01 18:47:33 +0200: Memory Usage (451256K) : nometfiller_drw has 0 polygons
2026-04-01 18:47:33 +0200: Memory Usage (451384K) : prboundary_drw has 0 polygons
2026-04-01 18:47:33 +0200: Memory Usage (451384K) : exchange0_drw has 0 polygons
2026-04-01 18:47:33 +0200: Memory Usage (451512K) : exchange0_pin has 0 polygons
2026-04-01 18:47:33 +0200: Memory Usage (451512K) : exchange0_text has 0 polygons
2026-04-01 18:47:33 +0200: Memory Usage (451640K) : exchange1_drw has 0 polygons
2026-04-01 18:47:33 +0200: Memory Usage (451640K) : exchange1_pin has 0 polygons
2026-04-01 18:47:33 +0200: Memory Usage (451768K) : exchange1_text has 0 polygons
2026-04-01 18:47:33 +0200: Memory Usage (451768K) : exchange2_drw has 0 polygons
2026-04-01 18:47:33 +0200: Memory Usage (451896K) : exchange2_pin has 0 polygons
2026-04-01 18:47:33 +0200: Memory Usage (451896K) : exchange2_text has 0 polygons
2026-04-01 18:47:33 +0200: Memory Usage (452024K) : exchange3_drw has 0 polygons
2026-04-01 18:47:33 +0200: Memory Usage (452024K) : exchange3_pin has 0 polygons
2026-04-01 18:47:33 +0200: Memory Usage (452152K) : exchange3_text has 0 polygons
2026-04-01 18:47:33 +0200: Memory Usage (452152K) : exchange4_drw has 0 polygons
2026-04-01 18:47:33 +0200: Memory Usage (452280K) : exchange4_pin has 0 polygons
2026-04-01 18:47:33 +0200: Memory Usage (452280K) : exchange4_text has 0 polygons
2026-04-01 18:47:33 +0200: Memory Usage (452408K) : isonwell_drw has 0 polygons
2026-04-01 18:47:33 +0200: Memory Usage (452408K) : Total no. of polygons in the design is 1440
2026-04-01 18:47:33 +0200: Memory Usage (452408K) : Starting base layers derivations
2026-04-01 18:47:33 +0200: Memory Usage (452408K) : Starting general LVS derivations
2026-04-01 18:47:34 +0200: Memory Usage (456376K) : Starting MOSFET DERIVATIONS
2026-04-01 18:47:34 +0200: Memory Usage (456632K) : Starting NMOS DERIVATIONS
2026-04-01 18:47:34 +0200: Memory Usage (456632K) : Starting PMOS DERIVATIONS
2026-04-01 18:47:34 +0200: Memory Usage (456632K) : Starting RF-MOSFET DERIVATIONS
2026-04-01 18:47:34 +0200: Memory Usage (456632K) : Starting RF-NMOS DERIVATIONS
2026-04-01 18:47:34 +0200: Memory Usage (456632K) : Starting RF-PMOS DERIVATIONS
2026-04-01 18:47:34 +0200: Memory Usage (456632K) : Starting BJT DERIVATIONS
2026-04-01 18:47:34 +0200: Memory Usage (456632K) : Starting NPN-BJT DERIVATIONS
2026-04-01 18:47:34 +0200: Memory Usage (456632K) : Starting PNP-BJT DERIVATIONS
2026-04-01 18:47:34 +0200: Memory Usage (456632K) : Starting DIODE DERIVATIONS
2026-04-01 18:47:34 +0200: Memory Usage (456632K) : Starting RESISTOR DERIVATIONS
2026-04-01 18:47:34 +0200: Memory Usage (456632K) : Starting CAP DERIVATIONS
2026-04-01 18:47:34 +0200: Memory Usage (459320K) : Starting ESD DERIVATIONS
2026-04-01 18:47:34 +0200: Memory Usage (459016K) : Starting Inductor DERIVATIONS
2026-04-01 18:47:34 +0200: Memory Usage (459016K) : Starting Taps DERIVATIONS
2026-04-01 18:47:34 +0200: Memory Usage (459016K) : Starting SG13G2 LVS connectivity setup
2026-04-01 18:47:34 +0200: Memory Usage (459016K) : Starting SG13G2 LVS connectivity setup (Inter-layer)
2026-04-01 18:47:34 +0200: Memory Usage (459144K) : Starting SG13G2 LVS connectivity setup (Global)
2026-04-01 18:47:34 +0200: Memory Usage (459144K) : Starting LVS MOSFET CONNECTIONS
2026-04-01 18:47:34 +0200: Memory Usage (459144K) : Starting LVS RF-MOSFET CONNECTIONS
2026-04-01 18:47:34 +0200: Memory Usage (459144K) : Starting LVS BJT CONNECTIONS
2026-04-01 18:47:34 +0200: Memory Usage (459144K) : Starting LVS DIODE CONNECTIONS
2026-04-01 18:47:34 +0200: Memory Usage (459144K) : Starting RESISTOR CONNECTIONS
2026-04-01 18:47:34 +0200: Memory Usage (459144K) : Starting LVS CAP CONNECTIONS
2026-04-01 18:47:34 +0200: Memory Usage (459144K) : Starting ESD CONNECTIONS
2026-04-01 18:47:34 +0200: Memory Usage (459144K) : Starting Inductor CONNECTIONS
2026-04-01 18:47:34 +0200: Memory Usage (459144K) : Starting LVS Taps CONNECTIONS
2026-04-01 18:47:34 +0200: Memory Usage (459144K) : Starting SG13G2 LVS DEVICES EXTRACTION
2026-04-01 18:47:34 +0200: Memory Usage (459144K) : Starting MOSFET EXTRACTION
2026-04-01 18:47:34 +0200: Memory Usage (459144K) : Starting NMOS EXTRACTION
2026-04-01 18:47:34 +0200: Memory Usage (459144K) : Extraction of NMOS-LV transistor
2026-04-01 18:47:34 +0200: Memory Usage (459144K) : Extraction of NMOS-HV transistor
2026-04-01 18:47:34 +0200: Memory Usage (459144K) : Starting PMOS EXTRACTION
2026-04-01 18:47:34 +0200: Memory Usage (459144K) : Extraction of PMOS-LV transistor
2026-04-01 18:47:34 +0200: Memory Usage (459144K) : Extraction of PMOS-HV transistor
2026-04-01 18:47:34 +0200: Memory Usage (459144K) : Starting RF-MOSFET EXTRACTION
2026-04-01 18:47:34 +0200: Memory Usage (459144K) : Extraction of RF-NMOS-LV transistor
2026-04-01 18:47:34 +0200: Memory Usage (459144K) : Extraction of RF-NMOS-HV transistor
2026-04-01 18:47:34 +0200: Memory Usage (459144K) : Extraction of RF-PMOS-LV transistor
2026-04-01 18:47:34 +0200: Memory Usage (459144K) : Extraction of RF-PMOS-HV transistor
2026-04-01 18:47:34 +0200: Memory Usage (459144K) : Starting BJT EXTRACTION
2026-04-01 18:47:34 +0200: Memory Usage (459144K) : Starting NPN-BJT EXTRACTION
2026-04-01 18:47:34 +0200: Memory Usage (459144K) : Extraction of npn13G2 BJT transistor
2026-04-01 18:47:34 +0200: Memory Usage (459144K) : Extraction of npn13G2L BJT transistor
2026-04-01 18:47:34 +0200: Memory Usage (459144K) : Extraction of npn13G2V BJT transistor
2026-04-01 18:47:34 +0200: Memory Usage (459144K) : Starting PNP-BJT EXTRACTION
2026-04-01 18:47:34 +0200: Memory Usage (459144K) : Extracting pnpMPA BJT
2026-04-01 18:47:34 +0200: Memory Usage (459144K) : Starting DIODE EXTRACTION
2026-04-01 18:47:34 +0200: Memory Usage (459144K) : Extracting dantenna diode
2026-04-01 18:47:34 +0200: Memory Usage (459144K) : Extracting dpantenna diode
2026-04-01 18:47:34 +0200: Memory Usage (459144K) : Extracting schottky_nbl1 diode
2026-04-01 18:47:34 +0200: Memory Usage (459144K) : Extracting isolbox diode
2026-04-01 18:47:34 +0200: Memory Usage (459144K) : Starting RESISTOR EXTRACTION
2026-04-01 18:47:34 +0200: Memory Usage (459144K) : Extracting rsil resistor
2026-04-01 18:47:34 +0200: Memory Usage (459144K) : Extracting rppd resistor
2026-04-01 18:47:34 +0200: Memory Usage (459144K) : Extracting rhigh resistor
2026-04-01 18:47:34 +0200: Memory Usage (459144K) : Extracting res_metal1 resistor
2026-04-01 18:47:34 +0200: Memory Usage (459272K) : Extracting res_metal2 resistor
2026-04-01 18:47:34 +0200: Memory Usage (459272K) : Extracting res_metal3 resistor
2026-04-01 18:47:34 +0200: Memory Usage (459272K) : Extracting res_metal4 resistor
2026-04-01 18:47:34 +0200: Memory Usage (459272K) : Extracting res_metal5 resistor
2026-04-01 18:47:34 +0200: Memory Usage (459272K) : Extracting res_topmetal1 resistor
2026-04-01 18:47:34 +0200: Memory Usage (459272K) : Extracting res_topmetal2 resistor
2026-04-01 18:47:34 +0200: Memory Usage (459272K) : Starting CAP EXTRACTION
2026-04-01 18:47:34 +0200: Memory Usage (459272K) : Extracting cap_cmim device
2026-04-01 18:47:34 +0200: Memory Usage (459272K) : Extracting rfcmim device
2026-04-01 18:47:34 +0200: Memory Usage (459272K) : Extracting sg13_hv_svaricap varactor
2026-04-01 18:47:34 +0200: Memory Usage (459272K) : Starting ESD EXTRACTION
2026-04-01 18:47:34 +0200: Memory Usage (459272K) : Extracting diodevdd_2kv ESD device
2026-04-01 18:47:34 +0200: Memory Usage (459272K) : Extracting diodevdd_4kv ESD device
2026-04-01 18:47:34 +0200: Memory Usage (459272K) : Extracting diodevss_2kv ESD device
2026-04-01 18:47:34 +0200: Memory Usage (459272K) : Extracting diodevss_4kv ESD device
2026-04-01 18:47:34 +0200: Memory Usage (459272K) : Extracting idiodevdd_2kv ESD device
2026-04-01 18:47:34 +0200: Memory Usage (459272K) : Extracting idiodevdd_4kv ESD device
2026-04-01 18:47:34 +0200: Memory Usage (459272K) : Extracting idiodevss_2kv ESD device
2026-04-01 18:47:34 +0200: Memory Usage (459272K) : Extracting idiodevss_4kv ESD device
2026-04-01 18:47:34 +0200: Memory Usage (459272K) : Extracting nmoscl_2 ESD device
2026-04-01 18:47:34 +0200: Memory Usage (459272K) : Extracting nmoscl_4 ESD device
2026-04-01 18:47:34 +0200: Memory Usage (459272K) : Starting Inductor EXTRACTION
2026-04-01 18:47:34 +0200: Memory Usage (459272K) : Extracting Inductor2 device
2026-04-01 18:47:34 +0200: Memory Usage (459272K) : Extracting Inductor3 device
2026-04-01 18:47:34 +0200: Memory Usage (459272K) : Starting Taps EXTRACTION
2026-04-01 18:47:34 +0200: Memory Usage (459272K) : Extracting ntap1 device
2026-04-01 18:47:34 +0200: Memory Usage (459272K) : Extracting ptap1 device
2026-04-01 18:47:34 +0200: Memory Usage (459272K) : Starting SG13G2 LVS RF MOS Model Mapping
2026-04-01 18:47:34 +0200: Memory Usage (459272K) : [layout_netlist] Apply RF MOS model mapping and rfmode parameter.
2026-04-01 18:47:34 +0200: Memory Usage (459272K) : Starting SG13G2 LVS Options Preparations
2026-04-01 18:47:34 +0200: Memory Usage (459272K) : SG13G2 LVS flow: extraction -> alignment -> option preparation -> comparison.
2026-04-01 18:47:34 +0200: Memory Usage (459272K) : Starting SG13G2 LVS Alignment
2026-04-01 18:47:34 +0200: Memory Usage (459272K) : Starting SG13G2 LVS Simplification
2026-04-01 18:47:34 +0200: Memory Usage (459272K) : [layout_netlist] simplify: ENABLED
2026-04-01 18:47:34 +0200: Memory Usage (459272K) : [layout_netlist] make_top_level_pins: ENABLED
2026-04-01 18:47:34 +0200: Memory Usage (459272K) : [layout_netlist] combine_devices: SKIPPED
2026-04-01 18:47:34 +0200: Memory Usage (459272K) : [layout_netlist] purge: SKIPPED
2026-04-01 18:47:34 +0200: Memory Usage (459272K) : [layout_netlist] purge_nets: SKIPPED
2026-04-01 18:47:34 +0200: Memory Usage (459272K) : [schematic_netlist] simplify: ENABLED
2026-04-01 18:47:34 +0200: Memory Usage (459272K) : [schematic_netlist] make_top_level_pins: ENABLED
2026-04-01 18:47:34 +0200: Memory Usage (459272K) : [schematic_netlist] combine_devices: SKIPPED
2026-04-01 18:47:34 +0200: Memory Usage (459272K) : [schematic_netlist] purge: SKIPPED
2026-04-01 18:47:34 +0200: Memory Usage (459272K) : [schematic_netlist] purge_nets: SKIPPED
2026-04-01 18:47:34 +0200: Memory Usage (459272K) : Starting SG13G2 LVS Comparison in strict port mode.
2026-04-01 18:47:34 +0200: Memory Usage (459272K) : flag_missing_ports enabled: missing/mislabeled top-level ports are treated as errors.
2026-04-01 18:47:34 +0200: Memory Usage (459528K) : ==========================================
2026-04-01 18:47:34 +0200: Memory Usage (459528K) : INFO : Congratulations! Netlists match.
2026-04-01 18:47:34 +0200: Memory Usage (459528K) : ==========================================
2026-04-01 18:47:34 +0200: Memory Usage (459528K) : LVS Total Run time 1.253399 seconds
