# Logfile created on 2026-04-01 19:00:22 +0200 by logger.rb/v1.4.3
2026-04-01 19:00:22 +0200: Memory Usage (431404K) : Starting running IHP-SG13G2 KLayout DRC runset on /home/designer/shared/designs/SSDOR_1.2V_v3/components/pmos_comp/pmos_comp.gds
2026-04-01 19:00:22 +0200: Memory Usage (431404K) : Ruby Version for klayout: 3.0.2
2026-04-01 19:00:22 +0200: Memory Usage (432556K) : Loading database to memory is complete.
2026-04-01 19:00:22 +0200: Memory Usage (432556K) : IHP-SG13G2 KLayout DRC runset output at: /home/designer/shared/designs/SSDOR_1.2V_v3/components/pmos_comp/drc_run_pmos_comp/pmos_comp_pmos_comp_main.lyrdb
2026-04-01 19:00:22 +0200: Memory Usage (432684K) : Evaluate switches.
2026-04-01 19:00:22 +0200: Memory Usage (432684K) : tables selected: main
2026-04-01 19:00:22 +0200: Memory Usage (432684K) : KLayout will use 1 thread(s) in tiling mode.
2026-04-01 19:00:22 +0200: Memory Usage (432684K) : deep mode is enabled.
2026-04-01 19:00:22 +0200: Memory Usage (432684K) : FEOL enabled: true
2026-04-01 19:00:22 +0200: Memory Usage (432684K) : BEOL enabled: true
2026-04-01 19:00:22 +0200: Memory Usage (432684K) : OFFGRID enabled: true
2026-04-01 19:00:22 +0200: Memory Usage (432684K) : ANGLE enabled: true
2026-04-01 19:00:22 +0200: Memory Usage (432684K) : PIN enabled: true
2026-04-01 19:00:22 +0200: Memory Usage (432684K) : FORBIDDEN enabled: true
2026-04-01 19:00:22 +0200: Memory Usage (432684K) : RECOMMENDED enabled: true
2026-04-01 19:00:22 +0200: Memory Usage (432684K) : PreCheck DRC enabled: false
2026-04-01 19:00:22 +0200: Memory Usage (432684K) : CONNECTIVITY_RULES enabled: true.
2026-04-01 19:00:22 +0200: Memory Usage (432684K) : Read in polygons from layers.
2026-04-01 19:00:22 +0200: Memory Usage (433452K) : activ_drw has 31 polygons
2026-04-01 19:00:22 +0200: Memory Usage (433452K) : activ_pin has 0 polygons
2026-04-01 19:00:22 +0200: Memory Usage (433452K) : activ_mask has 0 polygons
2026-04-01 19:00:22 +0200: Memory Usage (433452K) : activ_filler has 0 polygons
2026-04-01 19:00:22 +0200: Memory Usage (433452K) : activ_nofill has 0 polygons
2026-04-01 19:00:22 +0200: Memory Usage (433452K) : activ_opc has 0 polygons
2026-04-01 19:00:22 +0200: Memory Usage (433452K) : activ_iopc has 0 polygons
2026-04-01 19:00:22 +0200: Memory Usage (433452K) : activ_noqrc has 0 polygons
2026-04-01 19:00:22 +0200: Memory Usage (433452K) : biwind_drw has 0 polygons
2026-04-01 19:00:22 +0200: Memory Usage (433452K) : biwind_opc has 0 polygons
2026-04-01 19:00:22 +0200: Memory Usage (433452K) : pemwind_drw has 0 polygons
2026-04-01 19:00:22 +0200: Memory Usage (433452K) : gatpoly_drw has 22 polygons
2026-04-01 19:00:22 +0200: Memory Usage (433452K) : gatpoly_pin has 5 polygons
2026-04-01 19:00:22 +0200: Memory Usage (433452K) : gatpoly_filler has 0 polygons
2026-04-01 19:00:22 +0200: Memory Usage (433452K) : gatpoly_nofill has 0 polygons
2026-04-01 19:00:22 +0200: Memory Usage (433452K) : gatpoly_opc has 0 polygons
2026-04-01 19:00:22 +0200: Memory Usage (433452K) : gatpoly_iopc has 0 polygons
2026-04-01 19:00:22 +0200: Memory Usage (433452K) : gatpoly_noqrc has 0 polygons
2026-04-01 19:00:22 +0200: Memory Usage (433580K) : cont_drw has 268 polygons
2026-04-01 19:00:22 +0200: Memory Usage (433580K) : cont_opc has 0 polygons
2026-04-01 19:00:22 +0200: Memory Usage (433580K) : nsd_drw has 0 polygons
2026-04-01 19:00:22 +0200: Memory Usage (433580K) : nsd_block has 0 polygons
2026-04-01 19:00:22 +0200: Memory Usage (433964K) : metal1_drw has 63 polygons
2026-04-01 19:00:22 +0200: Memory Usage (433964K) : metal1_pin has 19 polygons
2026-04-01 19:00:22 +0200: Memory Usage (433964K) : metal1_mask has 0 polygons
2026-04-01 19:00:22 +0200: Memory Usage (433964K) : metal1_filler has 0 polygons
2026-04-01 19:00:22 +0200: Memory Usage (434092K) : metal1_nofill has 0 polygons
2026-04-01 19:00:23 +0200: Memory Usage (434092K) : metal1_slit has 0 polygons
2026-04-01 19:00:23 +0200: Memory Usage (434220K) : metal1_text has 3 polygons
2026-04-01 19:00:23 +0200: Memory Usage (434220K) : metal1_opc has 0 polygons
2026-04-01 19:00:23 +0200: Memory Usage (434220K) : metal1_noqrc has 0 polygons
2026-04-01 19:00:23 +0200: Memory Usage (434220K) : metal1_res has 0 polygons
2026-04-01 19:00:23 +0200: Memory Usage (434220K) : metal1_iprobe has 0 polygons
2026-04-01 19:00:23 +0200: Memory Usage (434220K) : metal1_diffprb has 0 polygons
2026-04-01 19:00:23 +0200: Memory Usage (434220K) : passiv_drw has 0 polygons
2026-04-01 19:00:23 +0200: Memory Usage (434220K) : passiv_pin has 0 polygons
2026-04-01 19:00:23 +0200: Memory Usage (434220K) : passiv_sbump has 0 polygons
2026-04-01 19:00:23 +0200: Memory Usage (434220K) : passiv_pillar has 0 polygons
2026-04-01 19:00:23 +0200: Memory Usage (434220K) : passiv_pdl has 0 polygons
2026-04-01 19:00:23 +0200: Memory Usage (434220K) : metal2_drw has 14 polygons
2026-04-01 19:00:23 +0200: Memory Usage (434220K) : metal2_pin has 2 polygons
2026-04-01 19:00:23 +0200: Memory Usage (434220K) : metal2_mask has 0 polygons
2026-04-01 19:00:23 +0200: Memory Usage (434220K) : metal2_filler has 0 polygons
2026-04-01 19:00:23 +0200: Memory Usage (434220K) : metal2_nofill has 0 polygons
2026-04-01 19:00:23 +0200: Memory Usage (434220K) : metal2_slit has 0 polygons
2026-04-01 19:00:23 +0200: Memory Usage (434220K) : metal2_text has 2 polygons
2026-04-01 19:00:23 +0200: Memory Usage (434220K) : metal2_opc has 0 polygons
2026-04-01 19:00:23 +0200: Memory Usage (434220K) : metal2_noqrc has 0 polygons
2026-04-01 19:00:23 +0200: Memory Usage (434220K) : metal2_res has 0 polygons
2026-04-01 19:00:23 +0200: Memory Usage (434220K) : metal2_iprobe has 0 polygons
2026-04-01 19:00:23 +0200: Memory Usage (434220K) : metal2_diffprb has 0 polygons
2026-04-01 19:00:23 +0200: Memory Usage (434220K) : baspoly_drw has 0 polygons
2026-04-01 19:00:23 +0200: Memory Usage (434220K) : baspoly_pin has 0 polygons
2026-04-01 19:00:23 +0200: Memory Usage (434220K) : psd_drw has 5 polygons
2026-04-01 19:00:23 +0200: Memory Usage (434220K) : nldb_drw has 0 polygons
2026-04-01 19:00:23 +0200: Memory Usage (434220K) : digibnd_drw has 0 polygons
2026-04-01 19:00:23 +0200: Memory Usage (434220K) : via1_drw has 38 polygons
2026-04-01 19:00:23 +0200: Memory Usage (434220K) : backmetal1_drw has 0 polygons
2026-04-01 19:00:23 +0200: Memory Usage (434220K) : backmetal1_pin has 0 polygons
2026-04-01 19:00:23 +0200: Memory Usage (434220K) : backmetal1_mask has 0 polygons
2026-04-01 19:00:23 +0200: Memory Usage (434220K) : backmetal1_filler has 0 polygons
2026-04-01 19:00:23 +0200: Memory Usage (434220K) : backmetal1_nofill has 0 polygons
2026-04-01 19:00:23 +0200: Memory Usage (434220K) : backmetal1_slit has 0 polygons
2026-04-01 19:00:23 +0200: Memory Usage (434220K) : backmetal1_text has 0 polygons
2026-04-01 19:00:23 +0200: Memory Usage (434220K) : backmetal1_opc has 0 polygons
2026-04-01 19:00:23 +0200: Memory Usage (434220K) : backmetal1_noqrc has 0 polygons
2026-04-01 19:00:23 +0200: Memory Usage (434220K) : backmetal1_res has 0 polygons
2026-04-01 19:00:23 +0200: Memory Usage (434220K) : backmetal1_iprobe has 0 polygons
2026-04-01 19:00:23 +0200: Memory Usage (434220K) : backmetal1_diffprb has 0 polygons
2026-04-01 19:00:23 +0200: Memory Usage (434220K) : backpassiv_drw has 0 polygons
2026-04-01 19:00:23 +0200: Memory Usage (434220K) : res_drw has 0 polygons
2026-04-01 19:00:23 +0200: Memory Usage (434220K) : sram_drw has 0 polygons
2026-04-01 19:00:23 +0200: Memory Usage (434220K) : trans_drw has 0 polygons
2026-04-01 19:00:23 +0200: Memory Usage (434220K) : ind_drw has 0 polygons
2026-04-01 19:00:23 +0200: Memory Usage (434220K) : ind_pin has 0 polygons
2026-04-01 19:00:23 +0200: Memory Usage (434220K) : ind_text has 0 polygons
2026-04-01 19:00:23 +0200: Memory Usage (434348K) : salblock_drw has 0 polygons
2026-04-01 19:00:23 +0200: Memory Usage (434348K) : via2_drw has 0 polygons
2026-04-01 19:00:23 +0200: Memory Usage (434348K) : metal3_drw has 0 polygons
2026-04-01 19:00:23 +0200: Memory Usage (434476K) : metal3_pin has 0 polygons
2026-04-01 19:00:23 +0200: Memory Usage (434476K) : metal3_mask has 0 polygons
2026-04-01 19:00:23 +0200: Memory Usage (434476K) : metal3_filler has 0 polygons
2026-04-01 19:00:23 +0200: Memory Usage (434604K) : metal3_nofill has 0 polygons
2026-04-01 19:00:23 +0200: Memory Usage (434604K) : metal3_slit has 0 polygons
2026-04-01 19:00:23 +0200: Memory Usage (434604K) : metal3_text has 0 polygons
2026-04-01 19:00:23 +0200: Memory Usage (434732K) : metal3_opc has 0 polygons
2026-04-01 19:00:23 +0200: Memory Usage (434732K) : metal3_noqrc has 0 polygons
2026-04-01 19:00:23 +0200: Memory Usage (434732K) : metal3_res has 0 polygons
2026-04-01 19:00:23 +0200: Memory Usage (434732K) : metal3_iprobe has 0 polygons
2026-04-01 19:00:23 +0200: Memory Usage (434860K) : metal3_diffprb has 0 polygons
2026-04-01 19:00:23 +0200: Memory Usage (434860K) : nwell_drw has 13 polygons
2026-04-01 19:00:23 +0200: Memory Usage (434860K) : nwell_pin has 3 polygons
2026-04-01 19:00:23 +0200: Memory Usage (434860K) : nbulay_drw has 3 polygons
2026-04-01 19:00:23 +0200: Memory Usage (434860K) : nbulay_pin has 0 polygons
2026-04-01 19:00:23 +0200: Memory Usage (434988K) : nbulay_block has 0 polygons
2026-04-01 19:00:23 +0200: Memory Usage (434988K) : emwind_drw has 0 polygons
2026-04-01 19:00:23 +0200: Memory Usage (434988K) : emwind_opc has 0 polygons
2026-04-01 19:00:23 +0200: Memory Usage (435116K) : deepco_drw has 0 polygons
2026-04-01 19:00:23 +0200: Memory Usage (435116K) : deepco_drw has 0 polygons
2026-04-01 19:00:23 +0200: Memory Usage (435244K) : mim_drw has 0 polygons
2026-04-01 19:00:23 +0200: Memory Usage (435244K) : edgeseal_drw has 0 polygons
2026-04-01 19:00:23 +0200: Memory Usage (435372K) : edgeseal_bound has 0 polygons
2026-04-01 19:00:23 +0200: Memory Usage (435372K) : substrate_drw has 4 polygons
2026-04-01 19:00:23 +0200: Memory Usage (435372K) : substrate_text has 0 polygons
2026-04-01 19:00:23 +0200: Memory Usage (435500K) : dfpad_drw has 0 polygons
2026-04-01 19:00:23 +0200: Memory Usage (435500K) : dfpad_pillar has 0 polygons
2026-04-01 19:00:23 +0200: Memory Usage (435628K) : dfpad_sbump has 0 polygons
2026-04-01 19:00:23 +0200: Memory Usage (435628K) : thickgateox_drw has 0 polygons
2026-04-01 19:00:23 +0200: Memory Usage (435628K) : pldb_drw has 0 polygons
2026-04-01 19:00:23 +0200: Memory Usage (435756K) : pwell_drw has 0 polygons
2026-04-01 19:00:23 +0200: Memory Usage (435756K) : pwell_pin has 0 polygons
2026-04-01 19:00:23 +0200: Memory Usage (435884K) : pwell_block has 0 polygons
2026-04-01 19:00:23 +0200: Memory Usage (435884K) : ic_drw has 0 polygons
2026-04-01 19:00:23 +0200: Memory Usage (435884K) : via3_drw has 0 polygons
2026-04-01 19:00:23 +0200: Memory Usage (436012K) : metal4_drw has 0 polygons
2026-04-01 19:00:23 +0200: Memory Usage (436012K) : metal4_pin has 0 polygons
2026-04-01 19:00:23 +0200: Memory Usage (436140K) : metal4_mask has 0 polygons
2026-04-01 19:00:23 +0200: Memory Usage (436140K) : metal4_filler has 0 polygons
2026-04-01 19:00:23 +0200: Memory Usage (436140K) : metal4_nofill has 0 polygons
2026-04-01 19:00:23 +0200: Memory Usage (436268K) : metal4_slit has 0 polygons
2026-04-01 19:00:23 +0200: Memory Usage (436268K) : metal4_text has 0 polygons
2026-04-01 19:00:23 +0200: Memory Usage (436396K) : metal4_opc has 0 polygons
2026-04-01 19:00:23 +0200: Memory Usage (436396K) : metal4_noqrc has 0 polygons
2026-04-01 19:00:23 +0200: Memory Usage (436396K) : metal4_res has 0 polygons
2026-04-01 19:00:23 +0200: Memory Usage (436524K) : metal4_iprobe has 0 polygons
2026-04-01 19:00:23 +0200: Memory Usage (436524K) : metal4_diffprb has 0 polygons
2026-04-01 19:00:23 +0200: Memory Usage (436652K) : heattrans_drw has 9 polygons
2026-04-01 19:00:23 +0200: Memory Usage (436652K) : heatres_drw has 0 polygons
2026-04-01 19:00:23 +0200: Memory Usage (436780K) : pempoly_drw has 0 polygons
2026-04-01 19:00:23 +0200: Memory Usage (436780K) : fbe_drw has 0 polygons
2026-04-01 19:00:23 +0200: Memory Usage (436780K) : empoly_drw has 0 polygons
2026-04-01 19:00:23 +0200: Memory Usage (436780K) : ldmos_drw has 0 polygons
2026-04-01 19:00:23 +0200: Memory Usage (436780K) : pbiwind_drw has 0 polygons
2026-04-01 19:00:23 +0200: Memory Usage (436908K) : digisub_drw has 0 polygons
2026-04-01 19:00:23 +0200: Memory Usage (436908K) : nodrc_drw has 0 polygons
2026-04-01 19:00:23 +0200: Memory Usage (437036K) : text_drw has 12 polygons
2026-04-01 19:00:23 +0200: Memory Usage (437036K) : via4_drw has 0 polygons
2026-04-01 19:00:23 +0200: Memory Usage (437036K) : metal5_drw has 0 polygons
2026-04-01 19:00:23 +0200: Memory Usage (437164K) : metal5_pin has 0 polygons
2026-04-01 19:00:23 +0200: Memory Usage (437164K) : metal5_mask has 0 polygons
2026-04-01 19:00:23 +0200: Memory Usage (437292K) : metal5_filler has 0 polygons
2026-04-01 19:00:23 +0200: Memory Usage (437292K) : metal5_nofill has 0 polygons
2026-04-01 19:00:23 +0200: Memory Usage (437292K) : metal5_slit has 0 polygons
2026-04-01 19:00:23 +0200: Memory Usage (437420K) : metal5_text has 0 polygons
2026-04-01 19:00:23 +0200: Memory Usage (437420K) : metal5_opc has 0 polygons
2026-04-01 19:00:23 +0200: Memory Usage (437548K) : metal5_noqrc has 0 polygons
2026-04-01 19:00:23 +0200: Memory Usage (437548K) : metal5_res has 0 polygons
2026-04-01 19:00:23 +0200: Memory Usage (437548K) : metal5_iprobe has 0 polygons
2026-04-01 19:00:23 +0200: Memory Usage (437676K) : metal5_diffprb has 0 polygons
2026-04-01 19:00:23 +0200: Memory Usage (437676K) : radhard_drw has 0 polygons
2026-04-01 19:00:23 +0200: Memory Usage (437804K) : memcap_drw has 0 polygons
2026-04-01 19:00:23 +0200: Memory Usage (437804K) : varicap_drw has 0 polygons
2026-04-01 19:00:23 +0200: Memory Usage (437804K) : flash_drw has 0 polygons
2026-04-01 19:00:23 +0200: Memory Usage (437932K) : intbondvia_drw has 0 polygons
2026-04-01 19:00:23 +0200: Memory Usage (437932K) : intbondmet_drw has 0 polygons
2026-04-01 19:00:23 +0200: Memory Usage (438060K) : devbondvia_drw has 0 polygons
2026-04-01 19:00:23 +0200: Memory Usage (438060K) : devbondmet_drw has 0 polygons
2026-04-01 19:00:23 +0200: Memory Usage (438188K) : devtrench_drw has 0 polygons
2026-04-01 19:00:23 +0200: Memory Usage (438188K) : redist_drw has 0 polygons
2026-04-01 19:00:23 +0200: Memory Usage (438188K) : graphbot_drw has 0 polygons
2026-04-01 19:00:23 +0200: Memory Usage (438316K) : graphtop_drw has 0 polygons
2026-04-01 19:00:23 +0200: Memory Usage (438316K) : antvia1_drw has 0 polygons
2026-04-01 19:00:23 +0200: Memory Usage (438444K) : antmetal2_drw has 0 polygons
2026-04-01 19:00:23 +0200: Memory Usage (438444K) : graphcont_drw has 0 polygons
2026-04-01 19:00:23 +0200: Memory Usage (438444K) : siwg_drw has 0 polygons
2026-04-01 19:00:23 +0200: Memory Usage (438572K) : siwg_filler has 0 polygons
2026-04-01 19:00:23 +0200: Memory Usage (438572K) : siwg_nofill has 0 polygons
2026-04-01 19:00:23 +0200: Memory Usage (438700K) : sigrating_drw has 0 polygons
2026-04-01 19:00:23 +0200: Memory Usage (438700K) : singrating_drw has 0 polygons
2026-04-01 19:00:23 +0200: Memory Usage (438700K) : graphpas_drw has 0 polygons
2026-04-01 19:00:23 +0200: Memory Usage (438828K) : emwind3_drw has 0 polygons
2026-04-01 19:00:23 +0200: Memory Usage (438828K) : emwihv3_drw has 0 polygons
2026-04-01 19:00:23 +0200: Memory Usage (438956K) : redbulay_drw has 0 polygons
2026-04-01 19:00:23 +0200: Memory Usage (438956K) : smos_drw has 0 polygons
2026-04-01 19:00:23 +0200: Memory Usage (439084K) : graphpad_drw has 0 polygons
2026-04-01 19:00:23 +0200: Memory Usage (439084K) : polimide_drw has 0 polygons
2026-04-01 19:00:23 +0200: Memory Usage (439084K) : polimide_pin has 0 polygons
2026-04-01 19:00:23 +0200: Memory Usage (439212K) : recog_drw has 0 polygons
2026-04-01 19:00:23 +0200: Memory Usage (439212K) : recog_pin has 0 polygons
2026-04-01 19:00:23 +0200: Memory Usage (439340K) : recog_esd has 0 polygons
2026-04-01 19:00:23 +0200: Memory Usage (439340K) : recog_diode has 0 polygons
2026-04-01 19:00:23 +0200: Memory Usage (439340K) : recog_tsv has 0 polygons
2026-04-01 19:00:23 +0200: Memory Usage (439468K) : recog_iprobe has 0 polygons
2026-04-01 19:00:23 +0200: Memory Usage (439468K) : recog_diffprb has 0 polygons
2026-04-01 19:00:23 +0200: Memory Usage (439596K) : recog_pillar has 0 polygons
2026-04-01 19:00:23 +0200: Memory Usage (439596K) : recog_sbump has 0 polygons
2026-04-01 19:00:23 +0200: Memory Usage (439596K) : recog_otp has 0 polygons
2026-04-01 19:00:23 +0200: Memory Usage (439724K) : recog_pdiode has 0 polygons
2026-04-01 19:00:23 +0200: Memory Usage (439724K) : recog_mom has 0 polygons
2026-04-01 19:00:23 +0200: Memory Usage (439852K) : recog_pcm has 0 polygons
2026-04-01 19:00:23 +0200: Memory Usage (439852K) : colopen_drw has 0 polygons
2026-04-01 19:00:23 +0200: Memory Usage (439980K) : graphmetal1_drw has 0 polygons
2026-04-01 19:00:23 +0200: Memory Usage (439980K) : graphmetal1_filler has 0 polygons
2026-04-01 19:00:23 +0200: Memory Usage (439980K) : graphmetal1_nofill has 0 polygons
2026-04-01 19:00:23 +0200: Memory Usage (440108K) : graphmetal1_slit has 0 polygons
2026-04-01 19:00:23 +0200: Memory Usage (440108K) : graphmetal1_opc has 0 polygons
2026-04-01 19:00:23 +0200: Memory Usage (440236K) : graphmet1l_drw has 0 polygons
2026-04-01 19:00:23 +0200: Memory Usage (440236K) : graphmet1l_filler has 0 polygons
2026-04-01 19:00:23 +0200: Memory Usage (440236K) : graphmet1l_nofill has 0 polygons
2026-04-01 19:00:23 +0200: Memory Usage (440364K) : graphmet1l_slit has 0 polygons
2026-04-01 19:00:23 +0200: Memory Usage (440364K) : graphmet1l_opc has 0 polygons
2026-04-01 19:00:23 +0200: Memory Usage (440492K) : extblock_drw has 0 polygons
2026-04-01 19:00:23 +0200: Memory Usage (440492K) : nldd_drw has 0 polygons
2026-04-01 19:00:23 +0200: Memory Usage (440492K) : pldd_drw has 0 polygons
2026-04-01 19:00:23 +0200: Memory Usage (440620K) : next_drw has 0 polygons
2026-04-01 19:00:23 +0200: Memory Usage (440620K) : pext_drw has 0 polygons
2026-04-01 19:00:23 +0200: Memory Usage (440748K) : nexthv_drw has 0 polygons
2026-04-01 19:00:23 +0200: Memory Usage (440748K) : pexthv_drw has 0 polygons
2026-04-01 19:00:23 +0200: Memory Usage (440748K) : graphgate_drw has 0 polygons
2026-04-01 19:00:23 +0200: Memory Usage (440876K) : sinwg_drw has 0 polygons
2026-04-01 19:00:23 +0200: Memory Usage (440876K) : sinwg_filler has 0 polygons
2026-04-01 19:00:23 +0200: Memory Usage (441004K) : sinwg_nofill has 0 polygons
2026-04-01 19:00:23 +0200: Memory Usage (441004K) : mempad_drw has 0 polygons
2026-04-01 19:00:23 +0200: Memory Usage (441132K) : topvia1_drw has 0 polygons
2026-04-01 19:00:23 +0200: Memory Usage (441132K) : topmetal1_drw has 0 polygons
2026-04-01 19:00:23 +0200: Memory Usage (441132K) : topmetal1_pin has 0 polygons
2026-04-01 19:00:23 +0200: Memory Usage (441260K) : topmetal1_mask has 0 polygons
2026-04-01 19:00:23 +0200: Memory Usage (441260K) : topmetal1_filler has 0 polygons
2026-04-01 19:00:23 +0200: Memory Usage (441388K) : topmetal1_nofill has 0 polygons
2026-04-01 19:00:23 +0200: Memory Usage (441388K) : topmetal1_slit has 0 polygons
2026-04-01 19:00:23 +0200: Memory Usage (441388K) : topmetal1_text has 0 polygons
2026-04-01 19:00:23 +0200: Memory Usage (441516K) : topmetal1_noqrc has 0 polygons
2026-04-01 19:00:23 +0200: Memory Usage (441516K) : topmetal1_res has 0 polygons
2026-04-01 19:00:23 +0200: Memory Usage (441644K) : topmetal1_iprobe has 0 polygons
2026-04-01 19:00:23 +0200: Memory Usage (441644K) : topmetal1_diffprb has 0 polygons
2026-04-01 19:00:23 +0200: Memory Usage (441644K) : inldpwl_drw has 0 polygons
2026-04-01 19:00:23 +0200: Memory Usage (441772K) : polyres_drw has 0 polygons
2026-04-01 19:00:23 +0200: Memory Usage (441772K) : polyres_pin has 0 polygons
2026-04-01 19:00:23 +0200: Memory Usage (441900K) : vmim_drw has 0 polygons
2026-04-01 19:00:23 +0200: Memory Usage (441900K) : nbulaycut_drw has 0 polygons
2026-04-01 19:00:23 +0200: Memory Usage (442028K) : antmetal1_drw has 0 polygons
2026-04-01 19:00:23 +0200: Memory Usage (442028K) : topvia2_drw has 0 polygons
2026-04-01 19:00:23 +0200: Memory Usage (442028K) : topmetal2_drw has 0 polygons
2026-04-01 19:00:23 +0200: Memory Usage (442156K) : topmetal2_pin has 0 polygons
2026-04-01 19:00:23 +0200: Memory Usage (442156K) : topmetal2_mask has 0 polygons
2026-04-01 19:00:23 +0200: Memory Usage (442284K) : topmetal2_filler has 0 polygons
2026-04-01 19:00:23 +0200: Memory Usage (442284K) : topmetal2_nofill has 0 polygons
2026-04-01 19:00:23 +0200: Memory Usage (442284K) : topmetal2_slit has 0 polygons
2026-04-01 19:00:23 +0200: Memory Usage (442412K) : topmetal2_text has 0 polygons
2026-04-01 19:00:23 +0200: Memory Usage (442412K) : topmetal2_noqrc has 0 polygons
2026-04-01 19:00:23 +0200: Memory Usage (442540K) : topmetal2_res has 0 polygons
2026-04-01 19:00:23 +0200: Memory Usage (442540K) : topmetal2_iprobe has 0 polygons
2026-04-01 19:00:23 +0200: Memory Usage (442540K) : topmetal2_diffprb has 0 polygons
2026-04-01 19:00:23 +0200: Memory Usage (442668K) : snsring_drw has 0 polygons
2026-04-01 19:00:23 +0200: Memory Usage (442668K) : sensor_drw has 0 polygons
2026-04-01 19:00:23 +0200: Memory Usage (442796K) : snsarms_drw has 0 polygons
2026-04-01 19:00:23 +0200: Memory Usage (442796K) : snscmosvia_drw has 0 polygons
2026-04-01 19:00:23 +0200: Memory Usage (442796K) : colwind_drw has 0 polygons
2026-04-01 19:00:23 +0200: Memory Usage (442924K) : flm_drw has 0 polygons
2026-04-01 19:00:23 +0200: Memory Usage (442924K) : hafniumox_drw has 0 polygons
2026-04-01 19:00:23 +0200: Memory Usage (443052K) : memvia_drw has 0 polygons
2026-04-01 19:00:23 +0200: Memory Usage (443052K) : thinfilmres_drw has 0 polygons
2026-04-01 19:00:23 +0200: Memory Usage (443052K) : rfmem_drw has 0 polygons
2026-04-01 19:00:23 +0200: Memory Usage (443180K) : norcx_drw has 0 polygons
2026-04-01 19:00:23 +0200: Memory Usage (443180K) : norcx_m2m3 has 0 polygons
2026-04-01 19:00:23 +0200: Memory Usage (443308K) : norcx_m2m4 has 0 polygons
2026-04-01 19:00:23 +0200: Memory Usage (443308K) : norcx_m2m5 has 0 polygons
2026-04-01 19:00:23 +0200: Memory Usage (443436K) : norcx_m2tm1 has 0 polygons
2026-04-01 19:00:23 +0200: Memory Usage (443436K) : norcx_m2tm2 has 0 polygons
2026-04-01 19:00:23 +0200: Memory Usage (443436K) : norcx_m3m4 has 0 polygons
2026-04-01 19:00:23 +0200: Memory Usage (443564K) : norcx_m3m5 has 0 polygons
2026-04-01 19:00:23 +0200: Memory Usage (443564K) : norcx_m3tm1 has 0 polygons
2026-04-01 19:00:23 +0200: Memory Usage (443692K) : norcx_m3tm2 has 0 polygons
2026-04-01 19:00:23 +0200: Memory Usage (443692K) : norcx_m4m5 has 0 polygons
2026-04-01 19:00:23 +0200: Memory Usage (443692K) : norcx_m4tm1 has 0 polygons
2026-04-01 19:00:23 +0200: Memory Usage (443820K) : norcx_m4tm2 has 0 polygons
2026-04-01 19:00:23 +0200: Memory Usage (443820K) : norcx_m5tm1 has 0 polygons
2026-04-01 19:00:23 +0200: Memory Usage (443948K) : norcx_m5tm2 has 0 polygons
2026-04-01 19:00:23 +0200: Memory Usage (443948K) : norcx_tm1tm2 has 0 polygons
2026-04-01 19:00:23 +0200: Memory Usage (443948K) : norcx_m1sub has 0 polygons
2026-04-01 19:00:23 +0200: Memory Usage (444076K) : norcx_m2sub has 0 polygons
2026-04-01 19:00:23 +0200: Memory Usage (444076K) : norcx_m3sub has 0 polygons
2026-04-01 19:00:23 +0200: Memory Usage (444204K) : norcx_m4sub has 0 polygons
2026-04-01 19:00:23 +0200: Memory Usage (444204K) : norcx_m5sub has 0 polygons
2026-04-01 19:00:23 +0200: Memory Usage (444332K) : norcx_tm1sub has 0 polygons
2026-04-01 19:00:23 +0200: Memory Usage (444332K) : norcx_tm2sub has 0 polygons
2026-04-01 19:00:23 +0200: Memory Usage (444332K) : snsbotvia_drw has 0 polygons
2026-04-01 19:00:23 +0200: Memory Usage (444460K) : snstopvia_drw has 0 polygons
2026-04-01 19:00:23 +0200: Memory Usage (444460K) : deepvia_drw has 0 polygons
2026-04-01 19:00:23 +0200: Memory Usage (444588K) : fgetch_drw has 0 polygons
2026-04-01 19:00:23 +0200: Memory Usage (444588K) : ctrgat_drw has 0 polygons
2026-04-01 19:00:23 +0200: Memory Usage (444588K) : fgimp_drw has 0 polygons
2026-04-01 19:00:23 +0200: Memory Usage (444716K) : emwihv_drw has 0 polygons
2026-04-01 19:00:23 +0200: Memory Usage (444716K) : lbe_drw has 0 polygons
2026-04-01 19:00:23 +0200: Memory Usage (444844K) : alcustop_drw has 0 polygons
2026-04-01 19:00:23 +0200: Memory Usage (444844K) : nometfiller_drw has 0 polygons
2026-04-01 19:00:23 +0200: Memory Usage (444972K) : prboundary_drw has 0 polygons
2026-04-01 19:00:23 +0200: Memory Usage (444972K) : exchange0_drw has 0 polygons
2026-04-01 19:00:23 +0200: Memory Usage (444972K) : exchange0_pin has 0 polygons
2026-04-01 19:00:23 +0200: Memory Usage (445100K) : exchange0_text has 0 polygons
2026-04-01 19:00:23 +0200: Memory Usage (445100K) : exchange1_drw has 0 polygons
2026-04-01 19:00:23 +0200: Memory Usage (445228K) : exchange1_pin has 0 polygons
2026-04-01 19:00:23 +0200: Memory Usage (445228K) : exchange1_text has 0 polygons
2026-04-01 19:00:23 +0200: Memory Usage (445228K) : exchange2_drw has 0 polygons
2026-04-01 19:00:23 +0200: Memory Usage (445356K) : exchange2_pin has 0 polygons
2026-04-01 19:00:23 +0200: Memory Usage (445356K) : exchange2_text has 0 polygons
2026-04-01 19:00:23 +0200: Memory Usage (445356K) : exchange3_drw has 0 polygons
2026-04-01 19:00:23 +0200: Memory Usage (445484K) : exchange3_pin has 0 polygons
2026-04-01 19:00:23 +0200: Memory Usage (445484K) : exchange3_text has 0 polygons
2026-04-01 19:00:23 +0200: Memory Usage (445612K) : exchange4_drw has 0 polygons
2026-04-01 19:00:23 +0200: Memory Usage (445612K) : exchange4_pin has 0 polygons
2026-04-01 19:00:23 +0200: Memory Usage (445612K) : exchange4_text has 0 polygons
2026-04-01 19:00:23 +0200: Memory Usage (445740K) : isonwell_drw has 0 polygons
2026-04-01 19:00:23 +0200: Memory Usage (445740K) : Total no. of polygons in the design is 516
2026-04-01 19:00:23 +0200: Memory Usage (445740K) : Loaded TECH DRC rules values from /opt/pdks/ihp-sg13g2/libs.tech/klayout/python/sg13g2_pycell_lib/sg13g2_tech_mod.json
2026-04-01 19:00:23 +0200: Memory Usage (445740K) : Loaded default DRC rules values from /opt/pdks/ihp-sg13g2/libs.tech/klayout/tech/drc/rule_decks/sg13g2_tech_default.json
2026-04-01 19:00:23 +0200: Memory Usage (445740K) : The following rules values were missing in tech json and default values were used:
2026-04-01 19:00:23 +0200: Memory Usage (445740K) :   - NW_f1_digibnd
2026-04-01 19:00:23 +0200: Memory Usage (445740K) :   - Cnt_c_digibnd
2026-04-01 19:00:23 +0200: Memory Usage (445740K) :   - Cnt_c_sram
2026-04-01 19:00:23 +0200: Memory Usage (445740K) :   - Sdiod_b
2026-04-01 19:00:23 +0200: Memory Usage (445740K) :   - Sdiod_c
2026-04-01 19:00:23 +0200: Memory Usage (447020K) : Total area of the design is 147.22435000000002 um^2.
2026-04-01 19:00:23 +0200: Memory Usage (447020K) : The design dimensions are 12.445 µm * 11.83 µm.
2026-04-01 19:00:23 +0200: Memory Usage (447020K) : Starting general IHP-SG13G2 derivations.
2026-04-01 19:00:23 +0200: Memory Usage (447020K) : Starting Pwell derivations
2026-04-01 19:00:23 +0200: Memory Usage (449324K) : Starting n-Activ derivations
2026-04-01 19:00:23 +0200: Memory Usage (449708K) : Starting p-Activ derivations
2026-04-01 19:00:23 +0200: Memory Usage (449836K) : Starting ptap derivations
2026-04-01 19:00:23 +0200: Memory Usage (449964K) : Starting ntap derivations
2026-04-01 19:00:23 +0200: Memory Usage (449964K) : Starting pact FET derivations
2026-04-01 19:00:23 +0200: Memory Usage (450092K) : Starting nact FET derivations
2026-04-01 19:00:23 +0200: Memory Usage (450092K) : Starting Gate derivations
2026-04-01 19:00:23 +0200: Memory Usage (450220K) : Starting cont/contbar general derivations
2026-04-01 19:00:23 +0200: Memory Usage (450348K) : Starting pad general derivations
2026-04-01 19:00:23 +0200: Memory Usage (450732K) : Starting schottky_nbl general derivations
2026-04-01 19:00:23 +0200: Memory Usage (450988K) : Starting SVaricap general derivations
2026-04-01 19:00:23 +0200: Memory Usage (451244K) : Starting HBT general derivations
2026-04-01 19:00:24 +0200: Memory Usage (452012K) : Starting IHP-SG13G2 DRC connectivity related derivations.
2026-04-01 19:00:24 +0200: Memory Usage (452780K) : Starting IHP-SG13G2 DRC connectivity setup
2026-04-01 19:00:24 +0200: Memory Usage (453036K) : Starting IHP-SG13G2 DRC rules.
2026-04-01 19:00:24 +0200: Memory Usage (453036K) : Running all FEOL rules
2026-04-01 19:00:24 +0200: Memory Usage (453036K) : Running all BEOL rules
2026-04-01 19:00:24 +0200: Memory Usage (453036K) : Running all PIN rules
2026-04-01 19:00:24 +0200: Memory Usage (453036K) : Running all FORBIDDEN rules
2026-04-01 19:00:24 +0200: Memory Usage (453036K) : Starting 5.1 NWell table
2026-04-01 19:00:24 +0200: Memory Usage (453036K) : Executing rule NW.b
2026-04-01 19:00:24 +0200: Memory Usage (453676K) : Executing rule NW.b1
2026-04-01 19:00:24 +0200: Memory Usage (453676K) : Executing rule NW.f1
2026-04-01 19:00:24 +0200: Memory Usage (453676K) : Executing rule NW.f1.digibnd
2026-04-01 19:00:24 +0200: Memory Usage (453676K) : Starting 5.2 PWell:block
2026-04-01 19:00:24 +0200: Memory Usage (453676K) : Executing rule PWB.e
2026-04-01 19:00:24 +0200: Memory Usage (453676K) : Executing rule PWB.e1
2026-04-01 19:00:24 +0200: Memory Usage (453676K) : Executing rule PWB.f
2026-04-01 19:00:24 +0200: Memory Usage (453676K) : Executing rule PWB.f1
2026-04-01 19:00:24 +0200: Memory Usage (453676K) : Starting 5.3 nBuLay table
2026-04-01 19:00:24 +0200: Memory Usage (453676K) : Executing rule NBL.b
2026-04-01 19:00:24 +0200: Memory Usage (453676K) : Executing rule NBL.c
2026-04-01 19:00:24 +0200: Memory Usage (453676K) : Executing rule NBL.d
2026-04-01 19:00:24 +0200: Memory Usage (453676K) : Executing rule NBL.e
2026-04-01 19:00:24 +0200: Memory Usage (453676K) : Executing rule NBL.f
2026-04-01 19:00:24 +0200: Memory Usage (453676K) : Starting 5.5. Activ table
2026-04-01 19:00:24 +0200: Memory Usage (453676K) : Executing rule Act.a
2026-04-01 19:00:24 +0200: Memory Usage (453676K) : Executing rule Act.b
2026-04-01 19:00:24 +0200: Memory Usage (453804K) : Starting 5.6 Activ:filler table
2026-04-01 19:00:24 +0200: Memory Usage (453804K) : Executing rule AFil.c1
2026-04-01 19:00:24 +0200: Memory Usage (453804K) : Executing rule AFil.c
2026-04-01 19:00:24 +0200: Memory Usage (453804K) : Executing rule AFil.d
2026-04-01 19:00:24 +0200: Memory Usage (453804K) : Executing rule AFil.e
2026-04-01 19:00:24 +0200: Memory Usage (453804K) : Executing rule AFil.j
2026-04-01 19:00:24 +0200: Memory Usage (453804K) : Starting 5.7. ThickGateOx table
2026-04-01 19:00:24 +0200: Memory Usage (453804K) : Executing rule TGO.f
2026-04-01 19:00:24 +0200: Memory Usage (453804K) : Starting 5.8. GatPoly table
2026-04-01 19:00:24 +0200: Memory Usage (453804K) : Executing rule Gat.a
2026-04-01 19:00:24 +0200: Memory Usage (453804K) : Executing rule Gat.b
2026-04-01 19:00:24 +0200: Memory Usage (453804K) : Executing rule Gat.d
2026-04-01 19:00:24 +0200: Memory Usage (453804K) : Executing rule Gat.a1
2026-04-01 19:00:24 +0200: Memory Usage (454316K) : Executing rule Gat.a2
2026-04-01 19:00:24 +0200: Memory Usage (454316K) : Executing rule Gat.g
2026-04-01 19:00:24 +0200: Memory Usage (454316K) : Starting 5.9 GatPoly:filler
2026-04-01 19:00:24 +0200: Memory Usage (454316K) : Executing rule GFil.d
2026-04-01 19:00:24 +0200: Memory Usage (454316K) : Executing rule GFil.e
2026-04-01 19:00:24 +0200: Memory Usage (454316K) : Executing rule GFil.i
2026-04-01 19:00:24 +0200: Memory Usage (454316K) : Starting 5.10 pSD table
2026-04-01 19:00:24 +0200: Memory Usage (454316K) : Executing rule pSD.c1
2026-04-01 19:00:24 +0200: Memory Usage (454316K) : Starting 5.14. Cont table
2026-04-01 19:00:24 +0200: Memory Usage (454316K) : Executing rule Cnt.a
2026-04-01 19:00:24 +0200: Memory Usage (454316K) : Executing rule Cnt.b
2026-04-01 19:00:24 +0200: Memory Usage (454316K) : Executing rule Cnt.c
2026-04-01 19:00:24 +0200: Memory Usage (454316K) : Executing rule Cnt.c.digibnd
2026-04-01 19:00:24 +0200: Memory Usage (454316K) : Executing rule Cnt.c.SRAM
2026-04-01 19:00:24 +0200: Memory Usage (454316K) : Executing rule Cnt.d
2026-04-01 19:00:24 +0200: Memory Usage (454316K) : Executing rule Cnt.e
2026-04-01 19:00:24 +0200: Memory Usage (454316K) : Executing rule Cnt.g1
2026-04-01 19:00:24 +0200: Memory Usage (454316K) : Executing rule Cnt.g2
2026-04-01 19:00:24 +0200: Memory Usage (454316K) : Starting 5.15. ContBar table
2026-04-01 19:00:24 +0200: Memory Usage (454316K) : Executing rule CntB.b1
2026-04-01 19:00:24 +0200: Memory Usage (454316K) : Executing rule CntB.h1
2026-04-01 19:00:24 +0200: Memory Usage (454316K) : Starting 6.1.3 NPN Substrate-Tie table
2026-04-01 19:00:24 +0200: Memory Usage (454316K) : Executing rule npn13G2.bR 
2026-04-01 19:00:24 +0200: Memory Usage (454316K) : Executing rule npn13G2L.cR 
2026-04-01 19:00:24 +0200: Memory Usage (454316K) : Executing rule npn13G2V.cR 
2026-04-01 19:00:24 +0200: Memory Usage (454316K) : Starting 6.7 Schottky diode table
2026-04-01 19:00:24 +0200: Memory Usage (454316K) : Executing rule Sdiod.b
2026-04-01 19:00:24 +0200: Memory Usage (454316K) : Executing rule Sdiod.c
2026-04-01 19:00:24 +0200: Memory Usage (454316K) : Executing rule Sdiod.d
2026-04-01 19:00:24 +0200: Memory Usage (454316K) : Executing rule Sdiod.e
2026-04-01 19:00:24 +0200: Memory Usage (454316K) : Starting 7.2 Latch-up table
2026-04-01 19:00:24 +0200: Memory Usage (454316K) : Executing rule LU.b
2026-04-01 19:00:24 +0200: Memory Usage (454316K) : Starting 5.16. Metal1 table
2026-04-01 19:00:24 +0200: Memory Usage (454316K) : Executing rule M1.a
2026-04-01 19:00:24 +0200: Memory Usage (454316K) : Executing rule M1.b
2026-04-01 19:00:24 +0200: Memory Usage (454316K) : Executing rule M1.e
2026-04-01 19:00:24 +0200: Memory Usage (454316K) : Executing rule M1.f
2026-04-01 19:00:24 +0200: Memory Usage (454316K) : Executing rule M1.g
2026-04-01 19:00:24 +0200: Memory Usage (454316K) : Executing rule M1.i
2026-04-01 19:00:24 +0200: Memory Usage (454316K) : Starting 5.17 Metaln table
2026-04-01 19:00:24 +0200: Memory Usage (454316K) : Executing rule M2.a
2026-04-01 19:00:24 +0200: Memory Usage (454316K) : Executing rule M2.b
2026-04-01 19:00:24 +0200: Memory Usage (454316K) : Executing rule M2.e
2026-04-01 19:00:24 +0200: Memory Usage (454316K) : Executing rule M2.f
2026-04-01 19:00:24 +0200: Memory Usage (454316K) : Executing rule M2.g
2026-04-01 19:00:24 +0200: Memory Usage (454316K) : Executing rule M2.i
2026-04-01 19:00:24 +0200: Memory Usage (454316K) : Executing rule M3.a
2026-04-01 19:00:24 +0200: Memory Usage (454316K) : Executing rule M3.b
2026-04-01 19:00:24 +0200: Memory Usage (454316K) : Executing rule M3.e
2026-04-01 19:00:24 +0200: Memory Usage (454316K) : Executing rule M3.f
2026-04-01 19:00:24 +0200: Memory Usage (454316K) : Executing rule M3.g
2026-04-01 19:00:24 +0200: Memory Usage (454316K) : Executing rule M3.i
2026-04-01 19:00:24 +0200: Memory Usage (454316K) : Executing rule M4.a
2026-04-01 19:00:24 +0200: Memory Usage (454316K) : Executing rule M4.b
2026-04-01 19:00:24 +0200: Memory Usage (454316K) : Executing rule M4.e
2026-04-01 19:00:24 +0200: Memory Usage (454316K) : Executing rule M4.f
2026-04-01 19:00:24 +0200: Memory Usage (454316K) : Executing rule M4.g
2026-04-01 19:00:24 +0200: Memory Usage (454316K) : Executing rule M4.i
2026-04-01 19:00:24 +0200: Memory Usage (454316K) : Executing rule M5.a
2026-04-01 19:00:24 +0200: Memory Usage (454316K) : Executing rule M5.b
2026-04-01 19:00:24 +0200: Memory Usage (454316K) : Executing rule M5.e
2026-04-01 19:00:24 +0200: Memory Usage (454316K) : Executing rule M5.f
2026-04-01 19:00:24 +0200: Memory Usage (454316K) : Executing rule M5.g
2026-04-01 19:00:24 +0200: Memory Usage (454316K) : Executing rule M5.i
2026-04-01 19:00:24 +0200: Memory Usage (454316K) : Starting 5.18 Metaln:filler table
2026-04-01 19:00:24 +0200: Memory Usage (454316K) : Executing rule M1Fil.c
2026-04-01 19:00:24 +0200: Memory Usage (454444K) : Executing rule M1Fil.a2
2026-04-01 19:00:24 +0200: Memory Usage (454572K) : Executing rule M2Fil.c
2026-04-01 19:00:24 +0200: Memory Usage (454700K) : Executing rule M2Fil.a2
2026-04-01 19:00:24 +0200: Memory Usage (454828K) : Executing rule M3Fil.c
2026-04-01 19:00:24 +0200: Memory Usage (454956K) : Executing rule M3Fil.a2
2026-04-01 19:00:24 +0200: Memory Usage (455084K) : Executing rule M4Fil.c
2026-04-01 19:00:24 +0200: Memory Usage (455212K) : Executing rule M4Fil.a2
2026-04-01 19:00:24 +0200: Memory Usage (455340K) : Executing rule M5Fil.c
2026-04-01 19:00:24 +0200: Memory Usage (455468K) : Executing rule M5Fil.a2
2026-04-01 19:00:24 +0200: Memory Usage (455596K) : Starting 5.19. Via1 table
2026-04-01 19:00:24 +0200: Memory Usage (455596K) : Starting 5.19. Via1 table derivations
2026-04-01 19:00:24 +0200: Memory Usage (455596K) : Executing rule V1.a
2026-04-01 19:00:24 +0200: Memory Usage (455852K) : Executing rule V1.b
2026-04-01 19:00:24 +0200: Memory Usage (455980K) : Executing rule V1.c
2026-04-01 19:00:24 +0200: Memory Usage (455980K) : Starting 5.20. Vian table
2026-04-01 19:00:24 +0200: Memory Usage (456108K) : Executing rule V2.a
2026-04-01 19:00:24 +0200: Memory Usage (456364K) : Executing rule V2.b
2026-04-01 19:00:24 +0200: Memory Usage (456492K) : Executing rule V2.c
2026-04-01 19:00:24 +0200: Memory Usage (456620K) : Executing rule V3.a
2026-04-01 19:00:24 +0200: Memory Usage (456876K) : Executing rule V3.b
2026-04-01 19:00:24 +0200: Memory Usage (457004K) : Executing rule V3.c
2026-04-01 19:00:24 +0200: Memory Usage (457260K) : Executing rule V4.a
2026-04-01 19:00:24 +0200: Memory Usage (457516K) : Executing rule V4.b
2026-04-01 19:00:24 +0200: Memory Usage (457644K) : Executing rule V4.c
2026-04-01 19:00:24 +0200: Memory Usage (457644K) : Starting 5.21. TopVia1 table
2026-04-01 19:00:24 +0200: Memory Usage (457772K) : Executing rule TV1.a
2026-04-01 19:00:24 +0200: Memory Usage (457900K) : Executing rule TV1.b
2026-04-01 19:00:24 +0200: Memory Usage (458028K) : Executing rule TV1.c
2026-04-01 19:00:24 +0200: Memory Usage (458156K) : Executing rule TV1.d
2026-04-01 19:00:24 +0200: Memory Usage (458284K) : Starting 5.22. TopMetal1 table
2026-04-01 19:00:24 +0200: Memory Usage (458284K) : Executing rule TM1.a
2026-04-01 19:00:24 +0200: Memory Usage (458284K) : Executing rule TM1.b
2026-04-01 19:00:24 +0200: Memory Usage (458412K) : Starting 5.23 TopMetal1:filler table
2026-04-01 19:00:24 +0200: Memory Usage (458412K) : Executing rule TM1Fil.c
2026-04-01 19:00:24 +0200: Memory Usage (458540K) : Executing rule TM1Fil.a1
2026-04-01 19:00:24 +0200: Memory Usage (458668K) : Starting 5.24. TopVia2 table
2026-04-01 19:00:24 +0200: Memory Usage (458668K) : Executing rule TV2.a
2026-04-01 19:00:24 +0200: Memory Usage (458796K) : Executing rule TV2.b
2026-04-01 19:00:24 +0200: Memory Usage (458924K) : Executing rule TV2.c
2026-04-01 19:00:24 +0200: Memory Usage (459052K) : Executing rule TV2.d
2026-04-01 19:00:24 +0200: Memory Usage (459180K) : Starting 5.25. TopMetal2 table
2026-04-01 19:00:24 +0200: Memory Usage (459180K) : Executing rule TM2.a
2026-04-01 19:00:24 +0200: Memory Usage (459180K) : Executing rule TM2.b
2026-04-01 19:00:24 +0200: Memory Usage (459308K) : Executing rule TM2.bR
2026-04-01 19:00:24 +0200: Memory Usage (459308K) : Starting 5.26 TopMetal2:filler table
2026-04-01 19:00:24 +0200: Memory Usage (459308K) : Executing rule TM2Fil.c
2026-04-01 19:00:24 +0200: Memory Usage (459308K) : Executing rule TM2Fil.a1
2026-04-01 19:00:24 +0200: Memory Usage (459308K) : Starting 5.27. Passiv table
2026-04-01 19:00:24 +0200: Memory Usage (459308K) : Executing rule Pas.a
2026-04-01 19:00:24 +0200: Memory Usage (459308K) : Executing rule Pas.b
2026-04-01 19:00:24 +0200: Memory Usage (459308K) : Executing rule Pas.c
2026-04-01 19:00:24 +0200: Memory Usage (459308K) : Starting 6.9.2 Copper Pillar table
2026-04-01 19:00:24 +0200: Memory Usage (459308K) : Executing rule Padc.a
2026-04-01 19:00:24 +0200: Memory Usage (459308K) : Executing rule Padc.b
2026-04-01 19:00:24 +0200: Memory Usage (459308K) : Executing rule Padc.c
2026-04-01 19:00:24 +0200: Memory Usage (459308K) : Executing rule Padb.f
2026-04-01 19:00:24 +0200: Memory Usage (459308K) : Starting 6.9 Pad table
2026-04-01 19:00:24 +0200: Memory Usage (459308K) : Executing rule Pad.m
2026-04-01 19:00:24 +0200: Memory Usage (459308K) : Executing rule Pad.fR_M1
2026-04-01 19:00:24 +0200: Memory Usage (459308K) : Executing rule Pad.fR_M2
2026-04-01 19:00:24 +0200: Memory Usage (459308K) : Executing rule Pad.fR_M3
2026-04-01 19:00:24 +0200: Memory Usage (459308K) : Executing rule Pad.fR_M4
2026-04-01 19:00:24 +0200: Memory Usage (459308K) : Executing rule Pad.fR_M5
2026-04-01 19:00:24 +0200: Memory Usage (459308K) : Executing rule Pad.fR_TM1
2026-04-01 19:00:24 +0200: Memory Usage (459308K) : Executing rule Pad.fR_TM2
2026-04-01 19:00:24 +0200: Memory Usage (459308K) : Executing rule Pad.i
2026-04-01 19:00:24 +0200: Memory Usage (459308K) : Starting 6.9.1 Solder Bump
2026-04-01 19:00:24 +0200: Memory Usage (459308K) : Executing rule Padb.a
2026-04-01 19:00:24 +0200: Memory Usage (459308K) : Executing rule Padb.b
2026-04-01 19:00:24 +0200: Memory Usage (459308K) : Executing rule Padb.c
2026-04-01 19:00:24 +0200: Memory Usage (459308K) : Executing rule Padb.f
2026-04-01 19:00:24 +0200: Memory Usage (459308K) : Executing rule Padb.d
2026-04-01 19:00:24 +0200: Memory Usage (459308K) : Starting 6.10 Sealring table
2026-04-01 19:00:24 +0200: Memory Usage (459308K) : Executing rule Seal.l
2026-04-01 19:00:24 +0200: Memory Usage (459308K) : Executing rule Seal.n
2026-04-01 19:00:24 +0200: Memory Usage (459308K) : Executing rule seal.b_metal1
2026-04-01 19:00:24 +0200: Memory Usage (459308K) : Executing rule seal.b_metal2
2026-04-01 19:00:24 +0200: Memory Usage (459308K) : Executing rule seal.b_metal3
2026-04-01 19:00:24 +0200: Memory Usage (459308K) : Executing rule seal.b_metal4
2026-04-01 19:00:24 +0200: Memory Usage (459308K) : Executing rule seal.b_metal5
2026-04-01 19:00:24 +0200: Memory Usage (459308K) : Executing rule seal.b_topmetal1
2026-04-01 19:00:24 +0200: Memory Usage (459308K) : Executing rule seal.b_topmetal2
2026-04-01 19:00:24 +0200: Memory Usage (459308K) : Executing rule seal.b_activ
2026-04-01 19:00:24 +0200: Memory Usage (459308K) : Executing rule seal.b_psd
2026-04-01 19:00:24 +0200: Memory Usage (459308K) : Executing rule Seal.k
2026-04-01 19:00:24 +0200: Memory Usage (459308K) : Executing rule Seal.m
2026-04-01 19:00:24 +0200: Memory Usage (459308K) : Starting 6.11 MIM table
2026-04-01 19:00:24 +0200: Memory Usage (459308K) : Executing rule MIM.c
2026-04-01 19:00:24 +0200: Memory Usage (459308K) : Executing rule MIM.d
2026-04-01 19:00:24 +0200: Memory Usage (459308K) : Executing rule MIM.gR
2026-04-01 19:00:24 +0200: Memory Usage (459308K) : Starting 7.3 Metal Slits table
2026-04-01 19:00:24 +0200: Memory Usage (459308K) : Executing rule Slt.e1_M1
2026-04-01 19:00:24 +0200: Memory Usage (459308K) : Executing rule Slt.e1_M2
2026-04-01 19:00:24 +0200: Memory Usage (459308K) : Executing rule Slt.e1_M3
2026-04-01 19:00:24 +0200: Memory Usage (459308K) : Executing rule Slt.e1_M4
2026-04-01 19:00:24 +0200: Memory Usage (459308K) : Executing rule Slt.e1_M5
2026-04-01 19:00:24 +0200: Memory Usage (459308K) : Executing rule Slt.e1_TM1
2026-04-01 19:00:24 +0200: Memory Usage (459308K) : Executing rule Slt.e1_TM2
2026-04-01 19:00:24 +0200: Memory Usage (459308K) : Starting 9.1. LBE table
2026-04-01 19:00:24 +0200: Memory Usage (459308K) : Executing rule LBE.a
2026-04-01 19:00:24 +0200: Memory Usage (459308K) : Executing rule LBE.b
2026-04-01 19:00:24 +0200: Memory Usage (459308K) : Executing rule LBE.b1
2026-04-01 19:00:24 +0200: Memory Usage (459308K) : Executing rule LBE.c
2026-04-01 19:00:24 +0200: Memory Usage (459308K) : Executing rule LBE.d
2026-04-01 19:00:24 +0200: Memory Usage (459308K) : Executing rule LBE.h
2026-04-01 19:00:24 +0200: Memory Usage (459308K) : Starting 7.4. PIN table
2026-04-01 19:00:24 +0200: Memory Usage (459308K) : Executing rule Pin.a
2026-04-01 19:00:24 +0200: Memory Usage (459308K) : Executing rule Pin.b
2026-04-01 19:00:24 +0200: Memory Usage (459308K) : Executing rule Pin.e
2026-04-01 19:00:24 +0200: Memory Usage (459308K) : Executing rule Pin.f_M2
2026-04-01 19:00:24 +0200: Memory Usage (459308K) : Executing rule Pin.f_M3
2026-04-01 19:00:24 +0200: Memory Usage (459308K) : Executing rule Pin.f_M4
2026-04-01 19:00:24 +0200: Memory Usage (459308K) : Executing rule Pin.f_M5
2026-04-01 19:00:24 +0200: Memory Usage (459308K) : Executing rule Pin.g
2026-04-01 19:00:24 +0200: Memory Usage (459308K) : Executing rule Pin.h
2026-04-01 19:00:24 +0200: Memory Usage (459308K) : Starting 3.1. offgrid table
2026-04-01 19:00:24 +0200: Memory Usage (459308K) : Executing rule activ_drw_Offgrid
2026-04-01 19:00:24 +0200: Memory Usage (459308K) : Executing rule activ_pin_Offgrid
2026-04-01 19:00:24 +0200: Memory Usage (459308K) : Executing rule activ_mask_Offgrid
2026-04-01 19:00:24 +0200: Memory Usage (459308K) : Executing rule activ_filler_Offgrid
2026-04-01 19:00:24 +0200: Memory Usage (459308K) : Executing rule activ_nofill_Offgrid
2026-04-01 19:00:24 +0200: Memory Usage (459308K) : Executing rule activ_opc_Offgrid
2026-04-01 19:00:24 +0200: Memory Usage (459308K) : Executing rule activ_iopc_Offgrid
2026-04-01 19:00:24 +0200: Memory Usage (459308K) : Executing rule activ_noqrc_Offgrid
2026-04-01 19:00:24 +0200: Memory Usage (459308K) : Executing rule biwind_drw_Offgrid
2026-04-01 19:00:24 +0200: Memory Usage (459308K) : Executing rule biwind_opc_Offgrid
2026-04-01 19:00:24 +0200: Memory Usage (459308K) : Executing rule pemwind_drw_Offgrid
2026-04-01 19:00:24 +0200: Memory Usage (459308K) : Executing rule gatpoly_drw_Offgrid
2026-04-01 19:00:24 +0200: Memory Usage (459308K) : Executing rule gatpoly_pin_Offgrid
2026-04-01 19:00:24 +0200: Memory Usage (459308K) : Executing rule gatpoly_filler_Offgrid
2026-04-01 19:00:24 +0200: Memory Usage (459308K) : Executing rule gatpoly_nofill_Offgrid
2026-04-01 19:00:24 +0200: Memory Usage (459308K) : Executing rule gatpoly_opc_Offgrid
2026-04-01 19:00:24 +0200: Memory Usage (459308K) : Executing rule gatpoly_iopc_Offgrid
2026-04-01 19:00:24 +0200: Memory Usage (459308K) : Executing rule gatpoly_noqrc_Offgrid
2026-04-01 19:00:24 +0200: Memory Usage (459308K) : Executing rule cont_drw_Offgrid
2026-04-01 19:00:24 +0200: Memory Usage (459308K) : Executing rule cont_opc_Offgrid
2026-04-01 19:00:24 +0200: Memory Usage (459308K) : Executing rule nsd_drw_Offgrid
2026-04-01 19:00:24 +0200: Memory Usage (459308K) : Executing rule nsd_block_Offgrid
2026-04-01 19:00:24 +0200: Memory Usage (459308K) : Executing rule metal1_drw_Offgrid
2026-04-01 19:00:24 +0200: Memory Usage (459308K) : Executing rule metal1_pin_Offgrid
2026-04-01 19:00:24 +0200: Memory Usage (459308K) : Executing rule metal1_mask_Offgrid
2026-04-01 19:00:24 +0200: Memory Usage (459692K) : Executing rule metal1_filler_Offgrid
2026-04-01 19:00:24 +0200: Memory Usage (460204K) : Executing rule metal1_nofill_Offgrid
2026-04-01 19:00:24 +0200: Memory Usage (460588K) : Executing rule metal1_slit_Offgrid
2026-04-01 19:00:24 +0200: Memory Usage (461100K) : Executing rule metal1_opc_Offgrid
2026-04-01 19:00:24 +0200: Memory Usage (461484K) : Executing rule metal1_noqrc_Offgrid
2026-04-01 19:00:24 +0200: Memory Usage (461996K) : Executing rule metal1_res_Offgrid
2026-04-01 19:00:24 +0200: Memory Usage (462380K) : Executing rule metal1_iprobe_Offgrid
2026-04-01 19:00:24 +0200: Memory Usage (462892K) : Executing rule metal1_diffprb_Offgrid
2026-04-01 19:00:24 +0200: Memory Usage (463276K) : Executing rule passiv_drw_Offgrid
2026-04-01 19:00:24 +0200: Memory Usage (463788K) : Executing rule passiv_pin_Offgrid
2026-04-01 19:00:24 +0200: Memory Usage (464172K) : Executing rule passiv_pillar_Offgrid
2026-04-01 19:00:24 +0200: Memory Usage (464684K) : Executing rule passiv_sbump_Offgrid
2026-04-01 19:00:25 +0200: Memory Usage (465196K) : Executing rule passiv_pdl_Offgrid
2026-04-01 19:00:25 +0200: Memory Usage (465580K) : Executing rule metal2_drw_Offgrid
2026-04-01 19:00:25 +0200: Memory Usage (466092K) : Executing rule metal2_pin_Offgrid
2026-04-01 19:00:25 +0200: Memory Usage (466092K) : Executing rule metal2_mask_Offgrid
2026-04-01 19:00:25 +0200: Memory Usage (466092K) : Executing rule metal2_filler_Offgrid
2026-04-01 19:00:25 +0200: Memory Usage (466092K) : Executing rule metal2_nofill_Offgrid
2026-04-01 19:00:25 +0200: Memory Usage (466092K) : Executing rule metal2_slit_Offgrid
2026-04-01 19:00:25 +0200: Memory Usage (466092K) : Executing rule metal2_opc_Offgrid
2026-04-01 19:00:25 +0200: Memory Usage (466092K) : Executing rule metal2_noqrc_Offgrid
2026-04-01 19:00:25 +0200: Memory Usage (466092K) : Executing rule metal2_res_Offgrid
2026-04-01 19:00:25 +0200: Memory Usage (466092K) : Executing rule metal2_iprobe_Offgrid
2026-04-01 19:00:25 +0200: Memory Usage (466092K) : Executing rule metal2_diffprb_Offgrid
2026-04-01 19:00:25 +0200: Memory Usage (466092K) : Executing rule baspoly_drw_Offgrid
2026-04-01 19:00:25 +0200: Memory Usage (466092K) : Executing rule baspoly_pin_Offgrid
2026-04-01 19:00:25 +0200: Memory Usage (466092K) : Executing rule psd_drw_Offgrid
2026-04-01 19:00:25 +0200: Memory Usage (466092K) : Executing rule nldb_drw_Offgrid
2026-04-01 19:00:25 +0200: Memory Usage (466092K) : Executing rule via1_drw_Offgrid
2026-04-01 19:00:25 +0200: Memory Usage (466092K) : Executing rule backmetal1_drw_Offgrid
2026-04-01 19:00:25 +0200: Memory Usage (466092K) : Executing rule backmetal1_pin_Offgrid
2026-04-01 19:00:25 +0200: Memory Usage (466092K) : Executing rule backmetal1_mask_Offgrid
2026-04-01 19:00:25 +0200: Memory Usage (466092K) : Executing rule backmetal1_filler_Offgrid
2026-04-01 19:00:25 +0200: Memory Usage (466092K) : Executing rule backmetal1_nofill_Offgrid
2026-04-01 19:00:25 +0200: Memory Usage (466092K) : Executing rule backmetal1_slit_Offgrid
2026-04-01 19:00:25 +0200: Memory Usage (466092K) : Executing rule backmetal1_opc_Offgrid
2026-04-01 19:00:25 +0200: Memory Usage (466092K) : Executing rule backmetal1_noqrc_Offgrid
2026-04-01 19:00:25 +0200: Memory Usage (466092K) : Executing rule backmetal1_res_Offgrid
2026-04-01 19:00:25 +0200: Memory Usage (466092K) : Executing rule backmetal1_iprobe_Offgrid
2026-04-01 19:00:25 +0200: Memory Usage (466092K) : Executing rule backmetal1_diffprb_Offgrid
2026-04-01 19:00:25 +0200: Memory Usage (466092K) : Executing rule backpassiv_drw_Offgrid
2026-04-01 19:00:25 +0200: Memory Usage (466092K) : Executing rule salblock_drw_Offgrid
2026-04-01 19:00:25 +0200: Memory Usage (466092K) : Executing rule via2_drw_Offgrid
2026-04-01 19:00:25 +0200: Memory Usage (466092K) : Executing rule metal3_drw_Offgrid
2026-04-01 19:00:25 +0200: Memory Usage (466092K) : Executing rule metal3_pin_Offgrid
2026-04-01 19:00:25 +0200: Memory Usage (466092K) : Executing rule metal3_mask_Offgrid
2026-04-01 19:00:25 +0200: Memory Usage (466092K) : Executing rule metal3_filler_Offgrid
2026-04-01 19:00:25 +0200: Memory Usage (466092K) : Executing rule metal3_nofill_Offgrid
2026-04-01 19:00:25 +0200: Memory Usage (466092K) : Executing rule metal3_slit_Offgrid
2026-04-01 19:00:25 +0200: Memory Usage (466092K) : Executing rule metal3_opc_Offgrid
2026-04-01 19:00:25 +0200: Memory Usage (466092K) : Executing rule metal3_noqrc_Offgrid
2026-04-01 19:00:25 +0200: Memory Usage (466092K) : Executing rule metal3_res_Offgrid
2026-04-01 19:00:25 +0200: Memory Usage (466092K) : Executing rule metal3_iprobe_Offgrid
2026-04-01 19:00:25 +0200: Memory Usage (466092K) : Executing rule metal3_diffprb_Offgrid
2026-04-01 19:00:25 +0200: Memory Usage (466092K) : Executing rule nwell_drw_Offgrid
2026-04-01 19:00:25 +0200: Memory Usage (466092K) : Executing rule nwell_pin_Offgrid
2026-04-01 19:00:25 +0200: Memory Usage (466092K) : Executing rule nbulay_drw_Offgrid
2026-04-01 19:00:25 +0200: Memory Usage (466092K) : Executing rule nbulay_pin_Offgrid
2026-04-01 19:00:25 +0200: Memory Usage (466092K) : Executing rule nbulay_block_Offgrid
2026-04-01 19:00:25 +0200: Memory Usage (466092K) : Executing rule pwell_drw_Offgrid
2026-04-01 19:00:25 +0200: Memory Usage (466092K) : Executing rule pwell_pin_Offgrid
2026-04-01 19:00:25 +0200: Memory Usage (466092K) : Executing rule pwell_block_Offgrid
2026-04-01 19:00:25 +0200: Memory Usage (466092K) : Executing rule emwind_drw_Offgrid
2026-04-01 19:00:25 +0200: Memory Usage (466092K) : Executing rule emwind_opc_Offgrid
2026-04-01 19:00:25 +0200: Memory Usage (466092K) : Executing rule deepco_drw_Offgrid
2026-04-01 19:00:25 +0200: Memory Usage (466092K) : Executing rule mim_drw_Offgrid
2026-04-01 19:00:25 +0200: Memory Usage (466092K) : Executing rule substrate_drw_Offgrid
2026-04-01 19:00:25 +0200: Memory Usage (466092K) : Executing rule ic_drw_Offgrid
2026-04-01 19:00:25 +0200: Memory Usage (466092K) : Executing rule via3_drw_Offgrid
2026-04-01 19:00:25 +0200: Memory Usage (466092K) : Executing rule pldb_drw_Offgrid
2026-04-01 19:00:25 +0200: Memory Usage (466092K) : Executing rule metal4_drw_Offgrid
2026-04-01 19:00:25 +0200: Memory Usage (466092K) : Executing rule metal4_pin_Offgrid
2026-04-01 19:00:25 +0200: Memory Usage (466092K) : Executing rule metal4_mask_Offgrid
2026-04-01 19:00:25 +0200: Memory Usage (466092K) : Executing rule metal4_filler_Offgrid
2026-04-01 19:00:25 +0200: Memory Usage (466092K) : Executing rule metal4_nofill_Offgrid
2026-04-01 19:00:25 +0200: Memory Usage (466092K) : Executing rule metal4_slit_Offgrid
2026-04-01 19:00:25 +0200: Memory Usage (466092K) : Executing rule metal4_opc_Offgrid
2026-04-01 19:00:25 +0200: Memory Usage (466092K) : Executing rule metal4_noqrc_Offgrid
2026-04-01 19:00:25 +0200: Memory Usage (466092K) : Executing rule metal4_res_Offgrid
2026-04-01 19:00:25 +0200: Memory Usage (466092K) : Executing rule metal4_iprobe_Offgrid
2026-04-01 19:00:25 +0200: Memory Usage (466092K) : Executing rule metal4_diffprb_Offgrid
2026-04-01 19:00:25 +0200: Memory Usage (466092K) : Executing rule via4_drw_Offgrid
2026-04-01 19:00:25 +0200: Memory Usage (466092K) : Executing rule metal5_drw_Offgrid
2026-04-01 19:00:25 +0200: Memory Usage (466092K) : Executing rule metal5_pin_Offgrid
2026-04-01 19:00:25 +0200: Memory Usage (466092K) : Executing rule metal5_mask_Offgrid
2026-04-01 19:00:25 +0200: Memory Usage (466092K) : Executing rule metal5_filler_Offgrid
2026-04-01 19:00:25 +0200: Memory Usage (466092K) : Executing rule metal5_nofill_Offgrid
2026-04-01 19:00:25 +0200: Memory Usage (466092K) : Executing rule metal5_slit_Offgrid
2026-04-01 19:00:25 +0200: Memory Usage (466604K) : Executing rule metal5_opc_Offgrid
2026-04-01 19:00:25 +0200: Memory Usage (466988K) : Executing rule metal5_noqrc_Offgrid
2026-04-01 19:00:25 +0200: Memory Usage (467500K) : Executing rule metal5_res_Offgrid
2026-04-01 19:00:25 +0200: Memory Usage (467884K) : Executing rule metal5_iprobe_Offgrid
2026-04-01 19:00:25 +0200: Memory Usage (468268K) : Executing rule metal5_diffprb_Offgrid
2026-04-01 19:00:25 +0200: Memory Usage (468780K) : Executing rule prboundary_drw_Offgrid
2026-04-01 19:00:25 +0200: Memory Usage (468780K) : Executing rule exchange0_drw_Offgrid
2026-04-01 19:00:25 +0200: Memory Usage (468780K) : Executing rule exchange0_pin_Offgrid
2026-04-01 19:00:25 +0200: Memory Usage (468780K) : Executing rule exchange1_drw_Offgrid
2026-04-01 19:00:25 +0200: Memory Usage (468780K) : Executing rule exchange1_pin_Offgrid
2026-04-01 19:00:25 +0200: Memory Usage (468780K) : Executing rule exchange2_drw_Offgrid
2026-04-01 19:00:25 +0200: Memory Usage (468908K) : Executing rule exchange2_pin_Offgrid
2026-04-01 19:00:25 +0200: Memory Usage (468908K) : Executing rule exchange3_drw_Offgrid
2026-04-01 19:00:25 +0200: Memory Usage (468908K) : Executing rule exchange3_pin_Offgrid
2026-04-01 19:00:25 +0200: Memory Usage (468908K) : Executing rule exchange4_drw_Offgrid
2026-04-01 19:00:25 +0200: Memory Usage (468908K) : Executing rule exchange4_pin_Offgrid
2026-04-01 19:00:25 +0200: Memory Usage (468908K) : Executing rule isonwell_drw_Offgrid
2026-04-01 19:00:25 +0200: Memory Usage (468908K) : Executing rule thickgateox_drw_Offgrid
2026-04-01 19:00:25 +0200: Memory Usage (468908K) : Executing rule pempoly_drw_Offgrid
2026-04-01 19:00:25 +0200: Memory Usage (468908K) : Executing rule fbe_drw_Offgrid
2026-04-01 19:00:25 +0200: Memory Usage (468908K) : Executing rule empoly_drw_Offgrid
2026-04-01 19:00:25 +0200: Memory Usage (468908K) : Executing rule ldmos_drw_Offgrid
2026-04-01 19:00:25 +0200: Memory Usage (468908K) : Executing rule pbiwind_drw_Offgrid
2026-04-01 19:00:25 +0200: Memory Usage (468908K) : Executing rule colopen_drw_Offgrid
2026-04-01 19:00:25 +0200: Memory Usage (468908K) : Executing rule extblock_drw_Offgrid
2026-04-01 19:00:25 +0200: Memory Usage (468908K) : Executing rule nldd_drw_Offgrid
2026-04-01 19:00:25 +0200: Memory Usage (468908K) : Executing rule pldd_drw_Offgrid
2026-04-01 19:00:25 +0200: Memory Usage (468908K) : Executing rule next_drw_Offgrid
2026-04-01 19:00:25 +0200: Memory Usage (468908K) : Executing rule pext_drw_Offgrid
2026-04-01 19:00:25 +0200: Memory Usage (468908K) : Executing rule nexthv_drw_Offgrid
2026-04-01 19:00:25 +0200: Memory Usage (468908K) : Executing rule pexthv_drw_Offgrid
2026-04-01 19:00:25 +0200: Memory Usage (468908K) : Executing rule graphgate_drw_Offgrid
2026-04-01 19:00:25 +0200: Memory Usage (468908K) : Executing rule mempad_drw_Offgrid
2026-04-01 19:00:25 +0200: Memory Usage (468908K) : Executing rule topvia1_drw_Offgrid
2026-04-01 19:00:25 +0200: Memory Usage (468908K) : Executing rule topmetal1_drw_Offgrid
2026-04-01 19:00:25 +0200: Memory Usage (468908K) : Executing rule topmetal1_pin_Offgrid
2026-04-01 19:00:25 +0200: Memory Usage (468908K) : Executing rule topmetal1_mask_Offgrid
2026-04-01 19:00:25 +0200: Memory Usage (468908K) : Executing rule topmetal1_filler_Offgrid
2026-04-01 19:00:25 +0200: Memory Usage (468908K) : Executing rule topmetal1_nofill_Offgrid
2026-04-01 19:00:25 +0200: Memory Usage (468908K) : Executing rule topmetal1_slit_Offgrid
2026-04-01 19:00:25 +0200: Memory Usage (468908K) : Executing rule topmetal1_noqrc_Offgrid
2026-04-01 19:00:25 +0200: Memory Usage (468908K) : Executing rule topmetal1_res_Offgrid
2026-04-01 19:00:25 +0200: Memory Usage (468908K) : Executing rule topmetal1_iprobe_Offgrid
2026-04-01 19:00:25 +0200: Memory Usage (468908K) : Executing rule topmetal1_diffprb_Offgrid
2026-04-01 19:00:25 +0200: Memory Usage (468908K) : Executing rule inldpwl_drw_Offgrid
2026-04-01 19:00:25 +0200: Memory Usage (468908K) : Executing rule polyres_drw_Offgrid
2026-04-01 19:00:25 +0200: Memory Usage (468908K) : Executing rule polyres_pin_Offgrid
2026-04-01 19:00:25 +0200: Memory Usage (468908K) : Executing rule vmim_drw_Offgrid
2026-04-01 19:00:25 +0200: Memory Usage (468908K) : Executing rule nbulaycut_drw_Offgrid
2026-04-01 19:00:25 +0200: Memory Usage (468908K) : Executing rule antmetal1_drw_Offgrid
2026-04-01 19:00:25 +0200: Memory Usage (468908K) : Executing rule topvia2_drw_Offgrid
2026-04-01 19:00:25 +0200: Memory Usage (468908K) : Executing rule topmetal2_drw_Offgrid
2026-04-01 19:00:25 +0200: Memory Usage (468908K) : Executing rule topmetal2_pin_Offgrid
2026-04-01 19:00:25 +0200: Memory Usage (468908K) : Executing rule topmetal2_mask_Offgrid
2026-04-01 19:00:25 +0200: Memory Usage (468908K) : Executing rule topmetal2_filler_Offgrid
2026-04-01 19:00:25 +0200: Memory Usage (468908K) : Executing rule topmetal2_nofill_Offgrid
2026-04-01 19:00:25 +0200: Memory Usage (468908K) : Executing rule topmetal2_slit_Offgrid
2026-04-01 19:00:25 +0200: Memory Usage (468908K) : Executing rule topmetal2_noqrc_Offgrid
2026-04-01 19:00:25 +0200: Memory Usage (468908K) : Executing rule topmetal2_res_Offgrid
2026-04-01 19:00:25 +0200: Memory Usage (468908K) : Executing rule topmetal2_iprobe_Offgrid
2026-04-01 19:00:25 +0200: Memory Usage (468908K) : Executing rule topmetal2_diffprb_Offgrid
2026-04-01 19:00:25 +0200: Memory Usage (468908K) : Executing rule snsring_drw_Offgrid
2026-04-01 19:00:25 +0200: Memory Usage (468908K) : Executing rule sensor_drw_Offgrid
2026-04-01 19:00:25 +0200: Memory Usage (468908K) : Executing rule snsarms_drw_Offgrid
2026-04-01 19:00:25 +0200: Memory Usage (468908K) : Executing rule snscmosvia_drw_Offgrid
2026-04-01 19:00:25 +0200: Memory Usage (468908K) : Executing rule colwind_drw_Offgrid
2026-04-01 19:00:25 +0200: Memory Usage (468908K) : Executing rule flm_drw_Offgrid
2026-04-01 19:00:25 +0200: Memory Usage (468908K) : Executing rule hafniumox_drw_Offgrid
2026-04-01 19:00:25 +0200: Memory Usage (468908K) : Executing rule memvia_drw_Offgrid
2026-04-01 19:00:25 +0200: Memory Usage (468908K) : Executing rule thinfilmres_drw_Offgrid
2026-04-01 19:00:25 +0200: Memory Usage (468908K) : Executing rule rfmem_drw_Offgrid
2026-04-01 19:00:25 +0200: Memory Usage (468908K) : Executing rule snsbotvia_drw_Offgrid
2026-04-01 19:00:25 +0200: Memory Usage (468908K) : Executing rule snstopvia_drw_Offgrid
2026-04-01 19:00:25 +0200: Memory Usage (468908K) : Executing rule deepvia_drw_Offgrid
2026-04-01 19:00:25 +0200: Memory Usage (468908K) : Executing rule fgetch_drw_Offgrid
2026-04-01 19:00:25 +0200: Memory Usage (468908K) : Executing rule ctrgat_drw_Offgrid
2026-04-01 19:00:25 +0200: Memory Usage (468908K) : Executing rule fgimp_drw_Offgrid
2026-04-01 19:00:25 +0200: Memory Usage (468908K) : Executing rule emwihv_drw_Offgrid
2026-04-01 19:00:25 +0200: Memory Usage (468908K) : Executing rule lbe_drw_Offgrid
2026-04-01 19:00:25 +0200: Memory Usage (468908K) : Executing rule alcustop_drw_Offgrid
2026-04-01 19:00:25 +0200: Memory Usage (468908K) : Starting 3.2. angle table
2026-04-01 19:00:25 +0200: Memory Usage (468908K) : Executing rule activ_drw_Acute
2026-04-01 19:00:25 +0200: Memory Usage (468908K) : Executing rule activ_pin_Acute
2026-04-01 19:00:26 +0200: Memory Usage (468908K) : Executing rule activ_mask_Acute
2026-04-01 19:00:26 +0200: Memory Usage (468908K) : Executing rule activ_filler_Acute
2026-04-01 19:00:26 +0200: Memory Usage (468908K) : Executing rule activ_nofill_Acute
2026-04-01 19:00:26 +0200: Memory Usage (468908K) : Executing rule activ_opc_Acute
2026-04-01 19:00:26 +0200: Memory Usage (468908K) : Executing rule activ_iopc_Acute
2026-04-01 19:00:26 +0200: Memory Usage (468908K) : Executing rule activ_noqrc_Acute
2026-04-01 19:00:26 +0200: Memory Usage (468908K) : Executing rule biwind_drw_Acute
2026-04-01 19:00:26 +0200: Memory Usage (468908K) : Executing rule biwind_opc_Acute
2026-04-01 19:00:26 +0200: Memory Usage (468908K) : Executing rule pemwind_drw_Acute
2026-04-01 19:00:26 +0200: Memory Usage (468908K) : Executing rule gatpoly_drw_Acute
2026-04-01 19:00:26 +0200: Memory Usage (468908K) : Executing rule gatpoly_pin_Acute
2026-04-01 19:00:26 +0200: Memory Usage (468908K) : Executing rule gatpoly_filler_Acute
2026-04-01 19:00:26 +0200: Memory Usage (468908K) : Executing rule gatpoly_nofill_Acute
2026-04-01 19:00:26 +0200: Memory Usage (468908K) : Executing rule gatpoly_opc_Acute
2026-04-01 19:00:26 +0200: Memory Usage (468908K) : Executing rule gatpoly_iopc_Acute
2026-04-01 19:00:26 +0200: Memory Usage (468908K) : Executing rule gatpoly_noqrc_Acute
2026-04-01 19:00:26 +0200: Memory Usage (468908K) : Executing rule cont_drw_Acute
2026-04-01 19:00:26 +0200: Memory Usage (468908K) : Executing rule cont_opc_Acute
2026-04-01 19:00:26 +0200: Memory Usage (468908K) : Executing rule nsd_drw_Acute
2026-04-01 19:00:26 +0200: Memory Usage (468908K) : Executing rule nsd_block_Acute
2026-04-01 19:00:26 +0200: Memory Usage (468908K) : Executing rule metal1_drw_Acute
2026-04-01 19:00:26 +0200: Memory Usage (468908K) : Executing rule metal1_pin_Acute
2026-04-01 19:00:26 +0200: Memory Usage (468908K) : Executing rule metal1_mask_Acute
2026-04-01 19:00:26 +0200: Memory Usage (468908K) : Executing rule metal1_filler_Acute
2026-04-01 19:00:26 +0200: Memory Usage (468908K) : Executing rule metal1_nofill_Acute
2026-04-01 19:00:26 +0200: Memory Usage (468908K) : Executing rule metal1_slit_Acute
2026-04-01 19:00:26 +0200: Memory Usage (468908K) : Executing rule metal1_opc_Acute
2026-04-01 19:00:26 +0200: Memory Usage (468908K) : Executing rule metal1_noqrc_Acute
2026-04-01 19:00:26 +0200: Memory Usage (468908K) : Executing rule metal1_res_Acute
2026-04-01 19:00:26 +0200: Memory Usage (468908K) : Executing rule metal1_iprobe_Acute
2026-04-01 19:00:26 +0200: Memory Usage (468908K) : Executing rule metal1_diffprb_Acute
2026-04-01 19:00:26 +0200: Memory Usage (468908K) : Executing rule passiv_drw_Acute
2026-04-01 19:00:26 +0200: Memory Usage (468908K) : Executing rule passiv_pin_Acute
2026-04-01 19:00:26 +0200: Memory Usage (468908K) : Executing rule passiv_pillar_Acute
2026-04-01 19:00:26 +0200: Memory Usage (468908K) : Executing rule passiv_sbump_Acute
2026-04-01 19:00:26 +0200: Memory Usage (468908K) : Executing rule passiv_pdl_Acute
2026-04-01 19:00:26 +0200: Memory Usage (468908K) : Executing rule metal2_drw_Acute
2026-04-01 19:00:26 +0200: Memory Usage (468908K) : Executing rule metal2_pin_Acute
2026-04-01 19:00:26 +0200: Memory Usage (468908K) : Executing rule metal2_mask_Acute
2026-04-01 19:00:26 +0200: Memory Usage (468908K) : Executing rule metal2_filler_Acute
2026-04-01 19:00:26 +0200: Memory Usage (468908K) : Executing rule metal2_nofill_Acute
2026-04-01 19:00:26 +0200: Memory Usage (468908K) : Executing rule metal2_slit_Acute
2026-04-01 19:00:26 +0200: Memory Usage (468908K) : Executing rule metal2_opc_Acute
2026-04-01 19:00:26 +0200: Memory Usage (468908K) : Executing rule metal2_noqrc_Acute
2026-04-01 19:00:26 +0200: Memory Usage (468908K) : Executing rule metal2_res_Acute
2026-04-01 19:00:26 +0200: Memory Usage (468908K) : Executing rule metal2_iprobe_Acute
2026-04-01 19:00:26 +0200: Memory Usage (468908K) : Executing rule metal2_diffprb_Acute
2026-04-01 19:00:26 +0200: Memory Usage (468908K) : Executing rule baspoly_drw_Acute
2026-04-01 19:00:26 +0200: Memory Usage (468908K) : Executing rule baspoly_pin_Acute
2026-04-01 19:00:26 +0200: Memory Usage (468908K) : Executing rule psd_drw_Acute
2026-04-01 19:00:26 +0200: Memory Usage (468908K) : Executing rule nldb_drw_Acute
2026-04-01 19:00:26 +0200: Memory Usage (468908K) : Executing rule via1_drw_Acute
2026-04-01 19:00:26 +0200: Memory Usage (468908K) : Executing rule backmetal1_drw_Acute
2026-04-01 19:00:26 +0200: Memory Usage (468908K) : Executing rule backmetal1_pin_Acute
2026-04-01 19:00:26 +0200: Memory Usage (468908K) : Executing rule backmetal1_mask_Acute
2026-04-01 19:00:26 +0200: Memory Usage (468908K) : Executing rule backmetal1_filler_Acute
2026-04-01 19:00:26 +0200: Memory Usage (468908K) : Executing rule backmetal1_nofill_Acute
2026-04-01 19:00:26 +0200: Memory Usage (468908K) : Executing rule backmetal1_slit_Acute
2026-04-01 19:00:26 +0200: Memory Usage (468908K) : Executing rule backmetal1_opc_Acute
2026-04-01 19:00:26 +0200: Memory Usage (468908K) : Executing rule backmetal1_noqrc_Acute
2026-04-01 19:00:26 +0200: Memory Usage (468908K) : Executing rule backmetal1_res_Acute
2026-04-01 19:00:26 +0200: Memory Usage (468908K) : Executing rule backmetal1_iprobe_Acute
2026-04-01 19:00:26 +0200: Memory Usage (468908K) : Executing rule backmetal1_diffprb_Acute
2026-04-01 19:00:26 +0200: Memory Usage (468908K) : Executing rule backpassiv_drw_Acute
2026-04-01 19:00:26 +0200: Memory Usage (468908K) : Executing rule salblock_drw_Acute
2026-04-01 19:00:26 +0200: Memory Usage (468908K) : Executing rule via2_drw_Acute
2026-04-01 19:00:26 +0200: Memory Usage (468908K) : Executing rule metal3_drw_Acute
2026-04-01 19:00:26 +0200: Memory Usage (468908K) : Executing rule metal3_pin_Acute
2026-04-01 19:00:26 +0200: Memory Usage (468908K) : Executing rule metal3_mask_Acute
2026-04-01 19:00:26 +0200: Memory Usage (468908K) : Executing rule metal3_filler_Acute
2026-04-01 19:00:26 +0200: Memory Usage (468908K) : Executing rule metal3_nofill_Acute
2026-04-01 19:00:26 +0200: Memory Usage (468908K) : Executing rule metal3_slit_Acute
2026-04-01 19:00:26 +0200: Memory Usage (468908K) : Executing rule metal3_opc_Acute
2026-04-01 19:00:26 +0200: Memory Usage (468908K) : Executing rule metal3_noqrc_Acute
2026-04-01 19:00:26 +0200: Memory Usage (468908K) : Executing rule metal3_res_Acute
2026-04-01 19:00:26 +0200: Memory Usage (468908K) : Executing rule metal3_iprobe_Acute
2026-04-01 19:00:26 +0200: Memory Usage (468908K) : Executing rule metal3_diffprb_Acute
2026-04-01 19:00:26 +0200: Memory Usage (468908K) : Executing rule nwell_drw_Acute
2026-04-01 19:00:26 +0200: Memory Usage (468908K) : Executing rule nwell_pin_Acute
2026-04-01 19:00:26 +0200: Memory Usage (468908K) : Executing rule nbulay_drw_Acute
2026-04-01 19:00:26 +0200: Memory Usage (468908K) : Executing rule nbulay_pin_Acute
2026-04-01 19:00:26 +0200: Memory Usage (468908K) : Executing rule nbulay_block_Acute
2026-04-01 19:00:26 +0200: Memory Usage (468908K) : Executing rule pwell_drw_Acute
2026-04-01 19:00:26 +0200: Memory Usage (468908K) : Executing rule pwell_pin_Acute
2026-04-01 19:00:26 +0200: Memory Usage (468908K) : Executing rule pwell_block_Acute
2026-04-01 19:00:26 +0200: Memory Usage (468908K) : Executing rule emwind_drw_Acute
2026-04-01 19:00:26 +0200: Memory Usage (468908K) : Executing rule emwind_opc_Acute
2026-04-01 19:00:26 +0200: Memory Usage (468908K) : Executing rule deepco_drw_Acute
2026-04-01 19:00:26 +0200: Memory Usage (468908K) : Executing rule mim_drw_Acute
2026-04-01 19:00:26 +0200: Memory Usage (468908K) : Executing rule substrate_drw_Acute
2026-04-01 19:00:26 +0200: Memory Usage (468908K) : Executing rule ic_drw_Acute
2026-04-01 19:00:26 +0200: Memory Usage (468908K) : Executing rule via3_drw_Acute
2026-04-01 19:00:26 +0200: Memory Usage (468908K) : Executing rule pldb_drw_Acute
2026-04-01 19:00:26 +0200: Memory Usage (468908K) : Executing rule metal4_drw_Acute
2026-04-01 19:00:26 +0200: Memory Usage (468908K) : Executing rule metal4_pin_Acute
2026-04-01 19:00:26 +0200: Memory Usage (468908K) : Executing rule metal4_mask_Acute
2026-04-01 19:00:26 +0200: Memory Usage (468908K) : Executing rule metal4_filler_Acute
2026-04-01 19:00:26 +0200: Memory Usage (468908K) : Executing rule metal4_nofill_Acute
2026-04-01 19:00:26 +0200: Memory Usage (468908K) : Executing rule metal4_slit_Acute
2026-04-01 19:00:26 +0200: Memory Usage (468908K) : Executing rule metal4_opc_Acute
2026-04-01 19:00:26 +0200: Memory Usage (468908K) : Executing rule metal4_noqrc_Acute
2026-04-01 19:00:26 +0200: Memory Usage (468908K) : Executing rule metal4_res_Acute
2026-04-01 19:00:26 +0200: Memory Usage (468908K) : Executing rule metal4_iprobe_Acute
2026-04-01 19:00:26 +0200: Memory Usage (468908K) : Executing rule metal4_diffprb_Acute
2026-04-01 19:00:26 +0200: Memory Usage (468908K) : Executing rule via4_drw_Acute
2026-04-01 19:00:26 +0200: Memory Usage (468908K) : Executing rule metal5_drw_Acute
2026-04-01 19:00:26 +0200: Memory Usage (468908K) : Executing rule metal5_pin_Acute
2026-04-01 19:00:26 +0200: Memory Usage (468908K) : Executing rule metal5_mask_Acute
2026-04-01 19:00:26 +0200: Memory Usage (468908K) : Executing rule metal5_filler_Acute
2026-04-01 19:00:26 +0200: Memory Usage (468908K) : Executing rule metal5_nofill_Acute
2026-04-01 19:00:26 +0200: Memory Usage (468908K) : Executing rule metal5_slit_Acute
2026-04-01 19:00:26 +0200: Memory Usage (468908K) : Executing rule metal5_opc_Acute
2026-04-01 19:00:26 +0200: Memory Usage (468908K) : Executing rule metal5_noqrc_Acute
2026-04-01 19:00:26 +0200: Memory Usage (468908K) : Executing rule metal5_res_Acute
2026-04-01 19:00:26 +0200: Memory Usage (468908K) : Executing rule metal5_iprobe_Acute
2026-04-01 19:00:26 +0200: Memory Usage (468908K) : Executing rule metal5_diffprb_Acute
2026-04-01 19:00:26 +0200: Memory Usage (468908K) : Executing rule prboundary_drw_Acute
2026-04-01 19:00:26 +0200: Memory Usage (468908K) : Executing rule exchange0_drw_Acute
2026-04-01 19:00:26 +0200: Memory Usage (468908K) : Executing rule exchange0_pin_Acute
2026-04-01 19:00:26 +0200: Memory Usage (468908K) : Executing rule exchange1_drw_Acute
2026-04-01 19:00:26 +0200: Memory Usage (468908K) : Executing rule exchange1_pin_Acute
2026-04-01 19:00:26 +0200: Memory Usage (468908K) : Executing rule exchange2_drw_Acute
2026-04-01 19:00:26 +0200: Memory Usage (468908K) : Executing rule exchange2_pin_Acute
2026-04-01 19:00:26 +0200: Memory Usage (468908K) : Executing rule exchange3_drw_Acute
2026-04-01 19:00:26 +0200: Memory Usage (468908K) : Executing rule exchange3_pin_Acute
2026-04-01 19:00:26 +0200: Memory Usage (468908K) : Executing rule exchange4_drw_Acute
2026-04-01 19:00:26 +0200: Memory Usage (468908K) : Executing rule exchange4_pin_Acute
2026-04-01 19:00:26 +0200: Memory Usage (468908K) : Executing rule isonwell_drw_Acute
2026-04-01 19:00:26 +0200: Memory Usage (468908K) : Executing rule thickgateox_drw_Acute
2026-04-01 19:00:26 +0200: Memory Usage (468908K) : Executing rule pempoly_drw_Acute
2026-04-01 19:00:26 +0200: Memory Usage (468908K) : Executing rule fbe_drw_Acute
2026-04-01 19:00:26 +0200: Memory Usage (468908K) : Executing rule empoly_drw_Acute
2026-04-01 19:00:26 +0200: Memory Usage (468908K) : Executing rule ldmos_drw_Acute
2026-04-01 19:00:26 +0200: Memory Usage (468908K) : Executing rule pbiwind_drw_Acute
2026-04-01 19:00:26 +0200: Memory Usage (468908K) : Executing rule colopen_drw_Acute
2026-04-01 19:00:26 +0200: Memory Usage (468908K) : Executing rule extblock_drw_Acute
2026-04-01 19:00:26 +0200: Memory Usage (468908K) : Executing rule nldd_drw_Acute
2026-04-01 19:00:26 +0200: Memory Usage (468908K) : Executing rule pldd_drw_Acute
2026-04-01 19:00:26 +0200: Memory Usage (468908K) : Executing rule next_drw_Acute
2026-04-01 19:00:26 +0200: Memory Usage (468908K) : Executing rule pext_drw_Acute
2026-04-01 19:00:26 +0200: Memory Usage (468908K) : Executing rule nexthv_drw_Acute
2026-04-01 19:00:26 +0200: Memory Usage (468908K) : Executing rule pexthv_drw_Acute
2026-04-01 19:00:26 +0200: Memory Usage (468908K) : Executing rule graphgate_drw_Acute
2026-04-01 19:00:26 +0200: Memory Usage (468908K) : Executing rule mempad_drw_Acute
2026-04-01 19:00:26 +0200: Memory Usage (468908K) : Executing rule topvia1_drw_Acute
2026-04-01 19:00:26 +0200: Memory Usage (468908K) : Executing rule topmetal1_drw_Acute
2026-04-01 19:00:26 +0200: Memory Usage (468908K) : Executing rule topmetal1_pin_Acute
2026-04-01 19:00:26 +0200: Memory Usage (468908K) : Executing rule topmetal1_mask_Acute
2026-04-01 19:00:26 +0200: Memory Usage (468908K) : Executing rule topmetal1_filler_Acute
2026-04-01 19:00:26 +0200: Memory Usage (468908K) : Executing rule topmetal1_nofill_Acute
2026-04-01 19:00:26 +0200: Memory Usage (468908K) : Executing rule topmetal1_slit_Acute
2026-04-01 19:00:26 +0200: Memory Usage (468908K) : Executing rule topmetal1_noqrc_Acute
2026-04-01 19:00:26 +0200: Memory Usage (468908K) : Executing rule topmetal1_res_Acute
2026-04-01 19:00:26 +0200: Memory Usage (468908K) : Executing rule topmetal1_iprobe_Acute
2026-04-01 19:00:26 +0200: Memory Usage (468908K) : Executing rule topmetal1_diffprb_Acute
2026-04-01 19:00:26 +0200: Memory Usage (468908K) : Executing rule inldpwl_drw_Acute
2026-04-01 19:00:26 +0200: Memory Usage (468908K) : Executing rule polyres_drw_Acute
2026-04-01 19:00:26 +0200: Memory Usage (468908K) : Executing rule polyres_pin_Acute
2026-04-01 19:00:26 +0200: Memory Usage (468908K) : Executing rule vmim_drw_Acute
2026-04-01 19:00:26 +0200: Memory Usage (468908K) : Executing rule nbulaycut_drw_Acute
2026-04-01 19:00:26 +0200: Memory Usage (468908K) : Executing rule antmetal1_drw_Acute
2026-04-01 19:00:26 +0200: Memory Usage (468908K) : Executing rule topvia2_drw_Acute
2026-04-01 19:00:26 +0200: Memory Usage (468908K) : Executing rule topmetal2_drw_Acute
2026-04-01 19:00:26 +0200: Memory Usage (468908K) : Executing rule topmetal2_pin_Acute
2026-04-01 19:00:26 +0200: Memory Usage (468908K) : Executing rule topmetal2_mask_Acute
2026-04-01 19:00:26 +0200: Memory Usage (468908K) : Executing rule topmetal2_filler_Acute
2026-04-01 19:00:26 +0200: Memory Usage (468908K) : Executing rule topmetal2_nofill_Acute
2026-04-01 19:00:26 +0200: Memory Usage (468908K) : Executing rule topmetal2_slit_Acute
2026-04-01 19:00:26 +0200: Memory Usage (468908K) : Executing rule topmetal2_noqrc_Acute
2026-04-01 19:00:26 +0200: Memory Usage (468908K) : Executing rule topmetal2_res_Acute
2026-04-01 19:00:26 +0200: Memory Usage (468908K) : Executing rule topmetal2_iprobe_Acute
2026-04-01 19:00:26 +0200: Memory Usage (468908K) : Executing rule topmetal2_diffprb_Acute
2026-04-01 19:00:26 +0200: Memory Usage (468908K) : Executing rule snsring_drw_Acute
2026-04-01 19:00:26 +0200: Memory Usage (468908K) : Executing rule sensor_drw_Acute
2026-04-01 19:00:26 +0200: Memory Usage (468908K) : Executing rule snsarms_drw_Acute
2026-04-01 19:00:27 +0200: Memory Usage (468908K) : Executing rule snscmosvia_drw_Acute
2026-04-01 19:00:27 +0200: Memory Usage (468908K) : Executing rule colwind_drw_Acute
2026-04-01 19:00:27 +0200: Memory Usage (468908K) : Executing rule flm_drw_Acute
2026-04-01 19:00:27 +0200: Memory Usage (468908K) : Executing rule hafniumox_drw_Acute
2026-04-01 19:00:27 +0200: Memory Usage (468908K) : Executing rule memvia_drw_Acute
2026-04-01 19:00:27 +0200: Memory Usage (468908K) : Executing rule thinfilmres_drw_Acute
2026-04-01 19:00:27 +0200: Memory Usage (468908K) : Executing rule rfmem_drw_Acute
2026-04-01 19:00:27 +0200: Memory Usage (468908K) : Executing rule snsbotvia_drw_Acute
2026-04-01 19:00:27 +0200: Memory Usage (468908K) : Executing rule snstopvia_drw_Acute
2026-04-01 19:00:27 +0200: Memory Usage (468908K) : Executing rule deepvia_drw_Acute
2026-04-01 19:00:27 +0200: Memory Usage (468908K) : Executing rule fgetch_drw_Acute
2026-04-01 19:00:27 +0200: Memory Usage (468908K) : Executing rule ctrgat_drw_Acute
2026-04-01 19:00:27 +0200: Memory Usage (468908K) : Executing rule fgimp_drw_Acute
2026-04-01 19:00:27 +0200: Memory Usage (468908K) : Executing rule emwihv_drw_Acute
2026-04-01 19:00:27 +0200: Memory Usage (468908K) : Executing rule lbe_drw_Acute
2026-04-01 19:00:27 +0200: Memory Usage (468908K) : Executing rule alcustop_drw_Acute
2026-04-01 19:00:27 +0200: Memory Usage (468908K) : Executing rule cont_drw_Angle90
2026-04-01 19:00:27 +0200: Memory Usage (468908K) : Executing rule via1_drw_Angle90
2026-04-01 19:00:27 +0200: Memory Usage (468908K) : Executing rule via2_drw_Angle90
2026-04-01 19:00:27 +0200: Memory Usage (468908K) : Executing rule via3_drw_Angle90
2026-04-01 19:00:27 +0200: Memory Usage (468908K) : Executing rule via4_drw_Angle90
2026-04-01 19:00:27 +0200: Memory Usage (468908K) : Executing rule vmim_drw_Angle90
2026-04-01 19:00:27 +0200: Memory Usage (468908K) : Executing rule topvia1_drw_Angle90
2026-04-01 19:00:27 +0200: Memory Usage (468908K) : Executing rule topvia2_drw_Angle90
2026-04-01 19:00:27 +0200: Memory Usage (468908K) : Executing rule gatpoly_drw_Angle45
2026-04-01 19:00:27 +0200: Memory Usage (468908K) : Executing rule activ_drw_Angle45
2026-04-01 19:00:27 +0200: Memory Usage (468908K) : Executing rule metal1_drw_Angle45
2026-04-01 19:00:27 +0200: Memory Usage (469036K) : Executing rule metal2_drw_Angle45
2026-04-01 19:00:27 +0200: Memory Usage (469036K) : Executing rule metal3_drw_Angle45
2026-04-01 19:00:27 +0200: Memory Usage (469036K) : Executing rule metal4_drw_Angle45
2026-04-01 19:00:27 +0200: Memory Usage (469036K) : Executing rule metal5_drw_Angle45
2026-04-01 19:00:27 +0200: Memory Usage (469036K) : Executing rule topmetal1_drw_Angle45
2026-04-01 19:00:27 +0200: Memory Usage (469036K) : Executing rule topmetal2_drw_Angle45
2026-04-01 19:00:27 +0200: Memory Usage (469036K) : Starting 3.2. FORBIDDEN table
2026-04-01 19:00:27 +0200: Memory Usage (469036K) : Executing rule forbidden.biwind
2026-04-01 19:00:27 +0200: Memory Usage (469036K) : Executing rule forbidden.pemwind
2026-04-01 19:00:27 +0200: Memory Usage (469036K) : Executing rule forbidden.baspoly
2026-04-01 19:00:27 +0200: Memory Usage (469036K) : Executing rule forbidden.deepco
2026-04-01 19:00:27 +0200: Memory Usage (469036K) : Executing rule forbidden.pempoly
2026-04-01 19:00:27 +0200: Memory Usage (469036K) : Executing rule forbidden.empoly
2026-04-01 19:00:27 +0200: Memory Usage (469036K) : Executing rule forbidden.ldmos
2026-04-01 19:00:27 +0200: Memory Usage (469036K) : Executing rule forbidden.pbiwind
2026-04-01 19:00:27 +0200: Memory Usage (469036K) : Executing rule forbidden.nodrc
2026-04-01 19:00:27 +0200: Memory Usage (469036K) : Executing rule forbidden.flash
2026-04-01 19:00:27 +0200: Memory Usage (469036K) : Executing rule forbidden.colwind
2026-04-01 19:00:27 +0200: Memory Usage (469036K) : KLayout DRC run for tables 'main' completed in 4.87 seconds
