# Logfile created on 2026-04-01 18:45:08 +0200 by logger.rb/v1.4.3
2026-04-01 18:45:08 +0200: Memory Usage (427268K) : Starting running SG13G2 Klayout LVS runset on /home/designer/shared/designs/SSDOR_1.2V_v3/components/logic_controller/logic_controller.gds
2026-04-01 18:45:08 +0200: Memory Usage (427268K) : Ruby Version for klayout: 3.0.2
2026-04-01 18:45:08 +0200: Memory Usage (428164K) : Loading database to memory is complete.
2026-04-01 18:45:08 +0200: Memory Usage (428164K) : SG13G2 Klayout LVS runset output at: /home/designer/shared/designs/SSDOR_1.2V_v3/components/logic_controller/lvs_run_logic_controller_2026_04_01_18_45_06/logic_controller.lvsdb
2026-04-01 18:45:08 +0200: Memory Usage (428164K) : Evaluate switches.
2026-04-01 18:45:08 +0200: Memory Usage (428164K) : Extracted netlist with net names: true
2026-04-01 18:45:08 +0200: Memory Usage (428164K) : Extracted netlist with comments in details: false
2026-04-01 18:45:08 +0200: Memory Usage (428164K) : Selected NET_ONLY option: false
2026-04-01 18:45:08 +0200: Memory Usage (428164K) : Selected LAYOUT_NETLIST option: (none)
2026-04-01 18:45:08 +0200: Memory Usage (428164K) : Selected IGNORE_TOP_PORTS_MISMATCH option: 
2026-04-01 18:45:08 +0200: Memory Usage (428164K) : Selected IMPLICIT_NETS option: (none)
2026-04-01 18:45:08 +0200: Memory Usage (428164K) : Selected TOP_LVL_PINS option: true
2026-04-01 18:45:08 +0200: Memory Usage (428164K) : Selected COMBINE DEVICES option: false
2026-04-01 18:45:08 +0200: Memory Usage (428164K) : Selected PURGE option: false
2026-04-01 18:45:08 +0200: Memory Usage (428164K) : Selected PURGE_NETS option: false
2026-04-01 18:45:08 +0200: Memory Usage (428164K) : Selected SIMPLIFY option: true
2026-04-01 18:45:08 +0200: Memory Usage (428164K) : Selected SERIES_RES option: true
2026-04-01 18:45:08 +0200: Memory Usage (428164K) : Selected PARALLEL_RES option: true
2026-04-01 18:45:08 +0200: Memory Usage (428164K) : deep  mode is enabled.
2026-04-01 18:45:08 +0200: Memory Usage (429188K) : Netlist file: /home/designer/shared/designs/SSDOR_1.2V_v3/components/logic_controller/simulations/logic_controller.spice
2026-04-01 18:45:08 +0200: Memory Usage (429188K) : LVS extracted netlist at: /home/designer/shared/designs/SSDOR_1.2V_v3/components/logic_controller/lvs_run_logic_controller_2026_04_01_18_45_06/logic_controller_extracted.cir
2026-04-01 18:45:08 +0200: Memory Usage (429188K) : Applying SRAM integration support.
2026-04-01 18:45:08 +0200: Memory Usage (429188K) : Starting SG13G2 LVS runset
2026-04-01 18:45:08 +0200: Memory Usage (429188K) : Read in polygons from layers.
2026-04-01 18:45:08 +0200: Memory Usage (429828K) : activ_drw has 10 polygons
2026-04-01 18:45:08 +0200: Memory Usage (429828K) : activ_filler has 0 polygons
2026-04-01 18:45:08 +0200: Memory Usage (429956K) : activ has 10 polygons
2026-04-01 18:45:08 +0200: Memory Usage (429956K) : activ_pin has 0 polygons
2026-04-01 18:45:08 +0200: Memory Usage (429956K) : activ_mask has 0 polygons
2026-04-01 18:45:08 +0200: Memory Usage (429956K) : activ_nofill has 0 polygons
2026-04-01 18:45:08 +0200: Memory Usage (429956K) : activ_OPC has 0 polygons
2026-04-01 18:45:08 +0200: Memory Usage (429956K) : activ_iOPC has 0 polygons
2026-04-01 18:45:08 +0200: Memory Usage (429956K) : activ_noqrc has 0 polygons
2026-04-01 18:45:08 +0200: Memory Usage (429956K) : biwind_drw has 0 polygons
2026-04-01 18:45:08 +0200: Memory Usage (429956K) : biwind_OPC has 0 polygons
2026-04-01 18:45:08 +0200: Memory Usage (430212K) : gatpoly_drw has 10 polygons
2026-04-01 18:45:08 +0200: Memory Usage (430212K) : gatpoly_filler has 0 polygons
2026-04-01 18:45:08 +0200: Memory Usage (430212K) : gatpoly has 10 polygons
2026-04-01 18:45:08 +0200: Memory Usage (430212K) : gatpoly_pin has 0 polygons
2026-04-01 18:45:08 +0200: Memory Usage (430212K) : gatpoly_nofill has 0 polygons
2026-04-01 18:45:08 +0200: Memory Usage (430468K) : gatpoly_OPC has 0 polygons
2026-04-01 18:45:08 +0200: Memory Usage (430468K) : gatpoly_iOPC has 0 polygons
2026-04-01 18:45:08 +0200: Memory Usage (430468K) : gatpoly_noqrc has 0 polygons
2026-04-01 18:45:08 +0200: Memory Usage (430596K) : cont_drw has 174 polygons
2026-04-01 18:45:08 +0200: Memory Usage (430596K) : cont_OPC has 0 polygons
2026-04-01 18:45:08 +0200: Memory Usage (430596K) : nsd_drw has 0 polygons
2026-04-01 18:45:08 +0200: Memory Usage (430596K) : nsd_block has 0 polygons
2026-04-01 18:45:08 +0200: Memory Usage (430596K) : metal1_drw has 21 polygons
2026-04-01 18:45:08 +0200: Memory Usage (430724K) : metal1_filler has 0 polygons
2026-04-01 18:45:08 +0200: Memory Usage (430724K) : metal1_slit has 0 polygons
2026-04-01 18:45:08 +0200: Memory Usage (430852K) : metal1 has 21 polygons
2026-04-01 18:45:08 +0200: Memory Usage (430980K) : metal1_pin has 6 polygons
2026-04-01 18:45:08 +0200: Memory Usage (430980K) : metal1_mask has 0 polygons
2026-04-01 18:45:08 +0200: Memory Usage (431108K) : metal1_nofill has 0 polygons
2026-04-01 18:45:08 +0200: Memory Usage (431236K) : metal1_text has 4 polygons
2026-04-01 18:45:08 +0200: Memory Usage (431364K) : metal1_OPC has 0 polygons
2026-04-01 18:45:08 +0200: Memory Usage (431364K) : metal1_noqrc has 0 polygons
2026-04-01 18:45:08 +0200: Memory Usage (431492K) : metal1_res has 0 polygons
2026-04-01 18:45:08 +0200: Memory Usage (431492K) : metal1_iprobe has 0 polygons
2026-04-01 18:45:08 +0200: Memory Usage (431620K) : metal1_diffprb has 0 polygons
2026-04-01 18:45:08 +0200: Memory Usage (431620K) : passiv_drw has 0 polygons
2026-04-01 18:45:08 +0200: Memory Usage (431620K) : passiv_pin has 0 polygons
2026-04-01 18:45:08 +0200: Memory Usage (431748K) : passiv_sbump has 0 polygons
2026-04-01 18:45:08 +0200: Memory Usage (431748K) : passiv_pillar has 0 polygons
2026-04-01 18:45:08 +0200: Memory Usage (431876K) : passiv_pdl has 0 polygons
2026-04-01 18:45:08 +0200: Memory Usage (431876K) : metal2_drw has 7 polygons
2026-04-01 18:45:08 +0200: Memory Usage (432004K) : metal2_filler has 0 polygons
2026-04-01 18:45:08 +0200: Memory Usage (432004K) : metal2_slit has 0 polygons
2026-04-01 18:45:08 +0200: Memory Usage (432132K) : metal2 has 7 polygons
2026-04-01 18:45:08 +0200: Memory Usage (432260K) : metal2_pin has 3 polygons
2026-04-01 18:45:08 +0200: Memory Usage (432260K) : metal2_mask has 0 polygons
2026-04-01 18:45:08 +0200: Memory Usage (432388K) : metal2_nofill has 0 polygons
2026-04-01 18:45:08 +0200: Memory Usage (432388K) : metal2_text has 3 polygons
2026-04-01 18:45:08 +0200: Memory Usage (432516K) : metal2_OPC has 0 polygons
2026-04-01 18:45:08 +0200: Memory Usage (432516K) : metal2_noqrc has 0 polygons
2026-04-01 18:45:08 +0200: Memory Usage (432644K) : metal2_res has 0 polygons
2026-04-01 18:45:08 +0200: Memory Usage (432644K) : metal2_iprobe has 0 polygons
2026-04-01 18:45:08 +0200: Memory Usage (432772K) : metal2_diffprb has 0 polygons
2026-04-01 18:45:08 +0200: Memory Usage (432772K) : baspoly_drw has 0 polygons
2026-04-01 18:45:08 +0200: Memory Usage (432900K) : baspoly_pin has 0 polygons
2026-04-01 18:45:08 +0200: Memory Usage (432900K) : psd_drw has 5 polygons
2026-04-01 18:45:08 +0200: Memory Usage (433028K) : nldb_drw has 0 polygons
2026-04-01 18:45:08 +0200: Memory Usage (433028K) : digibnd_drw has 0 polygons
2026-04-01 18:45:08 +0200: Memory Usage (433028K) : via1_drw has 8 polygons
2026-04-01 18:45:08 +0200: Memory Usage (433156K) : backmetal1_drw has 0 polygons
2026-04-01 18:45:08 +0200: Memory Usage (433156K) : backmetal1_pin has 0 polygons
2026-04-01 18:45:08 +0200: Memory Usage (433284K) : backmetal1_mask has 0 polygons
2026-04-01 18:45:08 +0200: Memory Usage (433284K) : backmetal1_filler has 0 polygons
2026-04-01 18:45:08 +0200: Memory Usage (433412K) : backmetal1_nofill has 0 polygons
2026-04-01 18:45:08 +0200: Memory Usage (433412K) : backmetal1_slit has 0 polygons
2026-04-01 18:45:08 +0200: Memory Usage (433540K) : backmetal1_text has 0 polygons
2026-04-01 18:45:08 +0200: Memory Usage (433540K) : backmetal1_OPC has 0 polygons
2026-04-01 18:45:08 +0200: Memory Usage (433668K) : backmetal1_noqrc has 0 polygons
2026-04-01 18:45:08 +0200: Memory Usage (433668K) : backmetal1_res has 0 polygons
2026-04-01 18:45:08 +0200: Memory Usage (433796K) : backmetal1_iprobe has 0 polygons
2026-04-01 18:45:08 +0200: Memory Usage (433796K) : backmetal1_diffprb has 0 polygons
2026-04-01 18:45:08 +0200: Memory Usage (433924K) : backpassiv_drw has 0 polygons
2026-04-01 18:45:08 +0200: Memory Usage (434052K) : res_drw has 0 polygons
2026-04-01 18:45:08 +0200: Memory Usage (434052K) : sram_drw has 0 polygons
2026-04-01 18:45:08 +0200: Memory Usage (434180K) : trans_drw has 0 polygons
2026-04-01 18:45:08 +0200: Memory Usage (434180K) : ind_drw has 0 polygons
2026-04-01 18:45:08 +0200: Memory Usage (434308K) : ind_pin has 0 polygons
2026-04-01 18:45:08 +0200: Memory Usage (434308K) : ind_text has 0 polygons
2026-04-01 18:45:08 +0200: Memory Usage (434436K) : salblock_drw has 0 polygons
2026-04-01 18:45:08 +0200: Memory Usage (434436K) : via2_drw has 0 polygons
2026-04-01 18:45:08 +0200: Memory Usage (434436K) : metal3_drw has 0 polygons
2026-04-01 18:45:08 +0200: Memory Usage (434436K) : metal3_filler has 0 polygons
2026-04-01 18:45:08 +0200: Memory Usage (434564K) : metal3_slit has 0 polygons
2026-04-01 18:45:08 +0200: Memory Usage (434692K) : metal3 has 0 polygons
2026-04-01 18:45:08 +0200: Memory Usage (434692K) : metal3_pin has 0 polygons
2026-04-01 18:45:08 +0200: Memory Usage (434820K) : metal3_mask has 0 polygons
2026-04-01 18:45:08 +0200: Memory Usage (434820K) : metal3_nofill has 0 polygons
2026-04-01 18:45:08 +0200: Memory Usage (434948K) : metal3_text has 0 polygons
2026-04-01 18:45:08 +0200: Memory Usage (434948K) : metal3_OPC has 0 polygons
2026-04-01 18:45:08 +0200: Memory Usage (435076K) : metal3_noqrc has 0 polygons
2026-04-01 18:45:08 +0200: Memory Usage (435076K) : metal3_res has 0 polygons
2026-04-01 18:45:08 +0200: Memory Usage (435204K) : metal3_iprobe has 0 polygons
2026-04-01 18:45:08 +0200: Memory Usage (435204K) : metal3_diffprb has 0 polygons
2026-04-01 18:45:08 +0200: Memory Usage (435332K) : nwell_drw has 3 polygons
2026-04-01 18:45:08 +0200: Memory Usage (435332K) : nwell_pin has 1 polygons
2026-04-01 18:45:08 +0200: Memory Usage (435460K) : nwell_text has 0 polygons
2026-04-01 18:45:08 +0200: Memory Usage (435460K) : nbulay_drw has 1 polygons
2026-04-01 18:45:08 +0200: Memory Usage (435588K) : nbulay_pin has 0 polygons
2026-04-01 18:45:08 +0200: Memory Usage (435588K) : nbulay_block has 0 polygons
2026-04-01 18:45:08 +0200: Memory Usage (435716K) : emwind_drw has 0 polygons
2026-04-01 18:45:08 +0200: Memory Usage (435844K) : emwind_OPC has 0 polygons
2026-04-01 18:45:08 +0200: Memory Usage (435844K) : deepco_drw has 0 polygons
2026-04-01 18:45:08 +0200: Memory Usage (435844K) : mim_drw has 0 polygons
2026-04-01 18:45:08 +0200: Memory Usage (435972K) : edgeseal_drw has 0 polygons
2026-04-01 18:45:08 +0200: Memory Usage (435972K) : substrate_drw has 0 polygons
2026-04-01 18:45:08 +0200: Memory Usage (436100K) : substrate_text has 0 polygons
2026-04-01 18:45:08 +0200: Memory Usage (436100K) : dfpad_drw has 0 polygons
2026-04-01 18:45:08 +0200: Memory Usage (436228K) : dfpad_pillar has 0 polygons
2026-04-01 18:45:08 +0200: Memory Usage (436228K) : dfpad_sbump has 0 polygons
2026-04-01 18:45:08 +0200: Memory Usage (436356K) : thickgateox_drw has 0 polygons
2026-04-01 18:45:08 +0200: Memory Usage (436356K) : pldb_drw has 0 polygons
2026-04-01 18:45:08 +0200: Memory Usage (436484K) : pwell_drw has 0 polygons
2026-04-01 18:45:08 +0200: Memory Usage (436484K) : pwell_pin has 0 polygons
2026-04-01 18:45:08 +0200: Memory Usage (436612K) : pwell_block has 0 polygons
2026-04-01 18:45:08 +0200: Memory Usage (436612K) : ic_drw has 0 polygons
2026-04-01 18:45:08 +0200: Memory Usage (436740K) : via3_drw has 0 polygons
2026-04-01 18:45:08 +0200: Memory Usage (436740K) : metal4_drw has 0 polygons
2026-04-01 18:45:08 +0200: Memory Usage (436868K) : metal4_filler has 0 polygons
2026-04-01 18:45:08 +0200: Memory Usage (436868K) : metal4_slit has 0 polygons
2026-04-01 18:45:08 +0200: Memory Usage (436996K) : metal4 has 0 polygons
2026-04-01 18:45:08 +0200: Memory Usage (437124K) : metal4_pin has 0 polygons
2026-04-01 18:45:08 +0200: Memory Usage (437124K) : metal4_mask has 0 polygons
2026-04-01 18:45:08 +0200: Memory Usage (437252K) : metal4_nofill has 0 polygons
2026-04-01 18:45:08 +0200: Memory Usage (437252K) : metal4_text has 0 polygons
2026-04-01 18:45:08 +0200: Memory Usage (437380K) : metal4_OPC has 0 polygons
2026-04-01 18:45:08 +0200: Memory Usage (437380K) : metal4_noqrc has 0 polygons
2026-04-01 18:45:08 +0200: Memory Usage (437380K) : metal4_res has 0 polygons
2026-04-01 18:45:08 +0200: Memory Usage (437508K) : metal4_iprobe has 0 polygons
2026-04-01 18:45:08 +0200: Memory Usage (437508K) : metal4_diffprb has 0 polygons
2026-04-01 18:45:08 +0200: Memory Usage (437636K) : heattrans_drw has 0 polygons
2026-04-01 18:45:08 +0200: Memory Usage (437636K) : heatres_drw has 0 polygons
2026-04-01 18:45:08 +0200: Memory Usage (437764K) : fbe_drw has 0 polygons
2026-04-01 18:45:08 +0200: Memory Usage (437764K) : empoly_drw has 0 polygons
2026-04-01 18:45:08 +0200: Memory Usage (437892K) : digisub_drw has 0 polygons
2026-04-01 18:45:08 +0200: Memory Usage (437892K) : text_drw has 1 polygons
2026-04-01 18:45:08 +0200: Memory Usage (438020K) : via4_drw has 0 polygons
2026-04-01 18:45:08 +0200: Memory Usage (438020K) : metal5_drw has 0 polygons
2026-04-01 18:45:08 +0200: Memory Usage (438148K) : metal5_filler has 0 polygons
2026-04-01 18:45:08 +0200: Memory Usage (438148K) : metal5_slit has 0 polygons
2026-04-01 18:45:08 +0200: Memory Usage (438276K) : metal5 has 0 polygons
2026-04-01 18:45:08 +0200: Memory Usage (438404K) : metal5_pin has 0 polygons
2026-04-01 18:45:08 +0200: Memory Usage (438404K) : metal5_mask has 0 polygons
2026-04-01 18:45:08 +0200: Memory Usage (438532K) : metal5_nofill has 0 polygons
2026-04-01 18:45:08 +0200: Memory Usage (438532K) : metal5_text has 0 polygons
2026-04-01 18:45:08 +0200: Memory Usage (438660K) : metal5_OPC has 0 polygons
2026-04-01 18:45:08 +0200: Memory Usage (438660K) : metal5_noqrc has 0 polygons
2026-04-01 18:45:08 +0200: Memory Usage (438788K) : metal5_res has 0 polygons
2026-04-01 18:45:08 +0200: Memory Usage (438788K) : metal5_iprobe has 0 polygons
2026-04-01 18:45:08 +0200: Memory Usage (438916K) : metal5_diffprb has 0 polygons
2026-04-01 18:45:08 +0200: Memory Usage (438916K) : radhard_drw has 0 polygons
2026-04-01 18:45:09 +0200: Memory Usage (439044K) : memcap_drw has 0 polygons
2026-04-01 18:45:09 +0200: Memory Usage (439044K) : varicap_drw has 0 polygons
2026-04-01 18:45:09 +0200: Memory Usage (439044K) : intbondvia_drw has 0 polygons
2026-04-01 18:45:09 +0200: Memory Usage (439172K) : intbondmet_drw has 0 polygons
2026-04-01 18:45:09 +0200: Memory Usage (439172K) : devbondvia_drw has 0 polygons
2026-04-01 18:45:09 +0200: Memory Usage (439300K) : devbondmet_drw has 0 polygons
2026-04-01 18:45:09 +0200: Memory Usage (439300K) : devtrench_drw has 0 polygons
2026-04-01 18:45:09 +0200: Memory Usage (439428K) : redist_drw has 0 polygons
2026-04-01 18:45:09 +0200: Memory Usage (439428K) : graphbot_drw has 0 polygons
2026-04-01 18:45:09 +0200: Memory Usage (439556K) : graphtop_drw has 0 polygons
2026-04-01 18:45:09 +0200: Memory Usage (439556K) : antvia1_drw has 0 polygons
2026-04-01 18:45:09 +0200: Memory Usage (439684K) : antmetal2_drw has 0 polygons
2026-04-01 18:45:09 +0200: Memory Usage (439684K) : graphcont_drw has 0 polygons
2026-04-01 18:45:09 +0200: Memory Usage (439812K) : siwg_drw has 0 polygons
2026-04-01 18:45:09 +0200: Memory Usage (439812K) : siwg_filler has 0 polygons
2026-04-01 18:45:09 +0200: Memory Usage (439940K) : siwg_nofill has 0 polygons
2026-04-01 18:45:09 +0200: Memory Usage (439940K) : sigrating_drw has 0 polygons
2026-04-01 18:45:09 +0200: Memory Usage (440068K) : singrating_drw has 0 polygons
2026-04-01 18:45:09 +0200: Memory Usage (440068K) : graphpas_drw has 0 polygons
2026-04-01 18:45:09 +0200: Memory Usage (440196K) : emwind3_drw has 0 polygons
2026-04-01 18:45:09 +0200: Memory Usage (440196K) : emwihv3_drw has 0 polygons
2026-04-01 18:45:09 +0200: Memory Usage (440324K) : redbulay_drw has 0 polygons
2026-04-01 18:45:09 +0200: Memory Usage (440324K) : smos_drw has 0 polygons
2026-04-01 18:45:09 +0200: Memory Usage (440452K) : graphpad_drw has 0 polygons
2026-04-01 18:45:09 +0200: Memory Usage (440452K) : polimide_drw has 0 polygons
2026-04-01 18:45:09 +0200: Memory Usage (440580K) : polimide_pin has 0 polygons
2026-04-01 18:45:09 +0200: Memory Usage (440580K) : recog_drw has 0 polygons
2026-04-01 18:45:09 +0200: Memory Usage (440708K) : recog_pin has 0 polygons
2026-04-01 18:45:09 +0200: Memory Usage (440836K) : recog_esd has 0 polygons
2026-04-01 18:45:09 +0200: Memory Usage (440836K) : recog_diode has 0 polygons
2026-04-01 18:45:09 +0200: Memory Usage (440964K) : recog_tsv has 0 polygons
2026-04-01 18:45:09 +0200: Memory Usage (440964K) : recog_iprobe has 0 polygons
2026-04-01 18:45:09 +0200: Memory Usage (441092K) : recog_diffprb has 0 polygons
2026-04-01 18:45:09 +0200: Memory Usage (441092K) : recog_pillar has 0 polygons
2026-04-01 18:45:09 +0200: Memory Usage (441220K) : recog_sbump has 0 polygons
2026-04-01 18:45:09 +0200: Memory Usage (441220K) : recog_otp has 0 polygons
2026-04-01 18:45:09 +0200: Memory Usage (441220K) : recog_pdiode has 0 polygons
2026-04-01 18:45:09 +0200: Memory Usage (441348K) : recog_mom has 0 polygons
2026-04-01 18:45:09 +0200: Memory Usage (441348K) : recog_pcm has 0 polygons
2026-04-01 18:45:09 +0200: Memory Usage (441476K) : colopen_drw has 0 polygons
2026-04-01 18:45:09 +0200: Memory Usage (441476K) : graphmetal1_drw has 0 polygons
2026-04-01 18:45:09 +0200: Memory Usage (441604K) : graphmetal1_filler has 0 polygons
2026-04-01 18:45:09 +0200: Memory Usage (441604K) : graphmetal1_nofill has 0 polygons
2026-04-01 18:45:09 +0200: Memory Usage (441732K) : graphmetal1_slit has 0 polygons
2026-04-01 18:45:09 +0200: Memory Usage (441732K) : graphmetal1_OPC has 0 polygons
2026-04-01 18:45:09 +0200: Memory Usage (441860K) : graphmet1l_drw has 0 polygons
2026-04-01 18:45:09 +0200: Memory Usage (441860K) : graphmet1l_filler has 0 polygons
2026-04-01 18:45:09 +0200: Memory Usage (441988K) : graphmet1l_nofill has 0 polygons
2026-04-01 18:45:09 +0200: Memory Usage (441988K) : graphmet1l_slit has 0 polygons
2026-04-01 18:45:09 +0200: Memory Usage (442116K) : graphmet1l_OPC has 0 polygons
2026-04-01 18:45:09 +0200: Memory Usage (442116K) : extblock_drw has 0 polygons
2026-04-01 18:45:09 +0200: Memory Usage (442244K) : nldd_drw has 0 polygons
2026-04-01 18:45:09 +0200: Memory Usage (442244K) : pldd_drw has 0 polygons
2026-04-01 18:45:09 +0200: Memory Usage (442372K) : next_drw has 0 polygons
2026-04-01 18:45:09 +0200: Memory Usage (442372K) : pext_drw has 0 polygons
2026-04-01 18:45:09 +0200: Memory Usage (442500K) : nexthv_drw has 0 polygons
2026-04-01 18:45:09 +0200: Memory Usage (442500K) : pexthv_drw has 0 polygons
2026-04-01 18:45:09 +0200: Memory Usage (442628K) : graphgate_drw has 0 polygons
2026-04-01 18:45:09 +0200: Memory Usage (442628K) : sinwg_drw has 0 polygons
2026-04-01 18:45:09 +0200: Memory Usage (442756K) : sinwg_filler has 0 polygons
2026-04-01 18:45:09 +0200: Memory Usage (442756K) : sinwg_nofill has 0 polygons
2026-04-01 18:45:09 +0200: Memory Usage (442884K) : mempad_drw has 0 polygons
2026-04-01 18:45:09 +0200: Memory Usage (442884K) : topvia1_drw has 0 polygons
2026-04-01 18:45:09 +0200: Memory Usage (443012K) : topmetal1_drw has 0 polygons
2026-04-01 18:45:09 +0200: Memory Usage (443012K) : topmetal1_filler has 0 polygons
2026-04-01 18:45:09 +0200: Memory Usage (443140K) : topmetal1_slit has 0 polygons
2026-04-01 18:45:09 +0200: Memory Usage (443268K) : topmetal1 has 0 polygons
2026-04-01 18:45:09 +0200: Memory Usage (443268K) : topmetal1_pin has 0 polygons
2026-04-01 18:45:09 +0200: Memory Usage (443396K) : topmetal1_mask has 0 polygons
2026-04-01 18:45:09 +0200: Memory Usage (443396K) : topmetal1_nofill has 0 polygons
2026-04-01 18:45:09 +0200: Memory Usage (443524K) : topmetal1_text has 0 polygons
2026-04-01 18:45:09 +0200: Memory Usage (443524K) : topmetal1_noqrc has 0 polygons
2026-04-01 18:45:09 +0200: Memory Usage (443652K) : topmetal1_res has 0 polygons
2026-04-01 18:45:09 +0200: Memory Usage (443652K) : topmetal1_iprobe has 0 polygons
2026-04-01 18:45:09 +0200: Memory Usage (443780K) : topmetal1_diffprb has 0 polygons
2026-04-01 18:45:09 +0200: Memory Usage (443780K) : inldpwl_drw has 0 polygons
2026-04-01 18:45:09 +0200: Memory Usage (443908K) : polyres_drw has 0 polygons
2026-04-01 18:45:09 +0200: Memory Usage (443908K) : polyres_pin has 0 polygons
2026-04-01 18:45:09 +0200: Memory Usage (444036K) : vmim_drw has 0 polygons
2026-04-01 18:45:09 +0200: Memory Usage (444036K) : nbulaycut_drw has 0 polygons
2026-04-01 18:45:09 +0200: Memory Usage (444164K) : antmetal1_drw has 0 polygons
2026-04-01 18:45:09 +0200: Memory Usage (444164K) : topvia2_drw has 0 polygons
2026-04-01 18:45:09 +0200: Memory Usage (444292K) : topmetal2_drw has 0 polygons
2026-04-01 18:45:09 +0200: Memory Usage (444292K) : topmetal2_filler has 0 polygons
2026-04-01 18:45:09 +0200: Memory Usage (444420K) : topmetal2_slit has 0 polygons
2026-04-01 18:45:09 +0200: Memory Usage (444548K) : topmetal2 has 0 polygons
2026-04-01 18:45:09 +0200: Memory Usage (444548K) : topmetal2_pin has 0 polygons
2026-04-01 18:45:09 +0200: Memory Usage (444676K) : topmetal2_mask has 0 polygons
2026-04-01 18:45:09 +0200: Memory Usage (444676K) : topmetal2_nofill has 0 polygons
2026-04-01 18:45:09 +0200: Memory Usage (444804K) : topmetal2_text has 0 polygons
2026-04-01 18:45:09 +0200: Memory Usage (444804K) : topmetal2_noqrc has 0 polygons
2026-04-01 18:45:09 +0200: Memory Usage (444804K) : topmetal2_res has 0 polygons
2026-04-01 18:45:09 +0200: Memory Usage (444804K) : topmetal2_iprobe has 0 polygons
2026-04-01 18:45:09 +0200: Memory Usage (444804K) : topmetal2_diffprb has 0 polygons
2026-04-01 18:45:09 +0200: Memory Usage (444804K) : snsring_drw has 0 polygons
2026-04-01 18:45:09 +0200: Memory Usage (444932K) : sensor_drw has 0 polygons
2026-04-01 18:45:09 +0200: Memory Usage (444932K) : snsarms_drw has 0 polygons
2026-04-01 18:45:09 +0200: Memory Usage (445060K) : snscmosvia_drw has 0 polygons
2026-04-01 18:45:09 +0200: Memory Usage (445060K) : colwind_drw has 0 polygons
2026-04-01 18:45:09 +0200: Memory Usage (445188K) : flm_drw has 0 polygons
2026-04-01 18:45:09 +0200: Memory Usage (445316K) : hafniumox_drw has 0 polygons
2026-04-01 18:45:09 +0200: Memory Usage (445316K) : memvia_drw has 0 polygons
2026-04-01 18:45:09 +0200: Memory Usage (445444K) : thinfilmres_drw has 0 polygons
2026-04-01 18:45:09 +0200: Memory Usage (445444K) : rfmem_drw has 0 polygons
2026-04-01 18:45:09 +0200: Memory Usage (445572K) : norcx_drw has 0 polygons
2026-04-01 18:45:09 +0200: Memory Usage (445572K) : norcx_m2m3 has 0 polygons
2026-04-01 18:45:09 +0200: Memory Usage (445700K) : norcx_m2m4 has 0 polygons
2026-04-01 18:45:09 +0200: Memory Usage (445700K) : norcx_m2m5 has 0 polygons
2026-04-01 18:45:09 +0200: Memory Usage (445828K) : norcx_m2tm1 has 0 polygons
2026-04-01 18:45:09 +0200: Memory Usage (445828K) : norcx_m2tm2 has 0 polygons
2026-04-01 18:45:09 +0200: Memory Usage (445956K) : norcx_m3m4 has 0 polygons
2026-04-01 18:45:09 +0200: Memory Usage (445956K) : norcx_m3m5 has 0 polygons
2026-04-01 18:45:09 +0200: Memory Usage (445956K) : norcx_m3tm1 has 0 polygons
2026-04-01 18:45:09 +0200: Memory Usage (446084K) : norcx_m3tm2 has 0 polygons
2026-04-01 18:45:09 +0200: Memory Usage (446084K) : norcx_m4m5 has 0 polygons
2026-04-01 18:45:09 +0200: Memory Usage (446084K) : norcx_m4tm1 has 0 polygons
2026-04-01 18:45:09 +0200: Memory Usage (446212K) : norcx_m4tm2 has 0 polygons
2026-04-01 18:45:09 +0200: Memory Usage (446212K) : norcx_m5tm1 has 0 polygons
2026-04-01 18:45:09 +0200: Memory Usage (446340K) : norcx_m5tm2 has 0 polygons
2026-04-01 18:45:09 +0200: Memory Usage (446340K) : norcx_tm1tm2 has 0 polygons
2026-04-01 18:45:09 +0200: Memory Usage (446468K) : norcx_m1sub has 0 polygons
2026-04-01 18:45:09 +0200: Memory Usage (446468K) : norcx_m2sub has 0 polygons
2026-04-01 18:45:09 +0200: Memory Usage (446468K) : norcx_m3sub has 0 polygons
2026-04-01 18:45:09 +0200: Memory Usage (446468K) : norcx_m4sub has 0 polygons
2026-04-01 18:45:09 +0200: Memory Usage (446468K) : norcx_m5sub has 0 polygons
2026-04-01 18:45:09 +0200: Memory Usage (446468K) : norcx_tm1sub has 0 polygons
2026-04-01 18:45:09 +0200: Memory Usage (446468K) : norcx_tm2sub has 0 polygons
2026-04-01 18:45:09 +0200: Memory Usage (446468K) : snsbotvia_drw has 0 polygons
2026-04-01 18:45:09 +0200: Memory Usage (446468K) : snstopvia_drw has 0 polygons
2026-04-01 18:45:09 +0200: Memory Usage (446468K) : deepvia_drw has 0 polygons
2026-04-01 18:45:09 +0200: Memory Usage (446468K) : fgetch_drw has 0 polygons
2026-04-01 18:45:09 +0200: Memory Usage (446468K) : ctrgat_drw has 0 polygons
2026-04-01 18:45:09 +0200: Memory Usage (446468K) : fgimp_drw has 0 polygons
2026-04-01 18:45:09 +0200: Memory Usage (446468K) : emwihv_drw has 0 polygons
2026-04-01 18:45:09 +0200: Memory Usage (446468K) : lbe_drw has 0 polygons
2026-04-01 18:45:09 +0200: Memory Usage (446468K) : alcustop_drw has 0 polygons
2026-04-01 18:45:09 +0200: Memory Usage (446468K) : nometfiller_drw has 0 polygons
2026-04-01 18:45:09 +0200: Memory Usage (446468K) : prboundary_drw has 0 polygons
2026-04-01 18:45:09 +0200: Memory Usage (446468K) : exchange0_drw has 0 polygons
2026-04-01 18:45:09 +0200: Memory Usage (446468K) : exchange0_pin has 0 polygons
2026-04-01 18:45:09 +0200: Memory Usage (446468K) : exchange0_text has 0 polygons
2026-04-01 18:45:09 +0200: Memory Usage (446468K) : exchange1_drw has 0 polygons
2026-04-01 18:45:09 +0200: Memory Usage (446468K) : exchange1_pin has 0 polygons
2026-04-01 18:45:09 +0200: Memory Usage (446468K) : exchange1_text has 0 polygons
2026-04-01 18:45:09 +0200: Memory Usage (446468K) : exchange2_drw has 0 polygons
2026-04-01 18:45:09 +0200: Memory Usage (446468K) : exchange2_pin has 0 polygons
2026-04-01 18:45:09 +0200: Memory Usage (446468K) : exchange2_text has 0 polygons
2026-04-01 18:45:09 +0200: Memory Usage (446468K) : exchange3_drw has 0 polygons
2026-04-01 18:45:09 +0200: Memory Usage (446468K) : exchange3_pin has 0 polygons
2026-04-01 18:45:09 +0200: Memory Usage (446468K) : exchange3_text has 0 polygons
2026-04-01 18:45:09 +0200: Memory Usage (446468K) : exchange4_drw has 0 polygons
2026-04-01 18:45:09 +0200: Memory Usage (446468K) : exchange4_pin has 0 polygons
2026-04-01 18:45:09 +0200: Memory Usage (446468K) : exchange4_text has 0 polygons
2026-04-01 18:45:09 +0200: Memory Usage (446468K) : isonwell_drw has 0 polygons
2026-04-01 18:45:09 +0200: Memory Usage (446468K) : Total no. of polygons in the design is 257
2026-04-01 18:45:09 +0200: Memory Usage (446468K) : Starting base layers derivations
2026-04-01 18:45:09 +0200: Memory Usage (446468K) : Starting general LVS derivations
2026-04-01 18:45:09 +0200: Memory Usage (450308K) : Starting MOSFET DERIVATIONS
2026-04-01 18:45:09 +0200: Memory Usage (450308K) : Starting NMOS DERIVATIONS
2026-04-01 18:45:09 +0200: Memory Usage (450308K) : Starting PMOS DERIVATIONS
2026-04-01 18:45:09 +0200: Memory Usage (450308K) : Starting RF-MOSFET DERIVATIONS
2026-04-01 18:45:09 +0200: Memory Usage (450308K) : Starting RF-NMOS DERIVATIONS
2026-04-01 18:45:09 +0200: Memory Usage (450308K) : Starting RF-PMOS DERIVATIONS
2026-04-01 18:45:09 +0200: Memory Usage (450308K) : Starting BJT DERIVATIONS
2026-04-01 18:45:09 +0200: Memory Usage (450308K) : Starting NPN-BJT DERIVATIONS
2026-04-01 18:45:09 +0200: Memory Usage (448788K) : Starting PNP-BJT DERIVATIONS
2026-04-01 18:45:09 +0200: Memory Usage (448788K) : Starting DIODE DERIVATIONS
2026-04-01 18:45:09 +0200: Memory Usage (451732K) : Starting RESISTOR DERIVATIONS
2026-04-01 18:45:09 +0200: Memory Usage (455060K) : Starting CAP DERIVATIONS
2026-04-01 18:45:09 +0200: Memory Usage (458132K) : Starting ESD DERIVATIONS
2026-04-01 18:45:09 +0200: Memory Usage (448908K) : Starting Inductor DERIVATIONS
2026-04-01 18:45:09 +0200: Memory Usage (448908K) : Starting Taps DERIVATIONS
2026-04-01 18:45:09 +0200: Memory Usage (448908K) : Starting SG13G2 LVS connectivity setup
2026-04-01 18:45:09 +0200: Memory Usage (448908K) : Starting SG13G2 LVS connectivity setup (Inter-layer)
2026-04-01 18:45:09 +0200: Memory Usage (449036K) : Starting SG13G2 LVS connectivity setup (Global)
2026-04-01 18:45:09 +0200: Memory Usage (449036K) : Starting LVS MOSFET CONNECTIONS
2026-04-01 18:45:09 +0200: Memory Usage (449036K) : Starting LVS RF-MOSFET CONNECTIONS
2026-04-01 18:45:09 +0200: Memory Usage (449036K) : Starting LVS BJT CONNECTIONS
2026-04-01 18:45:09 +0200: Memory Usage (449036K) : Starting LVS DIODE CONNECTIONS
2026-04-01 18:45:09 +0200: Memory Usage (449036K) : Starting RESISTOR CONNECTIONS
2026-04-01 18:45:09 +0200: Memory Usage (449036K) : Starting LVS CAP CONNECTIONS
2026-04-01 18:45:09 +0200: Memory Usage (449036K) : Starting ESD CONNECTIONS
2026-04-01 18:45:09 +0200: Memory Usage (449036K) : Starting Inductor CONNECTIONS
2026-04-01 18:45:09 +0200: Memory Usage (449036K) : Starting LVS Taps CONNECTIONS
2026-04-01 18:45:09 +0200: Memory Usage (449036K) : Starting SG13G2 LVS DEVICES EXTRACTION
2026-04-01 18:45:09 +0200: Memory Usage (449036K) : Starting MOSFET EXTRACTION
2026-04-01 18:45:09 +0200: Memory Usage (449036K) : Starting NMOS EXTRACTION
2026-04-01 18:45:09 +0200: Memory Usage (449036K) : Extraction of NMOS-LV transistor
2026-04-01 18:45:09 +0200: Memory Usage (449420K) : Extraction of NMOS-HV transistor
2026-04-01 18:45:09 +0200: Memory Usage (449420K) : Starting PMOS EXTRACTION
2026-04-01 18:45:09 +0200: Memory Usage (449420K) : Extraction of PMOS-LV transistor
2026-04-01 18:45:09 +0200: Memory Usage (449420K) : Extraction of PMOS-HV transistor
2026-04-01 18:45:09 +0200: Memory Usage (449420K) : Starting RF-MOSFET EXTRACTION
2026-04-01 18:45:09 +0200: Memory Usage (449420K) : Extraction of RF-NMOS-LV transistor
2026-04-01 18:45:09 +0200: Memory Usage (449420K) : Extraction of RF-NMOS-HV transistor
2026-04-01 18:45:09 +0200: Memory Usage (449420K) : Extraction of RF-PMOS-LV transistor
2026-04-01 18:45:09 +0200: Memory Usage (449420K) : Extraction of RF-PMOS-HV transistor
2026-04-01 18:45:09 +0200: Memory Usage (449420K) : Starting BJT EXTRACTION
2026-04-01 18:45:09 +0200: Memory Usage (449420K) : Starting NPN-BJT EXTRACTION
2026-04-01 18:45:09 +0200: Memory Usage (449420K) : Extraction of npn13G2 BJT transistor
2026-04-01 18:45:09 +0200: Memory Usage (449420K) : Extraction of npn13G2L BJT transistor
2026-04-01 18:45:09 +0200: Memory Usage (449420K) : Extraction of npn13G2V BJT transistor
2026-04-01 18:45:09 +0200: Memory Usage (449420K) : Starting PNP-BJT EXTRACTION
2026-04-01 18:45:09 +0200: Memory Usage (449420K) : Extracting pnpMPA BJT
2026-04-01 18:45:09 +0200: Memory Usage (449420K) : Starting DIODE EXTRACTION
2026-04-01 18:45:09 +0200: Memory Usage (449420K) : Extracting dantenna diode
2026-04-01 18:45:09 +0200: Memory Usage (449420K) : Extracting dpantenna diode
2026-04-01 18:45:09 +0200: Memory Usage (449420K) : Extracting schottky_nbl1 diode
2026-04-01 18:45:09 +0200: Memory Usage (449420K) : Extracting isolbox diode
2026-04-01 18:45:09 +0200: Memory Usage (449420K) : Starting RESISTOR EXTRACTION
2026-04-01 18:45:09 +0200: Memory Usage (449420K) : Extracting rsil resistor
2026-04-01 18:45:09 +0200: Memory Usage (449420K) : Extracting rppd resistor
2026-04-01 18:45:09 +0200: Memory Usage (449420K) : Extracting rhigh resistor
2026-04-01 18:45:09 +0200: Memory Usage (449420K) : Extracting res_metal1 resistor
2026-04-01 18:45:09 +0200: Memory Usage (449548K) : Extracting res_metal2 resistor
2026-04-01 18:45:09 +0200: Memory Usage (449548K) : Extracting res_metal3 resistor
2026-04-01 18:45:09 +0200: Memory Usage (449548K) : Extracting res_metal4 resistor
2026-04-01 18:45:09 +0200: Memory Usage (449548K) : Extracting res_metal5 resistor
2026-04-01 18:45:09 +0200: Memory Usage (449548K) : Extracting res_topmetal1 resistor
2026-04-01 18:45:09 +0200: Memory Usage (449548K) : Extracting res_topmetal2 resistor
2026-04-01 18:45:09 +0200: Memory Usage (449548K) : Starting CAP EXTRACTION
2026-04-01 18:45:09 +0200: Memory Usage (449548K) : Extracting cap_cmim device
2026-04-01 18:45:09 +0200: Memory Usage (449548K) : Extracting rfcmim device
2026-04-01 18:45:09 +0200: Memory Usage (449548K) : Extracting sg13_hv_svaricap varactor
2026-04-01 18:45:09 +0200: Memory Usage (449548K) : Starting ESD EXTRACTION
2026-04-01 18:45:09 +0200: Memory Usage (449548K) : Extracting diodevdd_2kv ESD device
2026-04-01 18:45:09 +0200: Memory Usage (449548K) : Extracting diodevdd_4kv ESD device
2026-04-01 18:45:09 +0200: Memory Usage (449548K) : Extracting diodevss_2kv ESD device
2026-04-01 18:45:09 +0200: Memory Usage (449548K) : Extracting diodevss_4kv ESD device
2026-04-01 18:45:09 +0200: Memory Usage (449548K) : Extracting idiodevdd_2kv ESD device
2026-04-01 18:45:09 +0200: Memory Usage (449548K) : Extracting idiodevdd_4kv ESD device
2026-04-01 18:45:09 +0200: Memory Usage (449548K) : Extracting idiodevss_2kv ESD device
2026-04-01 18:45:09 +0200: Memory Usage (449548K) : Extracting idiodevss_4kv ESD device
2026-04-01 18:45:09 +0200: Memory Usage (449548K) : Extracting nmoscl_2 ESD device
2026-04-01 18:45:09 +0200: Memory Usage (449548K) : Extracting nmoscl_4 ESD device
2026-04-01 18:45:09 +0200: Memory Usage (449548K) : Starting Inductor EXTRACTION
2026-04-01 18:45:09 +0200: Memory Usage (449548K) : Extracting Inductor2 device
2026-04-01 18:45:09 +0200: Memory Usage (449548K) : Extracting Inductor3 device
2026-04-01 18:45:09 +0200: Memory Usage (449548K) : Starting Taps EXTRACTION
2026-04-01 18:45:09 +0200: Memory Usage (449548K) : Extracting ntap1 device
2026-04-01 18:45:09 +0200: Memory Usage (449548K) : Extracting ptap1 device
2026-04-01 18:45:09 +0200: Memory Usage (449548K) : Starting SG13G2 LVS RF MOS Model Mapping
2026-04-01 18:45:09 +0200: Memory Usage (449676K) : [layout_netlist] Apply RF MOS model mapping and rfmode parameter.
2026-04-01 18:45:09 +0200: Memory Usage (449676K) : Starting SG13G2 LVS Options Preparations
2026-04-01 18:45:09 +0200: Memory Usage (449676K) : SG13G2 LVS flow: extraction -> alignment -> option preparation -> comparison.
2026-04-01 18:45:09 +0200: Memory Usage (449676K) : Starting SG13G2 LVS Alignment
2026-04-01 18:45:09 +0200: Memory Usage (449804K) : Starting SG13G2 LVS Simplification
2026-04-01 18:45:09 +0200: Memory Usage (449804K) : [layout_netlist] simplify: ENABLED
2026-04-01 18:45:09 +0200: Memory Usage (449804K) : [layout_netlist] make_top_level_pins: ENABLED
2026-04-01 18:45:09 +0200: Memory Usage (449804K) : [layout_netlist] combine_devices: SKIPPED
2026-04-01 18:45:09 +0200: Memory Usage (449804K) : [layout_netlist] purge: SKIPPED
2026-04-01 18:45:09 +0200: Memory Usage (449804K) : [layout_netlist] purge_nets: SKIPPED
2026-04-01 18:45:09 +0200: Memory Usage (449804K) : [schematic_netlist] simplify: ENABLED
2026-04-01 18:45:09 +0200: Memory Usage (449804K) : [schematic_netlist] make_top_level_pins: ENABLED
2026-04-01 18:45:09 +0200: Memory Usage (449804K) : [schematic_netlist] combine_devices: SKIPPED
2026-04-01 18:45:09 +0200: Memory Usage (449804K) : [schematic_netlist] purge: SKIPPED
2026-04-01 18:45:09 +0200: Memory Usage (449804K) : [schematic_netlist] purge_nets: SKIPPED
2026-04-01 18:45:09 +0200: Memory Usage (449804K) : Starting SG13G2 LVS Comparison in strict port mode.
2026-04-01 18:45:09 +0200: Memory Usage (449804K) : flag_missing_ports enabled: missing/mislabeled top-level ports are treated as errors.
2026-04-01 18:45:09 +0200: Memory Usage (449932K) : ==========================================
2026-04-01 18:45:09 +0200: Memory Usage (449932K) : INFO : Congratulations! Netlists match.
2026-04-01 18:45:09 +0200: Memory Usage (449932K) : ==========================================
2026-04-01 18:45:09 +0200: Memory Usage (449932K) : LVS Total Run time 1.204891 seconds
