# Logfile created on 2026-03-11 03:00:58 +0100 by logger.rb/v1.4.3
2026-03-11 03:00:58 +0100: Memory Usage (430680K) : Starting running IHP-SG13G2 KLayout DRC runset on /home/designer/shared/designs/SSDOR_1.2V_v2-1/components/logic_shift_down_v1/logic_shift_down_v1.gds
2026-03-11 03:00:58 +0100: Memory Usage (430680K) : Ruby Version for klayout: 3.0.2
2026-03-11 03:00:58 +0100: Memory Usage (431704K) : Loading database to memory is complete.
2026-03-11 03:00:58 +0100: Memory Usage (431704K) : IHP-SG13G2 KLayout DRC runset output at: /home/designer/shared/designs/SSDOR_1.2V_v2-1/components/logic_shift_down_v1/drc_run_logic_shift_down_v1/logic_shift_down_v1_logic_shift_down_v1_main.lyrdb
2026-03-11 03:00:58 +0100: Memory Usage (431704K) : Evaluate switches.
2026-03-11 03:00:58 +0100: Memory Usage (431704K) : tables selected: main
2026-03-11 03:00:58 +0100: Memory Usage (431704K) : KLayout will use 1 thread(s) in tiling mode.
2026-03-11 03:00:58 +0100: Memory Usage (431704K) : deep mode is enabled.
2026-03-11 03:00:58 +0100: Memory Usage (431704K) : FEOL enabled: true
2026-03-11 03:00:58 +0100: Memory Usage (431704K) : BEOL enabled: true
2026-03-11 03:00:58 +0100: Memory Usage (431704K) : OFFGRID enabled: true
2026-03-11 03:00:58 +0100: Memory Usage (431704K) : PIN enabled: true
2026-03-11 03:00:58 +0100: Memory Usage (431704K) : FORBIDDEN enabled: true
2026-03-11 03:00:58 +0100: Memory Usage (431704K) : RECOMMENDED enabled: true
2026-03-11 03:00:58 +0100: Memory Usage (431704K) : PreCheck DRC enabled: false
2026-03-11 03:00:58 +0100: Memory Usage (431704K) : CONNECTIVITY_RULES enabled: true.
2026-03-11 03:00:58 +0100: Memory Usage (431704K) : Read in polygons from layers.
2026-03-11 03:00:58 +0100: Memory Usage (432600K) : activ_drw has 16 polygons
2026-03-11 03:00:58 +0100: Memory Usage (432600K) : activ_pin has 0 polygons
2026-03-11 03:00:58 +0100: Memory Usage (432600K) : activ_mask has 0 polygons
2026-03-11 03:00:58 +0100: Memory Usage (432600K) : activ_filler has 0 polygons
2026-03-11 03:00:58 +0100: Memory Usage (432600K) : activ_nofill has 0 polygons
2026-03-11 03:00:58 +0100: Memory Usage (432600K) : activ_opc has 0 polygons
2026-03-11 03:00:58 +0100: Memory Usage (432600K) : activ_iopc has 0 polygons
2026-03-11 03:00:58 +0100: Memory Usage (432600K) : activ_noqrc has 0 polygons
2026-03-11 03:00:58 +0100: Memory Usage (432600K) : biwind_drw has 0 polygons
2026-03-11 03:00:58 +0100: Memory Usage (432600K) : biwind_opc has 0 polygons
2026-03-11 03:00:58 +0100: Memory Usage (432600K) : pemwind_drw has 0 polygons
2026-03-11 03:00:58 +0100: Memory Usage (432600K) : gatpoly_drw has 10 polygons
2026-03-11 03:00:58 +0100: Memory Usage (432600K) : gatpoly_pin has 2 polygons
2026-03-11 03:00:58 +0100: Memory Usage (432600K) : gatpoly_filler has 0 polygons
2026-03-11 03:00:58 +0100: Memory Usage (432600K) : gatpoly_nofill has 0 polygons
2026-03-11 03:00:58 +0100: Memory Usage (432600K) : gatpoly_opc has 0 polygons
2026-03-11 03:00:58 +0100: Memory Usage (432600K) : gatpoly_iopc has 0 polygons
2026-03-11 03:00:58 +0100: Memory Usage (432600K) : gatpoly_noqrc has 0 polygons
2026-03-11 03:00:58 +0100: Memory Usage (432600K) : cont_drw has 46 polygons
2026-03-11 03:00:58 +0100: Memory Usage (432600K) : cont_opc has 0 polygons
2026-03-11 03:00:58 +0100: Memory Usage (432600K) : nsd_drw has 0 polygons
2026-03-11 03:00:58 +0100: Memory Usage (432600K) : nsd_block has 0 polygons
2026-03-11 03:00:58 +0100: Memory Usage (432600K) : metal1_drw has 23 polygons
2026-03-11 03:00:58 +0100: Memory Usage (432600K) : metal1_pin has 8 polygons
2026-03-11 03:00:58 +0100: Memory Usage (432600K) : metal1_mask has 0 polygons
2026-03-11 03:00:58 +0100: Memory Usage (432728K) : metal1_filler has 0 polygons
2026-03-11 03:00:58 +0100: Memory Usage (432728K) : metal1_nofill has 0 polygons
2026-03-11 03:00:58 +0100: Memory Usage (432728K) : metal1_slit has 0 polygons
2026-03-11 03:00:58 +0100: Memory Usage (432984K) : metal1_text has 4 polygons
2026-03-11 03:00:58 +0100: Memory Usage (432984K) : metal1_opc has 0 polygons
2026-03-11 03:00:58 +0100: Memory Usage (433240K) : metal1_noqrc has 0 polygons
2026-03-11 03:00:58 +0100: Memory Usage (433240K) : metal1_res has 0 polygons
2026-03-11 03:00:58 +0100: Memory Usage (433240K) : metal1_iprobe has 0 polygons
2026-03-11 03:00:58 +0100: Memory Usage (433240K) : metal1_diffprb has 0 polygons
2026-03-11 03:00:58 +0100: Memory Usage (433240K) : passiv_drw has 0 polygons
2026-03-11 03:00:58 +0100: Memory Usage (433240K) : passiv_pin has 0 polygons
2026-03-11 03:00:58 +0100: Memory Usage (433240K) : passiv_sbump has 0 polygons
2026-03-11 03:00:58 +0100: Memory Usage (433368K) : passiv_pillar has 0 polygons
2026-03-11 03:00:58 +0100: Memory Usage (433368K) : passiv_pdl has 0 polygons
2026-03-11 03:00:58 +0100: Memory Usage (433368K) : metal2_drw has 0 polygons
2026-03-11 03:00:58 +0100: Memory Usage (433496K) : metal2_pin has 0 polygons
2026-03-11 03:00:58 +0100: Memory Usage (433496K) : metal2_mask has 0 polygons
2026-03-11 03:00:58 +0100: Memory Usage (433496K) : metal2_filler has 0 polygons
2026-03-11 03:00:58 +0100: Memory Usage (433624K) : metal2_nofill has 0 polygons
2026-03-11 03:00:58 +0100: Memory Usage (433624K) : metal2_slit has 0 polygons
2026-03-11 03:00:58 +0100: Memory Usage (433624K) : metal2_text has 0 polygons
2026-03-11 03:00:58 +0100: Memory Usage (433752K) : metal2_opc has 0 polygons
2026-03-11 03:00:58 +0100: Memory Usage (433752K) : metal2_noqrc has 0 polygons
2026-03-11 03:00:58 +0100: Memory Usage (433752K) : metal2_res has 0 polygons
2026-03-11 03:00:58 +0100: Memory Usage (433752K) : metal2_iprobe has 0 polygons
2026-03-11 03:00:58 +0100: Memory Usage (433880K) : metal2_diffprb has 0 polygons
2026-03-11 03:00:58 +0100: Memory Usage (433880K) : baspoly_drw has 0 polygons
2026-03-11 03:00:58 +0100: Memory Usage (433880K) : baspoly_pin has 0 polygons
2026-03-11 03:00:58 +0100: Memory Usage (434008K) : psd_drw has 3 polygons
2026-03-11 03:00:58 +0100: Memory Usage (434008K) : nldb_drw has 0 polygons
2026-03-11 03:00:58 +0100: Memory Usage (434008K) : digibnd_drw has 0 polygons
2026-03-11 03:00:58 +0100: Memory Usage (434136K) : via1_drw has 0 polygons
2026-03-11 03:00:58 +0100: Memory Usage (434136K) : backmetal1_drw has 0 polygons
2026-03-11 03:00:58 +0100: Memory Usage (434136K) : backmetal1_pin has 0 polygons
2026-03-11 03:00:58 +0100: Memory Usage (434264K) : backmetal1_mask has 0 polygons
2026-03-11 03:00:58 +0100: Memory Usage (434264K) : backmetal1_filler has 0 polygons
2026-03-11 03:00:58 +0100: Memory Usage (434264K) : backmetal1_nofill has 0 polygons
2026-03-11 03:00:58 +0100: Memory Usage (434392K) : backmetal1_slit has 0 polygons
2026-03-11 03:00:58 +0100: Memory Usage (434392K) : backmetal1_text has 0 polygons
2026-03-11 03:00:58 +0100: Memory Usage (434392K) : backmetal1_opc has 0 polygons
2026-03-11 03:00:58 +0100: Memory Usage (434520K) : backmetal1_noqrc has 0 polygons
2026-03-11 03:00:58 +0100: Memory Usage (434520K) : backmetal1_res has 0 polygons
2026-03-11 03:00:58 +0100: Memory Usage (434520K) : backmetal1_iprobe has 0 polygons
2026-03-11 03:00:58 +0100: Memory Usage (434648K) : backmetal1_diffprb has 0 polygons
2026-03-11 03:00:58 +0100: Memory Usage (434648K) : backpassiv_drw has 0 polygons
2026-03-11 03:00:58 +0100: Memory Usage (434648K) : res_drw has 0 polygons
2026-03-11 03:00:58 +0100: Memory Usage (434776K) : sram_drw has 0 polygons
2026-03-11 03:00:58 +0100: Memory Usage (434776K) : trans_drw has 0 polygons
2026-03-11 03:00:58 +0100: Memory Usage (434776K) : ind_drw has 0 polygons
2026-03-11 03:00:58 +0100: Memory Usage (434904K) : ind_pin has 0 polygons
2026-03-11 03:00:58 +0100: Memory Usage (434904K) : ind_text has 0 polygons
2026-03-11 03:00:58 +0100: Memory Usage (434904K) : salblock_drw has 0 polygons
2026-03-11 03:00:58 +0100: Memory Usage (434904K) : via2_drw has 0 polygons
2026-03-11 03:00:58 +0100: Memory Usage (435032K) : metal3_drw has 0 polygons
2026-03-11 03:00:58 +0100: Memory Usage (435032K) : metal3_pin has 0 polygons
2026-03-11 03:00:58 +0100: Memory Usage (435032K) : metal3_mask has 0 polygons
2026-03-11 03:00:58 +0100: Memory Usage (435160K) : metal3_filler has 0 polygons
2026-03-11 03:00:58 +0100: Memory Usage (435160K) : metal3_nofill has 0 polygons
2026-03-11 03:00:58 +0100: Memory Usage (435160K) : metal3_slit has 0 polygons
2026-03-11 03:00:58 +0100: Memory Usage (435288K) : metal3_text has 0 polygons
2026-03-11 03:00:58 +0100: Memory Usage (435288K) : metal3_opc has 0 polygons
2026-03-11 03:00:58 +0100: Memory Usage (435288K) : metal3_noqrc has 0 polygons
2026-03-11 03:00:58 +0100: Memory Usage (435416K) : metal3_res has 0 polygons
2026-03-11 03:00:58 +0100: Memory Usage (435416K) : metal3_iprobe has 0 polygons
2026-03-11 03:00:58 +0100: Memory Usage (435416K) : metal3_diffprb has 0 polygons
2026-03-11 03:00:58 +0100: Memory Usage (435544K) : nwell_drw has 4 polygons
2026-03-11 03:00:58 +0100: Memory Usage (435544K) : nwell_pin has 0 polygons
2026-03-11 03:00:58 +0100: Memory Usage (435544K) : nbulay_drw has 0 polygons
2026-03-11 03:00:58 +0100: Memory Usage (435672K) : nbulay_pin has 0 polygons
2026-03-11 03:00:58 +0100: Memory Usage (435672K) : nbulay_block has 0 polygons
2026-03-11 03:00:58 +0100: Memory Usage (435672K) : emwind_drw has 0 polygons
2026-03-11 03:00:58 +0100: Memory Usage (435672K) : emwind_opc has 0 polygons
2026-03-11 03:00:58 +0100: Memory Usage (435672K) : deepco_drw has 0 polygons
2026-03-11 03:00:58 +0100: Memory Usage (435800K) : deepco_drw has 0 polygons
2026-03-11 03:00:58 +0100: Memory Usage (435800K) : mim_drw has 0 polygons
2026-03-11 03:00:58 +0100: Memory Usage (435800K) : edgeseal_drw has 0 polygons
2026-03-11 03:00:58 +0100: Memory Usage (435928K) : edgeseal_bound has 0 polygons
2026-03-11 03:00:58 +0100: Memory Usage (435928K) : substrate_drw has 2 polygons
2026-03-11 03:00:58 +0100: Memory Usage (435928K) : substrate_text has 0 polygons
2026-03-11 03:00:58 +0100: Memory Usage (436056K) : dfpad_drw has 0 polygons
2026-03-11 03:00:58 +0100: Memory Usage (436056K) : dfpad_pillar has 0 polygons
2026-03-11 03:00:58 +0100: Memory Usage (436184K) : dfpad_sbump has 0 polygons
2026-03-11 03:00:58 +0100: Memory Usage (436184K) : thickgateox_drw has 0 polygons
2026-03-11 03:00:58 +0100: Memory Usage (436312K) : pldb_drw has 0 polygons
2026-03-11 03:00:58 +0100: Memory Usage (436312K) : pwell_drw has 0 polygons
2026-03-11 03:00:58 +0100: Memory Usage (436312K) : pwell_pin has 0 polygons
2026-03-11 03:00:58 +0100: Memory Usage (436440K) : pwell_block has 0 polygons
2026-03-11 03:00:58 +0100: Memory Usage (436440K) : ic_drw has 0 polygons
2026-03-11 03:00:58 +0100: Memory Usage (436568K) : via3_drw has 0 polygons
2026-03-11 03:00:58 +0100: Memory Usage (436568K) : metal4_drw has 0 polygons
2026-03-11 03:00:58 +0100: Memory Usage (436568K) : metal4_pin has 0 polygons
2026-03-11 03:00:58 +0100: Memory Usage (436696K) : metal4_mask has 0 polygons
2026-03-11 03:00:58 +0100: Memory Usage (436696K) : metal4_filler has 0 polygons
2026-03-11 03:00:58 +0100: Memory Usage (436696K) : metal4_nofill has 0 polygons
2026-03-11 03:00:58 +0100: Memory Usage (436824K) : metal4_slit has 0 polygons
2026-03-11 03:00:58 +0100: Memory Usage (436824K) : metal4_text has 0 polygons
2026-03-11 03:00:58 +0100: Memory Usage (436824K) : metal4_opc has 0 polygons
2026-03-11 03:00:58 +0100: Memory Usage (436952K) : metal4_noqrc has 0 polygons
2026-03-11 03:00:58 +0100: Memory Usage (436952K) : metal4_res has 0 polygons
2026-03-11 03:00:58 +0100: Memory Usage (437080K) : metal4_iprobe has 0 polygons
2026-03-11 03:00:58 +0100: Memory Usage (437080K) : metal4_diffprb has 0 polygons
2026-03-11 03:00:58 +0100: Memory Usage (437208K) : heattrans_drw has 4 polygons
2026-03-11 03:00:58 +0100: Memory Usage (437208K) : heatres_drw has 0 polygons
2026-03-11 03:00:58 +0100: Memory Usage (437208K) : pempoly_drw has 0 polygons
2026-03-11 03:00:58 +0100: Memory Usage (437336K) : fbe_drw has 0 polygons
2026-03-11 03:00:58 +0100: Memory Usage (437336K) : empoly_drw has 0 polygons
2026-03-11 03:00:58 +0100: Memory Usage (437464K) : ldmos_drw has 0 polygons
2026-03-11 03:00:58 +0100: Memory Usage (437464K) : pbiwind_drw has 0 polygons
2026-03-11 03:00:58 +0100: Memory Usage (437592K) : digisub_drw has 0 polygons
2026-03-11 03:00:58 +0100: Memory Usage (437592K) : nodrc_drw has 0 polygons
2026-03-11 03:00:58 +0100: Memory Usage (437592K) : text_drw has 4 polygons
2026-03-11 03:00:58 +0100: Memory Usage (437720K) : via4_drw has 0 polygons
2026-03-11 03:00:58 +0100: Memory Usage (437720K) : metal5_drw has 0 polygons
2026-03-11 03:00:58 +0100: Memory Usage (437848K) : metal5_pin has 0 polygons
2026-03-11 03:00:58 +0100: Memory Usage (437848K) : metal5_mask has 0 polygons
2026-03-11 03:00:58 +0100: Memory Usage (437848K) : metal5_filler has 0 polygons
2026-03-11 03:00:58 +0100: Memory Usage (437976K) : metal5_nofill has 0 polygons
2026-03-11 03:00:58 +0100: Memory Usage (437976K) : metal5_slit has 0 polygons
2026-03-11 03:00:58 +0100: Memory Usage (437976K) : metal5_text has 0 polygons
2026-03-11 03:00:58 +0100: Memory Usage (438104K) : metal5_opc has 0 polygons
2026-03-11 03:00:58 +0100: Memory Usage (438104K) : metal5_noqrc has 0 polygons
2026-03-11 03:00:58 +0100: Memory Usage (438104K) : metal5_res has 0 polygons
2026-03-11 03:00:58 +0100: Memory Usage (438232K) : metal5_iprobe has 0 polygons
2026-03-11 03:00:58 +0100: Memory Usage (438232K) : metal5_diffprb has 0 polygons
2026-03-11 03:00:58 +0100: Memory Usage (438232K) : radhard_drw has 0 polygons
2026-03-11 03:00:58 +0100: Memory Usage (438360K) : memcap_drw has 0 polygons
2026-03-11 03:00:58 +0100: Memory Usage (438360K) : varicap_drw has 0 polygons
2026-03-11 03:00:58 +0100: Memory Usage (438488K) : flash_drw has 0 polygons
2026-03-11 03:00:58 +0100: Memory Usage (438488K) : intbondvia_drw has 0 polygons
2026-03-11 03:00:58 +0100: Memory Usage (438616K) : intbondmet_drw has 0 polygons
2026-03-11 03:00:58 +0100: Memory Usage (438616K) : devbondvia_drw has 0 polygons
2026-03-11 03:00:58 +0100: Memory Usage (438616K) : devbondmet_drw has 0 polygons
2026-03-11 03:00:58 +0100: Memory Usage (438744K) : devtrench_drw has 0 polygons
2026-03-11 03:00:58 +0100: Memory Usage (438744K) : redist_drw has 0 polygons
2026-03-11 03:00:58 +0100: Memory Usage (438872K) : graphbot_drw has 0 polygons
2026-03-11 03:00:58 +0100: Memory Usage (438872K) : graphtop_drw has 0 polygons
2026-03-11 03:00:58 +0100: Memory Usage (439000K) : antvia1_drw has 0 polygons
2026-03-11 03:00:58 +0100: Memory Usage (439000K) : antmetal2_drw has 0 polygons
2026-03-11 03:00:58 +0100: Memory Usage (439000K) : graphcont_drw has 0 polygons
2026-03-11 03:00:58 +0100: Memory Usage (439128K) : siwg_drw has 0 polygons
2026-03-11 03:00:58 +0100: Memory Usage (439128K) : siwg_filler has 0 polygons
2026-03-11 03:00:58 +0100: Memory Usage (439128K) : siwg_nofill has 0 polygons
2026-03-11 03:00:58 +0100: Memory Usage (439128K) : sigrating_drw has 0 polygons
2026-03-11 03:00:58 +0100: Memory Usage (439256K) : singrating_drw has 0 polygons
2026-03-11 03:00:58 +0100: Memory Usage (439256K) : graphpas_drw has 0 polygons
2026-03-11 03:00:58 +0100: Memory Usage (439384K) : emwind3_drw has 0 polygons
2026-03-11 03:00:58 +0100: Memory Usage (439384K) : emwihv3_drw has 0 polygons
2026-03-11 03:00:58 +0100: Memory Usage (439384K) : redbulay_drw has 0 polygons
2026-03-11 03:00:58 +0100: Memory Usage (439512K) : smos_drw has 0 polygons
2026-03-11 03:00:58 +0100: Memory Usage (439512K) : graphpad_drw has 0 polygons
2026-03-11 03:00:58 +0100: Memory Usage (439640K) : polimide_drw has 0 polygons
2026-03-11 03:00:58 +0100: Memory Usage (439640K) : polimide_pin has 0 polygons
2026-03-11 03:00:58 +0100: Memory Usage (439640K) : recog_drw has 0 polygons
2026-03-11 03:00:58 +0100: Memory Usage (439768K) : recog_pin has 0 polygons
2026-03-11 03:00:58 +0100: Memory Usage (439768K) : recog_esd has 0 polygons
2026-03-11 03:00:58 +0100: Memory Usage (439896K) : recog_diode has 0 polygons
2026-03-11 03:00:58 +0100: Memory Usage (439896K) : recog_tsv has 0 polygons
2026-03-11 03:00:58 +0100: Memory Usage (440024K) : recog_iprobe has 0 polygons
2026-03-11 03:00:58 +0100: Memory Usage (440024K) : recog_diffprb has 0 polygons
2026-03-11 03:00:58 +0100: Memory Usage (440024K) : recog_pillar has 0 polygons
2026-03-11 03:00:58 +0100: Memory Usage (440152K) : recog_sbump has 0 polygons
2026-03-11 03:00:59 +0100: Memory Usage (440152K) : recog_otp has 0 polygons
2026-03-11 03:00:59 +0100: Memory Usage (440280K) : recog_pdiode has 0 polygons
2026-03-11 03:00:59 +0100: Memory Usage (440280K) : recog_mom has 0 polygons
2026-03-11 03:00:59 +0100: Memory Usage (440280K) : recog_pcm has 0 polygons
2026-03-11 03:00:59 +0100: Memory Usage (440280K) : colopen_drw has 0 polygons
2026-03-11 03:00:59 +0100: Memory Usage (440408K) : graphmetal1_drw has 0 polygons
2026-03-11 03:00:59 +0100: Memory Usage (440408K) : graphmetal1_filler has 0 polygons
2026-03-11 03:00:59 +0100: Memory Usage (440536K) : graphmetal1_nofill has 0 polygons
2026-03-11 03:00:59 +0100: Memory Usage (440536K) : graphmetal1_slit has 0 polygons
2026-03-11 03:00:59 +0100: Memory Usage (440536K) : graphmetal1_opc has 0 polygons
2026-03-11 03:00:59 +0100: Memory Usage (440664K) : graphmet1l_drw has 0 polygons
2026-03-11 03:00:59 +0100: Memory Usage (440664K) : graphmet1l_filler has 0 polygons
2026-03-11 03:00:59 +0100: Memory Usage (440792K) : graphmet1l_nofill has 0 polygons
2026-03-11 03:00:59 +0100: Memory Usage (440792K) : graphmet1l_slit has 0 polygons
2026-03-11 03:00:59 +0100: Memory Usage (440920K) : graphmet1l_opc has 0 polygons
2026-03-11 03:00:59 +0100: Memory Usage (440920K) : extblock_drw has 0 polygons
2026-03-11 03:00:59 +0100: Memory Usage (440920K) : nldd_drw has 0 polygons
2026-03-11 03:00:59 +0100: Memory Usage (441048K) : pldd_drw has 0 polygons
2026-03-11 03:00:59 +0100: Memory Usage (441048K) : next_drw has 0 polygons
2026-03-11 03:00:59 +0100: Memory Usage (441176K) : pext_drw has 0 polygons
2026-03-11 03:00:59 +0100: Memory Usage (441176K) : nexthv_drw has 0 polygons
2026-03-11 03:00:59 +0100: Memory Usage (441176K) : pexthv_drw has 0 polygons
2026-03-11 03:00:59 +0100: Memory Usage (441304K) : graphgate_drw has 0 polygons
2026-03-11 03:00:59 +0100: Memory Usage (441304K) : sinwg_drw has 0 polygons
2026-03-11 03:00:59 +0100: Memory Usage (441432K) : sinwg_filler has 0 polygons
2026-03-11 03:00:59 +0100: Memory Usage (441432K) : sinwg_nofill has 0 polygons
2026-03-11 03:00:59 +0100: Memory Usage (441560K) : mempad_drw has 0 polygons
2026-03-11 03:00:59 +0100: Memory Usage (441560K) : topvia1_drw has 0 polygons
2026-03-11 03:00:59 +0100: Memory Usage (441560K) : topmetal1_drw has 0 polygons
2026-03-11 03:00:59 +0100: Memory Usage (441688K) : topmetal1_pin has 0 polygons
2026-03-11 03:00:59 +0100: Memory Usage (441688K) : topmetal1_mask has 0 polygons
2026-03-11 03:00:59 +0100: Memory Usage (441816K) : topmetal1_filler has 0 polygons
2026-03-11 03:00:59 +0100: Memory Usage (441816K) : topmetal1_nofill has 0 polygons
2026-03-11 03:00:59 +0100: Memory Usage (441816K) : topmetal1_slit has 0 polygons
2026-03-11 03:00:59 +0100: Memory Usage (441944K) : topmetal1_text has 0 polygons
2026-03-11 03:00:59 +0100: Memory Usage (441944K) : topmetal1_noqrc has 0 polygons
2026-03-11 03:00:59 +0100: Memory Usage (442072K) : topmetal1_res has 0 polygons
2026-03-11 03:00:59 +0100: Memory Usage (442072K) : topmetal1_iprobe has 0 polygons
2026-03-11 03:00:59 +0100: Memory Usage (442200K) : topmetal1_diffprb has 0 polygons
2026-03-11 03:00:59 +0100: Memory Usage (442200K) : inldpwl_drw has 0 polygons
2026-03-11 03:00:59 +0100: Memory Usage (442200K) : polyres_drw has 0 polygons
2026-03-11 03:00:59 +0100: Memory Usage (442328K) : polyres_pin has 0 polygons
2026-03-11 03:00:59 +0100: Memory Usage (442328K) : vmim_drw has 0 polygons
2026-03-11 03:00:59 +0100: Memory Usage (442456K) : nbulaycut_drw has 0 polygons
2026-03-11 03:00:59 +0100: Memory Usage (442456K) : antmetal1_drw has 0 polygons
2026-03-11 03:00:59 +0100: Memory Usage (442584K) : topvia2_drw has 0 polygons
2026-03-11 03:00:59 +0100: Memory Usage (442584K) : topmetal2_drw has 0 polygons
2026-03-11 03:00:59 +0100: Memory Usage (442584K) : topmetal2_pin has 0 polygons
2026-03-11 03:00:59 +0100: Memory Usage (442712K) : topmetal2_mask has 0 polygons
2026-03-11 03:00:59 +0100: Memory Usage (442712K) : topmetal2_filler has 0 polygons
2026-03-11 03:00:59 +0100: Memory Usage (442840K) : topmetal2_nofill has 0 polygons
2026-03-11 03:00:59 +0100: Memory Usage (442840K) : topmetal2_slit has 0 polygons
2026-03-11 03:00:59 +0100: Memory Usage (442840K) : topmetal2_text has 0 polygons
2026-03-11 03:00:59 +0100: Memory Usage (442968K) : topmetal2_noqrc has 0 polygons
2026-03-11 03:00:59 +0100: Memory Usage (442968K) : topmetal2_res has 0 polygons
2026-03-11 03:00:59 +0100: Memory Usage (443096K) : topmetal2_iprobe has 0 polygons
2026-03-11 03:00:59 +0100: Memory Usage (443096K) : topmetal2_diffprb has 0 polygons
2026-03-11 03:00:59 +0100: Memory Usage (443224K) : snsring_drw has 0 polygons
2026-03-11 03:00:59 +0100: Memory Usage (441532K) : sensor_drw has 0 polygons
2026-03-11 03:00:59 +0100: Memory Usage (441532K) : snsarms_drw has 0 polygons
2026-03-11 03:00:59 +0100: Memory Usage (441532K) : snscmosvia_drw has 0 polygons
2026-03-11 03:00:59 +0100: Memory Usage (441532K) : colwind_drw has 0 polygons
2026-03-11 03:00:59 +0100: Memory Usage (441532K) : flm_drw has 0 polygons
2026-03-11 03:00:59 +0100: Memory Usage (441532K) : hafniumox_drw has 0 polygons
2026-03-11 03:00:59 +0100: Memory Usage (441532K) : memvia_drw has 0 polygons
2026-03-11 03:00:59 +0100: Memory Usage (441532K) : thinfilmres_drw has 0 polygons
2026-03-11 03:00:59 +0100: Memory Usage (441532K) : rfmem_drw has 0 polygons
2026-03-11 03:00:59 +0100: Memory Usage (441532K) : norcx_drw has 0 polygons
2026-03-11 03:00:59 +0100: Memory Usage (441532K) : norcx_m2m3 has 0 polygons
2026-03-11 03:00:59 +0100: Memory Usage (441532K) : norcx_m2m4 has 0 polygons
2026-03-11 03:00:59 +0100: Memory Usage (441532K) : norcx_m2m5 has 0 polygons
2026-03-11 03:00:59 +0100: Memory Usage (441532K) : norcx_m2tm1 has 0 polygons
2026-03-11 03:00:59 +0100: Memory Usage (441532K) : norcx_m2tm2 has 0 polygons
2026-03-11 03:00:59 +0100: Memory Usage (441532K) : norcx_m3m4 has 0 polygons
2026-03-11 03:00:59 +0100: Memory Usage (441532K) : norcx_m3m5 has 0 polygons
2026-03-11 03:00:59 +0100: Memory Usage (441532K) : norcx_m3tm1 has 0 polygons
2026-03-11 03:00:59 +0100: Memory Usage (441532K) : norcx_m3tm2 has 0 polygons
2026-03-11 03:00:59 +0100: Memory Usage (441532K) : norcx_m4m5 has 0 polygons
2026-03-11 03:00:59 +0100: Memory Usage (441532K) : norcx_m4tm1 has 0 polygons
2026-03-11 03:00:59 +0100: Memory Usage (441532K) : norcx_m4tm2 has 0 polygons
2026-03-11 03:00:59 +0100: Memory Usage (441532K) : norcx_m5tm1 has 0 polygons
2026-03-11 03:00:59 +0100: Memory Usage (441532K) : norcx_m5tm2 has 0 polygons
2026-03-11 03:00:59 +0100: Memory Usage (441532K) : norcx_tm1tm2 has 0 polygons
2026-03-11 03:00:59 +0100: Memory Usage (441532K) : norcx_m1sub has 0 polygons
2026-03-11 03:00:59 +0100: Memory Usage (441532K) : norcx_m2sub has 0 polygons
2026-03-11 03:00:59 +0100: Memory Usage (441532K) : norcx_m3sub has 0 polygons
2026-03-11 03:00:59 +0100: Memory Usage (441532K) : norcx_m4sub has 0 polygons
2026-03-11 03:00:59 +0100: Memory Usage (441532K) : norcx_m5sub has 0 polygons
2026-03-11 03:00:59 +0100: Memory Usage (441532K) : norcx_tm1sub has 0 polygons
2026-03-11 03:00:59 +0100: Memory Usage (441532K) : norcx_tm2sub has 0 polygons
2026-03-11 03:00:59 +0100: Memory Usage (441532K) : snsbotvia_drw has 0 polygons
2026-03-11 03:00:59 +0100: Memory Usage (441532K) : snstopvia_drw has 0 polygons
2026-03-11 03:00:59 +0100: Memory Usage (441532K) : deepvia_drw has 0 polygons
2026-03-11 03:00:59 +0100: Memory Usage (441532K) : fgetch_drw has 0 polygons
2026-03-11 03:00:59 +0100: Memory Usage (441532K) : ctrgat_drw has 0 polygons
2026-03-11 03:00:59 +0100: Memory Usage (441532K) : fgimp_drw has 0 polygons
2026-03-11 03:00:59 +0100: Memory Usage (441532K) : emwihv_drw has 0 polygons
2026-03-11 03:00:59 +0100: Memory Usage (441532K) : lbe_drw has 0 polygons
2026-03-11 03:00:59 +0100: Memory Usage (441532K) : alcustop_drw has 0 polygons
2026-03-11 03:00:59 +0100: Memory Usage (441532K) : nometfiller_drw has 0 polygons
2026-03-11 03:00:59 +0100: Memory Usage (441532K) : prboundary_drw has 0 polygons
2026-03-11 03:00:59 +0100: Memory Usage (441532K) : exchange0_drw has 0 polygons
2026-03-11 03:00:59 +0100: Memory Usage (441532K) : exchange0_pin has 0 polygons
2026-03-11 03:00:59 +0100: Memory Usage (441532K) : exchange0_text has 0 polygons
2026-03-11 03:00:59 +0100: Memory Usage (441532K) : exchange1_drw has 0 polygons
2026-03-11 03:00:59 +0100: Memory Usage (441532K) : exchange1_pin has 0 polygons
2026-03-11 03:00:59 +0100: Memory Usage (441532K) : exchange1_text has 0 polygons
2026-03-11 03:00:59 +0100: Memory Usage (441532K) : exchange2_drw has 0 polygons
2026-03-11 03:00:59 +0100: Memory Usage (441532K) : exchange2_pin has 0 polygons
2026-03-11 03:00:59 +0100: Memory Usage (441532K) : exchange2_text has 0 polygons
2026-03-11 03:00:59 +0100: Memory Usage (441532K) : exchange3_drw has 0 polygons
2026-03-11 03:00:59 +0100: Memory Usage (441532K) : exchange3_pin has 0 polygons
2026-03-11 03:00:59 +0100: Memory Usage (441532K) : exchange3_text has 0 polygons
2026-03-11 03:00:59 +0100: Memory Usage (441532K) : exchange4_drw has 0 polygons
2026-03-11 03:00:59 +0100: Memory Usage (441532K) : exchange4_pin has 0 polygons
2026-03-11 03:00:59 +0100: Memory Usage (441532K) : exchange4_text has 0 polygons
2026-03-11 03:00:59 +0100: Memory Usage (441532K) : isonwell_drw has 0 polygons
2026-03-11 03:00:59 +0100: Memory Usage (441532K) : Total no. of polygons in the design is 126
2026-03-11 03:00:59 +0100: Memory Usage (441532K) : Loaded TECH DRC rules values from /opt/pdks/ihp-sg13g2/libs.tech/klayout/python/sg13g2_pycell_lib/sg13g2_tech_mod.json
2026-03-11 03:00:59 +0100: Memory Usage (441532K) : Loaded default DRC rules values from /opt/pdks/ihp-sg13g2/libs.tech/klayout/tech/drc/rule_decks/sg13g2_tech_default.json
2026-03-11 03:00:59 +0100: Memory Usage (441532K) : The following rules values were missing in tech json and default values were used:
2026-03-11 03:00:59 +0100: Memory Usage (441532K) :   - Cnt_c_digibnd
2026-03-11 03:00:59 +0100: Memory Usage (442428K) : Total area of the design is 18.8964 um^2.
2026-03-11 03:00:59 +0100: Memory Usage (442428K) : The design dimensions are 3.48 µm * 5.430000000000001 µm.
2026-03-11 03:00:59 +0100: Memory Usage (442428K) : Starting general IHP-SG13G2 derivations.
2026-03-11 03:00:59 +0100: Memory Usage (442428K) : Starting Pwell derivations
2026-03-11 03:00:59 +0100: Memory Usage (444348K) : Starting n-Activ derivations
2026-03-11 03:00:59 +0100: Memory Usage (444604K) : Starting p-Activ derivations
2026-03-11 03:00:59 +0100: Memory Usage (444604K) : Starting ptap derivations
2026-03-11 03:00:59 +0100: Memory Usage (444860K) : Starting ntap derivations
2026-03-11 03:00:59 +0100: Memory Usage (444860K) : Starting pact FET derivations
2026-03-11 03:00:59 +0100: Memory Usage (444860K) : Starting nact FET derivations
2026-03-11 03:00:59 +0100: Memory Usage (444860K) : Starting Gate derivations
2026-03-11 03:00:59 +0100: Memory Usage (444860K) : Starting cont/contbar general derivations
2026-03-11 03:00:59 +0100: Memory Usage (444860K) : Starting pad general derivations
2026-03-11 03:00:59 +0100: Memory Usage (444860K) : Starting IHP-SG13G2 DRC connectivity related derivations.
2026-03-11 03:00:59 +0100: Memory Usage (444860K) : Starting IHP-SG13G2 DRC connectivity setup
2026-03-11 03:00:59 +0100: Memory Usage (445116K) : Starting IHP-SG13G2 DRC rules.
2026-03-11 03:00:59 +0100: Memory Usage (445116K) : Running all FEOL rules
2026-03-11 03:00:59 +0100: Memory Usage (445116K) : Running all BEOL rules
2026-03-11 03:00:59 +0100: Memory Usage (445116K) : Running all PIN rules
2026-03-11 03:00:59 +0100: Memory Usage (445116K) : Running all FORBIDDEN rules
2026-03-11 03:00:59 +0100: Memory Usage (445116K) : Starting 5.1 NWell table
2026-03-11 03:00:59 +0100: Memory Usage (445116K) : Executing rule NW.b
2026-03-11 03:00:59 +0100: Memory Usage (445628K) : Executing rule NW.b1
2026-03-11 03:00:59 +0100: Memory Usage (445628K) : Starting 5.2 PWell:block
2026-03-11 03:00:59 +0100: Memory Usage (445628K) : Executing rule PWB.e
2026-03-11 03:00:59 +0100: Memory Usage (445628K) : Executing rule PWB.e1
2026-03-11 03:00:59 +0100: Memory Usage (445628K) : Executing rule PWB.f
2026-03-11 03:00:59 +0100: Memory Usage (445628K) : Executing rule PWB.f1
2026-03-11 03:00:59 +0100: Memory Usage (445628K) : Starting 5.3 nBuLay table
2026-03-11 03:00:59 +0100: Memory Usage (445628K) : Executing rule NBL.b
2026-03-11 03:00:59 +0100: Memory Usage (445628K) : Executing rule NBL.c
2026-03-11 03:00:59 +0100: Memory Usage (445628K) : Executing rule NBL.d
2026-03-11 03:00:59 +0100: Memory Usage (445628K) : Executing rule NBL.e
2026-03-11 03:00:59 +0100: Memory Usage (445628K) : Executing rule NBL.f
2026-03-11 03:00:59 +0100: Memory Usage (445628K) : Starting 5.5. Activ table
2026-03-11 03:00:59 +0100: Memory Usage (445628K) : Executing rule Act.a
2026-03-11 03:00:59 +0100: Memory Usage (445628K) : Executing rule Act.b
2026-03-11 03:00:59 +0100: Memory Usage (445756K) : Starting 5.6 Activ:filler table
2026-03-11 03:00:59 +0100: Memory Usage (445756K) : Executing rule AFil.c1
2026-03-11 03:00:59 +0100: Memory Usage (445756K) : Executing rule AFil.c
2026-03-11 03:00:59 +0100: Memory Usage (445756K) : Executing rule AFil.d
2026-03-11 03:00:59 +0100: Memory Usage (445756K) : Executing rule AFil.e
2026-03-11 03:00:59 +0100: Memory Usage (445756K) : Executing rule AFil.j
2026-03-11 03:00:59 +0100: Memory Usage (445756K) : Starting 5.7. ThickGateOx table
2026-03-11 03:00:59 +0100: Memory Usage (445756K) : Executing rule TGO.f
2026-03-11 03:00:59 +0100: Memory Usage (445756K) : Starting 5.8. GatPoly table
2026-03-11 03:00:59 +0100: Memory Usage (445756K) : Executing rule Gat.a
2026-03-11 03:00:59 +0100: Memory Usage (445756K) : Executing rule Gat.b
2026-03-11 03:00:59 +0100: Memory Usage (445756K) : Executing rule Gat.d
2026-03-11 03:00:59 +0100: Memory Usage (445756K) : Executing rule Gat.a1
2026-03-11 03:00:59 +0100: Memory Usage (446012K) : Executing rule Gat.a2
2026-03-11 03:00:59 +0100: Memory Usage (446012K) : Executing rule Gat.g
2026-03-11 03:00:59 +0100: Memory Usage (446012K) : Starting 5.9 GatPoly:filler
2026-03-11 03:00:59 +0100: Memory Usage (446012K) : Executing rule GFil.d
2026-03-11 03:00:59 +0100: Memory Usage (446012K) : Executing rule GFil.e
2026-03-11 03:00:59 +0100: Memory Usage (446012K) : Executing rule GFil.i
2026-03-11 03:00:59 +0100: Memory Usage (446012K) : Starting 5.10 pSD table
2026-03-11 03:00:59 +0100: Memory Usage (446012K) : Executing rule pSD.c1
2026-03-11 03:00:59 +0100: Memory Usage (446012K) : Starting 5.14. Cont table
2026-03-11 03:00:59 +0100: Memory Usage (446012K) : Executing rule Cnt.a
2026-03-11 03:00:59 +0100: Memory Usage (446012K) : Executing rule Cnt.b
2026-03-11 03:00:59 +0100: Memory Usage (446012K) : Executing rule Cnt.c
2026-03-11 03:00:59 +0100: Memory Usage (446140K) : Executing rule Cnt.c
2026-03-11 03:00:59 +0100: Memory Usage (446268K) : Executing rule Cnt.d
2026-03-11 03:00:59 +0100: Memory Usage (446396K) : Executing rule Cnt.e
2026-03-11 03:00:59 +0100: Memory Usage (446524K) : Executing rule Cnt.g1
2026-03-11 03:00:59 +0100: Memory Usage (446652K) : Executing rule Cnt.g2
2026-03-11 03:00:59 +0100: Memory Usage (446780K) : Starting 5.15. ContBar table
2026-03-11 03:00:59 +0100: Memory Usage (446780K) : Executing rule CntB.b1
2026-03-11 03:00:59 +0100: Memory Usage (446780K) : Executing rule CntB.h1
2026-03-11 03:00:59 +0100: Memory Usage (446908K) : Starting 6.1.3 NPN Substrate-Tie table
2026-03-11 03:00:59 +0100: Memory Usage (447036K) : Executing rule npn13G2.bR 
2026-03-11 03:00:59 +0100: Memory Usage (447164K) : Executing rule npn13G2L.cR 
2026-03-11 03:00:59 +0100: Memory Usage (447420K) : Executing rule npn13G2V.cR 
2026-03-11 03:00:59 +0100: Memory Usage (447548K) : Starting 6.7 Schottky diode table
2026-03-11 03:00:59 +0100: Memory Usage (447548K) : Executing rule Sdiod.d
2026-03-11 03:00:59 +0100: Memory Usage (447676K) : Executing rule Sdiod.e
2026-03-11 03:00:59 +0100: Memory Usage (447676K) : Starting 7.2 Latch-up table
2026-03-11 03:00:59 +0100: Memory Usage (447676K) : Executing rule LU.b
2026-03-11 03:00:59 +0100: Memory Usage (446672K) : Starting 5.16. Metal1 table
2026-03-11 03:00:59 +0100: Memory Usage (446672K) : Executing rule M1.a
2026-03-11 03:00:59 +0100: Memory Usage (446672K) : Executing rule M1.b
2026-03-11 03:00:59 +0100: Memory Usage (446672K) : Executing rule M1.e
2026-03-11 03:00:59 +0100: Memory Usage (446672K) : Executing rule M1.f
2026-03-11 03:00:59 +0100: Memory Usage (446672K) : Executing rule M1.g
2026-03-11 03:00:59 +0100: Memory Usage (446672K) : Executing rule M1.i
2026-03-11 03:00:59 +0100: Memory Usage (446672K) : Starting 5.17 Metaln table
2026-03-11 03:00:59 +0100: Memory Usage (446672K) : Executing rule M2.a
2026-03-11 03:00:59 +0100: Memory Usage (446672K) : Executing rule M2.b
2026-03-11 03:00:59 +0100: Memory Usage (446672K) : Executing rule M2.e
2026-03-11 03:00:59 +0100: Memory Usage (446672K) : Executing rule M2.f
2026-03-11 03:00:59 +0100: Memory Usage (446672K) : Executing rule M2.g
2026-03-11 03:00:59 +0100: Memory Usage (446672K) : Executing rule M2.i
2026-03-11 03:00:59 +0100: Memory Usage (446672K) : Executing rule M3.a
2026-03-11 03:00:59 +0100: Memory Usage (446672K) : Executing rule M3.b
2026-03-11 03:00:59 +0100: Memory Usage (446672K) : Executing rule M3.e
2026-03-11 03:00:59 +0100: Memory Usage (446672K) : Executing rule M3.f
2026-03-11 03:00:59 +0100: Memory Usage (446672K) : Executing rule M3.g
2026-03-11 03:00:59 +0100: Memory Usage (446672K) : Executing rule M3.i
2026-03-11 03:00:59 +0100: Memory Usage (446672K) : Executing rule M4.a
2026-03-11 03:00:59 +0100: Memory Usage (446672K) : Executing rule M4.b
2026-03-11 03:00:59 +0100: Memory Usage (446672K) : Executing rule M4.e
2026-03-11 03:00:59 +0100: Memory Usage (446672K) : Executing rule M4.f
2026-03-11 03:00:59 +0100: Memory Usage (446672K) : Executing rule M4.g
2026-03-11 03:00:59 +0100: Memory Usage (446672K) : Executing rule M4.i
2026-03-11 03:00:59 +0100: Memory Usage (446672K) : Executing rule M5.a
2026-03-11 03:00:59 +0100: Memory Usage (446672K) : Executing rule M5.b
2026-03-11 03:00:59 +0100: Memory Usage (446672K) : Executing rule M5.e
2026-03-11 03:00:59 +0100: Memory Usage (446672K) : Executing rule M5.f
2026-03-11 03:00:59 +0100: Memory Usage (446672K) : Executing rule M5.g
2026-03-11 03:00:59 +0100: Memory Usage (446672K) : Executing rule M5.i
2026-03-11 03:00:59 +0100: Memory Usage (446672K) : Starting 5.18 Metaln:filler table
2026-03-11 03:00:59 +0100: Memory Usage (446672K) : Executing rule M1Fil.c
2026-03-11 03:00:59 +0100: Memory Usage (446672K) : Executing rule M1Fil.a2
2026-03-11 03:00:59 +0100: Memory Usage (446672K) : Executing rule M2Fil.c
2026-03-11 03:00:59 +0100: Memory Usage (446672K) : Executing rule M2Fil.a2
2026-03-11 03:00:59 +0100: Memory Usage (446672K) : Executing rule M3Fil.c
2026-03-11 03:00:59 +0100: Memory Usage (446672K) : Executing rule M3Fil.a2
2026-03-11 03:00:59 +0100: Memory Usage (446672K) : Executing rule M4Fil.c
2026-03-11 03:00:59 +0100: Memory Usage (446672K) : Executing rule M4Fil.a2
2026-03-11 03:00:59 +0100: Memory Usage (446672K) : Executing rule M5Fil.c
2026-03-11 03:00:59 +0100: Memory Usage (446672K) : Executing rule M5Fil.a2
2026-03-11 03:00:59 +0100: Memory Usage (446672K) : Starting 5.19. Via1 table
2026-03-11 03:00:59 +0100: Memory Usage (446672K) : Starting 5.19. Via1 table derivations
2026-03-11 03:00:59 +0100: Memory Usage (446672K) : Executing rule V1.a
2026-03-11 03:00:59 +0100: Memory Usage (446672K) : Executing rule V1.b
2026-03-11 03:00:59 +0100: Memory Usage (446672K) : Executing rule V1.c
2026-03-11 03:00:59 +0100: Memory Usage (446672K) : Starting 5.20. Vian table
2026-03-11 03:00:59 +0100: Memory Usage (446672K) : Executing rule V2.a
2026-03-11 03:00:59 +0100: Memory Usage (446672K) : Executing rule V2.b
2026-03-11 03:00:59 +0100: Memory Usage (446672K) : Executing rule V2.c
2026-03-11 03:00:59 +0100: Memory Usage (446672K) : Executing rule V3.a
2026-03-11 03:00:59 +0100: Memory Usage (446672K) : Executing rule V3.b
2026-03-11 03:00:59 +0100: Memory Usage (446672K) : Executing rule V3.c
2026-03-11 03:00:59 +0100: Memory Usage (446672K) : Executing rule V4.a
2026-03-11 03:00:59 +0100: Memory Usage (446672K) : Executing rule V4.b
2026-03-11 03:00:59 +0100: Memory Usage (446672K) : Executing rule V4.c
2026-03-11 03:00:59 +0100: Memory Usage (446672K) : Starting 5.21. TopVia1 table
2026-03-11 03:00:59 +0100: Memory Usage (446672K) : Executing rule TV1.a
2026-03-11 03:00:59 +0100: Memory Usage (446672K) : Executing rule TV1.b
2026-03-11 03:00:59 +0100: Memory Usage (446672K) : Executing rule TV1.c
2026-03-11 03:00:59 +0100: Memory Usage (446672K) : Executing rule TV1.d
2026-03-11 03:00:59 +0100: Memory Usage (446672K) : Starting 5.22. TopMetal1 table
2026-03-11 03:00:59 +0100: Memory Usage (446672K) : Executing rule TM1.a
2026-03-11 03:00:59 +0100: Memory Usage (446672K) : Executing rule TM1.b
2026-03-11 03:00:59 +0100: Memory Usage (446672K) : Starting 5.23 TopMetal1:filler table
2026-03-11 03:00:59 +0100: Memory Usage (446672K) : Executing rule TM1Fil.c
2026-03-11 03:00:59 +0100: Memory Usage (446672K) : Executing rule TM1Fil.a1
2026-03-11 03:00:59 +0100: Memory Usage (446672K) : Starting 5.24. TopVia2 table
2026-03-11 03:00:59 +0100: Memory Usage (446672K) : Executing rule TV2.a
2026-03-11 03:00:59 +0100: Memory Usage (446672K) : Executing rule TV2.b
2026-03-11 03:00:59 +0100: Memory Usage (446672K) : Executing rule TV2.c
2026-03-11 03:00:59 +0100: Memory Usage (446672K) : Executing rule TV2.d
2026-03-11 03:00:59 +0100: Memory Usage (446672K) : Starting 5.25. TopMetal2 table
2026-03-11 03:00:59 +0100: Memory Usage (446672K) : Executing rule TM2.a
2026-03-11 03:00:59 +0100: Memory Usage (446672K) : Executing rule TM2.b
2026-03-11 03:00:59 +0100: Memory Usage (446672K) : Executing rule TM2.bR
2026-03-11 03:00:59 +0100: Memory Usage (446672K) : Starting 5.26 TopMetal2:filler table
2026-03-11 03:00:59 +0100: Memory Usage (446672K) : Executing rule TM2Fil.c
2026-03-11 03:00:59 +0100: Memory Usage (446672K) : Executing rule TM2Fil.a1
2026-03-11 03:00:59 +0100: Memory Usage (446672K) : Starting 5.27. Passiv table
2026-03-11 03:00:59 +0100: Memory Usage (446672K) : Executing rule Pas.a
2026-03-11 03:00:59 +0100: Memory Usage (446672K) : Executing rule Pas.b
2026-03-11 03:00:59 +0100: Memory Usage (446672K) : Executing rule Pas.c
2026-03-11 03:00:59 +0100: Memory Usage (446672K) : Starting 6.9.2 Copper Pillar table
2026-03-11 03:00:59 +0100: Memory Usage (446672K) : Executing rule Padc.a
2026-03-11 03:00:59 +0100: Memory Usage (446800K) : Executing rule Padc.b
2026-03-11 03:00:59 +0100: Memory Usage (446928K) : Executing rule Padc.c
2026-03-11 03:00:59 +0100: Memory Usage (447184K) : Executing rule Padb.f
2026-03-11 03:00:59 +0100: Memory Usage (447696K) : Starting 6.9 Pad table
2026-03-11 03:00:59 +0100: Memory Usage (447696K) : Executing rule Pad.m
2026-03-11 03:00:59 +0100: Memory Usage (447952K) : Executing rule Pad.fR_M1
2026-03-11 03:00:59 +0100: Memory Usage (448336K) : Executing rule Pad.fR_M2
2026-03-11 03:00:59 +0100: Memory Usage (448720K) : Executing rule Pad.fR_M3
2026-03-11 03:00:59 +0100: Memory Usage (449104K) : Executing rule Pad.fR_M4
2026-03-11 03:00:59 +0100: Memory Usage (449488K) : Executing rule Pad.fR_M5
2026-03-11 03:00:59 +0100: Memory Usage (450000K) : Executing rule Pad.fR_TM1
2026-03-11 03:00:59 +0100: Memory Usage (450384K) : Executing rule Pad.fR_TM2
2026-03-11 03:00:59 +0100: Memory Usage (450768K) : Executing rule Pad.i
2026-03-11 03:00:59 +0100: Memory Usage (450896K) : Starting 6.9.1 Solder Bump
2026-03-11 03:00:59 +0100: Memory Usage (450896K) : Executing rule Padb.a
2026-03-11 03:00:59 +0100: Memory Usage (451152K) : Executing rule Padb.b
2026-03-11 03:00:59 +0100: Memory Usage (451280K) : Executing rule Padb.c
2026-03-11 03:00:59 +0100: Memory Usage (451536K) : Executing rule Padb.f
2026-03-11 03:01:00 +0100: Memory Usage (452432K) : Executing rule Padb.d
2026-03-11 03:01:00 +0100: Memory Usage (452560K) : Starting 6.10 Sealring table
2026-03-11 03:01:00 +0100: Memory Usage (452560K) : Executing rule Seal.l
2026-03-11 03:01:00 +0100: Memory Usage (452560K) : Executing rule Seal.n
2026-03-11 03:01:00 +0100: Memory Usage (452816K) : Executing rule seal.b_metal1
2026-03-11 03:01:00 +0100: Memory Usage (452944K) : Executing rule seal.b_metal2
2026-03-11 03:01:00 +0100: Memory Usage (453200K) : Executing rule seal.b_metal3
2026-03-11 03:01:00 +0100: Memory Usage (453328K) : Executing rule seal.b_metal4
2026-03-11 03:01:00 +0100: Memory Usage (453456K) : Executing rule seal.b_metal5
2026-03-11 03:01:00 +0100: Memory Usage (453712K) : Executing rule seal.b_topmetal1
2026-03-11 03:01:00 +0100: Memory Usage (453840K) : Executing rule seal.b_topmetal2
2026-03-11 03:01:00 +0100: Memory Usage (454096K) : Executing rule seal.b_activ
2026-03-11 03:01:00 +0100: Memory Usage (454224K) : Executing rule seal.b_psd
2026-03-11 03:01:00 +0100: Memory Usage (454352K) : Executing rule Seal.k
2026-03-11 03:01:00 +0100: Memory Usage (454608K) : Executing rule Seal.m
2026-03-11 03:01:00 +0100: Memory Usage (454736K) : Starting 6.11 MIM table
2026-03-11 03:01:00 +0100: Memory Usage (454736K) : Executing rule MIM.c
2026-03-11 03:01:00 +0100: Memory Usage (454992K) : Executing rule MIM.d
2026-03-11 03:01:00 +0100: Memory Usage (455120K) : Executing rule MIM.gR
2026-03-11 03:01:00 +0100: Memory Usage (455120K) : Starting 7.3 Metal Slits table
2026-03-11 03:01:00 +0100: Memory Usage (455120K) : Executing rule Slt.e1_M1
2026-03-11 03:01:00 +0100: Memory Usage (455248K) : Executing rule Slt.e1_M2
2026-03-11 03:01:00 +0100: Memory Usage (455376K) : Executing rule Slt.e1_M3
2026-03-11 03:01:00 +0100: Memory Usage (455504K) : Executing rule Slt.e1_M4
2026-03-11 03:01:00 +0100: Memory Usage (455632K) : Executing rule Slt.e1_M5
2026-03-11 03:01:00 +0100: Memory Usage (455760K) : Executing rule Slt.e1_TM1
2026-03-11 03:01:00 +0100: Memory Usage (455888K) : Executing rule Slt.e1_TM2
2026-03-11 03:01:00 +0100: Memory Usage (455888K) : Starting 9.1. LBE table
2026-03-11 03:01:00 +0100: Memory Usage (456016K) : Executing rule LBE.a
2026-03-11 03:01:00 +0100: Memory Usage (456144K) : Executing rule LBE.b
2026-03-11 03:01:00 +0100: Memory Usage (456272K) : Executing rule LBE.b1
2026-03-11 03:01:00 +0100: Memory Usage (456400K) : Executing rule LBE.c
2026-03-11 03:01:00 +0100: Memory Usage (456400K) : Executing rule LBE.d
2026-03-11 03:01:00 +0100: Memory Usage (456528K) : Executing rule LBE.h
2026-03-11 03:01:00 +0100: Memory Usage (456656K) : Starting 7.4. PIN table
2026-03-11 03:01:00 +0100: Memory Usage (456656K) : Executing rule Pin.a
2026-03-11 03:01:00 +0100: Memory Usage (456784K) : Executing rule Pin.b
2026-03-11 03:01:00 +0100: Memory Usage (456912K) : Executing rule Pin.e
2026-03-11 03:01:00 +0100: Memory Usage (457040K) : Executing rule Pin.f_M2
2026-03-11 03:01:00 +0100: Memory Usage (457168K) : Executing rule Pin.f_M3
2026-03-11 03:01:00 +0100: Memory Usage (457296K) : Executing rule Pin.f_M4
2026-03-11 03:01:00 +0100: Memory Usage (457424K) : Executing rule Pin.f_M5
2026-03-11 03:01:00 +0100: Memory Usage (457552K) : Executing rule Pin.g
2026-03-11 03:01:00 +0100: Memory Usage (457680K) : Executing rule Pin.h
2026-03-11 03:01:00 +0100: Memory Usage (457808K) : Starting 3.2. FORBIDDEN table
2026-03-11 03:01:00 +0100: Memory Usage (457808K) : Executing rule forbidden.biwind
2026-03-11 03:01:00 +0100: Memory Usage (457808K) : Executing rule forbidden.pemwind
2026-03-11 03:01:00 +0100: Memory Usage (457936K) : Executing rule forbidden.baspoly
2026-03-11 03:01:00 +0100: Memory Usage (457936K) : Executing rule forbidden.deepco
2026-03-11 03:01:00 +0100: Memory Usage (458064K) : Executing rule forbidden.pempoly
2026-03-11 03:01:00 +0100: Memory Usage (458064K) : Executing rule forbidden.empoly
2026-03-11 03:01:00 +0100: Memory Usage (458192K) : Executing rule forbidden.ldmos
2026-03-11 03:01:00 +0100: Memory Usage (458192K) : Executing rule forbidden.pbiwind
2026-03-11 03:01:00 +0100: Memory Usage (458320K) : Executing rule forbidden.nodrc
2026-03-11 03:01:00 +0100: Memory Usage (458320K) : Executing rule forbidden.flash
2026-03-11 03:01:00 +0100: Memory Usage (458448K) : Executing rule forbidden.colwind
2026-03-11 03:01:00 +0100: Memory Usage (458448K) : KLayout DRC run for tables 'main' completed in 1.48 seconds
