# Logfile created on 2026-04-01 18:58:41 +0200 by logger.rb/v1.4.3
2026-04-01 18:58:41 +0200: Memory Usage (430308K) : Starting running SG13G2 Klayout LVS runset on /home/designer/shared/designs/SSDOR_1.2V_v3/components/comp_w_hyst/inverters.gds
2026-04-01 18:58:41 +0200: Memory Usage (430308K) : Ruby Version for klayout: 3.0.2
2026-04-01 18:58:41 +0200: Memory Usage (431460K) : Loading database to memory is complete.
2026-04-01 18:58:41 +0200: Memory Usage (431460K) : SG13G2 Klayout LVS runset output at: /home/designer/shared/designs/SSDOR_1.2V_v3/components/comp_w_hyst/lvs_run_inverters_2026_04_01_18_58_39/inverters.lvsdb
2026-04-01 18:58:41 +0200: Memory Usage (431460K) : Evaluate switches.
2026-04-01 18:58:41 +0200: Memory Usage (431460K) : Extracted netlist with net names: true
2026-04-01 18:58:41 +0200: Memory Usage (431460K) : Extracted netlist with comments in details: false
2026-04-01 18:58:41 +0200: Memory Usage (431460K) : Selected NET_ONLY option: false
2026-04-01 18:58:41 +0200: Memory Usage (431460K) : Selected LAYOUT_NETLIST option: (none)
2026-04-01 18:58:41 +0200: Memory Usage (431460K) : Selected IGNORE_TOP_PORTS_MISMATCH option: 
2026-04-01 18:58:41 +0200: Memory Usage (431460K) : Selected IMPLICIT_NETS option: (none)
2026-04-01 18:58:41 +0200: Memory Usage (431460K) : Selected TOP_LVL_PINS option: true
2026-04-01 18:58:41 +0200: Memory Usage (431460K) : Selected COMBINE DEVICES option: false
2026-04-01 18:58:41 +0200: Memory Usage (431460K) : Selected PURGE option: false
2026-04-01 18:58:41 +0200: Memory Usage (431460K) : Selected PURGE_NETS option: false
2026-04-01 18:58:41 +0200: Memory Usage (431460K) : Selected SIMPLIFY option: true
2026-04-01 18:58:41 +0200: Memory Usage (431460K) : Selected SERIES_RES option: true
2026-04-01 18:58:41 +0200: Memory Usage (431460K) : Selected PARALLEL_RES option: true
2026-04-01 18:58:41 +0200: Memory Usage (431460K) : deep  mode is enabled.
2026-04-01 18:58:41 +0200: Memory Usage (432484K) : Netlist file: /home/designer/shared/designs/SSDOR_1.2V_v3/components/comp_w_hyst/simulations/inverters.spice
2026-04-01 18:58:41 +0200: Memory Usage (432484K) : LVS extracted netlist at: /home/designer/shared/designs/SSDOR_1.2V_v3/components/comp_w_hyst/lvs_run_inverters_2026_04_01_18_58_39/inverters_extracted.cir
2026-04-01 18:58:41 +0200: Memory Usage (432484K) : Applying SRAM integration support.
2026-04-01 18:58:41 +0200: Memory Usage (432484K) : Starting SG13G2 LVS runset
2026-04-01 18:58:41 +0200: Memory Usage (432484K) : Read in polygons from layers.
2026-04-01 18:58:41 +0200: Memory Usage (433252K) : activ_drw has 121 polygons
2026-04-01 18:58:41 +0200: Memory Usage (433252K) : activ_filler has 0 polygons
2026-04-01 18:58:41 +0200: Memory Usage (433380K) : activ has 121 polygons
2026-04-01 18:58:41 +0200: Memory Usage (433380K) : activ_pin has 0 polygons
2026-04-01 18:58:41 +0200: Memory Usage (433380K) : activ_mask has 0 polygons
2026-04-01 18:58:41 +0200: Memory Usage (433380K) : activ_nofill has 0 polygons
2026-04-01 18:58:41 +0200: Memory Usage (433380K) : activ_OPC has 0 polygons
2026-04-01 18:58:41 +0200: Memory Usage (433380K) : activ_iOPC has 0 polygons
2026-04-01 18:58:41 +0200: Memory Usage (433380K) : activ_noqrc has 0 polygons
2026-04-01 18:58:41 +0200: Memory Usage (433380K) : biwind_drw has 0 polygons
2026-04-01 18:58:41 +0200: Memory Usage (433380K) : biwind_OPC has 0 polygons
2026-04-01 18:58:41 +0200: Memory Usage (433380K) : gatpoly_drw has 80 polygons
2026-04-01 18:58:41 +0200: Memory Usage (433380K) : gatpoly_filler has 0 polygons
2026-04-01 18:58:41 +0200: Memory Usage (433380K) : gatpoly has 80 polygons
2026-04-01 18:58:41 +0200: Memory Usage (433380K) : gatpoly_pin has 2 polygons
2026-04-01 18:58:41 +0200: Memory Usage (433636K) : gatpoly_nofill has 0 polygons
2026-04-01 18:58:41 +0200: Memory Usage (433636K) : gatpoly_OPC has 0 polygons
2026-04-01 18:58:41 +0200: Memory Usage (433636K) : gatpoly_iOPC has 0 polygons
2026-04-01 18:58:41 +0200: Memory Usage (433764K) : gatpoly_noqrc has 0 polygons
2026-04-01 18:58:41 +0200: Memory Usage (433892K) : cont_drw has 446 polygons
2026-04-01 18:58:41 +0200: Memory Usage (433892K) : cont_OPC has 0 polygons
2026-04-01 18:58:41 +0200: Memory Usage (433892K) : nsd_drw has 0 polygons
2026-04-01 18:58:41 +0200: Memory Usage (433892K) : nsd_block has 0 polygons
2026-04-01 18:58:41 +0200: Memory Usage (433892K) : metal1_drw has 166 polygons
2026-04-01 18:58:41 +0200: Memory Usage (433892K) : metal1_filler has 0 polygons
2026-04-01 18:58:41 +0200: Memory Usage (434020K) : metal1_slit has 0 polygons
2026-04-01 18:58:41 +0200: Memory Usage (434148K) : metal1 has 166 polygons
2026-04-01 18:58:41 +0200: Memory Usage (434148K) : metal1_pin has 13 polygons
2026-04-01 18:58:41 +0200: Memory Usage (434276K) : metal1_mask has 0 polygons
2026-04-01 18:58:41 +0200: Memory Usage (434276K) : metal1_nofill has 0 polygons
2026-04-01 18:58:41 +0200: Memory Usage (434660K) : metal1_text has 5 polygons
2026-04-01 18:58:41 +0200: Memory Usage (434660K) : metal1_OPC has 0 polygons
2026-04-01 18:58:41 +0200: Memory Usage (434788K) : metal1_noqrc has 0 polygons
2026-04-01 18:58:41 +0200: Memory Usage (434788K) : metal1_res has 0 polygons
2026-04-01 18:58:41 +0200: Memory Usage (434916K) : metal1_iprobe has 0 polygons
2026-04-01 18:58:41 +0200: Memory Usage (434916K) : metal1_diffprb has 0 polygons
2026-04-01 18:58:41 +0200: Memory Usage (435044K) : passiv_drw has 0 polygons
2026-04-01 18:58:41 +0200: Memory Usage (435044K) : passiv_pin has 0 polygons
2026-04-01 18:58:41 +0200: Memory Usage (435172K) : passiv_sbump has 0 polygons
2026-04-01 18:58:41 +0200: Memory Usage (435172K) : passiv_pillar has 0 polygons
2026-04-01 18:58:41 +0200: Memory Usage (435172K) : passiv_pdl has 0 polygons
2026-04-01 18:58:41 +0200: Memory Usage (435300K) : metal2_drw has 0 polygons
2026-04-01 18:58:41 +0200: Memory Usage (435300K) : metal2_filler has 0 polygons
2026-04-01 18:58:41 +0200: Memory Usage (435428K) : metal2_slit has 0 polygons
2026-04-01 18:58:41 +0200: Memory Usage (435556K) : metal2 has 0 polygons
2026-04-01 18:58:41 +0200: Memory Usage (435556K) : metal2_pin has 0 polygons
2026-04-01 18:58:41 +0200: Memory Usage (435684K) : metal2_mask has 0 polygons
2026-04-01 18:58:41 +0200: Memory Usage (435684K) : metal2_nofill has 0 polygons
2026-04-01 18:58:41 +0200: Memory Usage (435812K) : metal2_text has 0 polygons
2026-04-01 18:58:41 +0200: Memory Usage (435812K) : metal2_OPC has 0 polygons
2026-04-01 18:58:41 +0200: Memory Usage (435940K) : metal2_noqrc has 0 polygons
2026-04-01 18:58:41 +0200: Memory Usage (435940K) : metal2_res has 0 polygons
2026-04-01 18:58:41 +0200: Memory Usage (436068K) : metal2_iprobe has 0 polygons
2026-04-01 18:58:41 +0200: Memory Usage (436068K) : metal2_diffprb has 0 polygons
2026-04-01 18:58:41 +0200: Memory Usage (436196K) : baspoly_drw has 0 polygons
2026-04-01 18:58:41 +0200: Memory Usage (436196K) : baspoly_pin has 0 polygons
2026-04-01 18:58:41 +0200: Memory Usage (436324K) : psd_drw has 39 polygons
2026-04-01 18:58:41 +0200: Memory Usage (436324K) : nldb_drw has 0 polygons
2026-04-01 18:58:41 +0200: Memory Usage (436452K) : digibnd_drw has 0 polygons
2026-04-01 18:58:41 +0200: Memory Usage (436452K) : via1_drw has 0 polygons
2026-04-01 18:58:41 +0200: Memory Usage (436580K) : backmetal1_drw has 0 polygons
2026-04-01 18:58:41 +0200: Memory Usage (436580K) : backmetal1_pin has 0 polygons
2026-04-01 18:58:41 +0200: Memory Usage (436708K) : backmetal1_mask has 0 polygons
2026-04-01 18:58:41 +0200: Memory Usage (436708K) : backmetal1_filler has 0 polygons
2026-04-01 18:58:41 +0200: Memory Usage (436708K) : backmetal1_nofill has 0 polygons
2026-04-01 18:58:41 +0200: Memory Usage (436836K) : backmetal1_slit has 0 polygons
2026-04-01 18:58:41 +0200: Memory Usage (436836K) : backmetal1_text has 0 polygons
2026-04-01 18:58:41 +0200: Memory Usage (436964K) : backmetal1_OPC has 0 polygons
2026-04-01 18:58:41 +0200: Memory Usage (436964K) : backmetal1_noqrc has 0 polygons
2026-04-01 18:58:41 +0200: Memory Usage (437092K) : backmetal1_res has 0 polygons
2026-04-01 18:58:41 +0200: Memory Usage (437092K) : backmetal1_iprobe has 0 polygons
2026-04-01 18:58:41 +0200: Memory Usage (437220K) : backmetal1_diffprb has 0 polygons
2026-04-01 18:58:41 +0200: Memory Usage (437220K) : backpassiv_drw has 0 polygons
2026-04-01 18:58:41 +0200: Memory Usage (437348K) : res_drw has 0 polygons
2026-04-01 18:58:41 +0200: Memory Usage (437348K) : sram_drw has 0 polygons
2026-04-01 18:58:41 +0200: Memory Usage (437476K) : trans_drw has 0 polygons
2026-04-01 18:58:41 +0200: Memory Usage (437476K) : ind_drw has 0 polygons
2026-04-01 18:58:41 +0200: Memory Usage (437604K) : ind_pin has 0 polygons
2026-04-01 18:58:41 +0200: Memory Usage (437732K) : ind_text has 0 polygons
2026-04-01 18:58:41 +0200: Memory Usage (437732K) : salblock_drw has 0 polygons
2026-04-01 18:58:41 +0200: Memory Usage (437732K) : via2_drw has 0 polygons
2026-04-01 18:58:41 +0200: Memory Usage (437860K) : metal3_drw has 0 polygons
2026-04-01 18:58:41 +0200: Memory Usage (437988K) : metal3_filler has 0 polygons
2026-04-01 18:58:41 +0200: Memory Usage (437988K) : metal3_slit has 0 polygons
2026-04-01 18:58:41 +0200: Memory Usage (438116K) : metal3 has 0 polygons
2026-04-01 18:58:41 +0200: Memory Usage (438116K) : metal3_pin has 0 polygons
2026-04-01 18:58:41 +0200: Memory Usage (438116K) : metal3_mask has 0 polygons
2026-04-01 18:58:41 +0200: Memory Usage (438244K) : metal3_nofill has 0 polygons
2026-04-01 18:58:41 +0200: Memory Usage (438244K) : metal3_text has 0 polygons
2026-04-01 18:58:41 +0200: Memory Usage (438372K) : metal3_OPC has 0 polygons
2026-04-01 18:58:41 +0200: Memory Usage (438372K) : metal3_noqrc has 0 polygons
2026-04-01 18:58:41 +0200: Memory Usage (438500K) : metal3_res has 0 polygons
2026-04-01 18:58:41 +0200: Memory Usage (438500K) : metal3_iprobe has 0 polygons
2026-04-01 18:58:41 +0200: Memory Usage (438628K) : metal3_diffprb has 0 polygons
2026-04-01 18:58:41 +0200: Memory Usage (438628K) : nwell_drw has 43 polygons
2026-04-01 18:58:41 +0200: Memory Usage (438756K) : nwell_pin has 2 polygons
2026-04-01 18:58:41 +0200: Memory Usage (438756K) : nwell_text has 0 polygons
2026-04-01 18:58:41 +0200: Memory Usage (438884K) : nbulay_drw has 2 polygons
2026-04-01 18:58:41 +0200: Memory Usage (438884K) : nbulay_pin has 0 polygons
2026-04-01 18:58:41 +0200: Memory Usage (439012K) : nbulay_block has 0 polygons
2026-04-01 18:58:41 +0200: Memory Usage (439012K) : emwind_drw has 0 polygons
2026-04-01 18:58:41 +0200: Memory Usage (439140K) : emwind_OPC has 0 polygons
2026-04-01 18:58:41 +0200: Memory Usage (439140K) : deepco_drw has 0 polygons
2026-04-01 18:58:41 +0200: Memory Usage (439268K) : mim_drw has 0 polygons
2026-04-01 18:58:41 +0200: Memory Usage (439268K) : edgeseal_drw has 0 polygons
2026-04-01 18:58:41 +0200: Memory Usage (439396K) : substrate_drw has 37 polygons
2026-04-01 18:58:41 +0200: Memory Usage (439396K) : substrate_text has 0 polygons
2026-04-01 18:58:41 +0200: Memory Usage (439524K) : dfpad_drw has 0 polygons
2026-04-01 18:58:41 +0200: Memory Usage (439524K) : dfpad_pillar has 0 polygons
2026-04-01 18:58:41 +0200: Memory Usage (439524K) : dfpad_sbump has 0 polygons
2026-04-01 18:58:41 +0200: Memory Usage (439652K) : thickgateox_drw has 0 polygons
2026-04-01 18:58:41 +0200: Memory Usage (439652K) : pldb_drw has 0 polygons
2026-04-01 18:58:41 +0200: Memory Usage (439780K) : pwell_drw has 0 polygons
2026-04-01 18:58:41 +0200: Memory Usage (439780K) : pwell_pin has 0 polygons
2026-04-01 18:58:41 +0200: Memory Usage (439908K) : pwell_block has 0 polygons
2026-04-01 18:58:41 +0200: Memory Usage (439908K) : ic_drw has 0 polygons
2026-04-01 18:58:41 +0200: Memory Usage (440036K) : via3_drw has 0 polygons
2026-04-01 18:58:41 +0200: Memory Usage (440164K) : metal4_drw has 0 polygons
2026-04-01 18:58:41 +0200: Memory Usage (440164K) : metal4_filler has 0 polygons
2026-04-01 18:58:41 +0200: Memory Usage (440292K) : metal4_slit has 0 polygons
2026-04-01 18:58:41 +0200: Memory Usage (440420K) : metal4 has 0 polygons
2026-04-01 18:58:41 +0200: Memory Usage (440420K) : metal4_pin has 0 polygons
2026-04-01 18:58:41 +0200: Memory Usage (440420K) : metal4_mask has 0 polygons
2026-04-01 18:58:41 +0200: Memory Usage (440548K) : metal4_nofill has 0 polygons
2026-04-01 18:58:41 +0200: Memory Usage (440676K) : metal4_text has 0 polygons
2026-04-01 18:58:41 +0200: Memory Usage (440676K) : metal4_OPC has 0 polygons
2026-04-01 18:58:41 +0200: Memory Usage (440804K) : metal4_noqrc has 0 polygons
2026-04-01 18:58:41 +0200: Memory Usage (440804K) : metal4_res has 0 polygons
2026-04-01 18:58:41 +0200: Memory Usage (440932K) : metal4_iprobe has 0 polygons
2026-04-01 18:58:41 +0200: Memory Usage (440932K) : metal4_diffprb has 0 polygons
2026-04-01 18:58:41 +0200: Memory Usage (441060K) : heattrans_drw has 39 polygons
2026-04-01 18:58:41 +0200: Memory Usage (441060K) : heatres_drw has 0 polygons
2026-04-01 18:58:41 +0200: Memory Usage (441060K) : fbe_drw has 0 polygons
2026-04-01 18:58:41 +0200: Memory Usage (441188K) : empoly_drw has 0 polygons
2026-04-01 18:58:41 +0200: Memory Usage (441188K) : digisub_drw has 0 polygons
2026-04-01 18:58:41 +0200: Memory Usage (441316K) : text_drw has 41 polygons
2026-04-01 18:58:41 +0200: Memory Usage (441316K) : via4_drw has 0 polygons
2026-04-01 18:58:41 +0200: Memory Usage (441444K) : metal5_drw has 0 polygons
2026-04-01 18:58:41 +0200: Memory Usage (441444K) : metal5_filler has 0 polygons
2026-04-01 18:58:41 +0200: Memory Usage (441572K) : metal5_slit has 0 polygons
2026-04-01 18:58:41 +0200: Memory Usage (441700K) : metal5 has 0 polygons
2026-04-01 18:58:41 +0200: Memory Usage (441700K) : metal5_pin has 0 polygons
2026-04-01 18:58:41 +0200: Memory Usage (441828K) : metal5_mask has 0 polygons
2026-04-01 18:58:41 +0200: Memory Usage (441828K) : metal5_nofill has 0 polygons
2026-04-01 18:58:41 +0200: Memory Usage (441956K) : metal5_text has 0 polygons
2026-04-01 18:58:41 +0200: Memory Usage (441956K) : metal5_OPC has 0 polygons
2026-04-01 18:58:41 +0200: Memory Usage (442084K) : metal5_noqrc has 0 polygons
2026-04-01 18:58:41 +0200: Memory Usage (442084K) : metal5_res has 0 polygons
2026-04-01 18:58:41 +0200: Memory Usage (442212K) : metal5_iprobe has 0 polygons
2026-04-01 18:58:41 +0200: Memory Usage (442212K) : metal5_diffprb has 0 polygons
2026-04-01 18:58:41 +0200: Memory Usage (442340K) : radhard_drw has 0 polygons
2026-04-01 18:58:41 +0200: Memory Usage (442340K) : memcap_drw has 0 polygons
2026-04-01 18:58:41 +0200: Memory Usage (442468K) : varicap_drw has 0 polygons
2026-04-01 18:58:41 +0200: Memory Usage (442468K) : intbondvia_drw has 0 polygons
2026-04-01 18:58:41 +0200: Memory Usage (442596K) : intbondmet_drw has 0 polygons
2026-04-01 18:58:41 +0200: Memory Usage (442596K) : devbondvia_drw has 0 polygons
2026-04-01 18:58:41 +0200: Memory Usage (442596K) : devbondmet_drw has 0 polygons
2026-04-01 18:58:41 +0200: Memory Usage (442724K) : devtrench_drw has 0 polygons
2026-04-01 18:58:41 +0200: Memory Usage (442724K) : redist_drw has 0 polygons
2026-04-01 18:58:41 +0200: Memory Usage (442852K) : graphbot_drw has 0 polygons
2026-04-01 18:58:41 +0200: Memory Usage (442852K) : graphtop_drw has 0 polygons
2026-04-01 18:58:41 +0200: Memory Usage (442980K) : antvia1_drw has 0 polygons
2026-04-01 18:58:41 +0200: Memory Usage (442980K) : antmetal2_drw has 0 polygons
2026-04-01 18:58:41 +0200: Memory Usage (443108K) : graphcont_drw has 0 polygons
2026-04-01 18:58:41 +0200: Memory Usage (443108K) : siwg_drw has 0 polygons
2026-04-01 18:58:41 +0200: Memory Usage (443236K) : siwg_filler has 0 polygons
2026-04-01 18:58:41 +0200: Memory Usage (443236K) : siwg_nofill has 0 polygons
2026-04-01 18:58:41 +0200: Memory Usage (443364K) : sigrating_drw has 0 polygons
2026-04-01 18:58:41 +0200: Memory Usage (443364K) : singrating_drw has 0 polygons
2026-04-01 18:58:41 +0200: Memory Usage (443492K) : graphpas_drw has 0 polygons
2026-04-01 18:58:41 +0200: Memory Usage (443492K) : emwind3_drw has 0 polygons
2026-04-01 18:58:41 +0200: Memory Usage (443620K) : emwihv3_drw has 0 polygons
2026-04-01 18:58:41 +0200: Memory Usage (443620K) : redbulay_drw has 0 polygons
2026-04-01 18:58:41 +0200: Memory Usage (443748K) : smos_drw has 0 polygons
2026-04-01 18:58:41 +0200: Memory Usage (443748K) : graphpad_drw has 0 polygons
2026-04-01 18:58:41 +0200: Memory Usage (443876K) : polimide_drw has 0 polygons
2026-04-01 18:58:41 +0200: Memory Usage (443876K) : polimide_pin has 0 polygons
2026-04-01 18:58:41 +0200: Memory Usage (444004K) : recog_drw has 0 polygons
2026-04-01 18:58:41 +0200: Memory Usage (444004K) : recog_pin has 0 polygons
2026-04-01 18:58:41 +0200: Memory Usage (444132K) : recog_esd has 0 polygons
2026-04-01 18:58:41 +0200: Memory Usage (444132K) : recog_diode has 0 polygons
2026-04-01 18:58:41 +0200: Memory Usage (444260K) : recog_tsv has 0 polygons
2026-04-01 18:58:41 +0200: Memory Usage (444260K) : recog_iprobe has 0 polygons
2026-04-01 18:58:41 +0200: Memory Usage (444388K) : recog_diffprb has 0 polygons
2026-04-01 18:58:41 +0200: Memory Usage (444388K) : recog_pillar has 0 polygons
2026-04-01 18:58:41 +0200: Memory Usage (444516K) : recog_sbump has 0 polygons
2026-04-01 18:58:41 +0200: Memory Usage (444516K) : recog_otp has 0 polygons
2026-04-01 18:58:41 +0200: Memory Usage (444644K) : recog_pdiode has 0 polygons
2026-04-01 18:58:41 +0200: Memory Usage (444644K) : recog_mom has 0 polygons
2026-04-01 18:58:41 +0200: Memory Usage (444772K) : recog_pcm has 0 polygons
2026-04-01 18:58:41 +0200: Memory Usage (444772K) : colopen_drw has 0 polygons
2026-04-01 18:58:41 +0200: Memory Usage (444900K) : graphmetal1_drw has 0 polygons
2026-04-01 18:58:41 +0200: Memory Usage (445028K) : graphmetal1_filler has 0 polygons
2026-04-01 18:58:41 +0200: Memory Usage (445028K) : graphmetal1_nofill has 0 polygons
2026-04-01 18:58:41 +0200: Memory Usage (445156K) : graphmetal1_slit has 0 polygons
2026-04-01 18:58:41 +0200: Memory Usage (445156K) : graphmetal1_OPC has 0 polygons
2026-04-01 18:58:41 +0200: Memory Usage (445284K) : graphmet1l_drw has 0 polygons
2026-04-01 18:58:41 +0200: Memory Usage (445284K) : graphmet1l_filler has 0 polygons
2026-04-01 18:58:41 +0200: Memory Usage (445412K) : graphmet1l_nofill has 0 polygons
2026-04-01 18:58:41 +0200: Memory Usage (445412K) : graphmet1l_slit has 0 polygons
2026-04-01 18:58:41 +0200: Memory Usage (445540K) : graphmet1l_OPC has 0 polygons
2026-04-01 18:58:41 +0200: Memory Usage (445540K) : extblock_drw has 0 polygons
2026-04-01 18:58:41 +0200: Memory Usage (445668K) : nldd_drw has 0 polygons
2026-04-01 18:58:41 +0200: Memory Usage (445668K) : pldd_drw has 0 polygons
2026-04-01 18:58:41 +0200: Memory Usage (445796K) : next_drw has 0 polygons
2026-04-01 18:58:41 +0200: Memory Usage (445796K) : pext_drw has 0 polygons
2026-04-01 18:58:41 +0200: Memory Usage (445924K) : nexthv_drw has 0 polygons
2026-04-01 18:58:41 +0200: Memory Usage (445924K) : pexthv_drw has 0 polygons
2026-04-01 18:58:41 +0200: Memory Usage (446052K) : graphgate_drw has 0 polygons
2026-04-01 18:58:41 +0200: Memory Usage (446052K) : sinwg_drw has 0 polygons
2026-04-01 18:58:41 +0200: Memory Usage (446180K) : sinwg_filler has 0 polygons
2026-04-01 18:58:41 +0200: Memory Usage (446180K) : sinwg_nofill has 0 polygons
2026-04-01 18:58:41 +0200: Memory Usage (446308K) : mempad_drw has 0 polygons
2026-04-01 18:58:41 +0200: Memory Usage (446308K) : topvia1_drw has 0 polygons
2026-04-01 18:58:41 +0200: Memory Usage (446436K) : topmetal1_drw has 0 polygons
2026-04-01 18:58:41 +0200: Memory Usage (446436K) : topmetal1_filler has 0 polygons
2026-04-01 18:58:41 +0200: Memory Usage (446564K) : topmetal1_slit has 0 polygons
2026-04-01 18:58:41 +0200: Memory Usage (446692K) : topmetal1 has 0 polygons
2026-04-01 18:58:41 +0200: Memory Usage (446692K) : topmetal1_pin has 0 polygons
2026-04-01 18:58:41 +0200: Memory Usage (446820K) : topmetal1_mask has 0 polygons
2026-04-01 18:58:41 +0200: Memory Usage (446820K) : topmetal1_nofill has 0 polygons
2026-04-01 18:58:41 +0200: Memory Usage (446948K) : topmetal1_text has 0 polygons
2026-04-01 18:58:41 +0200: Memory Usage (446948K) : topmetal1_noqrc has 0 polygons
2026-04-01 18:58:41 +0200: Memory Usage (447076K) : topmetal1_res has 0 polygons
2026-04-01 18:58:41 +0200: Memory Usage (447076K) : topmetal1_iprobe has 0 polygons
2026-04-01 18:58:41 +0200: Memory Usage (447204K) : topmetal1_diffprb has 0 polygons
2026-04-01 18:58:41 +0200: Memory Usage (447204K) : inldpwl_drw has 0 polygons
2026-04-01 18:58:41 +0200: Memory Usage (447332K) : polyres_drw has 0 polygons
2026-04-01 18:58:41 +0200: Memory Usage (447332K) : polyres_pin has 0 polygons
2026-04-01 18:58:41 +0200: Memory Usage (447460K) : vmim_drw has 0 polygons
2026-04-01 18:58:41 +0200: Memory Usage (447460K) : nbulaycut_drw has 0 polygons
2026-04-01 18:58:41 +0200: Memory Usage (447588K) : antmetal1_drw has 0 polygons
2026-04-01 18:58:41 +0200: Memory Usage (447588K) : topvia2_drw has 0 polygons
2026-04-01 18:58:41 +0200: Memory Usage (447716K) : topmetal2_drw has 0 polygons
2026-04-01 18:58:41 +0200: Memory Usage (447716K) : topmetal2_filler has 0 polygons
2026-04-01 18:58:41 +0200: Memory Usage (447844K) : topmetal2_slit has 0 polygons
2026-04-01 18:58:41 +0200: Memory Usage (447972K) : topmetal2 has 0 polygons
2026-04-01 18:58:41 +0200: Memory Usage (447972K) : topmetal2_pin has 0 polygons
2026-04-01 18:58:41 +0200: Memory Usage (448100K) : topmetal2_mask has 0 polygons
2026-04-01 18:58:41 +0200: Memory Usage (448100K) : topmetal2_nofill has 0 polygons
2026-04-01 18:58:41 +0200: Memory Usage (448228K) : topmetal2_text has 0 polygons
2026-04-01 18:58:41 +0200: Memory Usage (448228K) : topmetal2_noqrc has 0 polygons
2026-04-01 18:58:41 +0200: Memory Usage (448356K) : topmetal2_res has 0 polygons
2026-04-01 18:58:41 +0200: Memory Usage (448356K) : topmetal2_iprobe has 0 polygons
2026-04-01 18:58:41 +0200: Memory Usage (448484K) : topmetal2_diffprb has 0 polygons
2026-04-01 18:58:41 +0200: Memory Usage (448484K) : snsring_drw has 0 polygons
2026-04-01 18:58:41 +0200: Memory Usage (448484K) : sensor_drw has 0 polygons
2026-04-01 18:58:41 +0200: Memory Usage (448484K) : snsarms_drw has 0 polygons
2026-04-01 18:58:41 +0200: Memory Usage (448484K) : snscmosvia_drw has 0 polygons
2026-04-01 18:58:41 +0200: Memory Usage (448612K) : colwind_drw has 0 polygons
2026-04-01 18:58:41 +0200: Memory Usage (448612K) : flm_drw has 0 polygons
2026-04-01 18:58:41 +0200: Memory Usage (448740K) : hafniumox_drw has 0 polygons
2026-04-01 18:58:41 +0200: Memory Usage (448740K) : memvia_drw has 0 polygons
2026-04-01 18:58:41 +0200: Memory Usage (448868K) : thinfilmres_drw has 0 polygons
2026-04-01 18:58:41 +0200: Memory Usage (448868K) : rfmem_drw has 0 polygons
2026-04-01 18:58:41 +0200: Memory Usage (448996K) : norcx_drw has 0 polygons
2026-04-01 18:58:41 +0200: Memory Usage (448996K) : norcx_m2m3 has 0 polygons
2026-04-01 18:58:41 +0200: Memory Usage (449124K) : norcx_m2m4 has 0 polygons
2026-04-01 18:58:41 +0200: Memory Usage (449124K) : norcx_m2m5 has 0 polygons
2026-04-01 18:58:41 +0200: Memory Usage (449252K) : norcx_m2tm1 has 0 polygons
2026-04-01 18:58:41 +0200: Memory Usage (449252K) : norcx_m2tm2 has 0 polygons
2026-04-01 18:58:41 +0200: Memory Usage (449380K) : norcx_m3m4 has 0 polygons
2026-04-01 18:58:41 +0200: Memory Usage (449380K) : norcx_m3m5 has 0 polygons
2026-04-01 18:58:41 +0200: Memory Usage (449380K) : norcx_m3tm1 has 0 polygons
2026-04-01 18:58:41 +0200: Memory Usage (449508K) : norcx_m3tm2 has 0 polygons
2026-04-01 18:58:41 +0200: Memory Usage (449508K) : norcx_m4m5 has 0 polygons
2026-04-01 18:58:41 +0200: Memory Usage (449508K) : norcx_m4tm1 has 0 polygons
2026-04-01 18:58:41 +0200: Memory Usage (449636K) : norcx_m4tm2 has 0 polygons
2026-04-01 18:58:41 +0200: Memory Usage (449636K) : norcx_m5tm1 has 0 polygons
2026-04-01 18:58:41 +0200: Memory Usage (449764K) : norcx_m5tm2 has 0 polygons
2026-04-01 18:58:41 +0200: Memory Usage (449764K) : norcx_tm1tm2 has 0 polygons
2026-04-01 18:58:41 +0200: Memory Usage (449892K) : norcx_m1sub has 0 polygons
2026-04-01 18:58:41 +0200: Memory Usage (449892K) : norcx_m2sub has 0 polygons
2026-04-01 18:58:41 +0200: Memory Usage (450020K) : norcx_m3sub has 0 polygons
2026-04-01 18:58:41 +0200: Memory Usage (450020K) : norcx_m4sub has 0 polygons
2026-04-01 18:58:41 +0200: Memory Usage (450148K) : norcx_m5sub has 0 polygons
2026-04-01 18:58:41 +0200: Memory Usage (450148K) : norcx_tm1sub has 0 polygons
2026-04-01 18:58:41 +0200: Memory Usage (450276K) : norcx_tm2sub has 0 polygons
2026-04-01 18:58:41 +0200: Memory Usage (450404K) : snsbotvia_drw has 0 polygons
2026-04-01 18:58:41 +0200: Memory Usage (450404K) : snstopvia_drw has 0 polygons
2026-04-01 18:58:41 +0200: Memory Usage (450532K) : deepvia_drw has 0 polygons
2026-04-01 18:58:41 +0200: Memory Usage (450532K) : fgetch_drw has 0 polygons
2026-04-01 18:58:41 +0200: Memory Usage (450660K) : ctrgat_drw has 0 polygons
2026-04-01 18:58:41 +0200: Memory Usage (450660K) : fgimp_drw has 0 polygons
2026-04-01 18:58:41 +0200: Memory Usage (450788K) : emwihv_drw has 0 polygons
2026-04-01 18:58:41 +0200: Memory Usage (450788K) : lbe_drw has 0 polygons
2026-04-01 18:58:41 +0200: Memory Usage (450916K) : alcustop_drw has 0 polygons
2026-04-01 18:58:41 +0200: Memory Usage (450916K) : nometfiller_drw has 0 polygons
2026-04-01 18:58:41 +0200: Memory Usage (451044K) : prboundary_drw has 0 polygons
2026-04-01 18:58:41 +0200: Memory Usage (451044K) : exchange0_drw has 0 polygons
2026-04-01 18:58:41 +0200: Memory Usage (451172K) : exchange0_pin has 0 polygons
2026-04-01 18:58:41 +0200: Memory Usage (451172K) : exchange0_text has 0 polygons
2026-04-01 18:58:41 +0200: Memory Usage (451300K) : exchange1_drw has 0 polygons
2026-04-01 18:58:41 +0200: Memory Usage (451300K) : exchange1_pin has 0 polygons
2026-04-01 18:58:41 +0200: Memory Usage (448572K) : exchange1_text has 0 polygons
2026-04-01 18:58:41 +0200: Memory Usage (448572K) : exchange2_drw has 0 polygons
2026-04-01 18:58:41 +0200: Memory Usage (448572K) : exchange2_pin has 0 polygons
2026-04-01 18:58:41 +0200: Memory Usage (448572K) : exchange2_text has 0 polygons
2026-04-01 18:58:41 +0200: Memory Usage (448572K) : exchange3_drw has 0 polygons
2026-04-01 18:58:41 +0200: Memory Usage (448572K) : exchange3_pin has 0 polygons
2026-04-01 18:58:41 +0200: Memory Usage (448572K) : exchange3_text has 0 polygons
2026-04-01 18:58:41 +0200: Memory Usage (448572K) : exchange4_drw has 0 polygons
2026-04-01 18:58:41 +0200: Memory Usage (448572K) : exchange4_pin has 0 polygons
2026-04-01 18:58:41 +0200: Memory Usage (448572K) : exchange4_text has 0 polygons
2026-04-01 18:58:41 +0200: Memory Usage (448572K) : isonwell_drw has 0 polygons
2026-04-01 18:58:41 +0200: Memory Usage (448572K) : Total no. of polygons in the design is 1036
2026-04-01 18:58:41 +0200: Memory Usage (448572K) : Starting base layers derivations
2026-04-01 18:58:41 +0200: Memory Usage (448572K) : Starting general LVS derivations
2026-04-01 18:58:41 +0200: Memory Usage (452412K) : Starting MOSFET DERIVATIONS
2026-04-01 18:58:41 +0200: Memory Usage (452412K) : Starting NMOS DERIVATIONS
2026-04-01 18:58:41 +0200: Memory Usage (452412K) : Starting PMOS DERIVATIONS
2026-04-01 18:58:41 +0200: Memory Usage (452412K) : Starting RF-MOSFET DERIVATIONS
2026-04-01 18:58:41 +0200: Memory Usage (452412K) : Starting RF-NMOS DERIVATIONS
2026-04-01 18:58:41 +0200: Memory Usage (452412K) : Starting RF-PMOS DERIVATIONS
2026-04-01 18:58:41 +0200: Memory Usage (452412K) : Starting BJT DERIVATIONS
2026-04-01 18:58:41 +0200: Memory Usage (452412K) : Starting NPN-BJT DERIVATIONS
2026-04-01 18:58:41 +0200: Memory Usage (452412K) : Starting PNP-BJT DERIVATIONS
2026-04-01 18:58:41 +0200: Memory Usage (452412K) : Starting DIODE DERIVATIONS
2026-04-01 18:58:42 +0200: Memory Usage (453948K) : Starting RESISTOR DERIVATIONS
2026-04-01 18:58:42 +0200: Memory Usage (457276K) : Starting CAP DERIVATIONS
2026-04-01 18:58:42 +0200: Memory Usage (460476K) : Starting ESD DERIVATIONS
2026-04-01 18:58:42 +0200: Memory Usage (470716K) : Starting Inductor DERIVATIONS
2026-04-01 18:58:42 +0200: Memory Usage (452396K) : Starting Taps DERIVATIONS
2026-04-01 18:58:42 +0200: Memory Usage (452396K) : Starting SG13G2 LVS connectivity setup
2026-04-01 18:58:42 +0200: Memory Usage (452396K) : Starting SG13G2 LVS connectivity setup (Inter-layer)
2026-04-01 18:58:42 +0200: Memory Usage (452524K) : Starting SG13G2 LVS connectivity setup (Global)
2026-04-01 18:58:42 +0200: Memory Usage (452524K) : Starting LVS MOSFET CONNECTIONS
2026-04-01 18:58:42 +0200: Memory Usage (452524K) : Starting LVS RF-MOSFET CONNECTIONS
2026-04-01 18:58:42 +0200: Memory Usage (452524K) : Starting LVS BJT CONNECTIONS
2026-04-01 18:58:42 +0200: Memory Usage (452524K) : Starting LVS DIODE CONNECTIONS
2026-04-01 18:58:42 +0200: Memory Usage (452524K) : Starting RESISTOR CONNECTIONS
2026-04-01 18:58:42 +0200: Memory Usage (452524K) : Starting LVS CAP CONNECTIONS
2026-04-01 18:58:42 +0200: Memory Usage (452524K) : Starting ESD CONNECTIONS
2026-04-01 18:58:42 +0200: Memory Usage (452524K) : Starting Inductor CONNECTIONS
2026-04-01 18:58:42 +0200: Memory Usage (452524K) : Starting LVS Taps CONNECTIONS
2026-04-01 18:58:42 +0200: Memory Usage (452524K) : Starting SG13G2 LVS DEVICES EXTRACTION
2026-04-01 18:58:42 +0200: Memory Usage (452524K) : Starting MOSFET EXTRACTION
2026-04-01 18:58:42 +0200: Memory Usage (452524K) : Starting NMOS EXTRACTION
2026-04-01 18:58:42 +0200: Memory Usage (452524K) : Extraction of NMOS-LV transistor
2026-04-01 18:58:42 +0200: Memory Usage (452908K) : Extraction of NMOS-HV transistor
2026-04-01 18:58:42 +0200: Memory Usage (452908K) : Starting PMOS EXTRACTION
2026-04-01 18:58:42 +0200: Memory Usage (452908K) : Extraction of PMOS-LV transistor
2026-04-01 18:58:42 +0200: Memory Usage (452908K) : Extraction of PMOS-HV transistor
2026-04-01 18:58:42 +0200: Memory Usage (452908K) : Starting RF-MOSFET EXTRACTION
2026-04-01 18:58:42 +0200: Memory Usage (452908K) : Extraction of RF-NMOS-LV transistor
2026-04-01 18:58:42 +0200: Memory Usage (452908K) : Extraction of RF-NMOS-HV transistor
2026-04-01 18:58:42 +0200: Memory Usage (452908K) : Extraction of RF-PMOS-LV transistor
2026-04-01 18:58:42 +0200: Memory Usage (452908K) : Extraction of RF-PMOS-HV transistor
2026-04-01 18:58:42 +0200: Memory Usage (452908K) : Starting BJT EXTRACTION
2026-04-01 18:58:42 +0200: Memory Usage (452908K) : Starting NPN-BJT EXTRACTION
2026-04-01 18:58:42 +0200: Memory Usage (452908K) : Extraction of npn13G2 BJT transistor
2026-04-01 18:58:42 +0200: Memory Usage (452908K) : Extraction of npn13G2L BJT transistor
2026-04-01 18:58:42 +0200: Memory Usage (452908K) : Extraction of npn13G2V BJT transistor
2026-04-01 18:58:42 +0200: Memory Usage (452908K) : Starting PNP-BJT EXTRACTION
2026-04-01 18:58:42 +0200: Memory Usage (452908K) : Extracting pnpMPA BJT
2026-04-01 18:58:42 +0200: Memory Usage (452908K) : Starting DIODE EXTRACTION
2026-04-01 18:58:42 +0200: Memory Usage (452908K) : Extracting dantenna diode
2026-04-01 18:58:42 +0200: Memory Usage (452908K) : Extracting dpantenna diode
2026-04-01 18:58:42 +0200: Memory Usage (452908K) : Extracting schottky_nbl1 diode
2026-04-01 18:58:42 +0200: Memory Usage (452908K) : Extracting isolbox diode
2026-04-01 18:58:42 +0200: Memory Usage (452908K) : Starting RESISTOR EXTRACTION
2026-04-01 18:58:42 +0200: Memory Usage (452908K) : Extracting rsil resistor
2026-04-01 18:58:42 +0200: Memory Usage (452908K) : Extracting rppd resistor
2026-04-01 18:58:42 +0200: Memory Usage (452908K) : Extracting rhigh resistor
2026-04-01 18:58:42 +0200: Memory Usage (452908K) : Extracting res_metal1 resistor
2026-04-01 18:58:42 +0200: Memory Usage (453036K) : Extracting res_metal2 resistor
2026-04-01 18:58:42 +0200: Memory Usage (453036K) : Extracting res_metal3 resistor
2026-04-01 18:58:42 +0200: Memory Usage (453036K) : Extracting res_metal4 resistor
2026-04-01 18:58:42 +0200: Memory Usage (453036K) : Extracting res_metal5 resistor
2026-04-01 18:58:42 +0200: Memory Usage (453036K) : Extracting res_topmetal1 resistor
2026-04-01 18:58:42 +0200: Memory Usage (453036K) : Extracting res_topmetal2 resistor
2026-04-01 18:58:42 +0200: Memory Usage (453036K) : Starting CAP EXTRACTION
2026-04-01 18:58:42 +0200: Memory Usage (453036K) : Extracting cap_cmim device
2026-04-01 18:58:42 +0200: Memory Usage (453036K) : Extracting rfcmim device
2026-04-01 18:58:42 +0200: Memory Usage (453036K) : Extracting sg13_hv_svaricap varactor
2026-04-01 18:58:42 +0200: Memory Usage (453036K) : Starting ESD EXTRACTION
2026-04-01 18:58:42 +0200: Memory Usage (453036K) : Extracting diodevdd_2kv ESD device
2026-04-01 18:58:42 +0200: Memory Usage (453036K) : Extracting diodevdd_4kv ESD device
2026-04-01 18:58:42 +0200: Memory Usage (453036K) : Extracting diodevss_2kv ESD device
2026-04-01 18:58:42 +0200: Memory Usage (453036K) : Extracting diodevss_4kv ESD device
2026-04-01 18:58:42 +0200: Memory Usage (453036K) : Extracting idiodevdd_2kv ESD device
2026-04-01 18:58:42 +0200: Memory Usage (453036K) : Extracting idiodevdd_4kv ESD device
2026-04-01 18:58:42 +0200: Memory Usage (453036K) : Extracting idiodevss_2kv ESD device
2026-04-01 18:58:42 +0200: Memory Usage (453036K) : Extracting idiodevss_4kv ESD device
2026-04-01 18:58:42 +0200: Memory Usage (453036K) : Extracting nmoscl_2 ESD device
2026-04-01 18:58:42 +0200: Memory Usage (453036K) : Extracting nmoscl_4 ESD device
2026-04-01 18:58:42 +0200: Memory Usage (453036K) : Starting Inductor EXTRACTION
2026-04-01 18:58:42 +0200: Memory Usage (453036K) : Extracting Inductor2 device
2026-04-01 18:58:42 +0200: Memory Usage (453036K) : Extracting Inductor3 device
2026-04-01 18:58:42 +0200: Memory Usage (453036K) : Starting Taps EXTRACTION
2026-04-01 18:58:42 +0200: Memory Usage (453036K) : Extracting ntap1 device
2026-04-01 18:58:42 +0200: Memory Usage (453036K) : Extracting ptap1 device
2026-04-01 18:58:42 +0200: Memory Usage (453036K) : Starting SG13G2 LVS RF MOS Model Mapping
2026-04-01 18:58:42 +0200: Memory Usage (453164K) : [layout_netlist] Apply RF MOS model mapping and rfmode parameter.
2026-04-01 18:58:42 +0200: Memory Usage (453164K) : Starting SG13G2 LVS Options Preparations
2026-04-01 18:58:42 +0200: Memory Usage (453164K) : SG13G2 LVS flow: extraction -> alignment -> option preparation -> comparison.
2026-04-01 18:58:42 +0200: Memory Usage (453164K) : Starting SG13G2 LVS Alignment
2026-04-01 18:58:42 +0200: Memory Usage (453292K) : Starting SG13G2 LVS Simplification
2026-04-01 18:58:42 +0200: Memory Usage (453292K) : [layout_netlist] simplify: ENABLED
2026-04-01 18:58:42 +0200: Memory Usage (453292K) : [layout_netlist] make_top_level_pins: ENABLED
2026-04-01 18:58:42 +0200: Memory Usage (453292K) : [layout_netlist] combine_devices: SKIPPED
2026-04-01 18:58:42 +0200: Memory Usage (453292K) : [layout_netlist] purge: SKIPPED
2026-04-01 18:58:42 +0200: Memory Usage (453292K) : [layout_netlist] purge_nets: SKIPPED
2026-04-01 18:58:42 +0200: Memory Usage (453292K) : [schematic_netlist] simplify: ENABLED
2026-04-01 18:58:42 +0200: Memory Usage (453292K) : [schematic_netlist] make_top_level_pins: ENABLED
2026-04-01 18:58:42 +0200: Memory Usage (453292K) : [schematic_netlist] combine_devices: SKIPPED
2026-04-01 18:58:42 +0200: Memory Usage (453292K) : [schematic_netlist] purge: SKIPPED
2026-04-01 18:58:42 +0200: Memory Usage (453292K) : [schematic_netlist] purge_nets: SKIPPED
2026-04-01 18:58:42 +0200: Memory Usage (453292K) : Starting SG13G2 LVS Comparison in strict port mode.
2026-04-01 18:58:42 +0200: Memory Usage (453292K) : flag_missing_ports enabled: missing/mislabeled top-level ports are treated as errors.
2026-04-01 18:58:42 +0200: Memory Usage (453420K) : ==========================================
2026-04-01 18:58:42 +0200: Memory Usage (453420K) : INFO : Congratulations! Netlists match.
2026-04-01 18:58:42 +0200: Memory Usage (453420K) : ==========================================
2026-04-01 18:58:42 +0200: Memory Usage (453420K) : LVS Total Run time 1.250992 seconds
