# Logfile created on 2026-04-01 18:56:17 +0200 by logger.rb/v1.4.3
2026-04-01 18:56:17 +0200: Memory Usage (430416K) : Starting running SG13G2 Klayout LVS runset on /home/designer/shared/designs/SSDOR_1.2V_v3/components/comp_w_hyst/comp_w_hyst.gds
2026-04-01 18:56:17 +0200: Memory Usage (430416K) : Ruby Version for klayout: 3.0.2
2026-04-01 18:56:17 +0200: Memory Usage (431696K) : Loading database to memory is complete.
2026-04-01 18:56:17 +0200: Memory Usage (431696K) : SG13G2 Klayout LVS runset output at: /home/designer/shared/designs/SSDOR_1.2V_v3/components/comp_w_hyst/lvs_run_comp_w_hyst_2026_04_01_18_56_16/comp_w_hyst.lvsdb
2026-04-01 18:56:17 +0200: Memory Usage (431696K) : Evaluate switches.
2026-04-01 18:56:17 +0200: Memory Usage (431696K) : Extracted netlist with net names: true
2026-04-01 18:56:17 +0200: Memory Usage (431696K) : Extracted netlist with comments in details: false
2026-04-01 18:56:17 +0200: Memory Usage (431696K) : Selected NET_ONLY option: false
2026-04-01 18:56:17 +0200: Memory Usage (431696K) : Selected LAYOUT_NETLIST option: (none)
2026-04-01 18:56:17 +0200: Memory Usage (431696K) : Selected IGNORE_TOP_PORTS_MISMATCH option: 
2026-04-01 18:56:17 +0200: Memory Usage (431696K) : Selected IMPLICIT_NETS option: (none)
2026-04-01 18:56:17 +0200: Memory Usage (431696K) : Selected TOP_LVL_PINS option: true
2026-04-01 18:56:17 +0200: Memory Usage (431696K) : Selected COMBINE DEVICES option: false
2026-04-01 18:56:17 +0200: Memory Usage (431696K) : Selected PURGE option: false
2026-04-01 18:56:17 +0200: Memory Usage (431696K) : Selected PURGE_NETS option: false
2026-04-01 18:56:17 +0200: Memory Usage (431696K) : Selected SIMPLIFY option: true
2026-04-01 18:56:17 +0200: Memory Usage (431696K) : Selected SERIES_RES option: true
2026-04-01 18:56:17 +0200: Memory Usage (431696K) : Selected PARALLEL_RES option: true
2026-04-01 18:56:17 +0200: Memory Usage (431696K) : deep  mode is enabled.
2026-04-01 18:56:17 +0200: Memory Usage (432720K) : Netlist file: /home/designer/shared/designs/SSDOR_1.2V_v3/components/comp_w_hyst/simulations/comp_w_hyst.spice
2026-04-01 18:56:17 +0200: Memory Usage (432720K) : LVS extracted netlist at: /home/designer/shared/designs/SSDOR_1.2V_v3/components/comp_w_hyst/lvs_run_comp_w_hyst_2026_04_01_18_56_16/comp_w_hyst_extracted.cir
2026-04-01 18:56:17 +0200: Memory Usage (432720K) : Applying SRAM integration support.
2026-04-01 18:56:17 +0200: Memory Usage (432720K) : Starting SG13G2 LVS runset
2026-04-01 18:56:17 +0200: Memory Usage (432720K) : Read in polygons from layers.
2026-04-01 18:56:17 +0200: Memory Usage (433744K) : activ_drw has 65 polygons
2026-04-01 18:56:17 +0200: Memory Usage (433744K) : activ_filler has 0 polygons
2026-04-01 18:56:17 +0200: Memory Usage (433744K) : activ has 65 polygons
2026-04-01 18:56:17 +0200: Memory Usage (433744K) : activ_pin has 0 polygons
2026-04-01 18:56:17 +0200: Memory Usage (433744K) : activ_mask has 0 polygons
2026-04-01 18:56:17 +0200: Memory Usage (433744K) : activ_nofill has 0 polygons
2026-04-01 18:56:17 +0200: Memory Usage (433744K) : activ_OPC has 0 polygons
2026-04-01 18:56:17 +0200: Memory Usage (433744K) : activ_iOPC has 0 polygons
2026-04-01 18:56:17 +0200: Memory Usage (433872K) : activ_noqrc has 0 polygons
2026-04-01 18:56:17 +0200: Memory Usage (433872K) : biwind_drw has 0 polygons
2026-04-01 18:56:17 +0200: Memory Usage (433872K) : biwind_OPC has 0 polygons
2026-04-01 18:56:17 +0200: Memory Usage (434384K) : gatpoly_drw has 57 polygons
2026-04-01 18:56:17 +0200: Memory Usage (434384K) : gatpoly_filler has 0 polygons
2026-04-01 18:56:17 +0200: Memory Usage (434384K) : gatpoly has 57 polygons
2026-04-01 18:56:17 +0200: Memory Usage (434384K) : gatpoly_pin has 9 polygons
2026-04-01 18:56:17 +0200: Memory Usage (434384K) : gatpoly_nofill has 0 polygons
2026-04-01 18:56:17 +0200: Memory Usage (434384K) : gatpoly_OPC has 0 polygons
2026-04-01 18:56:17 +0200: Memory Usage (434384K) : gatpoly_iOPC has 0 polygons
2026-04-01 18:56:17 +0200: Memory Usage (434384K) : gatpoly_noqrc has 0 polygons
2026-04-01 18:56:17 +0200: Memory Usage (434384K) : cont_drw has 444 polygons
2026-04-01 18:56:17 +0200: Memory Usage (434384K) : cont_OPC has 0 polygons
2026-04-01 18:56:17 +0200: Memory Usage (434384K) : nsd_drw has 0 polygons
2026-04-01 18:56:17 +0200: Memory Usage (434384K) : nsd_block has 0 polygons
2026-04-01 18:56:17 +0200: Memory Usage (434384K) : metal1_drw has 111 polygons
2026-04-01 18:56:17 +0200: Memory Usage (434384K) : metal1_filler has 0 polygons
2026-04-01 18:56:17 +0200: Memory Usage (434512K) : metal1_slit has 0 polygons
2026-04-01 18:56:17 +0200: Memory Usage (434768K) : metal1 has 111 polygons
2026-04-01 18:56:17 +0200: Memory Usage (434768K) : metal1_pin has 23 polygons
2026-04-01 18:56:17 +0200: Memory Usage (434896K) : metal1_mask has 0 polygons
2026-04-01 18:56:17 +0200: Memory Usage (434896K) : metal1_nofill has 0 polygons
2026-04-01 18:56:17 +0200: Memory Usage (435280K) : metal1_text has 3 polygons
2026-04-01 18:56:17 +0200: Memory Usage (435280K) : metal1_OPC has 0 polygons
2026-04-01 18:56:17 +0200: Memory Usage (435408K) : metal1_noqrc has 0 polygons
2026-04-01 18:56:17 +0200: Memory Usage (435408K) : metal1_res has 0 polygons
2026-04-01 18:56:17 +0200: Memory Usage (435408K) : metal1_iprobe has 0 polygons
2026-04-01 18:56:17 +0200: Memory Usage (435536K) : metal1_diffprb has 0 polygons
2026-04-01 18:56:17 +0200: Memory Usage (435536K) : passiv_drw has 0 polygons
2026-04-01 18:56:17 +0200: Memory Usage (435664K) : passiv_pin has 0 polygons
2026-04-01 18:56:17 +0200: Memory Usage (435792K) : passiv_sbump has 0 polygons
2026-04-01 18:56:17 +0200: Memory Usage (435792K) : passiv_pillar has 0 polygons
2026-04-01 18:56:17 +0200: Memory Usage (435920K) : passiv_pdl has 0 polygons
2026-04-01 18:56:17 +0200: Memory Usage (435920K) : metal2_drw has 15 polygons
2026-04-01 18:56:17 +0200: Memory Usage (436048K) : metal2_filler has 0 polygons
2026-04-01 18:56:17 +0200: Memory Usage (436048K) : metal2_slit has 0 polygons
2026-04-01 18:56:18 +0200: Memory Usage (436176K) : metal2 has 15 polygons
2026-04-01 18:56:18 +0200: Memory Usage (436304K) : metal2_pin has 3 polygons
2026-04-01 18:56:18 +0200: Memory Usage (436304K) : metal2_mask has 0 polygons
2026-04-01 18:56:18 +0200: Memory Usage (436432K) : metal2_nofill has 0 polygons
2026-04-01 18:56:18 +0200: Memory Usage (436432K) : metal2_text has 3 polygons
2026-04-01 18:56:18 +0200: Memory Usage (436560K) : metal2_OPC has 0 polygons
2026-04-01 18:56:18 +0200: Memory Usage (436560K) : metal2_noqrc has 0 polygons
2026-04-01 18:56:18 +0200: Memory Usage (436688K) : metal2_res has 0 polygons
2026-04-01 18:56:18 +0200: Memory Usage (436688K) : metal2_iprobe has 0 polygons
2026-04-01 18:56:18 +0200: Memory Usage (436816K) : metal2_diffprb has 0 polygons
2026-04-01 18:56:18 +0200: Memory Usage (436816K) : baspoly_drw has 0 polygons
2026-04-01 18:56:18 +0200: Memory Usage (436816K) : baspoly_pin has 0 polygons
2026-04-01 18:56:18 +0200: Memory Usage (436944K) : psd_drw has 13 polygons
2026-04-01 18:56:18 +0200: Memory Usage (436944K) : nldb_drw has 0 polygons
2026-04-01 18:56:18 +0200: Memory Usage (437072K) : digibnd_drw has 0 polygons
2026-04-01 18:56:18 +0200: Memory Usage (437072K) : via1_drw has 18 polygons
2026-04-01 18:56:18 +0200: Memory Usage (437200K) : backmetal1_drw has 0 polygons
2026-04-01 18:56:18 +0200: Memory Usage (437200K) : backmetal1_pin has 0 polygons
2026-04-01 18:56:18 +0200: Memory Usage (437328K) : backmetal1_mask has 0 polygons
2026-04-01 18:56:18 +0200: Memory Usage (437328K) : backmetal1_filler has 0 polygons
2026-04-01 18:56:18 +0200: Memory Usage (437456K) : backmetal1_nofill has 0 polygons
2026-04-01 18:56:18 +0200: Memory Usage (437456K) : backmetal1_slit has 0 polygons
2026-04-01 18:56:18 +0200: Memory Usage (437584K) : backmetal1_text has 0 polygons
2026-04-01 18:56:18 +0200: Memory Usage (437584K) : backmetal1_OPC has 0 polygons
2026-04-01 18:56:18 +0200: Memory Usage (437712K) : backmetal1_noqrc has 0 polygons
2026-04-01 18:56:18 +0200: Memory Usage (437712K) : backmetal1_res has 0 polygons
2026-04-01 18:56:18 +0200: Memory Usage (437840K) : backmetal1_iprobe has 0 polygons
2026-04-01 18:56:18 +0200: Memory Usage (437840K) : backmetal1_diffprb has 0 polygons
2026-04-01 18:56:18 +0200: Memory Usage (437968K) : backpassiv_drw has 0 polygons
2026-04-01 18:56:18 +0200: Memory Usage (437968K) : res_drw has 0 polygons
2026-04-01 18:56:18 +0200: Memory Usage (438096K) : sram_drw has 0 polygons
2026-04-01 18:56:18 +0200: Memory Usage (438096K) : trans_drw has 0 polygons
2026-04-01 18:56:18 +0200: Memory Usage (438224K) : ind_drw has 0 polygons
2026-04-01 18:56:18 +0200: Memory Usage (438224K) : ind_pin has 0 polygons
2026-04-01 18:56:18 +0200: Memory Usage (438224K) : ind_text has 0 polygons
2026-04-01 18:56:18 +0200: Memory Usage (438352K) : salblock_drw has 0 polygons
2026-04-01 18:56:18 +0200: Memory Usage (438352K) : via2_drw has 0 polygons
2026-04-01 18:56:18 +0200: Memory Usage (438480K) : metal3_drw has 0 polygons
2026-04-01 18:56:18 +0200: Memory Usage (438480K) : metal3_filler has 0 polygons
2026-04-01 18:56:18 +0200: Memory Usage (438608K) : metal3_slit has 0 polygons
2026-04-01 18:56:18 +0200: Memory Usage (438736K) : metal3 has 0 polygons
2026-04-01 18:56:18 +0200: Memory Usage (438736K) : metal3_pin has 0 polygons
2026-04-01 18:56:18 +0200: Memory Usage (438864K) : metal3_mask has 0 polygons
2026-04-01 18:56:18 +0200: Memory Usage (438864K) : metal3_nofill has 0 polygons
2026-04-01 18:56:18 +0200: Memory Usage (438992K) : metal3_text has 0 polygons
2026-04-01 18:56:18 +0200: Memory Usage (438992K) : metal3_OPC has 0 polygons
2026-04-01 18:56:18 +0200: Memory Usage (439120K) : metal3_noqrc has 0 polygons
2026-04-01 18:56:18 +0200: Memory Usage (439120K) : metal3_res has 0 polygons
2026-04-01 18:56:18 +0200: Memory Usage (439248K) : metal3_iprobe has 0 polygons
2026-04-01 18:56:18 +0200: Memory Usage (439248K) : metal3_diffprb has 0 polygons
2026-04-01 18:56:18 +0200: Memory Usage (439376K) : nwell_drw has 16 polygons
2026-04-01 18:56:18 +0200: Memory Usage (439376K) : nwell_pin has 1 polygons
2026-04-01 18:56:18 +0200: Memory Usage (439504K) : nwell_text has 0 polygons
2026-04-01 18:56:18 +0200: Memory Usage (439504K) : nbulay_drw has 1 polygons
2026-04-01 18:56:18 +0200: Memory Usage (439632K) : nbulay_pin has 0 polygons
2026-04-01 18:56:18 +0200: Memory Usage (439632K) : nbulay_block has 0 polygons
2026-04-01 18:56:18 +0200: Memory Usage (439632K) : emwind_drw has 0 polygons
2026-04-01 18:56:18 +0200: Memory Usage (439760K) : emwind_OPC has 0 polygons
2026-04-01 18:56:18 +0200: Memory Usage (439760K) : deepco_drw has 0 polygons
2026-04-01 18:56:18 +0200: Memory Usage (439888K) : mim_drw has 0 polygons
2026-04-01 18:56:18 +0200: Memory Usage (439888K) : edgeseal_drw has 0 polygons
2026-04-01 18:56:18 +0200: Memory Usage (440016K) : substrate_drw has 12 polygons
2026-04-01 18:56:18 +0200: Memory Usage (440016K) : substrate_text has 0 polygons
2026-04-01 18:56:18 +0200: Memory Usage (440144K) : dfpad_drw has 0 polygons
2026-04-01 18:56:18 +0200: Memory Usage (440144K) : dfpad_pillar has 0 polygons
2026-04-01 18:56:18 +0200: Memory Usage (440272K) : dfpad_sbump has 0 polygons
2026-04-01 18:56:18 +0200: Memory Usage (440272K) : thickgateox_drw has 0 polygons
2026-04-01 18:56:18 +0200: Memory Usage (440400K) : pldb_drw has 0 polygons
2026-04-01 18:56:18 +0200: Memory Usage (440528K) : pwell_drw has 0 polygons
2026-04-01 18:56:18 +0200: Memory Usage (440528K) : pwell_pin has 0 polygons
2026-04-01 18:56:18 +0200: Memory Usage (440656K) : pwell_block has 0 polygons
2026-04-01 18:56:18 +0200: Memory Usage (440656K) : ic_drw has 0 polygons
2026-04-01 18:56:18 +0200: Memory Usage (440784K) : via3_drw has 0 polygons
2026-04-01 18:56:18 +0200: Memory Usage (440784K) : metal4_drw has 0 polygons
2026-04-01 18:56:18 +0200: Memory Usage (440912K) : metal4_filler has 0 polygons
2026-04-01 18:56:18 +0200: Memory Usage (440912K) : metal4_slit has 0 polygons
2026-04-01 18:56:18 +0200: Memory Usage (441040K) : metal4 has 0 polygons
2026-04-01 18:56:18 +0200: Memory Usage (441168K) : metal4_pin has 0 polygons
2026-04-01 18:56:18 +0200: Memory Usage (441168K) : metal4_mask has 0 polygons
2026-04-01 18:56:18 +0200: Memory Usage (441168K) : metal4_nofill has 0 polygons
2026-04-01 18:56:18 +0200: Memory Usage (441296K) : metal4_text has 0 polygons
2026-04-01 18:56:18 +0200: Memory Usage (441296K) : metal4_OPC has 0 polygons
2026-04-01 18:56:18 +0200: Memory Usage (441424K) : metal4_noqrc has 0 polygons
2026-04-01 18:56:18 +0200: Memory Usage (441424K) : metal4_res has 0 polygons
2026-04-01 18:56:18 +0200: Memory Usage (441552K) : metal4_iprobe has 0 polygons
2026-04-01 18:56:18 +0200: Memory Usage (441552K) : metal4_diffprb has 0 polygons
2026-04-01 18:56:18 +0200: Memory Usage (441680K) : heattrans_drw has 21 polygons
2026-04-01 18:56:18 +0200: Memory Usage (441680K) : heatres_drw has 0 polygons
2026-04-01 18:56:18 +0200: Memory Usage (441808K) : fbe_drw has 0 polygons
2026-04-01 18:56:18 +0200: Memory Usage (441808K) : empoly_drw has 0 polygons
2026-04-01 18:56:18 +0200: Memory Usage (441936K) : digisub_drw has 0 polygons
2026-04-01 18:56:18 +0200: Memory Usage (441936K) : text_drw has 22 polygons
2026-04-01 18:56:18 +0200: Memory Usage (442064K) : via4_drw has 0 polygons
2026-04-01 18:56:18 +0200: Memory Usage (442064K) : metal5_drw has 0 polygons
2026-04-01 18:56:18 +0200: Memory Usage (442192K) : metal5_filler has 0 polygons
2026-04-01 18:56:18 +0200: Memory Usage (442192K) : metal5_slit has 0 polygons
2026-04-01 18:56:18 +0200: Memory Usage (442320K) : metal5 has 0 polygons
2026-04-01 18:56:18 +0200: Memory Usage (442448K) : metal5_pin has 0 polygons
2026-04-01 18:56:18 +0200: Memory Usage (442448K) : metal5_mask has 0 polygons
2026-04-01 18:56:18 +0200: Memory Usage (442576K) : metal5_nofill has 0 polygons
2026-04-01 18:56:18 +0200: Memory Usage (442576K) : metal5_text has 0 polygons
2026-04-01 18:56:18 +0200: Memory Usage (442704K) : metal5_OPC has 0 polygons
2026-04-01 18:56:18 +0200: Memory Usage (442704K) : metal5_noqrc has 0 polygons
2026-04-01 18:56:18 +0200: Memory Usage (442704K) : metal5_res has 0 polygons
2026-04-01 18:56:18 +0200: Memory Usage (442704K) : metal5_iprobe has 0 polygons
2026-04-01 18:56:18 +0200: Memory Usage (442832K) : metal5_diffprb has 0 polygons
2026-04-01 18:56:18 +0200: Memory Usage (442832K) : radhard_drw has 0 polygons
2026-04-01 18:56:18 +0200: Memory Usage (442960K) : memcap_drw has 0 polygons
2026-04-01 18:56:18 +0200: Memory Usage (443088K) : varicap_drw has 0 polygons
2026-04-01 18:56:18 +0200: Memory Usage (443088K) : intbondvia_drw has 0 polygons
2026-04-01 18:56:18 +0200: Memory Usage (443216K) : intbondmet_drw has 0 polygons
2026-04-01 18:56:18 +0200: Memory Usage (443216K) : devbondvia_drw has 0 polygons
2026-04-01 18:56:18 +0200: Memory Usage (443344K) : devbondmet_drw has 0 polygons
2026-04-01 18:56:18 +0200: Memory Usage (443344K) : devtrench_drw has 0 polygons
2026-04-01 18:56:18 +0200: Memory Usage (443472K) : redist_drw has 0 polygons
2026-04-01 18:56:18 +0200: Memory Usage (443472K) : graphbot_drw has 0 polygons
2026-04-01 18:56:18 +0200: Memory Usage (443600K) : graphtop_drw has 0 polygons
2026-04-01 18:56:18 +0200: Memory Usage (443600K) : antvia1_drw has 0 polygons
2026-04-01 18:56:18 +0200: Memory Usage (443728K) : antmetal2_drw has 0 polygons
2026-04-01 18:56:18 +0200: Memory Usage (443728K) : graphcont_drw has 0 polygons
2026-04-01 18:56:18 +0200: Memory Usage (443856K) : siwg_drw has 0 polygons
2026-04-01 18:56:18 +0200: Memory Usage (443856K) : siwg_filler has 0 polygons
2026-04-01 18:56:18 +0200: Memory Usage (443984K) : siwg_nofill has 0 polygons
2026-04-01 18:56:18 +0200: Memory Usage (443984K) : sigrating_drw has 0 polygons
2026-04-01 18:56:18 +0200: Memory Usage (444112K) : singrating_drw has 0 polygons
2026-04-01 18:56:18 +0200: Memory Usage (444112K) : graphpas_drw has 0 polygons
2026-04-01 18:56:18 +0200: Memory Usage (444240K) : emwind3_drw has 0 polygons
2026-04-01 18:56:18 +0200: Memory Usage (444240K) : emwihv3_drw has 0 polygons
2026-04-01 18:56:18 +0200: Memory Usage (444368K) : redbulay_drw has 0 polygons
2026-04-01 18:56:18 +0200: Memory Usage (444368K) : smos_drw has 0 polygons
2026-04-01 18:56:18 +0200: Memory Usage (444496K) : graphpad_drw has 0 polygons
2026-04-01 18:56:18 +0200: Memory Usage (444496K) : polimide_drw has 0 polygons
2026-04-01 18:56:18 +0200: Memory Usage (444624K) : polimide_pin has 0 polygons
2026-04-01 18:56:18 +0200: Memory Usage (444624K) : recog_drw has 0 polygons
2026-04-01 18:56:18 +0200: Memory Usage (444752K) : recog_pin has 0 polygons
2026-04-01 18:56:18 +0200: Memory Usage (444752K) : recog_esd has 0 polygons
2026-04-01 18:56:18 +0200: Memory Usage (444880K) : recog_diode has 0 polygons
2026-04-01 18:56:18 +0200: Memory Usage (444880K) : recog_tsv has 0 polygons
2026-04-01 18:56:18 +0200: Memory Usage (445008K) : recog_iprobe has 0 polygons
2026-04-01 18:56:18 +0200: Memory Usage (445136K) : recog_diffprb has 0 polygons
2026-04-01 18:56:18 +0200: Memory Usage (445136K) : recog_pillar has 0 polygons
2026-04-01 18:56:18 +0200: Memory Usage (445264K) : recog_sbump has 0 polygons
2026-04-01 18:56:18 +0200: Memory Usage (445264K) : recog_otp has 0 polygons
2026-04-01 18:56:18 +0200: Memory Usage (445392K) : recog_pdiode has 0 polygons
2026-04-01 18:56:18 +0200: Memory Usage (445392K) : recog_mom has 0 polygons
2026-04-01 18:56:18 +0200: Memory Usage (445520K) : recog_pcm has 0 polygons
2026-04-01 18:56:18 +0200: Memory Usage (445520K) : colopen_drw has 0 polygons
2026-04-01 18:56:18 +0200: Memory Usage (445520K) : graphmetal1_drw has 0 polygons
2026-04-01 18:56:18 +0200: Memory Usage (445648K) : graphmetal1_filler has 0 polygons
2026-04-01 18:56:18 +0200: Memory Usage (445648K) : graphmetal1_nofill has 0 polygons
2026-04-01 18:56:18 +0200: Memory Usage (445776K) : graphmetal1_slit has 0 polygons
2026-04-01 18:56:18 +0200: Memory Usage (445776K) : graphmetal1_OPC has 0 polygons
2026-04-01 18:56:18 +0200: Memory Usage (445904K) : graphmet1l_drw has 0 polygons
2026-04-01 18:56:18 +0200: Memory Usage (445904K) : graphmet1l_filler has 0 polygons
2026-04-01 18:56:18 +0200: Memory Usage (446032K) : graphmet1l_nofill has 0 polygons
2026-04-01 18:56:18 +0200: Memory Usage (446032K) : graphmet1l_slit has 0 polygons
2026-04-01 18:56:18 +0200: Memory Usage (446160K) : graphmet1l_OPC has 0 polygons
2026-04-01 18:56:18 +0200: Memory Usage (446160K) : extblock_drw has 0 polygons
2026-04-01 18:56:18 +0200: Memory Usage (446288K) : nldd_drw has 0 polygons
2026-04-01 18:56:18 +0200: Memory Usage (446288K) : pldd_drw has 0 polygons
2026-04-01 18:56:18 +0200: Memory Usage (446416K) : next_drw has 0 polygons
2026-04-01 18:56:18 +0200: Memory Usage (446416K) : pext_drw has 0 polygons
2026-04-01 18:56:18 +0200: Memory Usage (446544K) : nexthv_drw has 0 polygons
2026-04-01 18:56:18 +0200: Memory Usage (446544K) : pexthv_drw has 0 polygons
2026-04-01 18:56:18 +0200: Memory Usage (446672K) : graphgate_drw has 0 polygons
2026-04-01 18:56:18 +0200: Memory Usage (446672K) : sinwg_drw has 0 polygons
2026-04-01 18:56:18 +0200: Memory Usage (446800K) : sinwg_filler has 0 polygons
2026-04-01 18:56:18 +0200: Memory Usage (446800K) : sinwg_nofill has 0 polygons
2026-04-01 18:56:18 +0200: Memory Usage (446928K) : mempad_drw has 0 polygons
2026-04-01 18:56:18 +0200: Memory Usage (446928K) : topvia1_drw has 0 polygons
2026-04-01 18:56:18 +0200: Memory Usage (447056K) : topmetal1_drw has 0 polygons
2026-04-01 18:56:18 +0200: Memory Usage (447056K) : topmetal1_filler has 0 polygons
2026-04-01 18:56:18 +0200: Memory Usage (447184K) : topmetal1_slit has 0 polygons
2026-04-01 18:56:18 +0200: Memory Usage (447312K) : topmetal1 has 0 polygons
2026-04-01 18:56:18 +0200: Memory Usage (447312K) : topmetal1_pin has 0 polygons
2026-04-01 18:56:18 +0200: Memory Usage (447440K) : topmetal1_mask has 0 polygons
2026-04-01 18:56:18 +0200: Memory Usage (447440K) : topmetal1_nofill has 0 polygons
2026-04-01 18:56:18 +0200: Memory Usage (447568K) : topmetal1_text has 0 polygons
2026-04-01 18:56:18 +0200: Memory Usage (447568K) : topmetal1_noqrc has 0 polygons
2026-04-01 18:56:18 +0200: Memory Usage (447696K) : topmetal1_res has 0 polygons
2026-04-01 18:56:18 +0200: Memory Usage (447696K) : topmetal1_iprobe has 0 polygons
2026-04-01 18:56:18 +0200: Memory Usage (447824K) : topmetal1_diffprb has 0 polygons
2026-04-01 18:56:18 +0200: Memory Usage (447824K) : inldpwl_drw has 0 polygons
2026-04-01 18:56:18 +0200: Memory Usage (447952K) : polyres_drw has 0 polygons
2026-04-01 18:56:18 +0200: Memory Usage (447952K) : polyres_pin has 0 polygons
2026-04-01 18:56:18 +0200: Memory Usage (448080K) : vmim_drw has 0 polygons
2026-04-01 18:56:18 +0200: Memory Usage (448080K) : nbulaycut_drw has 0 polygons
2026-04-01 18:56:18 +0200: Memory Usage (448208K) : antmetal1_drw has 0 polygons
2026-04-01 18:56:18 +0200: Memory Usage (448208K) : topvia2_drw has 0 polygons
2026-04-01 18:56:18 +0200: Memory Usage (448336K) : topmetal2_drw has 0 polygons
2026-04-01 18:56:18 +0200: Memory Usage (448336K) : topmetal2_filler has 0 polygons
2026-04-01 18:56:18 +0200: Memory Usage (448464K) : topmetal2_slit has 0 polygons
2026-04-01 18:56:18 +0200: Memory Usage (448464K) : topmetal2 has 0 polygons
2026-04-01 18:56:18 +0200: Memory Usage (448464K) : topmetal2_pin has 0 polygons
2026-04-01 18:56:18 +0200: Memory Usage (448464K) : topmetal2_mask has 0 polygons
2026-04-01 18:56:18 +0200: Memory Usage (448592K) : topmetal2_nofill has 0 polygons
2026-04-01 18:56:18 +0200: Memory Usage (448592K) : topmetal2_text has 0 polygons
2026-04-01 18:56:18 +0200: Memory Usage (448720K) : topmetal2_noqrc has 0 polygons
2026-04-01 18:56:18 +0200: Memory Usage (448720K) : topmetal2_res has 0 polygons
2026-04-01 18:56:18 +0200: Memory Usage (448848K) : topmetal2_iprobe has 0 polygons
2026-04-01 18:56:18 +0200: Memory Usage (448848K) : topmetal2_diffprb has 0 polygons
2026-04-01 18:56:18 +0200: Memory Usage (448976K) : snsring_drw has 0 polygons
2026-04-01 18:56:18 +0200: Memory Usage (448976K) : sensor_drw has 0 polygons
2026-04-01 18:56:18 +0200: Memory Usage (449104K) : snsarms_drw has 0 polygons
2026-04-01 18:56:18 +0200: Memory Usage (449104K) : snscmosvia_drw has 0 polygons
2026-04-01 18:56:18 +0200: Memory Usage (449232K) : colwind_drw has 0 polygons
2026-04-01 18:56:18 +0200: Memory Usage (449232K) : flm_drw has 0 polygons
2026-04-01 18:56:18 +0200: Memory Usage (449360K) : hafniumox_drw has 0 polygons
2026-04-01 18:56:18 +0200: Memory Usage (449360K) : memvia_drw has 0 polygons
2026-04-01 18:56:18 +0200: Memory Usage (449488K) : thinfilmres_drw has 0 polygons
2026-04-01 18:56:18 +0200: Memory Usage (449488K) : rfmem_drw has 0 polygons
2026-04-01 18:56:18 +0200: Memory Usage (449616K) : norcx_drw has 0 polygons
2026-04-01 18:56:18 +0200: Memory Usage (449616K) : norcx_m2m3 has 0 polygons
2026-04-01 18:56:18 +0200: Memory Usage (449744K) : norcx_m2m4 has 0 polygons
2026-04-01 18:56:18 +0200: Memory Usage (449744K) : norcx_m2m5 has 0 polygons
2026-04-01 18:56:18 +0200: Memory Usage (449872K) : norcx_m2tm1 has 0 polygons
2026-04-01 18:56:18 +0200: Memory Usage (449872K) : norcx_m2tm2 has 0 polygons
2026-04-01 18:56:18 +0200: Memory Usage (450000K) : norcx_m3m4 has 0 polygons
2026-04-01 18:56:18 +0200: Memory Usage (450000K) : norcx_m3m5 has 0 polygons
2026-04-01 18:56:18 +0200: Memory Usage (450128K) : norcx_m3tm1 has 0 polygons
2026-04-01 18:56:18 +0200: Memory Usage (450128K) : norcx_m3tm2 has 0 polygons
2026-04-01 18:56:18 +0200: Memory Usage (450128K) : norcx_m4m5 has 0 polygons
2026-04-01 18:56:18 +0200: Memory Usage (450256K) : norcx_m4tm1 has 0 polygons
2026-04-01 18:56:18 +0200: Memory Usage (450256K) : norcx_m4tm2 has 0 polygons
2026-04-01 18:56:18 +0200: Memory Usage (450384K) : norcx_m5tm1 has 0 polygons
2026-04-01 18:56:18 +0200: Memory Usage (450384K) : norcx_m5tm2 has 0 polygons
2026-04-01 18:56:18 +0200: Memory Usage (450512K) : norcx_tm1tm2 has 0 polygons
2026-04-01 18:56:18 +0200: Memory Usage (450512K) : norcx_m1sub has 0 polygons
2026-04-01 18:56:18 +0200: Memory Usage (450640K) : norcx_m2sub has 0 polygons
2026-04-01 18:56:18 +0200: Memory Usage (450640K) : norcx_m3sub has 0 polygons
2026-04-01 18:56:18 +0200: Memory Usage (450768K) : norcx_m4sub has 0 polygons
2026-04-01 18:56:18 +0200: Memory Usage (450768K) : norcx_m5sub has 0 polygons
2026-04-01 18:56:18 +0200: Memory Usage (449104K) : norcx_tm1sub has 0 polygons
2026-04-01 18:56:18 +0200: Memory Usage (449104K) : norcx_tm2sub has 0 polygons
2026-04-01 18:56:18 +0200: Memory Usage (449104K) : snsbotvia_drw has 0 polygons
2026-04-01 18:56:18 +0200: Memory Usage (449104K) : snstopvia_drw has 0 polygons
2026-04-01 18:56:18 +0200: Memory Usage (449104K) : deepvia_drw has 0 polygons
2026-04-01 18:56:18 +0200: Memory Usage (449104K) : fgetch_drw has 0 polygons
2026-04-01 18:56:18 +0200: Memory Usage (449104K) : ctrgat_drw has 0 polygons
2026-04-01 18:56:18 +0200: Memory Usage (449104K) : fgimp_drw has 0 polygons
2026-04-01 18:56:18 +0200: Memory Usage (449104K) : emwihv_drw has 0 polygons
2026-04-01 18:56:18 +0200: Memory Usage (449104K) : lbe_drw has 0 polygons
2026-04-01 18:56:18 +0200: Memory Usage (449104K) : alcustop_drw has 0 polygons
2026-04-01 18:56:18 +0200: Memory Usage (449104K) : nometfiller_drw has 0 polygons
2026-04-01 18:56:18 +0200: Memory Usage (449104K) : prboundary_drw has 0 polygons
2026-04-01 18:56:18 +0200: Memory Usage (449104K) : exchange0_drw has 0 polygons
2026-04-01 18:56:18 +0200: Memory Usage (449104K) : exchange0_pin has 0 polygons
2026-04-01 18:56:18 +0200: Memory Usage (449104K) : exchange0_text has 0 polygons
2026-04-01 18:56:18 +0200: Memory Usage (449104K) : exchange1_drw has 0 polygons
2026-04-01 18:56:18 +0200: Memory Usage (449104K) : exchange1_pin has 0 polygons
2026-04-01 18:56:18 +0200: Memory Usage (449104K) : exchange1_text has 0 polygons
2026-04-01 18:56:18 +0200: Memory Usage (449104K) : exchange2_drw has 0 polygons
2026-04-01 18:56:18 +0200: Memory Usage (449104K) : exchange2_pin has 0 polygons
2026-04-01 18:56:18 +0200: Memory Usage (449104K) : exchange2_text has 0 polygons
2026-04-01 18:56:18 +0200: Memory Usage (449104K) : exchange3_drw has 0 polygons
2026-04-01 18:56:18 +0200: Memory Usage (449104K) : exchange3_pin has 0 polygons
2026-04-01 18:56:18 +0200: Memory Usage (449104K) : exchange3_text has 0 polygons
2026-04-01 18:56:18 +0200: Memory Usage (449104K) : exchange4_drw has 0 polygons
2026-04-01 18:56:18 +0200: Memory Usage (449104K) : exchange4_pin has 0 polygons
2026-04-01 18:56:18 +0200: Memory Usage (449104K) : exchange4_text has 0 polygons
2026-04-01 18:56:18 +0200: Memory Usage (449104K) : isonwell_drw has 0 polygons
2026-04-01 18:56:18 +0200: Memory Usage (449104K) : Total no. of polygons in the design is 837
2026-04-01 18:56:18 +0200: Memory Usage (449104K) : Starting base layers derivations
2026-04-01 18:56:18 +0200: Memory Usage (449104K) : Starting general LVS derivations
2026-04-01 18:56:18 +0200: Memory Usage (452816K) : Starting MOSFET DERIVATIONS
2026-04-01 18:56:18 +0200: Memory Usage (452816K) : Starting NMOS DERIVATIONS
2026-04-01 18:56:18 +0200: Memory Usage (452816K) : Starting PMOS DERIVATIONS
2026-04-01 18:56:18 +0200: Memory Usage (452816K) : Starting RF-MOSFET DERIVATIONS
2026-04-01 18:56:18 +0200: Memory Usage (452816K) : Starting RF-NMOS DERIVATIONS
2026-04-01 18:56:18 +0200: Memory Usage (452816K) : Starting RF-PMOS DERIVATIONS
2026-04-01 18:56:18 +0200: Memory Usage (452816K) : Starting BJT DERIVATIONS
2026-04-01 18:56:18 +0200: Memory Usage (452816K) : Starting NPN-BJT DERIVATIONS
2026-04-01 18:56:18 +0200: Memory Usage (452816K) : Starting PNP-BJT DERIVATIONS
2026-04-01 18:56:18 +0200: Memory Usage (452816K) : Starting DIODE DERIVATIONS
2026-04-01 18:56:18 +0200: Memory Usage (455632K) : Starting RESISTOR DERIVATIONS
2026-04-01 18:56:18 +0200: Memory Usage (458960K) : Starting CAP DERIVATIONS
2026-04-01 18:56:18 +0200: Memory Usage (462032K) : Starting ESD DERIVATIONS
2026-04-01 18:56:19 +0200: Memory Usage (463168K) : Starting Inductor DERIVATIONS
2026-04-01 18:56:19 +0200: Memory Usage (463168K) : Starting Taps DERIVATIONS
2026-04-01 18:56:19 +0200: Memory Usage (463168K) : Starting SG13G2 LVS connectivity setup
2026-04-01 18:56:19 +0200: Memory Usage (463168K) : Starting SG13G2 LVS connectivity setup (Inter-layer)
2026-04-01 18:56:19 +0200: Memory Usage (463296K) : Starting SG13G2 LVS connectivity setup (Global)
2026-04-01 18:56:19 +0200: Memory Usage (463296K) : Starting LVS MOSFET CONNECTIONS
2026-04-01 18:56:19 +0200: Memory Usage (463296K) : Starting LVS RF-MOSFET CONNECTIONS
2026-04-01 18:56:19 +0200: Memory Usage (463296K) : Starting LVS BJT CONNECTIONS
2026-04-01 18:56:19 +0200: Memory Usage (463296K) : Starting LVS DIODE CONNECTIONS
2026-04-01 18:56:19 +0200: Memory Usage (463296K) : Starting RESISTOR CONNECTIONS
2026-04-01 18:56:19 +0200: Memory Usage (463296K) : Starting LVS CAP CONNECTIONS
2026-04-01 18:56:19 +0200: Memory Usage (463296K) : Starting ESD CONNECTIONS
2026-04-01 18:56:19 +0200: Memory Usage (463296K) : Starting Inductor CONNECTIONS
2026-04-01 18:56:19 +0200: Memory Usage (463296K) : Starting LVS Taps CONNECTIONS
2026-04-01 18:56:19 +0200: Memory Usage (463296K) : Starting SG13G2 LVS DEVICES EXTRACTION
2026-04-01 18:56:19 +0200: Memory Usage (463296K) : Starting MOSFET EXTRACTION
2026-04-01 18:56:19 +0200: Memory Usage (463296K) : Starting NMOS EXTRACTION
2026-04-01 18:56:19 +0200: Memory Usage (463296K) : Extraction of NMOS-LV transistor
2026-04-01 18:56:19 +0200: Memory Usage (463552K) : Extraction of NMOS-HV transistor
2026-04-01 18:56:19 +0200: Memory Usage (463552K) : Starting PMOS EXTRACTION
2026-04-01 18:56:19 +0200: Memory Usage (463552K) : Extraction of PMOS-LV transistor
2026-04-01 18:56:19 +0200: Memory Usage (463552K) : Extraction of PMOS-HV transistor
2026-04-01 18:56:19 +0200: Memory Usage (463552K) : Starting RF-MOSFET EXTRACTION
2026-04-01 18:56:19 +0200: Memory Usage (463552K) : Extraction of RF-NMOS-LV transistor
2026-04-01 18:56:19 +0200: Memory Usage (463552K) : Extraction of RF-NMOS-HV transistor
2026-04-01 18:56:19 +0200: Memory Usage (463552K) : Extraction of RF-PMOS-LV transistor
2026-04-01 18:56:19 +0200: Memory Usage (463552K) : Extraction of RF-PMOS-HV transistor
2026-04-01 18:56:19 +0200: Memory Usage (463552K) : Starting BJT EXTRACTION
2026-04-01 18:56:19 +0200: Memory Usage (463552K) : Starting NPN-BJT EXTRACTION
2026-04-01 18:56:19 +0200: Memory Usage (463552K) : Extraction of npn13G2 BJT transistor
2026-04-01 18:56:19 +0200: Memory Usage (463552K) : Extraction of npn13G2L BJT transistor
2026-04-01 18:56:19 +0200: Memory Usage (463552K) : Extraction of npn13G2V BJT transistor
2026-04-01 18:56:19 +0200: Memory Usage (463552K) : Starting PNP-BJT EXTRACTION
2026-04-01 18:56:19 +0200: Memory Usage (463552K) : Extracting pnpMPA BJT
2026-04-01 18:56:19 +0200: Memory Usage (463552K) : Starting DIODE EXTRACTION
2026-04-01 18:56:19 +0200: Memory Usage (463552K) : Extracting dantenna diode
2026-04-01 18:56:19 +0200: Memory Usage (463552K) : Extracting dpantenna diode
2026-04-01 18:56:19 +0200: Memory Usage (463552K) : Extracting schottky_nbl1 diode
2026-04-01 18:56:19 +0200: Memory Usage (463552K) : Extracting isolbox diode
2026-04-01 18:56:19 +0200: Memory Usage (463552K) : Starting RESISTOR EXTRACTION
2026-04-01 18:56:19 +0200: Memory Usage (463552K) : Extracting rsil resistor
2026-04-01 18:56:19 +0200: Memory Usage (463552K) : Extracting rppd resistor
2026-04-01 18:56:19 +0200: Memory Usage (463552K) : Extracting rhigh resistor
2026-04-01 18:56:19 +0200: Memory Usage (463552K) : Extracting res_metal1 resistor
2026-04-01 18:56:19 +0200: Memory Usage (463680K) : Extracting res_metal2 resistor
2026-04-01 18:56:19 +0200: Memory Usage (463680K) : Extracting res_metal3 resistor
2026-04-01 18:56:19 +0200: Memory Usage (463680K) : Extracting res_metal4 resistor
2026-04-01 18:56:19 +0200: Memory Usage (463680K) : Extracting res_metal5 resistor
2026-04-01 18:56:19 +0200: Memory Usage (463680K) : Extracting res_topmetal1 resistor
2026-04-01 18:56:19 +0200: Memory Usage (463680K) : Extracting res_topmetal2 resistor
2026-04-01 18:56:19 +0200: Memory Usage (463680K) : Starting CAP EXTRACTION
2026-04-01 18:56:19 +0200: Memory Usage (463680K) : Extracting cap_cmim device
2026-04-01 18:56:19 +0200: Memory Usage (463680K) : Extracting rfcmim device
2026-04-01 18:56:19 +0200: Memory Usage (463680K) : Extracting sg13_hv_svaricap varactor
2026-04-01 18:56:19 +0200: Memory Usage (463680K) : Starting ESD EXTRACTION
2026-04-01 18:56:19 +0200: Memory Usage (463680K) : Extracting diodevdd_2kv ESD device
2026-04-01 18:56:19 +0200: Memory Usage (463680K) : Extracting diodevdd_4kv ESD device
2026-04-01 18:56:19 +0200: Memory Usage (463680K) : Extracting diodevss_2kv ESD device
2026-04-01 18:56:19 +0200: Memory Usage (463680K) : Extracting diodevss_4kv ESD device
2026-04-01 18:56:19 +0200: Memory Usage (463680K) : Extracting idiodevdd_2kv ESD device
2026-04-01 18:56:19 +0200: Memory Usage (463680K) : Extracting idiodevdd_4kv ESD device
2026-04-01 18:56:19 +0200: Memory Usage (463680K) : Extracting idiodevss_2kv ESD device
2026-04-01 18:56:19 +0200: Memory Usage (463680K) : Extracting idiodevss_4kv ESD device
2026-04-01 18:56:19 +0200: Memory Usage (463680K) : Extracting nmoscl_2 ESD device
2026-04-01 18:56:19 +0200: Memory Usage (463680K) : Extracting nmoscl_4 ESD device
2026-04-01 18:56:19 +0200: Memory Usage (463680K) : Starting Inductor EXTRACTION
2026-04-01 18:56:19 +0200: Memory Usage (463680K) : Extracting Inductor2 device
2026-04-01 18:56:19 +0200: Memory Usage (463680K) : Extracting Inductor3 device
2026-04-01 18:56:19 +0200: Memory Usage (463680K) : Starting Taps EXTRACTION
2026-04-01 18:56:19 +0200: Memory Usage (463680K) : Extracting ntap1 device
2026-04-01 18:56:19 +0200: Memory Usage (463808K) : Extracting ptap1 device
2026-04-01 18:56:19 +0200: Memory Usage (463808K) : Starting SG13G2 LVS RF MOS Model Mapping
2026-04-01 18:56:19 +0200: Memory Usage (463808K) : [layout_netlist] Apply RF MOS model mapping and rfmode parameter.
2026-04-01 18:56:19 +0200: Memory Usage (463808K) : Starting SG13G2 LVS Options Preparations
2026-04-01 18:56:19 +0200: Memory Usage (463808K) : SG13G2 LVS flow: extraction -> alignment -> option preparation -> comparison.
2026-04-01 18:56:19 +0200: Memory Usage (463808K) : Starting SG13G2 LVS Alignment
2026-04-01 18:56:19 +0200: Memory Usage (463936K) : Starting SG13G2 LVS Simplification
2026-04-01 18:56:19 +0200: Memory Usage (463936K) : [layout_netlist] simplify: ENABLED
2026-04-01 18:56:19 +0200: Memory Usage (463936K) : [layout_netlist] make_top_level_pins: ENABLED
2026-04-01 18:56:19 +0200: Memory Usage (463936K) : [layout_netlist] combine_devices: SKIPPED
2026-04-01 18:56:19 +0200: Memory Usage (463936K) : [layout_netlist] purge: SKIPPED
2026-04-01 18:56:19 +0200: Memory Usage (463936K) : [layout_netlist] purge_nets: SKIPPED
2026-04-01 18:56:19 +0200: Memory Usage (463936K) : [schematic_netlist] simplify: ENABLED
2026-04-01 18:56:19 +0200: Memory Usage (463936K) : [schematic_netlist] make_top_level_pins: ENABLED
2026-04-01 18:56:19 +0200: Memory Usage (463936K) : [schematic_netlist] combine_devices: SKIPPED
2026-04-01 18:56:19 +0200: Memory Usage (463936K) : [schematic_netlist] purge: SKIPPED
2026-04-01 18:56:19 +0200: Memory Usage (463936K) : [schematic_netlist] purge_nets: SKIPPED
2026-04-01 18:56:19 +0200: Memory Usage (463936K) : Starting SG13G2 LVS Comparison in strict port mode.
2026-04-01 18:56:19 +0200: Memory Usage (463936K) : flag_missing_ports enabled: missing/mislabeled top-level ports are treated as errors.
2026-04-01 18:56:19 +0200: Memory Usage (464064K) : ==========================================
2026-04-01 18:56:19 +0200: Memory Usage (464064K) : INFO : Congratulations! Netlists match.
2026-04-01 18:56:19 +0200: Memory Usage (464064K) : ==========================================
2026-04-01 18:56:19 +0200: Memory Usage (464064K) : LVS Total Run time 1.348629 seconds
