# Logfile created on 2026-04-03 00:21:26 +0200 by logger.rb/v1.4.3
2026-04-03 00:21:26 +0200: Memory Usage (430344K) : Starting running SG13G2 Klayout LVS runset on /home/designer/shared/designs/SSDOR_1.2V_v3/components/buffer/buffer.gds
2026-04-03 00:21:26 +0200: Memory Usage (430344K) : Ruby Version for klayout: 3.0.2
2026-04-03 00:21:26 +0200: Memory Usage (431496K) : Loading database to memory is complete.
2026-04-03 00:21:26 +0200: Memory Usage (431496K) : SG13G2 Klayout LVS runset output at: /home/designer/shared/designs/SSDOR_1.2V_v3/components/buffer/lvs_run_buffer_2026_04_03_00_21_25/buffer.lvsdb
2026-04-03 00:21:26 +0200: Memory Usage (431496K) : Evaluate switches.
2026-04-03 00:21:26 +0200: Memory Usage (431496K) : Extracted netlist with net names: true
2026-04-03 00:21:26 +0200: Memory Usage (431496K) : Extracted netlist with comments in details: false
2026-04-03 00:21:26 +0200: Memory Usage (431496K) : Selected NET_ONLY option: false
2026-04-03 00:21:26 +0200: Memory Usage (431496K) : Selected LAYOUT_NETLIST option: (none)
2026-04-03 00:21:26 +0200: Memory Usage (431496K) : Selected IGNORE_TOP_PORTS_MISMATCH option: 
2026-04-03 00:21:26 +0200: Memory Usage (431496K) : Selected IMPLICIT_NETS option: (none)
2026-04-03 00:21:26 +0200: Memory Usage (431496K) : Selected TOP_LVL_PINS option: true
2026-04-03 00:21:26 +0200: Memory Usage (431496K) : Selected COMBINE DEVICES option: false
2026-04-03 00:21:26 +0200: Memory Usage (431496K) : Selected PURGE option: false
2026-04-03 00:21:26 +0200: Memory Usage (431496K) : Selected PURGE_NETS option: false
2026-04-03 00:21:26 +0200: Memory Usage (431496K) : Selected SIMPLIFY option: true
2026-04-03 00:21:26 +0200: Memory Usage (431496K) : Selected SERIES_RES option: true
2026-04-03 00:21:26 +0200: Memory Usage (431496K) : Selected PARALLEL_RES option: true
2026-04-03 00:21:26 +0200: Memory Usage (431496K) : deep  mode is enabled.
2026-04-03 00:21:26 +0200: Memory Usage (432520K) : Netlist file: /home/designer/shared/designs/SSDOR_1.2V_v3/components/buffer/simulations/buffer.spice
2026-04-03 00:21:26 +0200: Memory Usage (432520K) : LVS extracted netlist at: /home/designer/shared/designs/SSDOR_1.2V_v3/components/buffer/lvs_run_buffer_2026_04_03_00_21_25/buffer_extracted.cir
2026-04-03 00:21:26 +0200: Memory Usage (432520K) : Applying SRAM integration support.
2026-04-03 00:21:26 +0200: Memory Usage (432520K) : Starting SG13G2 LVS runset
2026-04-03 00:21:26 +0200: Memory Usage (432520K) : Read in polygons from layers.
2026-04-03 00:21:26 +0200: Memory Usage (433416K) : activ_drw has 348 polygons
2026-04-03 00:21:26 +0200: Memory Usage (433416K) : activ_filler has 0 polygons
2026-04-03 00:21:26 +0200: Memory Usage (433416K) : activ has 348 polygons
2026-04-03 00:21:26 +0200: Memory Usage (433416K) : activ_pin has 0 polygons
2026-04-03 00:21:26 +0200: Memory Usage (433416K) : activ_mask has 0 polygons
2026-04-03 00:21:26 +0200: Memory Usage (433416K) : activ_nofill has 0 polygons
2026-04-03 00:21:26 +0200: Memory Usage (433416K) : activ_OPC has 0 polygons
2026-04-03 00:21:26 +0200: Memory Usage (433416K) : activ_iOPC has 0 polygons
2026-04-03 00:21:26 +0200: Memory Usage (433416K) : activ_noqrc has 0 polygons
2026-04-03 00:21:26 +0200: Memory Usage (433416K) : biwind_drw has 0 polygons
2026-04-03 00:21:26 +0200: Memory Usage (433416K) : biwind_OPC has 0 polygons
2026-04-03 00:21:26 +0200: Memory Usage (433672K) : gatpoly_drw has 301 polygons
2026-04-03 00:21:26 +0200: Memory Usage (433672K) : gatpoly_filler has 0 polygons
2026-04-03 00:21:26 +0200: Memory Usage (433672K) : gatpoly has 301 polygons
2026-04-03 00:21:26 +0200: Memory Usage (433928K) : gatpoly_pin has 38 polygons
2026-04-03 00:21:26 +0200: Memory Usage (433928K) : gatpoly_nofill has 0 polygons
2026-04-03 00:21:26 +0200: Memory Usage (433928K) : gatpoly_OPC has 0 polygons
2026-04-03 00:21:26 +0200: Memory Usage (433928K) : gatpoly_iOPC has 0 polygons
2026-04-03 00:21:26 +0200: Memory Usage (433928K) : gatpoly_noqrc has 0 polygons
2026-04-03 00:21:26 +0200: Memory Usage (434056K) : cont_drw has 2237 polygons
2026-04-03 00:21:26 +0200: Memory Usage (434056K) : cont_OPC has 0 polygons
2026-04-03 00:21:26 +0200: Memory Usage (434056K) : nsd_drw has 0 polygons
2026-04-03 00:21:26 +0200: Memory Usage (434184K) : nsd_block has 0 polygons
2026-04-03 00:21:26 +0200: Memory Usage (434184K) : metal1_drw has 804 polygons
2026-04-03 00:21:26 +0200: Memory Usage (434184K) : metal1_filler has 0 polygons
2026-04-03 00:21:26 +0200: Memory Usage (434312K) : metal1_slit has 0 polygons
2026-04-03 00:21:26 +0200: Memory Usage (434440K) : metal1 has 804 polygons
2026-04-03 00:21:26 +0200: Memory Usage (434440K) : metal1_pin has 83 polygons
2026-04-03 00:21:26 +0200: Memory Usage (434568K) : metal1_mask has 0 polygons
2026-04-03 00:21:26 +0200: Memory Usage (434568K) : metal1_nofill has 0 polygons
2026-04-03 00:21:26 +0200: Memory Usage (434824K) : metal1_text has 1 polygons
2026-04-03 00:21:26 +0200: Memory Usage (434824K) : metal1_OPC has 0 polygons
2026-04-03 00:21:26 +0200: Memory Usage (434952K) : metal1_noqrc has 0 polygons
2026-04-03 00:21:26 +0200: Memory Usage (434952K) : metal1_res has 0 polygons
2026-04-03 00:21:26 +0200: Memory Usage (435080K) : metal1_iprobe has 0 polygons
2026-04-03 00:21:26 +0200: Memory Usage (435080K) : metal1_diffprb has 0 polygons
2026-04-03 00:21:26 +0200: Memory Usage (435080K) : passiv_drw has 0 polygons
2026-04-03 00:21:26 +0200: Memory Usage (435208K) : passiv_pin has 0 polygons
2026-04-03 00:21:26 +0200: Memory Usage (435208K) : passiv_sbump has 0 polygons
2026-04-03 00:21:26 +0200: Memory Usage (435336K) : passiv_pillar has 0 polygons
2026-04-03 00:21:26 +0200: Memory Usage (435336K) : passiv_pdl has 0 polygons
2026-04-03 00:21:26 +0200: Memory Usage (435464K) : metal2_drw has 618 polygons
2026-04-03 00:21:26 +0200: Memory Usage (435464K) : metal2_filler has 0 polygons
2026-04-03 00:21:26 +0200: Memory Usage (435592K) : metal2_slit has 0 polygons
2026-04-03 00:21:26 +0200: Memory Usage (435720K) : metal2 has 618 polygons
2026-04-03 00:21:26 +0200: Memory Usage (435720K) : metal2_pin has 0 polygons
2026-04-03 00:21:26 +0200: Memory Usage (435848K) : metal2_mask has 0 polygons
2026-04-03 00:21:26 +0200: Memory Usage (435848K) : metal2_nofill has 0 polygons
2026-04-03 00:21:26 +0200: Memory Usage (435976K) : metal2_text has 0 polygons
2026-04-03 00:21:26 +0200: Memory Usage (435976K) : metal2_OPC has 0 polygons
2026-04-03 00:21:26 +0200: Memory Usage (436104K) : metal2_noqrc has 0 polygons
2026-04-03 00:21:26 +0200: Memory Usage (436104K) : metal2_res has 0 polygons
2026-04-03 00:21:26 +0200: Memory Usage (436232K) : metal2_iprobe has 0 polygons
2026-04-03 00:21:26 +0200: Memory Usage (436232K) : metal2_diffprb has 0 polygons
2026-04-03 00:21:26 +0200: Memory Usage (436360K) : baspoly_drw has 0 polygons
2026-04-03 00:21:26 +0200: Memory Usage (436360K) : baspoly_pin has 0 polygons
2026-04-03 00:21:26 +0200: Memory Usage (436488K) : psd_drw has 79 polygons
2026-04-03 00:21:26 +0200: Memory Usage (436488K) : nldb_drw has 0 polygons
2026-04-03 00:21:26 +0200: Memory Usage (436616K) : digibnd_drw has 0 polygons
2026-04-03 00:21:26 +0200: Memory Usage (436616K) : via1_drw has 1490 polygons
2026-04-03 00:21:26 +0200: Memory Usage (436616K) : backmetal1_drw has 0 polygons
2026-04-03 00:21:26 +0200: Memory Usage (436744K) : backmetal1_pin has 0 polygons
2026-04-03 00:21:26 +0200: Memory Usage (436744K) : backmetal1_mask has 0 polygons
2026-04-03 00:21:26 +0200: Memory Usage (436872K) : backmetal1_filler has 0 polygons
2026-04-03 00:21:26 +0200: Memory Usage (436872K) : backmetal1_nofill has 0 polygons
2026-04-03 00:21:26 +0200: Memory Usage (437000K) : backmetal1_slit has 0 polygons
2026-04-03 00:21:26 +0200: Memory Usage (437000K) : backmetal1_text has 0 polygons
2026-04-03 00:21:26 +0200: Memory Usage (437128K) : backmetal1_OPC has 0 polygons
2026-04-03 00:21:26 +0200: Memory Usage (437128K) : backmetal1_noqrc has 0 polygons
2026-04-03 00:21:26 +0200: Memory Usage (437256K) : backmetal1_res has 0 polygons
2026-04-03 00:21:26 +0200: Memory Usage (437256K) : backmetal1_iprobe has 0 polygons
2026-04-03 00:21:26 +0200: Memory Usage (437384K) : backmetal1_diffprb has 0 polygons
2026-04-03 00:21:26 +0200: Memory Usage (437384K) : backpassiv_drw has 0 polygons
2026-04-03 00:21:26 +0200: Memory Usage (437512K) : res_drw has 0 polygons
2026-04-03 00:21:26 +0200: Memory Usage (437512K) : sram_drw has 0 polygons
2026-04-03 00:21:26 +0200: Memory Usage (437640K) : trans_drw has 0 polygons
2026-04-03 00:21:26 +0200: Memory Usage (437768K) : ind_drw has 0 polygons
2026-04-03 00:21:26 +0200: Memory Usage (437768K) : ind_pin has 0 polygons
2026-04-03 00:21:26 +0200: Memory Usage (437896K) : ind_text has 0 polygons
2026-04-03 00:21:26 +0200: Memory Usage (437896K) : salblock_drw has 0 polygons
2026-04-03 00:21:26 +0200: Memory Usage (438024K) : via2_drw has 1328 polygons
2026-04-03 00:21:26 +0200: Memory Usage (438024K) : metal3_drw has 400 polygons
2026-04-03 00:21:26 +0200: Memory Usage (438024K) : metal3_filler has 0 polygons
2026-04-03 00:21:26 +0200: Memory Usage (438024K) : metal3_slit has 0 polygons
2026-04-03 00:21:26 +0200: Memory Usage (438152K) : metal3 has 400 polygons
2026-04-03 00:21:26 +0200: Memory Usage (438280K) : metal3_pin has 0 polygons
2026-04-03 00:21:26 +0200: Memory Usage (438280K) : metal3_mask has 0 polygons
2026-04-03 00:21:26 +0200: Memory Usage (438408K) : metal3_nofill has 0 polygons
2026-04-03 00:21:26 +0200: Memory Usage (438408K) : metal3_text has 0 polygons
2026-04-03 00:21:26 +0200: Memory Usage (438536K) : metal3_OPC has 0 polygons
2026-04-03 00:21:26 +0200: Memory Usage (438536K) : metal3_noqrc has 0 polygons
2026-04-03 00:21:26 +0200: Memory Usage (438664K) : metal3_res has 0 polygons
2026-04-03 00:21:26 +0200: Memory Usage (438664K) : metal3_iprobe has 0 polygons
2026-04-03 00:21:26 +0200: Memory Usage (438792K) : metal3_diffprb has 0 polygons
2026-04-03 00:21:26 +0200: Memory Usage (438792K) : nwell_drw has 84 polygons
2026-04-03 00:21:26 +0200: Memory Usage (438920K) : nwell_pin has 3 polygons
2026-04-03 00:21:26 +0200: Memory Usage (438920K) : nwell_text has 0 polygons
2026-04-03 00:21:26 +0200: Memory Usage (439048K) : nbulay_drw has 3 polygons
2026-04-03 00:21:26 +0200: Memory Usage (439048K) : nbulay_pin has 0 polygons
2026-04-03 00:21:26 +0200: Memory Usage (439176K) : nbulay_block has 0 polygons
2026-04-03 00:21:26 +0200: Memory Usage (439176K) : emwind_drw has 0 polygons
2026-04-03 00:21:26 +0200: Memory Usage (439304K) : emwind_OPC has 0 polygons
2026-04-03 00:21:26 +0200: Memory Usage (439304K) : deepco_drw has 0 polygons
2026-04-03 00:21:26 +0200: Memory Usage (439432K) : mim_drw has 0 polygons
2026-04-03 00:21:26 +0200: Memory Usage (439432K) : edgeseal_drw has 0 polygons
2026-04-03 00:21:26 +0200: Memory Usage (439432K) : substrate_drw has 76 polygons
2026-04-03 00:21:26 +0200: Memory Usage (439560K) : substrate_text has 0 polygons
2026-04-03 00:21:27 +0200: Memory Usage (439560K) : dfpad_drw has 0 polygons
2026-04-03 00:21:27 +0200: Memory Usage (439688K) : dfpad_pillar has 0 polygons
2026-04-03 00:21:27 +0200: Memory Usage (439688K) : dfpad_sbump has 0 polygons
2026-04-03 00:21:27 +0200: Memory Usage (439816K) : thickgateox_drw has 0 polygons
2026-04-03 00:21:27 +0200: Memory Usage (439816K) : pldb_drw has 0 polygons
2026-04-03 00:21:27 +0200: Memory Usage (439944K) : pwell_drw has 0 polygons
2026-04-03 00:21:27 +0200: Memory Usage (439944K) : pwell_pin has 0 polygons
2026-04-03 00:21:27 +0200: Memory Usage (440072K) : pwell_block has 0 polygons
2026-04-03 00:21:27 +0200: Memory Usage (440200K) : ic_drw has 0 polygons
2026-04-03 00:21:27 +0200: Memory Usage (440200K) : via3_drw has 508 polygons
2026-04-03 00:21:27 +0200: Memory Usage (440328K) : metal4_drw has 46 polygons
2026-04-03 00:21:27 +0200: Memory Usage (440328K) : metal4_filler has 0 polygons
2026-04-03 00:21:27 +0200: Memory Usage (440456K) : metal4_slit has 0 polygons
2026-04-03 00:21:27 +0200: Memory Usage (440584K) : metal4 has 46 polygons
2026-04-03 00:21:27 +0200: Memory Usage (440584K) : metal4_pin has 3 polygons
2026-04-03 00:21:27 +0200: Memory Usage (440712K) : metal4_mask has 0 polygons
2026-04-03 00:21:27 +0200: Memory Usage (440712K) : metal4_nofill has 0 polygons
2026-04-03 00:21:27 +0200: Memory Usage (440840K) : metal4_text has 3 polygons
2026-04-03 00:21:27 +0200: Memory Usage (440840K) : metal4_OPC has 0 polygons
2026-04-03 00:21:27 +0200: Memory Usage (440968K) : metal4_noqrc has 0 polygons
2026-04-03 00:21:27 +0200: Memory Usage (440968K) : metal4_res has 0 polygons
2026-04-03 00:21:27 +0200: Memory Usage (440968K) : metal4_iprobe has 0 polygons
2026-04-03 00:21:27 +0200: Memory Usage (441096K) : metal4_diffprb has 0 polygons
2026-04-03 00:21:27 +0200: Memory Usage (441096K) : heattrans_drw has 114 polygons
2026-04-03 00:21:27 +0200: Memory Usage (441224K) : heatres_drw has 0 polygons
2026-04-03 00:21:27 +0200: Memory Usage (441224K) : fbe_drw has 0 polygons
2026-04-03 00:21:27 +0200: Memory Usage (441352K) : empoly_drw has 0 polygons
2026-04-03 00:21:27 +0200: Memory Usage (441352K) : digisub_drw has 0 polygons
2026-04-03 00:21:27 +0200: Memory Usage (441480K) : text_drw has 117 polygons
2026-04-03 00:21:27 +0200: Memory Usage (441480K) : via4_drw has 0 polygons
2026-04-03 00:21:27 +0200: Memory Usage (441608K) : metal5_drw has 0 polygons
2026-04-03 00:21:27 +0200: Memory Usage (441608K) : metal5_filler has 0 polygons
2026-04-03 00:21:27 +0200: Memory Usage (441736K) : metal5_slit has 0 polygons
2026-04-03 00:21:27 +0200: Memory Usage (441864K) : metal5 has 0 polygons
2026-04-03 00:21:27 +0200: Memory Usage (441864K) : metal5_pin has 0 polygons
2026-04-03 00:21:27 +0200: Memory Usage (441992K) : metal5_mask has 0 polygons
2026-04-03 00:21:27 +0200: Memory Usage (441992K) : metal5_nofill has 0 polygons
2026-04-03 00:21:27 +0200: Memory Usage (442120K) : metal5_text has 0 polygons
2026-04-03 00:21:27 +0200: Memory Usage (442120K) : metal5_OPC has 0 polygons
2026-04-03 00:21:27 +0200: Memory Usage (442248K) : metal5_noqrc has 0 polygons
2026-04-03 00:21:27 +0200: Memory Usage (442248K) : metal5_res has 0 polygons
2026-04-03 00:21:27 +0200: Memory Usage (442376K) : metal5_iprobe has 0 polygons
2026-04-03 00:21:27 +0200: Memory Usage (442376K) : metal5_diffprb has 0 polygons
2026-04-03 00:21:27 +0200: Memory Usage (442504K) : radhard_drw has 0 polygons
2026-04-03 00:21:27 +0200: Memory Usage (442504K) : memcap_drw has 0 polygons
2026-04-03 00:21:27 +0200: Memory Usage (442504K) : varicap_drw has 0 polygons
2026-04-03 00:21:27 +0200: Memory Usage (442504K) : intbondvia_drw has 0 polygons
2026-04-03 00:21:27 +0200: Memory Usage (442632K) : intbondmet_drw has 0 polygons
2026-04-03 00:21:27 +0200: Memory Usage (442632K) : devbondvia_drw has 0 polygons
2026-04-03 00:21:27 +0200: Memory Usage (442760K) : devbondmet_drw has 0 polygons
2026-04-03 00:21:27 +0200: Memory Usage (442760K) : devtrench_drw has 0 polygons
2026-04-03 00:21:27 +0200: Memory Usage (442888K) : redist_drw has 0 polygons
2026-04-03 00:21:27 +0200: Memory Usage (442888K) : graphbot_drw has 0 polygons
2026-04-03 00:21:27 +0200: Memory Usage (443016K) : graphtop_drw has 0 polygons
2026-04-03 00:21:27 +0200: Memory Usage (443016K) : antvia1_drw has 0 polygons
2026-04-03 00:21:27 +0200: Memory Usage (443144K) : antmetal2_drw has 0 polygons
2026-04-03 00:21:27 +0200: Memory Usage (443144K) : graphcont_drw has 0 polygons
2026-04-03 00:21:27 +0200: Memory Usage (443272K) : siwg_drw has 0 polygons
2026-04-03 00:21:27 +0200: Memory Usage (443400K) : siwg_filler has 0 polygons
2026-04-03 00:21:27 +0200: Memory Usage (443400K) : siwg_nofill has 0 polygons
2026-04-03 00:21:27 +0200: Memory Usage (443528K) : sigrating_drw has 0 polygons
2026-04-03 00:21:27 +0200: Memory Usage (443528K) : singrating_drw has 0 polygons
2026-04-03 00:21:27 +0200: Memory Usage (443656K) : graphpas_drw has 0 polygons
2026-04-03 00:21:27 +0200: Memory Usage (443656K) : emwind3_drw has 0 polygons
2026-04-03 00:21:27 +0200: Memory Usage (443784K) : emwihv3_drw has 0 polygons
2026-04-03 00:21:27 +0200: Memory Usage (443784K) : redbulay_drw has 0 polygons
2026-04-03 00:21:27 +0200: Memory Usage (443912K) : smos_drw has 0 polygons
2026-04-03 00:21:27 +0200: Memory Usage (443912K) : graphpad_drw has 0 polygons
2026-04-03 00:21:27 +0200: Memory Usage (444040K) : polimide_drw has 0 polygons
2026-04-03 00:21:27 +0200: Memory Usage (444040K) : polimide_pin has 0 polygons
2026-04-03 00:21:27 +0200: Memory Usage (444168K) : recog_drw has 0 polygons
2026-04-03 00:21:27 +0200: Memory Usage (444168K) : recog_pin has 0 polygons
2026-04-03 00:21:27 +0200: Memory Usage (444296K) : recog_esd has 0 polygons
2026-04-03 00:21:27 +0200: Memory Usage (444296K) : recog_diode has 0 polygons
2026-04-03 00:21:27 +0200: Memory Usage (444424K) : recog_tsv has 0 polygons
2026-04-03 00:21:27 +0200: Memory Usage (444424K) : recog_iprobe has 0 polygons
2026-04-03 00:21:27 +0200: Memory Usage (444552K) : recog_diffprb has 0 polygons
2026-04-03 00:21:27 +0200: Memory Usage (444552K) : recog_pillar has 0 polygons
2026-04-03 00:21:27 +0200: Memory Usage (444680K) : recog_sbump has 0 polygons
2026-04-03 00:21:27 +0200: Memory Usage (444680K) : recog_otp has 0 polygons
2026-04-03 00:21:27 +0200: Memory Usage (444808K) : recog_pdiode has 0 polygons
2026-04-03 00:21:27 +0200: Memory Usage (444808K) : recog_mom has 0 polygons
2026-04-03 00:21:27 +0200: Memory Usage (444936K) : recog_pcm has 0 polygons
2026-04-03 00:21:27 +0200: Memory Usage (444936K) : colopen_drw has 0 polygons
2026-04-03 00:21:27 +0200: Memory Usage (445064K) : graphmetal1_drw has 0 polygons
2026-04-03 00:21:27 +0200: Memory Usage (445064K) : graphmetal1_filler has 0 polygons
2026-04-03 00:21:27 +0200: Memory Usage (445192K) : graphmetal1_nofill has 0 polygons
2026-04-03 00:21:27 +0200: Memory Usage (445192K) : graphmetal1_slit has 0 polygons
2026-04-03 00:21:27 +0200: Memory Usage (445320K) : graphmetal1_OPC has 0 polygons
2026-04-03 00:21:27 +0200: Memory Usage (445320K) : graphmet1l_drw has 0 polygons
2026-04-03 00:21:27 +0200: Memory Usage (445448K) : graphmet1l_filler has 0 polygons
2026-04-03 00:21:27 +0200: Memory Usage (445576K) : graphmet1l_nofill has 0 polygons
2026-04-03 00:21:27 +0200: Memory Usage (445576K) : graphmet1l_slit has 0 polygons
2026-04-03 00:21:27 +0200: Memory Usage (445704K) : graphmet1l_OPC has 0 polygons
2026-04-03 00:21:27 +0200: Memory Usage (445704K) : extblock_drw has 0 polygons
2026-04-03 00:21:27 +0200: Memory Usage (445704K) : nldd_drw has 0 polygons
2026-04-03 00:21:27 +0200: Memory Usage (445832K) : pldd_drw has 0 polygons
2026-04-03 00:21:27 +0200: Memory Usage (445960K) : next_drw has 0 polygons
2026-04-03 00:21:27 +0200: Memory Usage (445960K) : pext_drw has 0 polygons
2026-04-03 00:21:27 +0200: Memory Usage (446088K) : nexthv_drw has 0 polygons
2026-04-03 00:21:27 +0200: Memory Usage (446088K) : pexthv_drw has 0 polygons
2026-04-03 00:21:27 +0200: Memory Usage (446216K) : graphgate_drw has 0 polygons
2026-04-03 00:21:27 +0200: Memory Usage (446216K) : sinwg_drw has 0 polygons
2026-04-03 00:21:27 +0200: Memory Usage (446344K) : sinwg_filler has 0 polygons
2026-04-03 00:21:27 +0200: Memory Usage (446344K) : sinwg_nofill has 0 polygons
2026-04-03 00:21:27 +0200: Memory Usage (446472K) : mempad_drw has 0 polygons
2026-04-03 00:21:27 +0200: Memory Usage (446472K) : topvia1_drw has 0 polygons
2026-04-03 00:21:27 +0200: Memory Usage (446600K) : topmetal1_drw has 0 polygons
2026-04-03 00:21:27 +0200: Memory Usage (446600K) : topmetal1_filler has 0 polygons
2026-04-03 00:21:27 +0200: Memory Usage (446728K) : topmetal1_slit has 0 polygons
2026-04-03 00:21:27 +0200: Memory Usage (446856K) : topmetal1 has 0 polygons
2026-04-03 00:21:27 +0200: Memory Usage (446856K) : topmetal1_pin has 0 polygons
2026-04-03 00:21:27 +0200: Memory Usage (446984K) : topmetal1_mask has 0 polygons
2026-04-03 00:21:27 +0200: Memory Usage (446984K) : topmetal1_nofill has 0 polygons
2026-04-03 00:21:27 +0200: Memory Usage (447112K) : topmetal1_text has 0 polygons
2026-04-03 00:21:27 +0200: Memory Usage (447112K) : topmetal1_noqrc has 0 polygons
2026-04-03 00:21:27 +0200: Memory Usage (447240K) : topmetal1_res has 0 polygons
2026-04-03 00:21:27 +0200: Memory Usage (447240K) : topmetal1_iprobe has 0 polygons
2026-04-03 00:21:27 +0200: Memory Usage (447368K) : topmetal1_diffprb has 0 polygons
2026-04-03 00:21:27 +0200: Memory Usage (447368K) : inldpwl_drw has 0 polygons
2026-04-03 00:21:27 +0200: Memory Usage (447496K) : polyres_drw has 0 polygons
2026-04-03 00:21:27 +0200: Memory Usage (447496K) : polyres_pin has 0 polygons
2026-04-03 00:21:27 +0200: Memory Usage (447496K) : vmim_drw has 0 polygons
2026-04-03 00:21:27 +0200: Memory Usage (447624K) : nbulaycut_drw has 0 polygons
2026-04-03 00:21:27 +0200: Memory Usage (447624K) : antmetal1_drw has 0 polygons
2026-04-03 00:21:27 +0200: Memory Usage (447752K) : topvia2_drw has 0 polygons
2026-04-03 00:21:27 +0200: Memory Usage (447752K) : topmetal2_drw has 0 polygons
2026-04-03 00:21:27 +0200: Memory Usage (447880K) : topmetal2_filler has 0 polygons
2026-04-03 00:21:27 +0200: Memory Usage (447880K) : topmetal2_slit has 0 polygons
2026-04-03 00:21:27 +0200: Memory Usage (448008K) : topmetal2 has 0 polygons
2026-04-03 00:21:27 +0200: Memory Usage (448136K) : topmetal2_pin has 0 polygons
2026-04-03 00:21:27 +0200: Memory Usage (448136K) : topmetal2_mask has 0 polygons
2026-04-03 00:21:27 +0200: Memory Usage (448264K) : topmetal2_nofill has 0 polygons
2026-04-03 00:21:27 +0200: Memory Usage (448264K) : topmetal2_text has 0 polygons
2026-04-03 00:21:27 +0200: Memory Usage (448392K) : topmetal2_noqrc has 0 polygons
2026-04-03 00:21:27 +0200: Memory Usage (448392K) : topmetal2_res has 0 polygons
2026-04-03 00:21:27 +0200: Memory Usage (448392K) : topmetal2_iprobe has 0 polygons
2026-04-03 00:21:27 +0200: Memory Usage (448392K) : topmetal2_diffprb has 0 polygons
2026-04-03 00:21:27 +0200: Memory Usage (448392K) : snsring_drw has 0 polygons
2026-04-03 00:21:27 +0200: Memory Usage (448392K) : sensor_drw has 0 polygons
2026-04-03 00:21:27 +0200: Memory Usage (448520K) : snsarms_drw has 0 polygons
2026-04-03 00:21:27 +0200: Memory Usage (448520K) : snscmosvia_drw has 0 polygons
2026-04-03 00:21:27 +0200: Memory Usage (448648K) : colwind_drw has 0 polygons
2026-04-03 00:21:27 +0200: Memory Usage (448648K) : flm_drw has 0 polygons
2026-04-03 00:21:27 +0200: Memory Usage (448776K) : hafniumox_drw has 0 polygons
2026-04-03 00:21:27 +0200: Memory Usage (448776K) : memvia_drw has 0 polygons
2026-04-03 00:21:27 +0200: Memory Usage (448904K) : thinfilmres_drw has 0 polygons
2026-04-03 00:21:27 +0200: Memory Usage (448904K) : rfmem_drw has 0 polygons
2026-04-03 00:21:27 +0200: Memory Usage (449032K) : norcx_drw has 0 polygons
2026-04-03 00:21:27 +0200: Memory Usage (449032K) : norcx_m2m3 has 0 polygons
2026-04-03 00:21:27 +0200: Memory Usage (449160K) : norcx_m2m4 has 0 polygons
2026-04-03 00:21:27 +0200: Memory Usage (449160K) : norcx_m2m5 has 0 polygons
2026-04-03 00:21:27 +0200: Memory Usage (449288K) : norcx_m2tm1 has 0 polygons
2026-04-03 00:21:27 +0200: Memory Usage (449288K) : norcx_m2tm2 has 0 polygons
2026-04-03 00:21:27 +0200: Memory Usage (449416K) : norcx_m3m4 has 0 polygons
2026-04-03 00:21:27 +0200: Memory Usage (449416K) : norcx_m3m5 has 0 polygons
2026-04-03 00:21:27 +0200: Memory Usage (449416K) : norcx_m3tm1 has 0 polygons
2026-04-03 00:21:27 +0200: Memory Usage (449544K) : norcx_m3tm2 has 0 polygons
2026-04-03 00:21:27 +0200: Memory Usage (449544K) : norcx_m4m5 has 0 polygons
2026-04-03 00:21:27 +0200: Memory Usage (449544K) : norcx_m4tm1 has 0 polygons
2026-04-03 00:21:27 +0200: Memory Usage (449672K) : norcx_m4tm2 has 0 polygons
2026-04-03 00:21:27 +0200: Memory Usage (449672K) : norcx_m5tm1 has 0 polygons
2026-04-03 00:21:27 +0200: Memory Usage (449800K) : norcx_m5tm2 has 0 polygons
2026-04-03 00:21:27 +0200: Memory Usage (449800K) : norcx_tm1tm2 has 0 polygons
2026-04-03 00:21:27 +0200: Memory Usage (449928K) : norcx_m1sub has 0 polygons
2026-04-03 00:21:27 +0200: Memory Usage (449928K) : norcx_m2sub has 0 polygons
2026-04-03 00:21:27 +0200: Memory Usage (450056K) : norcx_m3sub has 0 polygons
2026-04-03 00:21:27 +0200: Memory Usage (450056K) : norcx_m4sub has 0 polygons
2026-04-03 00:21:27 +0200: Memory Usage (450184K) : norcx_m5sub has 0 polygons
2026-04-03 00:21:27 +0200: Memory Usage (450184K) : norcx_tm1sub has 0 polygons
2026-04-03 00:21:27 +0200: Memory Usage (450312K) : norcx_tm2sub has 0 polygons
2026-04-03 00:21:27 +0200: Memory Usage (450440K) : snsbotvia_drw has 0 polygons
2026-04-03 00:21:27 +0200: Memory Usage (450440K) : snstopvia_drw has 0 polygons
2026-04-03 00:21:27 +0200: Memory Usage (450568K) : deepvia_drw has 0 polygons
2026-04-03 00:21:27 +0200: Memory Usage (450568K) : fgetch_drw has 0 polygons
2026-04-03 00:21:27 +0200: Memory Usage (450696K) : ctrgat_drw has 0 polygons
2026-04-03 00:21:27 +0200: Memory Usage (450696K) : fgimp_drw has 0 polygons
2026-04-03 00:21:27 +0200: Memory Usage (450824K) : emwihv_drw has 0 polygons
2026-04-03 00:21:27 +0200: Memory Usage (450824K) : lbe_drw has 0 polygons
2026-04-03 00:21:27 +0200: Memory Usage (450952K) : alcustop_drw has 0 polygons
2026-04-03 00:21:27 +0200: Memory Usage (450952K) : nometfiller_drw has 0 polygons
2026-04-03 00:21:27 +0200: Memory Usage (451080K) : prboundary_drw has 0 polygons
2026-04-03 00:21:27 +0200: Memory Usage (451080K) : exchange0_drw has 0 polygons
2026-04-03 00:21:27 +0200: Memory Usage (451208K) : exchange0_pin has 0 polygons
2026-04-03 00:21:27 +0200: Memory Usage (451208K) : exchange0_text has 0 polygons
2026-04-03 00:21:27 +0200: Memory Usage (451336K) : exchange1_drw has 0 polygons
2026-04-03 00:21:27 +0200: Memory Usage (451336K) : exchange1_pin has 0 polygons
2026-04-03 00:21:27 +0200: Memory Usage (451464K) : exchange1_text has 0 polygons
2026-04-03 00:21:27 +0200: Memory Usage (451464K) : exchange2_drw has 0 polygons
2026-04-03 00:21:27 +0200: Memory Usage (451592K) : exchange2_pin has 0 polygons
2026-04-03 00:21:27 +0200: Memory Usage (451592K) : exchange2_text has 0 polygons
2026-04-03 00:21:27 +0200: Memory Usage (451720K) : exchange3_drw has 0 polygons
2026-04-03 00:21:27 +0200: Memory Usage (451720K) : exchange3_pin has 0 polygons
2026-04-03 00:21:27 +0200: Memory Usage (451848K) : exchange3_text has 0 polygons
2026-04-03 00:21:27 +0200: Memory Usage (451848K) : exchange4_drw has 0 polygons
2026-04-03 00:21:27 +0200: Memory Usage (451976K) : exchange4_pin has 0 polygons
2026-04-03 00:21:27 +0200: Memory Usage (451976K) : exchange4_text has 0 polygons
2026-04-03 00:21:27 +0200: Memory Usage (452104K) : isonwell_drw has 0 polygons
2026-04-03 00:21:27 +0200: Memory Usage (452104K) : Total no. of polygons in the design is 8684
2026-04-03 00:21:27 +0200: Memory Usage (452104K) : Starting base layers derivations
2026-04-03 00:21:27 +0200: Memory Usage (452104K) : Starting general LVS derivations
2026-04-03 00:21:27 +0200: Memory Usage (460552K) : Starting MOSFET DERIVATIONS
2026-04-03 00:21:27 +0200: Memory Usage (461064K) : Starting NMOS DERIVATIONS
2026-04-03 00:21:27 +0200: Memory Usage (461064K) : Starting PMOS DERIVATIONS
2026-04-03 00:21:27 +0200: Memory Usage (461064K) : Starting RF-MOSFET DERIVATIONS
2026-04-03 00:21:27 +0200: Memory Usage (461064K) : Starting RF-NMOS DERIVATIONS
2026-04-03 00:21:27 +0200: Memory Usage (461064K) : Starting RF-PMOS DERIVATIONS
2026-04-03 00:21:27 +0200: Memory Usage (461064K) : Starting BJT DERIVATIONS
2026-04-03 00:21:27 +0200: Memory Usage (461064K) : Starting NPN-BJT DERIVATIONS
2026-04-03 00:21:27 +0200: Memory Usage (461064K) : Starting PNP-BJT DERIVATIONS
2026-04-03 00:21:27 +0200: Memory Usage (461064K) : Starting DIODE DERIVATIONS
2026-04-03 00:21:27 +0200: Memory Usage (461064K) : Starting RESISTOR DERIVATIONS
2026-04-03 00:21:27 +0200: Memory Usage (461064K) : Starting CAP DERIVATIONS
2026-04-03 00:21:27 +0200: Memory Usage (461192K) : Starting ESD DERIVATIONS
2026-04-03 00:21:27 +0200: Memory Usage (465800K) : Starting Inductor DERIVATIONS
2026-04-03 00:21:27 +0200: Memory Usage (469512K) : Starting Taps DERIVATIONS
2026-04-03 00:21:27 +0200: Memory Usage (469512K) : Starting SG13G2 LVS connectivity setup
2026-04-03 00:21:27 +0200: Memory Usage (469512K) : Starting SG13G2 LVS connectivity setup (Inter-layer)
2026-04-03 00:21:27 +0200: Memory Usage (469640K) : Starting SG13G2 LVS connectivity setup (Global)
2026-04-03 00:21:27 +0200: Memory Usage (469640K) : Starting LVS MOSFET CONNECTIONS
2026-04-03 00:21:27 +0200: Memory Usage (469640K) : Starting LVS RF-MOSFET CONNECTIONS
2026-04-03 00:21:27 +0200: Memory Usage (469640K) : Starting LVS BJT CONNECTIONS
2026-04-03 00:21:27 +0200: Memory Usage (469640K) : Starting LVS DIODE CONNECTIONS
2026-04-03 00:21:27 +0200: Memory Usage (469640K) : Starting RESISTOR CONNECTIONS
2026-04-03 00:21:27 +0200: Memory Usage (469640K) : Starting LVS CAP CONNECTIONS
2026-04-03 00:21:27 +0200: Memory Usage (469640K) : Starting ESD CONNECTIONS
2026-04-03 00:21:27 +0200: Memory Usage (469640K) : Starting Inductor CONNECTIONS
2026-04-03 00:21:27 +0200: Memory Usage (469640K) : Starting LVS Taps CONNECTIONS
2026-04-03 00:21:27 +0200: Memory Usage (469640K) : Starting SG13G2 LVS DEVICES EXTRACTION
2026-04-03 00:21:27 +0200: Memory Usage (469640K) : Starting MOSFET EXTRACTION
2026-04-03 00:21:27 +0200: Memory Usage (469640K) : Starting NMOS EXTRACTION
2026-04-03 00:21:27 +0200: Memory Usage (469640K) : Extraction of NMOS-LV transistor
2026-04-03 00:21:27 +0200: Memory Usage (470024K) : Extraction of NMOS-HV transistor
2026-04-03 00:21:27 +0200: Memory Usage (470024K) : Starting PMOS EXTRACTION
2026-04-03 00:21:27 +0200: Memory Usage (470024K) : Extraction of PMOS-LV transistor
2026-04-03 00:21:27 +0200: Memory Usage (470024K) : Extraction of PMOS-HV transistor
2026-04-03 00:21:27 +0200: Memory Usage (470024K) : Starting RF-MOSFET EXTRACTION
2026-04-03 00:21:27 +0200: Memory Usage (470024K) : Extraction of RF-NMOS-LV transistor
2026-04-03 00:21:27 +0200: Memory Usage (470024K) : Extraction of RF-NMOS-HV transistor
2026-04-03 00:21:27 +0200: Memory Usage (470024K) : Extraction of RF-PMOS-LV transistor
2026-04-03 00:21:27 +0200: Memory Usage (470024K) : Extraction of RF-PMOS-HV transistor
2026-04-03 00:21:27 +0200: Memory Usage (470024K) : Starting BJT EXTRACTION
2026-04-03 00:21:27 +0200: Memory Usage (470024K) : Starting NPN-BJT EXTRACTION
2026-04-03 00:21:27 +0200: Memory Usage (470024K) : Extraction of npn13G2 BJT transistor
2026-04-03 00:21:27 +0200: Memory Usage (470024K) : Extraction of npn13G2L BJT transistor
2026-04-03 00:21:27 +0200: Memory Usage (470024K) : Extraction of npn13G2V BJT transistor
2026-04-03 00:21:27 +0200: Memory Usage (470024K) : Starting PNP-BJT EXTRACTION
2026-04-03 00:21:27 +0200: Memory Usage (470024K) : Extracting pnpMPA BJT
2026-04-03 00:21:28 +0200: Memory Usage (470024K) : Starting DIODE EXTRACTION
2026-04-03 00:21:28 +0200: Memory Usage (470024K) : Extracting dantenna diode
2026-04-03 00:21:28 +0200: Memory Usage (470024K) : Extracting dpantenna diode
2026-04-03 00:21:28 +0200: Memory Usage (470024K) : Extracting schottky_nbl1 diode
2026-04-03 00:21:28 +0200: Memory Usage (470024K) : Extracting isolbox diode
2026-04-03 00:21:28 +0200: Memory Usage (470024K) : Starting RESISTOR EXTRACTION
2026-04-03 00:21:28 +0200: Memory Usage (470024K) : Extracting rsil resistor
2026-04-03 00:21:28 +0200: Memory Usage (470024K) : Extracting rppd resistor
2026-04-03 00:21:28 +0200: Memory Usage (470024K) : Extracting rhigh resistor
2026-04-03 00:21:28 +0200: Memory Usage (470024K) : Extracting res_metal1 resistor
2026-04-03 00:21:28 +0200: Memory Usage (470152K) : Extracting res_metal2 resistor
2026-04-03 00:21:28 +0200: Memory Usage (470152K) : Extracting res_metal3 resistor
2026-04-03 00:21:28 +0200: Memory Usage (470152K) : Extracting res_metal4 resistor
2026-04-03 00:21:28 +0200: Memory Usage (470152K) : Extracting res_metal5 resistor
2026-04-03 00:21:28 +0200: Memory Usage (470152K) : Extracting res_topmetal1 resistor
2026-04-03 00:21:28 +0200: Memory Usage (470152K) : Extracting res_topmetal2 resistor
2026-04-03 00:21:28 +0200: Memory Usage (470152K) : Starting CAP EXTRACTION
2026-04-03 00:21:28 +0200: Memory Usage (470152K) : Extracting cap_cmim device
2026-04-03 00:21:28 +0200: Memory Usage (470152K) : Extracting rfcmim device
2026-04-03 00:21:28 +0200: Memory Usage (470152K) : Extracting sg13_hv_svaricap varactor
2026-04-03 00:21:28 +0200: Memory Usage (470152K) : Starting ESD EXTRACTION
2026-04-03 00:21:28 +0200: Memory Usage (470152K) : Extracting diodevdd_2kv ESD device
2026-04-03 00:21:28 +0200: Memory Usage (470152K) : Extracting diodevdd_4kv ESD device
2026-04-03 00:21:28 +0200: Memory Usage (470152K) : Extracting diodevss_2kv ESD device
2026-04-03 00:21:28 +0200: Memory Usage (470152K) : Extracting diodevss_4kv ESD device
2026-04-03 00:21:28 +0200: Memory Usage (470152K) : Extracting idiodevdd_2kv ESD device
2026-04-03 00:21:28 +0200: Memory Usage (470152K) : Extracting idiodevdd_4kv ESD device
2026-04-03 00:21:28 +0200: Memory Usage (470152K) : Extracting idiodevss_2kv ESD device
2026-04-03 00:21:28 +0200: Memory Usage (470152K) : Extracting idiodevss_4kv ESD device
2026-04-03 00:21:28 +0200: Memory Usage (470152K) : Extracting nmoscl_2 ESD device
2026-04-03 00:21:28 +0200: Memory Usage (470152K) : Extracting nmoscl_4 ESD device
2026-04-03 00:21:28 +0200: Memory Usage (470152K) : Starting Inductor EXTRACTION
2026-04-03 00:21:28 +0200: Memory Usage (470152K) : Extracting Inductor2 device
2026-04-03 00:21:28 +0200: Memory Usage (470152K) : Extracting Inductor3 device
2026-04-03 00:21:28 +0200: Memory Usage (470152K) : Starting Taps EXTRACTION
2026-04-03 00:21:28 +0200: Memory Usage (470152K) : Extracting ntap1 device
2026-04-03 00:21:28 +0200: Memory Usage (470152K) : Extracting ptap1 device
2026-04-03 00:21:28 +0200: Memory Usage (470152K) : Starting SG13G2 LVS RF MOS Model Mapping
2026-04-03 00:21:28 +0200: Memory Usage (470280K) : [layout_netlist] Apply RF MOS model mapping and rfmode parameter.
2026-04-03 00:21:28 +0200: Memory Usage (470280K) : Starting SG13G2 LVS Options Preparations
2026-04-03 00:21:28 +0200: Memory Usage (470280K) : SG13G2 LVS flow: extraction -> alignment -> option preparation -> comparison.
2026-04-03 00:21:28 +0200: Memory Usage (470280K) : Starting SG13G2 LVS Alignment
2026-04-03 00:21:28 +0200: Memory Usage (470408K) : Starting SG13G2 LVS Simplification
2026-04-03 00:21:28 +0200: Memory Usage (470408K) : [layout_netlist] simplify: ENABLED
2026-04-03 00:21:28 +0200: Memory Usage (470408K) : [layout_netlist] make_top_level_pins: ENABLED
2026-04-03 00:21:28 +0200: Memory Usage (470408K) : [layout_netlist] combine_devices: SKIPPED
2026-04-03 00:21:28 +0200: Memory Usage (470408K) : [layout_netlist] purge: SKIPPED
2026-04-03 00:21:28 +0200: Memory Usage (470408K) : [layout_netlist] purge_nets: SKIPPED
2026-04-03 00:21:28 +0200: Memory Usage (470408K) : [schematic_netlist] simplify: ENABLED
2026-04-03 00:21:28 +0200: Memory Usage (470408K) : [schematic_netlist] make_top_level_pins: ENABLED
2026-04-03 00:21:28 +0200: Memory Usage (470408K) : [schematic_netlist] combine_devices: SKIPPED
2026-04-03 00:21:28 +0200: Memory Usage (470408K) : [schematic_netlist] purge: SKIPPED
2026-04-03 00:21:28 +0200: Memory Usage (470408K) : [schematic_netlist] purge_nets: SKIPPED
2026-04-03 00:21:28 +0200: Memory Usage (470408K) : Starting SG13G2 LVS Comparison in strict port mode.
2026-04-03 00:21:28 +0200: Memory Usage (470408K) : flag_missing_ports enabled: missing/mislabeled top-level ports are treated as errors.
2026-04-03 00:21:28 +0200: Memory Usage (470536K) : ==========================================
2026-04-03 00:21:28 +0200: Memory Usage (470536K) : INFO : Congratulations! Netlists match.
2026-04-03 00:21:28 +0200: Memory Usage (470536K) : ==========================================
2026-04-03 00:21:28 +0200: Memory Usage (470536K) : LVS Total Run time 1.236228 seconds
