# Logfile created on 2026-04-01 19:03:05 +0200 by logger.rb/v1.4.3
2026-04-01 19:03:05 +0200: Memory Usage (430656K) : Starting running SG13G2 Klayout LVS runset on /home/designer/shared/designs/SSDOR_1.2V_v3/components/mux/mux.gds
2026-04-01 19:03:05 +0200: Memory Usage (430656K) : Ruby Version for klayout: 3.0.2
2026-04-01 19:03:05 +0200: Memory Usage (431808K) : Loading database to memory is complete.
2026-04-01 19:03:05 +0200: Memory Usage (431808K) : SG13G2 Klayout LVS runset output at: /home/designer/shared/designs/SSDOR_1.2V_v3/components/mux/lvs_run_mux_2026_04_01_19_03_04/mux.lvsdb
2026-04-01 19:03:05 +0200: Memory Usage (431808K) : Evaluate switches.
2026-04-01 19:03:05 +0200: Memory Usage (431808K) : Extracted netlist with net names: true
2026-04-01 19:03:05 +0200: Memory Usage (431808K) : Extracted netlist with comments in details: false
2026-04-01 19:03:05 +0200: Memory Usage (431808K) : Selected NET_ONLY option: false
2026-04-01 19:03:05 +0200: Memory Usage (431808K) : Selected LAYOUT_NETLIST option: (none)
2026-04-01 19:03:05 +0200: Memory Usage (431808K) : Selected IGNORE_TOP_PORTS_MISMATCH option: 
2026-04-01 19:03:05 +0200: Memory Usage (431808K) : Selected IMPLICIT_NETS option: (none)
2026-04-01 19:03:05 +0200: Memory Usage (431808K) : Selected TOP_LVL_PINS option: true
2026-04-01 19:03:05 +0200: Memory Usage (431808K) : Selected COMBINE DEVICES option: false
2026-04-01 19:03:05 +0200: Memory Usage (431808K) : Selected PURGE option: false
2026-04-01 19:03:05 +0200: Memory Usage (431808K) : Selected PURGE_NETS option: false
2026-04-01 19:03:05 +0200: Memory Usage (431808K) : Selected SIMPLIFY option: true
2026-04-01 19:03:05 +0200: Memory Usage (431808K) : Selected SERIES_RES option: true
2026-04-01 19:03:05 +0200: Memory Usage (431808K) : Selected PARALLEL_RES option: true
2026-04-01 19:03:05 +0200: Memory Usage (431808K) : deep  mode is enabled.
2026-04-01 19:03:06 +0200: Memory Usage (432960K) : Netlist file: /home/designer/shared/designs/SSDOR_1.2V_v3/components/mux/simulations/mux.spice
2026-04-01 19:03:06 +0200: Memory Usage (432960K) : LVS extracted netlist at: /home/designer/shared/designs/SSDOR_1.2V_v3/components/mux/lvs_run_mux_2026_04_01_19_03_04/mux_extracted.cir
2026-04-01 19:03:06 +0200: Memory Usage (432960K) : Applying SRAM integration support.
2026-04-01 19:03:06 +0200: Memory Usage (432960K) : Starting SG13G2 LVS runset
2026-04-01 19:03:06 +0200: Memory Usage (432960K) : Read in polygons from layers.
2026-04-01 19:03:06 +0200: Memory Usage (433984K) : activ_drw has 20 polygons
2026-04-01 19:03:06 +0200: Memory Usage (433984K) : activ_filler has 0 polygons
2026-04-01 19:03:06 +0200: Memory Usage (434112K) : activ has 20 polygons
2026-04-01 19:03:06 +0200: Memory Usage (434240K) : activ_pin has 0 polygons
2026-04-01 19:03:06 +0200: Memory Usage (434240K) : activ_mask has 0 polygons
2026-04-01 19:03:06 +0200: Memory Usage (434240K) : activ_nofill has 0 polygons
2026-04-01 19:03:06 +0200: Memory Usage (434240K) : activ_OPC has 0 polygons
2026-04-01 19:03:06 +0200: Memory Usage (434240K) : activ_iOPC has 0 polygons
2026-04-01 19:03:06 +0200: Memory Usage (434240K) : activ_noqrc has 0 polygons
2026-04-01 19:03:06 +0200: Memory Usage (434240K) : biwind_drw has 0 polygons
2026-04-01 19:03:06 +0200: Memory Usage (434240K) : biwind_OPC has 0 polygons
2026-04-01 19:03:06 +0200: Memory Usage (434240K) : gatpoly_drw has 20 polygons
2026-04-01 19:03:06 +0200: Memory Usage (434240K) : gatpoly_filler has 0 polygons
2026-04-01 19:03:06 +0200: Memory Usage (434240K) : gatpoly has 20 polygons
2026-04-01 19:03:06 +0200: Memory Usage (434240K) : gatpoly_pin has 3 polygons
2026-04-01 19:03:06 +0200: Memory Usage (434240K) : gatpoly_nofill has 0 polygons
2026-04-01 19:03:06 +0200: Memory Usage (434240K) : gatpoly_OPC has 0 polygons
2026-04-01 19:03:06 +0200: Memory Usage (434240K) : gatpoly_iOPC has 0 polygons
2026-04-01 19:03:06 +0200: Memory Usage (434240K) : gatpoly_noqrc has 0 polygons
2026-04-01 19:03:06 +0200: Memory Usage (434240K) : cont_drw has 94 polygons
2026-04-01 19:03:06 +0200: Memory Usage (434240K) : cont_OPC has 0 polygons
2026-04-01 19:03:06 +0200: Memory Usage (434240K) : nsd_drw has 0 polygons
2026-04-01 19:03:06 +0200: Memory Usage (434240K) : nsd_block has 0 polygons
2026-04-01 19:03:06 +0200: Memory Usage (434240K) : metal1_drw has 29 polygons
2026-04-01 19:03:06 +0200: Memory Usage (434240K) : metal1_filler has 0 polygons
2026-04-01 19:03:06 +0200: Memory Usage (434240K) : metal1_slit has 0 polygons
2026-04-01 19:03:06 +0200: Memory Usage (434496K) : metal1 has 29 polygons
2026-04-01 19:03:06 +0200: Memory Usage (434624K) : metal1_pin has 14 polygons
2026-04-01 19:03:06 +0200: Memory Usage (434624K) : metal1_mask has 0 polygons
2026-04-01 19:03:06 +0200: Memory Usage (434752K) : metal1_nofill has 0 polygons
2026-04-01 19:03:06 +0200: Memory Usage (434880K) : metal1_text has 6 polygons
2026-04-01 19:03:06 +0200: Memory Usage (435008K) : metal1_OPC has 0 polygons
2026-04-01 19:03:06 +0200: Memory Usage (435008K) : metal1_noqrc has 0 polygons
2026-04-01 19:03:06 +0200: Memory Usage (435136K) : metal1_res has 0 polygons
2026-04-01 19:03:06 +0200: Memory Usage (435136K) : metal1_iprobe has 0 polygons
2026-04-01 19:03:06 +0200: Memory Usage (435264K) : metal1_diffprb has 0 polygons
2026-04-01 19:03:06 +0200: Memory Usage (435264K) : passiv_drw has 0 polygons
2026-04-01 19:03:06 +0200: Memory Usage (435392K) : passiv_pin has 0 polygons
2026-04-01 19:03:06 +0200: Memory Usage (435392K) : passiv_sbump has 0 polygons
2026-04-01 19:03:06 +0200: Memory Usage (435520K) : passiv_pillar has 0 polygons
2026-04-01 19:03:06 +0200: Memory Usage (435520K) : passiv_pdl has 0 polygons
2026-04-01 19:03:06 +0200: Memory Usage (435648K) : metal2_drw has 0 polygons
2026-04-01 19:03:06 +0200: Memory Usage (435648K) : metal2_filler has 0 polygons
2026-04-01 19:03:06 +0200: Memory Usage (435776K) : metal2_slit has 0 polygons
2026-04-01 19:03:06 +0200: Memory Usage (435904K) : metal2 has 0 polygons
2026-04-01 19:03:06 +0200: Memory Usage (435904K) : metal2_pin has 0 polygons
2026-04-01 19:03:06 +0200: Memory Usage (436032K) : metal2_mask has 0 polygons
2026-04-01 19:03:06 +0200: Memory Usage (436032K) : metal2_nofill has 0 polygons
2026-04-01 19:03:06 +0200: Memory Usage (436160K) : metal2_text has 0 polygons
2026-04-01 19:03:06 +0200: Memory Usage (436160K) : metal2_OPC has 0 polygons
2026-04-01 19:03:06 +0200: Memory Usage (436288K) : metal2_noqrc has 0 polygons
2026-04-01 19:03:06 +0200: Memory Usage (436288K) : metal2_res has 0 polygons
2026-04-01 19:03:06 +0200: Memory Usage (436416K) : metal2_iprobe has 0 polygons
2026-04-01 19:03:06 +0200: Memory Usage (436416K) : metal2_diffprb has 0 polygons
2026-04-01 19:03:06 +0200: Memory Usage (436544K) : baspoly_drw has 0 polygons
2026-04-01 19:03:06 +0200: Memory Usage (436544K) : baspoly_pin has 0 polygons
2026-04-01 19:03:06 +0200: Memory Usage (436672K) : psd_drw has 4 polygons
2026-04-01 19:03:06 +0200: Memory Usage (436672K) : nldb_drw has 0 polygons
2026-04-01 19:03:06 +0200: Memory Usage (436800K) : digibnd_drw has 0 polygons
2026-04-01 19:03:06 +0200: Memory Usage (436800K) : via1_drw has 0 polygons
2026-04-01 19:03:06 +0200: Memory Usage (436928K) : backmetal1_drw has 0 polygons
2026-04-01 19:03:06 +0200: Memory Usage (436928K) : backmetal1_pin has 0 polygons
2026-04-01 19:03:06 +0200: Memory Usage (437056K) : backmetal1_mask has 0 polygons
2026-04-01 19:03:06 +0200: Memory Usage (437056K) : backmetal1_filler has 0 polygons
2026-04-01 19:03:06 +0200: Memory Usage (437184K) : backmetal1_nofill has 0 polygons
2026-04-01 19:03:06 +0200: Memory Usage (437184K) : backmetal1_slit has 0 polygons
2026-04-01 19:03:06 +0200: Memory Usage (437312K) : backmetal1_text has 0 polygons
2026-04-01 19:03:06 +0200: Memory Usage (437312K) : backmetal1_OPC has 0 polygons
2026-04-01 19:03:06 +0200: Memory Usage (437440K) : backmetal1_noqrc has 0 polygons
2026-04-01 19:03:06 +0200: Memory Usage (437440K) : backmetal1_res has 0 polygons
2026-04-01 19:03:06 +0200: Memory Usage (437568K) : backmetal1_iprobe has 0 polygons
2026-04-01 19:03:06 +0200: Memory Usage (437568K) : backmetal1_diffprb has 0 polygons
2026-04-01 19:03:06 +0200: Memory Usage (437696K) : backpassiv_drw has 0 polygons
2026-04-01 19:03:06 +0200: Memory Usage (437696K) : res_drw has 0 polygons
2026-04-01 19:03:06 +0200: Memory Usage (437824K) : sram_drw has 0 polygons
2026-04-01 19:03:06 +0200: Memory Usage (437824K) : trans_drw has 0 polygons
2026-04-01 19:03:06 +0200: Memory Usage (437952K) : ind_drw has 0 polygons
2026-04-01 19:03:06 +0200: Memory Usage (437952K) : ind_pin has 0 polygons
2026-04-01 19:03:06 +0200: Memory Usage (438080K) : ind_text has 0 polygons
2026-04-01 19:03:06 +0200: Memory Usage (438080K) : salblock_drw has 0 polygons
2026-04-01 19:03:06 +0200: Memory Usage (436696K) : via2_drw has 0 polygons
2026-04-01 19:03:06 +0200: Memory Usage (436824K) : metal3_drw has 0 polygons
2026-04-01 19:03:06 +0200: Memory Usage (436824K) : metal3_filler has 0 polygons
2026-04-01 19:03:06 +0200: Memory Usage (436824K) : metal3_slit has 0 polygons
2026-04-01 19:03:06 +0200: Memory Usage (436824K) : metal3 has 0 polygons
2026-04-01 19:03:06 +0200: Memory Usage (436824K) : metal3_pin has 0 polygons
2026-04-01 19:03:06 +0200: Memory Usage (436824K) : metal3_mask has 0 polygons
2026-04-01 19:03:06 +0200: Memory Usage (436824K) : metal3_nofill has 0 polygons
2026-04-01 19:03:06 +0200: Memory Usage (436824K) : metal3_text has 0 polygons
2026-04-01 19:03:06 +0200: Memory Usage (436824K) : metal3_OPC has 0 polygons
2026-04-01 19:03:06 +0200: Memory Usage (436824K) : metal3_noqrc has 0 polygons
2026-04-01 19:03:06 +0200: Memory Usage (436824K) : metal3_res has 0 polygons
2026-04-01 19:03:06 +0200: Memory Usage (436824K) : metal3_iprobe has 0 polygons
2026-04-01 19:03:06 +0200: Memory Usage (436824K) : metal3_diffprb has 0 polygons
2026-04-01 19:03:06 +0200: Memory Usage (436824K) : nwell_drw has 6 polygons
2026-04-01 19:03:06 +0200: Memory Usage (436824K) : nwell_pin has 1 polygons
2026-04-01 19:03:06 +0200: Memory Usage (436824K) : nwell_text has 0 polygons
2026-04-01 19:03:06 +0200: Memory Usage (436824K) : nbulay_drw has 1 polygons
2026-04-01 19:03:06 +0200: Memory Usage (436824K) : nbulay_pin has 0 polygons
2026-04-01 19:03:06 +0200: Memory Usage (436824K) : nbulay_block has 0 polygons
2026-04-01 19:03:06 +0200: Memory Usage (436824K) : emwind_drw has 0 polygons
2026-04-01 19:03:06 +0200: Memory Usage (436824K) : emwind_OPC has 0 polygons
2026-04-01 19:03:06 +0200: Memory Usage (436824K) : deepco_drw has 0 polygons
2026-04-01 19:03:06 +0200: Memory Usage (436824K) : mim_drw has 0 polygons
2026-04-01 19:03:06 +0200: Memory Usage (436824K) : edgeseal_drw has 0 polygons
2026-04-01 19:03:06 +0200: Memory Usage (436824K) : substrate_drw has 3 polygons
2026-04-01 19:03:06 +0200: Memory Usage (436824K) : substrate_text has 0 polygons
2026-04-01 19:03:06 +0200: Memory Usage (436824K) : dfpad_drw has 0 polygons
2026-04-01 19:03:06 +0200: Memory Usage (436824K) : dfpad_pillar has 0 polygons
2026-04-01 19:03:06 +0200: Memory Usage (436824K) : dfpad_sbump has 0 polygons
2026-04-01 19:03:06 +0200: Memory Usage (436824K) : thickgateox_drw has 0 polygons
2026-04-01 19:03:06 +0200: Memory Usage (436824K) : pldb_drw has 0 polygons
2026-04-01 19:03:06 +0200: Memory Usage (436824K) : pwell_drw has 0 polygons
2026-04-01 19:03:06 +0200: Memory Usage (436824K) : pwell_pin has 0 polygons
2026-04-01 19:03:06 +0200: Memory Usage (436824K) : pwell_block has 0 polygons
2026-04-01 19:03:06 +0200: Memory Usage (436824K) : ic_drw has 0 polygons
2026-04-01 19:03:06 +0200: Memory Usage (436824K) : via3_drw has 0 polygons
2026-04-01 19:03:06 +0200: Memory Usage (436824K) : metal4_drw has 0 polygons
2026-04-01 19:03:06 +0200: Memory Usage (436824K) : metal4_filler has 0 polygons
2026-04-01 19:03:06 +0200: Memory Usage (436824K) : metal4_slit has 0 polygons
2026-04-01 19:03:06 +0200: Memory Usage (436824K) : metal4 has 0 polygons
2026-04-01 19:03:06 +0200: Memory Usage (436824K) : metal4_pin has 0 polygons
2026-04-01 19:03:06 +0200: Memory Usage (436824K) : metal4_mask has 0 polygons
2026-04-01 19:03:06 +0200: Memory Usage (436824K) : metal4_nofill has 0 polygons
2026-04-01 19:03:06 +0200: Memory Usage (436824K) : metal4_text has 0 polygons
2026-04-01 19:03:06 +0200: Memory Usage (436824K) : metal4_OPC has 0 polygons
2026-04-01 19:03:06 +0200: Memory Usage (436824K) : metal4_noqrc has 0 polygons
2026-04-01 19:03:06 +0200: Memory Usage (436824K) : metal4_res has 0 polygons
2026-04-01 19:03:06 +0200: Memory Usage (436824K) : metal4_iprobe has 0 polygons
2026-04-01 19:03:06 +0200: Memory Usage (436824K) : metal4_diffprb has 0 polygons
2026-04-01 19:03:06 +0200: Memory Usage (436824K) : heattrans_drw has 6 polygons
2026-04-01 19:03:06 +0200: Memory Usage (436824K) : heatres_drw has 0 polygons
2026-04-01 19:03:06 +0200: Memory Usage (436824K) : fbe_drw has 0 polygons
2026-04-01 19:03:06 +0200: Memory Usage (436824K) : empoly_drw has 0 polygons
2026-04-01 19:03:06 +0200: Memory Usage (436824K) : digisub_drw has 0 polygons
2026-04-01 19:03:06 +0200: Memory Usage (436824K) : text_drw has 7 polygons
2026-04-01 19:03:06 +0200: Memory Usage (436824K) : via4_drw has 0 polygons
2026-04-01 19:03:06 +0200: Memory Usage (436824K) : metal5_drw has 0 polygons
2026-04-01 19:03:06 +0200: Memory Usage (436824K) : metal5_filler has 0 polygons
2026-04-01 19:03:06 +0200: Memory Usage (436824K) : metal5_slit has 0 polygons
2026-04-01 19:03:06 +0200: Memory Usage (436824K) : metal5 has 0 polygons
2026-04-01 19:03:06 +0200: Memory Usage (436824K) : metal5_pin has 0 polygons
2026-04-01 19:03:06 +0200: Memory Usage (436824K) : metal5_mask has 0 polygons
2026-04-01 19:03:06 +0200: Memory Usage (436824K) : metal5_nofill has 0 polygons
2026-04-01 19:03:06 +0200: Memory Usage (436824K) : metal5_text has 0 polygons
2026-04-01 19:03:06 +0200: Memory Usage (436824K) : metal5_OPC has 0 polygons
2026-04-01 19:03:06 +0200: Memory Usage (436824K) : metal5_noqrc has 0 polygons
2026-04-01 19:03:06 +0200: Memory Usage (436824K) : metal5_res has 0 polygons
2026-04-01 19:03:06 +0200: Memory Usage (436824K) : metal5_iprobe has 0 polygons
2026-04-01 19:03:06 +0200: Memory Usage (436824K) : metal5_diffprb has 0 polygons
2026-04-01 19:03:06 +0200: Memory Usage (436824K) : radhard_drw has 0 polygons
2026-04-01 19:03:06 +0200: Memory Usage (436824K) : memcap_drw has 0 polygons
2026-04-01 19:03:06 +0200: Memory Usage (436824K) : varicap_drw has 0 polygons
2026-04-01 19:03:06 +0200: Memory Usage (436824K) : intbondvia_drw has 0 polygons
2026-04-01 19:03:06 +0200: Memory Usage (436824K) : intbondmet_drw has 0 polygons
2026-04-01 19:03:06 +0200: Memory Usage (436952K) : devbondvia_drw has 0 polygons
2026-04-01 19:03:06 +0200: Memory Usage (436952K) : devbondmet_drw has 0 polygons
2026-04-01 19:03:06 +0200: Memory Usage (437080K) : devtrench_drw has 0 polygons
2026-04-01 19:03:06 +0200: Memory Usage (437080K) : redist_drw has 0 polygons
2026-04-01 19:03:06 +0200: Memory Usage (437208K) : graphbot_drw has 0 polygons
2026-04-01 19:03:06 +0200: Memory Usage (437208K) : graphtop_drw has 0 polygons
2026-04-01 19:03:06 +0200: Memory Usage (437336K) : antvia1_drw has 0 polygons
2026-04-01 19:03:06 +0200: Memory Usage (437336K) : antmetal2_drw has 0 polygons
2026-04-01 19:03:06 +0200: Memory Usage (437464K) : graphcont_drw has 0 polygons
2026-04-01 19:03:06 +0200: Memory Usage (437464K) : siwg_drw has 0 polygons
2026-04-01 19:03:06 +0200: Memory Usage (437592K) : siwg_filler has 0 polygons
2026-04-01 19:03:06 +0200: Memory Usage (437592K) : siwg_nofill has 0 polygons
2026-04-01 19:03:06 +0200: Memory Usage (437720K) : sigrating_drw has 0 polygons
2026-04-01 19:03:06 +0200: Memory Usage (437720K) : singrating_drw has 0 polygons
2026-04-01 19:03:06 +0200: Memory Usage (437848K) : graphpas_drw has 0 polygons
2026-04-01 19:03:06 +0200: Memory Usage (437848K) : emwind3_drw has 0 polygons
2026-04-01 19:03:06 +0200: Memory Usage (437976K) : emwihv3_drw has 0 polygons
2026-04-01 19:03:06 +0200: Memory Usage (437976K) : redbulay_drw has 0 polygons
2026-04-01 19:03:06 +0200: Memory Usage (438104K) : smos_drw has 0 polygons
2026-04-01 19:03:06 +0200: Memory Usage (438104K) : graphpad_drw has 0 polygons
2026-04-01 19:03:06 +0200: Memory Usage (438232K) : polimide_drw has 0 polygons
2026-04-01 19:03:06 +0200: Memory Usage (438232K) : polimide_pin has 0 polygons
2026-04-01 19:03:06 +0200: Memory Usage (438360K) : recog_drw has 0 polygons
2026-04-01 19:03:06 +0200: Memory Usage (438360K) : recog_pin has 0 polygons
2026-04-01 19:03:06 +0200: Memory Usage (438488K) : recog_esd has 0 polygons
2026-04-01 19:03:06 +0200: Memory Usage (438488K) : recog_diode has 0 polygons
2026-04-01 19:03:06 +0200: Memory Usage (438616K) : recog_tsv has 0 polygons
2026-04-01 19:03:06 +0200: Memory Usage (438616K) : recog_iprobe has 0 polygons
2026-04-01 19:03:06 +0200: Memory Usage (438744K) : recog_diffprb has 0 polygons
2026-04-01 19:03:06 +0200: Memory Usage (438744K) : recog_pillar has 0 polygons
2026-04-01 19:03:06 +0200: Memory Usage (438872K) : recog_sbump has 0 polygons
2026-04-01 19:03:06 +0200: Memory Usage (438872K) : recog_otp has 0 polygons
2026-04-01 19:03:06 +0200: Memory Usage (439000K) : recog_pdiode has 0 polygons
2026-04-01 19:03:06 +0200: Memory Usage (439128K) : recog_mom has 0 polygons
2026-04-01 19:03:06 +0200: Memory Usage (439128K) : recog_pcm has 0 polygons
2026-04-01 19:03:06 +0200: Memory Usage (439256K) : colopen_drw has 0 polygons
2026-04-01 19:03:06 +0200: Memory Usage (439256K) : graphmetal1_drw has 0 polygons
2026-04-01 19:03:06 +0200: Memory Usage (439384K) : graphmetal1_filler has 0 polygons
2026-04-01 19:03:06 +0200: Memory Usage (439384K) : graphmetal1_nofill has 0 polygons
2026-04-01 19:03:06 +0200: Memory Usage (439512K) : graphmetal1_slit has 0 polygons
2026-04-01 19:03:06 +0200: Memory Usage (439512K) : graphmetal1_OPC has 0 polygons
2026-04-01 19:03:06 +0200: Memory Usage (439640K) : graphmet1l_drw has 0 polygons
2026-04-01 19:03:06 +0200: Memory Usage (439640K) : graphmet1l_filler has 0 polygons
2026-04-01 19:03:06 +0200: Memory Usage (439768K) : graphmet1l_nofill has 0 polygons
2026-04-01 19:03:06 +0200: Memory Usage (439768K) : graphmet1l_slit has 0 polygons
2026-04-01 19:03:06 +0200: Memory Usage (439896K) : graphmet1l_OPC has 0 polygons
2026-04-01 19:03:06 +0200: Memory Usage (439896K) : extblock_drw has 0 polygons
2026-04-01 19:03:06 +0200: Memory Usage (440024K) : nldd_drw has 0 polygons
2026-04-01 19:03:06 +0200: Memory Usage (440024K) : pldd_drw has 0 polygons
2026-04-01 19:03:06 +0200: Memory Usage (440152K) : next_drw has 0 polygons
2026-04-01 19:03:06 +0200: Memory Usage (440152K) : pext_drw has 0 polygons
2026-04-01 19:03:06 +0200: Memory Usage (440280K) : nexthv_drw has 0 polygons
2026-04-01 19:03:06 +0200: Memory Usage (440280K) : pexthv_drw has 0 polygons
2026-04-01 19:03:06 +0200: Memory Usage (440408K) : graphgate_drw has 0 polygons
2026-04-01 19:03:06 +0200: Memory Usage (440408K) : sinwg_drw has 0 polygons
2026-04-01 19:03:06 +0200: Memory Usage (440536K) : sinwg_filler has 0 polygons
2026-04-01 19:03:06 +0200: Memory Usage (440536K) : sinwg_nofill has 0 polygons
2026-04-01 19:03:06 +0200: Memory Usage (440664K) : mempad_drw has 0 polygons
2026-04-01 19:03:06 +0200: Memory Usage (440664K) : topvia1_drw has 0 polygons
2026-04-01 19:03:06 +0200: Memory Usage (440792K) : topmetal1_drw has 0 polygons
2026-04-01 19:03:06 +0200: Memory Usage (440792K) : topmetal1_filler has 0 polygons
2026-04-01 19:03:06 +0200: Memory Usage (440920K) : topmetal1_slit has 0 polygons
2026-04-01 19:03:06 +0200: Memory Usage (441048K) : topmetal1 has 0 polygons
2026-04-01 19:03:06 +0200: Memory Usage (441048K) : topmetal1_pin has 0 polygons
2026-04-01 19:03:06 +0200: Memory Usage (441176K) : topmetal1_mask has 0 polygons
2026-04-01 19:03:06 +0200: Memory Usage (441176K) : topmetal1_nofill has 0 polygons
2026-04-01 19:03:06 +0200: Memory Usage (441304K) : topmetal1_text has 0 polygons
2026-04-01 19:03:06 +0200: Memory Usage (441304K) : topmetal1_noqrc has 0 polygons
2026-04-01 19:03:06 +0200: Memory Usage (441432K) : topmetal1_res has 0 polygons
2026-04-01 19:03:06 +0200: Memory Usage (441432K) : topmetal1_iprobe has 0 polygons
2026-04-01 19:03:06 +0200: Memory Usage (441560K) : topmetal1_diffprb has 0 polygons
2026-04-01 19:03:06 +0200: Memory Usage (441560K) : inldpwl_drw has 0 polygons
2026-04-01 19:03:06 +0200: Memory Usage (441688K) : polyres_drw has 0 polygons
2026-04-01 19:03:06 +0200: Memory Usage (441688K) : polyres_pin has 0 polygons
2026-04-01 19:03:06 +0200: Memory Usage (441816K) : vmim_drw has 0 polygons
2026-04-01 19:03:06 +0200: Memory Usage (441816K) : nbulaycut_drw has 0 polygons
2026-04-01 19:03:06 +0200: Memory Usage (441944K) : antmetal1_drw has 0 polygons
2026-04-01 19:03:06 +0200: Memory Usage (442072K) : topvia2_drw has 0 polygons
2026-04-01 19:03:06 +0200: Memory Usage (442072K) : topmetal2_drw has 0 polygons
2026-04-01 19:03:06 +0200: Memory Usage (442200K) : topmetal2_filler has 0 polygons
2026-04-01 19:03:06 +0200: Memory Usage (442200K) : topmetal2_slit has 0 polygons
2026-04-01 19:03:06 +0200: Memory Usage (442328K) : topmetal2 has 0 polygons
2026-04-01 19:03:06 +0200: Memory Usage (442456K) : topmetal2_pin has 0 polygons
2026-04-01 19:03:06 +0200: Memory Usage (442456K) : topmetal2_mask has 0 polygons
2026-04-01 19:03:06 +0200: Memory Usage (442584K) : topmetal2_nofill has 0 polygons
2026-04-01 19:03:06 +0200: Memory Usage (442584K) : topmetal2_text has 0 polygons
2026-04-01 19:03:06 +0200: Memory Usage (442584K) : topmetal2_noqrc has 0 polygons
2026-04-01 19:03:06 +0200: Memory Usage (442712K) : topmetal2_res has 0 polygons
2026-04-01 19:03:06 +0200: Memory Usage (442840K) : topmetal2_iprobe has 0 polygons
2026-04-01 19:03:06 +0200: Memory Usage (442840K) : topmetal2_diffprb has 0 polygons
2026-04-01 19:03:06 +0200: Memory Usage (442968K) : snsring_drw has 0 polygons
2026-04-01 19:03:06 +0200: Memory Usage (442968K) : sensor_drw has 0 polygons
2026-04-01 19:03:06 +0200: Memory Usage (443096K) : snsarms_drw has 0 polygons
2026-04-01 19:03:06 +0200: Memory Usage (443096K) : snscmosvia_drw has 0 polygons
2026-04-01 19:03:06 +0200: Memory Usage (443224K) : colwind_drw has 0 polygons
2026-04-01 19:03:06 +0200: Memory Usage (443224K) : flm_drw has 0 polygons
2026-04-01 19:03:06 +0200: Memory Usage (443352K) : hafniumox_drw has 0 polygons
2026-04-01 19:03:06 +0200: Memory Usage (443352K) : memvia_drw has 0 polygons
2026-04-01 19:03:06 +0200: Memory Usage (443480K) : thinfilmres_drw has 0 polygons
2026-04-01 19:03:06 +0200: Memory Usage (443480K) : rfmem_drw has 0 polygons
2026-04-01 19:03:06 +0200: Memory Usage (443608K) : norcx_drw has 0 polygons
2026-04-01 19:03:06 +0200: Memory Usage (443608K) : norcx_m2m3 has 0 polygons
2026-04-01 19:03:06 +0200: Memory Usage (443736K) : norcx_m2m4 has 0 polygons
2026-04-01 19:03:06 +0200: Memory Usage (443736K) : norcx_m2m5 has 0 polygons
2026-04-01 19:03:06 +0200: Memory Usage (443736K) : norcx_m2tm1 has 0 polygons
2026-04-01 19:03:06 +0200: Memory Usage (443736K) : norcx_m2tm2 has 0 polygons
2026-04-01 19:03:06 +0200: Memory Usage (443736K) : norcx_m3m4 has 0 polygons
2026-04-01 19:03:06 +0200: Memory Usage (443736K) : norcx_m3m5 has 0 polygons
2026-04-01 19:03:06 +0200: Memory Usage (443736K) : norcx_m3tm1 has 0 polygons
2026-04-01 19:03:06 +0200: Memory Usage (443736K) : norcx_m3tm2 has 0 polygons
2026-04-01 19:03:06 +0200: Memory Usage (443736K) : norcx_m4m5 has 0 polygons
2026-04-01 19:03:06 +0200: Memory Usage (443736K) : norcx_m4tm1 has 0 polygons
2026-04-01 19:03:06 +0200: Memory Usage (443736K) : norcx_m4tm2 has 0 polygons
2026-04-01 19:03:06 +0200: Memory Usage (443736K) : norcx_m5tm1 has 0 polygons
2026-04-01 19:03:06 +0200: Memory Usage (443736K) : norcx_m5tm2 has 0 polygons
2026-04-01 19:03:06 +0200: Memory Usage (443736K) : norcx_tm1tm2 has 0 polygons
2026-04-01 19:03:06 +0200: Memory Usage (443736K) : norcx_m1sub has 0 polygons
2026-04-01 19:03:06 +0200: Memory Usage (443736K) : norcx_m2sub has 0 polygons
2026-04-01 19:03:06 +0200: Memory Usage (443736K) : norcx_m3sub has 0 polygons
2026-04-01 19:03:06 +0200: Memory Usage (443736K) : norcx_m4sub has 0 polygons
2026-04-01 19:03:06 +0200: Memory Usage (443736K) : norcx_m5sub has 0 polygons
2026-04-01 19:03:06 +0200: Memory Usage (443736K) : norcx_tm1sub has 0 polygons
2026-04-01 19:03:06 +0200: Memory Usage (443736K) : norcx_tm2sub has 0 polygons
2026-04-01 19:03:06 +0200: Memory Usage (443736K) : snsbotvia_drw has 0 polygons
2026-04-01 19:03:06 +0200: Memory Usage (443736K) : snstopvia_drw has 0 polygons
2026-04-01 19:03:06 +0200: Memory Usage (443736K) : deepvia_drw has 0 polygons
2026-04-01 19:03:06 +0200: Memory Usage (443736K) : fgetch_drw has 0 polygons
2026-04-01 19:03:06 +0200: Memory Usage (443736K) : ctrgat_drw has 0 polygons
2026-04-01 19:03:06 +0200: Memory Usage (443736K) : fgimp_drw has 0 polygons
2026-04-01 19:03:06 +0200: Memory Usage (443736K) : emwihv_drw has 0 polygons
2026-04-01 19:03:06 +0200: Memory Usage (443736K) : lbe_drw has 0 polygons
2026-04-01 19:03:06 +0200: Memory Usage (443736K) : alcustop_drw has 0 polygons
2026-04-01 19:03:06 +0200: Memory Usage (443736K) : nometfiller_drw has 0 polygons
2026-04-01 19:03:06 +0200: Memory Usage (443736K) : prboundary_drw has 0 polygons
2026-04-01 19:03:06 +0200: Memory Usage (443736K) : exchange0_drw has 0 polygons
2026-04-01 19:03:06 +0200: Memory Usage (443736K) : exchange0_pin has 0 polygons
2026-04-01 19:03:06 +0200: Memory Usage (443736K) : exchange0_text has 0 polygons
2026-04-01 19:03:06 +0200: Memory Usage (443736K) : exchange1_drw has 0 polygons
2026-04-01 19:03:06 +0200: Memory Usage (443736K) : exchange1_pin has 0 polygons
2026-04-01 19:03:06 +0200: Memory Usage (443736K) : exchange1_text has 0 polygons
2026-04-01 19:03:06 +0200: Memory Usage (443736K) : exchange2_drw has 0 polygons
2026-04-01 19:03:06 +0200: Memory Usage (443736K) : exchange2_pin has 0 polygons
2026-04-01 19:03:06 +0200: Memory Usage (443736K) : exchange2_text has 0 polygons
2026-04-01 19:03:06 +0200: Memory Usage (443736K) : exchange3_drw has 0 polygons
2026-04-01 19:03:06 +0200: Memory Usage (443736K) : exchange3_pin has 0 polygons
2026-04-01 19:03:06 +0200: Memory Usage (443736K) : exchange3_text has 0 polygons
2026-04-01 19:03:06 +0200: Memory Usage (443736K) : exchange4_drw has 0 polygons
2026-04-01 19:03:06 +0200: Memory Usage (443736K) : exchange4_pin has 0 polygons
2026-04-01 19:03:06 +0200: Memory Usage (443736K) : exchange4_text has 0 polygons
2026-04-01 19:03:06 +0200: Memory Usage (443736K) : isonwell_drw has 0 polygons
2026-04-01 19:03:06 +0200: Memory Usage (443736K) : Total no. of polygons in the design is 214
2026-04-01 19:03:06 +0200: Memory Usage (443736K) : Starting base layers derivations
2026-04-01 19:03:06 +0200: Memory Usage (443736K) : Starting general LVS derivations
2026-04-01 19:03:06 +0200: Memory Usage (447704K) : Starting MOSFET DERIVATIONS
2026-04-01 19:03:07 +0200: Memory Usage (447704K) : Starting NMOS DERIVATIONS
2026-04-01 19:03:07 +0200: Memory Usage (447704K) : Starting PMOS DERIVATIONS
2026-04-01 19:03:07 +0200: Memory Usage (447704K) : Starting RF-MOSFET DERIVATIONS
2026-04-01 19:03:07 +0200: Memory Usage (447704K) : Starting RF-NMOS DERIVATIONS
2026-04-01 19:03:07 +0200: Memory Usage (447704K) : Starting RF-PMOS DERIVATIONS
2026-04-01 19:03:07 +0200: Memory Usage (447704K) : Starting BJT DERIVATIONS
2026-04-01 19:03:07 +0200: Memory Usage (447704K) : Starting NPN-BJT DERIVATIONS
2026-04-01 19:03:07 +0200: Memory Usage (451160K) : Starting PNP-BJT DERIVATIONS
2026-04-01 19:03:07 +0200: Memory Usage (452440K) : Starting DIODE DERIVATIONS
2026-04-01 19:03:07 +0200: Memory Usage (456536K) : Starting RESISTOR DERIVATIONS
2026-04-01 19:03:07 +0200: Memory Usage (459864K) : Starting CAP DERIVATIONS
2026-04-01 19:03:07 +0200: Memory Usage (463064K) : Starting ESD DERIVATIONS
2026-04-01 19:03:07 +0200: Memory Usage (450836K) : Starting Inductor DERIVATIONS
2026-04-01 19:03:07 +0200: Memory Usage (450836K) : Starting Taps DERIVATIONS
2026-04-01 19:03:07 +0200: Memory Usage (450836K) : Starting SG13G2 LVS connectivity setup
2026-04-01 19:03:07 +0200: Memory Usage (450836K) : Starting SG13G2 LVS connectivity setup (Inter-layer)
2026-04-01 19:03:07 +0200: Memory Usage (451092K) : Starting SG13G2 LVS connectivity setup (Global)
2026-04-01 19:03:07 +0200: Memory Usage (451092K) : Starting LVS MOSFET CONNECTIONS
2026-04-01 19:03:07 +0200: Memory Usage (451092K) : Starting LVS RF-MOSFET CONNECTIONS
2026-04-01 19:03:07 +0200: Memory Usage (451092K) : Starting LVS BJT CONNECTIONS
2026-04-01 19:03:07 +0200: Memory Usage (451092K) : Starting LVS DIODE CONNECTIONS
2026-04-01 19:03:07 +0200: Memory Usage (451092K) : Starting RESISTOR CONNECTIONS
2026-04-01 19:03:07 +0200: Memory Usage (451092K) : Starting LVS CAP CONNECTIONS
2026-04-01 19:03:07 +0200: Memory Usage (451092K) : Starting ESD CONNECTIONS
2026-04-01 19:03:07 +0200: Memory Usage (451092K) : Starting Inductor CONNECTIONS
2026-04-01 19:03:07 +0200: Memory Usage (451092K) : Starting LVS Taps CONNECTIONS
2026-04-01 19:03:07 +0200: Memory Usage (451092K) : Starting SG13G2 LVS DEVICES EXTRACTION
2026-04-01 19:03:07 +0200: Memory Usage (451092K) : Starting MOSFET EXTRACTION
2026-04-01 19:03:07 +0200: Memory Usage (451092K) : Starting NMOS EXTRACTION
2026-04-01 19:03:07 +0200: Memory Usage (451092K) : Extraction of NMOS-LV transistor
2026-04-01 19:03:07 +0200: Memory Usage (451092K) : Extraction of NMOS-HV transistor
2026-04-01 19:03:07 +0200: Memory Usage (451092K) : Starting PMOS EXTRACTION
2026-04-01 19:03:07 +0200: Memory Usage (451092K) : Extraction of PMOS-LV transistor
2026-04-01 19:03:07 +0200: Memory Usage (451092K) : Extraction of PMOS-HV transistor
2026-04-01 19:03:07 +0200: Memory Usage (451092K) : Starting RF-MOSFET EXTRACTION
2026-04-01 19:03:07 +0200: Memory Usage (451092K) : Extraction of RF-NMOS-LV transistor
2026-04-01 19:03:07 +0200: Memory Usage (451092K) : Extraction of RF-NMOS-HV transistor
2026-04-01 19:03:07 +0200: Memory Usage (451092K) : Extraction of RF-PMOS-LV transistor
2026-04-01 19:03:07 +0200: Memory Usage (451092K) : Extraction of RF-PMOS-HV transistor
2026-04-01 19:03:07 +0200: Memory Usage (451092K) : Starting BJT EXTRACTION
2026-04-01 19:03:07 +0200: Memory Usage (451092K) : Starting NPN-BJT EXTRACTION
2026-04-01 19:03:07 +0200: Memory Usage (451092K) : Extraction of npn13G2 BJT transistor
2026-04-01 19:03:07 +0200: Memory Usage (451092K) : Extraction of npn13G2L BJT transistor
2026-04-01 19:03:07 +0200: Memory Usage (451092K) : Extraction of npn13G2V BJT transistor
2026-04-01 19:03:07 +0200: Memory Usage (451092K) : Starting PNP-BJT EXTRACTION
2026-04-01 19:03:07 +0200: Memory Usage (451092K) : Extracting pnpMPA BJT
2026-04-01 19:03:07 +0200: Memory Usage (451092K) : Starting DIODE EXTRACTION
2026-04-01 19:03:07 +0200: Memory Usage (451092K) : Extracting dantenna diode
2026-04-01 19:03:07 +0200: Memory Usage (451092K) : Extracting dpantenna diode
2026-04-01 19:03:07 +0200: Memory Usage (451092K) : Extracting schottky_nbl1 diode
2026-04-01 19:03:07 +0200: Memory Usage (451092K) : Extracting isolbox diode
2026-04-01 19:03:07 +0200: Memory Usage (451092K) : Starting RESISTOR EXTRACTION
2026-04-01 19:03:07 +0200: Memory Usage (451092K) : Extracting rsil resistor
2026-04-01 19:03:07 +0200: Memory Usage (451092K) : Extracting rppd resistor
2026-04-01 19:03:07 +0200: Memory Usage (451092K) : Extracting rhigh resistor
2026-04-01 19:03:07 +0200: Memory Usage (451092K) : Extracting res_metal1 resistor
2026-04-01 19:03:07 +0200: Memory Usage (451220K) : Extracting res_metal2 resistor
2026-04-01 19:03:07 +0200: Memory Usage (451220K) : Extracting res_metal3 resistor
2026-04-01 19:03:07 +0200: Memory Usage (451220K) : Extracting res_metal4 resistor
2026-04-01 19:03:07 +0200: Memory Usage (451220K) : Extracting res_metal5 resistor
2026-04-01 19:03:07 +0200: Memory Usage (451220K) : Extracting res_topmetal1 resistor
2026-04-01 19:03:07 +0200: Memory Usage (451220K) : Extracting res_topmetal2 resistor
2026-04-01 19:03:07 +0200: Memory Usage (451220K) : Starting CAP EXTRACTION
2026-04-01 19:03:07 +0200: Memory Usage (451220K) : Extracting cap_cmim device
2026-04-01 19:03:07 +0200: Memory Usage (451220K) : Extracting rfcmim device
2026-04-01 19:03:07 +0200: Memory Usage (451220K) : Extracting sg13_hv_svaricap varactor
2026-04-01 19:03:07 +0200: Memory Usage (451348K) : Starting ESD EXTRACTION
2026-04-01 19:03:07 +0200: Memory Usage (451348K) : Extracting diodevdd_2kv ESD device
2026-04-01 19:03:07 +0200: Memory Usage (451476K) : Extracting diodevdd_4kv ESD device
2026-04-01 19:03:07 +0200: Memory Usage (451604K) : Extracting diodevss_2kv ESD device
2026-04-01 19:03:07 +0200: Memory Usage (451860K) : Extracting diodevss_4kv ESD device
2026-04-01 19:03:07 +0200: Memory Usage (451988K) : Extracting idiodevdd_2kv ESD device
2026-04-01 19:03:07 +0200: Memory Usage (452116K) : Extracting idiodevdd_4kv ESD device
2026-04-01 19:03:07 +0200: Memory Usage (452372K) : Extracting idiodevss_2kv ESD device
2026-04-01 19:03:07 +0200: Memory Usage (452500K) : Extracting idiodevss_4kv ESD device
2026-04-01 19:03:07 +0200: Memory Usage (452628K) : Extracting nmoscl_2 ESD device
2026-04-01 19:03:07 +0200: Memory Usage (452756K) : Extracting nmoscl_4 ESD device
2026-04-01 19:03:07 +0200: Memory Usage (452756K) : Starting Inductor EXTRACTION
2026-04-01 19:03:07 +0200: Memory Usage (452756K) : Extracting Inductor2 device
2026-04-01 19:03:07 +0200: Memory Usage (452884K) : Extracting Inductor3 device
2026-04-01 19:03:07 +0200: Memory Usage (453012K) : Starting Taps EXTRACTION
2026-04-01 19:03:07 +0200: Memory Usage (453012K) : Extracting ntap1 device
2026-04-01 19:03:07 +0200: Memory Usage (453140K) : Extracting ptap1 device
2026-04-01 19:03:07 +0200: Memory Usage (453140K) : Starting SG13G2 LVS RF MOS Model Mapping
2026-04-01 19:03:07 +0200: Memory Usage (453268K) : [layout_netlist] Apply RF MOS model mapping and rfmode parameter.
2026-04-01 19:03:07 +0200: Memory Usage (453268K) : Starting SG13G2 LVS Options Preparations
2026-04-01 19:03:07 +0200: Memory Usage (453268K) : SG13G2 LVS flow: extraction -> alignment -> option preparation -> comparison.
2026-04-01 19:03:07 +0200: Memory Usage (453268K) : Starting SG13G2 LVS Alignment
2026-04-01 19:03:07 +0200: Memory Usage (453396K) : Starting SG13G2 LVS Simplification
2026-04-01 19:03:07 +0200: Memory Usage (453396K) : [layout_netlist] simplify: ENABLED
2026-04-01 19:03:07 +0200: Memory Usage (453396K) : [layout_netlist] make_top_level_pins: ENABLED
2026-04-01 19:03:07 +0200: Memory Usage (453396K) : [layout_netlist] combine_devices: SKIPPED
2026-04-01 19:03:07 +0200: Memory Usage (453396K) : [layout_netlist] purge: SKIPPED
2026-04-01 19:03:07 +0200: Memory Usage (453396K) : [layout_netlist] purge_nets: SKIPPED
2026-04-01 19:03:07 +0200: Memory Usage (453396K) : [schematic_netlist] simplify: ENABLED
2026-04-01 19:03:07 +0200: Memory Usage (453396K) : [schematic_netlist] make_top_level_pins: ENABLED
2026-04-01 19:03:07 +0200: Memory Usage (453396K) : [schematic_netlist] combine_devices: SKIPPED
2026-04-01 19:03:07 +0200: Memory Usage (453396K) : [schematic_netlist] purge: SKIPPED
2026-04-01 19:03:07 +0200: Memory Usage (453396K) : [schematic_netlist] purge_nets: SKIPPED
2026-04-01 19:03:07 +0200: Memory Usage (453396K) : Starting SG13G2 LVS Comparison in strict port mode.
2026-04-01 19:03:07 +0200: Memory Usage (453396K) : flag_missing_ports enabled: missing/mislabeled top-level ports are treated as errors.
2026-04-01 19:03:07 +0200: Memory Usage (453396K) : ==========================================
2026-04-01 19:03:07 +0200: Memory Usage (453396K) : INFO : Congratulations! Netlists match.
2026-04-01 19:03:07 +0200: Memory Usage (453396K) : ==========================================
2026-04-01 19:03:07 +0200: Memory Usage (453396K) : LVS Total Run time 1.835402 seconds
