# Logfile created on 2026-04-03 00:24:01 +0200 by logger.rb/v1.4.3
2026-04-03 00:24:01 +0200: Memory Usage (430316K) : Starting running SG13G2 Klayout LVS runset on /home/designer/shared/designs/SSDOR_1.2V_v3/components/driver/driver.gds
2026-04-03 00:24:01 +0200: Memory Usage (430316K) : Ruby Version for klayout: 3.0.2
2026-04-03 00:24:01 +0200: Memory Usage (431468K) : Loading database to memory is complete.
2026-04-03 00:24:01 +0200: Memory Usage (431468K) : SG13G2 Klayout LVS runset output at: /home/designer/shared/designs/SSDOR_1.2V_v3/components/driver/lvs_run_driver_2026_04_03_00_23_59/driver.lvsdb
2026-04-03 00:24:01 +0200: Memory Usage (431468K) : Evaluate switches.
2026-04-03 00:24:01 +0200: Memory Usage (431468K) : Extracted netlist with net names: true
2026-04-03 00:24:01 +0200: Memory Usage (431468K) : Extracted netlist with comments in details: false
2026-04-03 00:24:01 +0200: Memory Usage (431468K) : Selected NET_ONLY option: false
2026-04-03 00:24:01 +0200: Memory Usage (431468K) : Selected LAYOUT_NETLIST option: (none)
2026-04-03 00:24:01 +0200: Memory Usage (431468K) : Selected IGNORE_TOP_PORTS_MISMATCH option: 
2026-04-03 00:24:01 +0200: Memory Usage (431468K) : Selected IMPLICIT_NETS option: (none)
2026-04-03 00:24:01 +0200: Memory Usage (431468K) : Selected TOP_LVL_PINS option: true
2026-04-03 00:24:01 +0200: Memory Usage (431468K) : Selected COMBINE DEVICES option: false
2026-04-03 00:24:01 +0200: Memory Usage (431468K) : Selected PURGE option: false
2026-04-03 00:24:01 +0200: Memory Usage (431468K) : Selected PURGE_NETS option: false
2026-04-03 00:24:01 +0200: Memory Usage (431468K) : Selected SIMPLIFY option: true
2026-04-03 00:24:01 +0200: Memory Usage (431468K) : Selected SERIES_RES option: true
2026-04-03 00:24:01 +0200: Memory Usage (431468K) : Selected PARALLEL_RES option: true
2026-04-03 00:24:01 +0200: Memory Usage (431468K) : deep  mode is enabled.
2026-04-03 00:24:01 +0200: Memory Usage (432492K) : Netlist file: /home/designer/shared/designs/SSDOR_1.2V_v3/components/driver/simulations/driver.spice
2026-04-03 00:24:01 +0200: Memory Usage (432492K) : LVS extracted netlist at: /home/designer/shared/designs/SSDOR_1.2V_v3/components/driver/lvs_run_driver_2026_04_03_00_23_59/driver_extracted.cir
2026-04-03 00:24:01 +0200: Memory Usage (432492K) : Applying SRAM integration support.
2026-04-03 00:24:01 +0200: Memory Usage (432492K) : Starting SG13G2 LVS runset
2026-04-03 00:24:01 +0200: Memory Usage (432492K) : Read in polygons from layers.
2026-04-03 00:24:01 +0200: Memory Usage (433388K) : activ_drw has 399 polygons
2026-04-03 00:24:01 +0200: Memory Usage (433388K) : activ_filler has 0 polygons
2026-04-03 00:24:01 +0200: Memory Usage (433388K) : activ has 399 polygons
2026-04-03 00:24:01 +0200: Memory Usage (433388K) : activ_pin has 0 polygons
2026-04-03 00:24:01 +0200: Memory Usage (433388K) : activ_mask has 0 polygons
2026-04-03 00:24:01 +0200: Memory Usage (433388K) : activ_nofill has 0 polygons
2026-04-03 00:24:01 +0200: Memory Usage (433388K) : activ_OPC has 0 polygons
2026-04-03 00:24:01 +0200: Memory Usage (433388K) : activ_iOPC has 0 polygons
2026-04-03 00:24:01 +0200: Memory Usage (433388K) : activ_noqrc has 0 polygons
2026-04-03 00:24:01 +0200: Memory Usage (433388K) : biwind_drw has 0 polygons
2026-04-03 00:24:01 +0200: Memory Usage (433388K) : biwind_OPC has 0 polygons
2026-04-03 00:24:01 +0200: Memory Usage (433772K) : gatpoly_drw has 343 polygons
2026-04-03 00:24:01 +0200: Memory Usage (433772K) : gatpoly_filler has 0 polygons
2026-04-03 00:24:01 +0200: Memory Usage (433772K) : gatpoly has 343 polygons
2026-04-03 00:24:01 +0200: Memory Usage (434028K) : gatpoly_pin has 46 polygons
2026-04-03 00:24:01 +0200: Memory Usage (434028K) : gatpoly_nofill has 0 polygons
2026-04-03 00:24:01 +0200: Memory Usage (434028K) : gatpoly_OPC has 0 polygons
2026-04-03 00:24:01 +0200: Memory Usage (434028K) : gatpoly_iOPC has 0 polygons
2026-04-03 00:24:01 +0200: Memory Usage (434156K) : gatpoly_noqrc has 0 polygons
2026-04-03 00:24:01 +0200: Memory Usage (434156K) : cont_drw has 2599 polygons
2026-04-03 00:24:01 +0200: Memory Usage (434156K) : cont_OPC has 0 polygons
2026-04-03 00:24:01 +0200: Memory Usage (434156K) : nsd_drw has 0 polygons
2026-04-03 00:24:01 +0200: Memory Usage (434156K) : nsd_block has 0 polygons
2026-04-03 00:24:01 +0200: Memory Usage (434412K) : metal1_drw has 903 polygons
2026-04-03 00:24:01 +0200: Memory Usage (434540K) : metal1_filler has 0 polygons
2026-04-03 00:24:01 +0200: Memory Usage (434540K) : metal1_slit has 0 polygons
2026-04-03 00:24:01 +0200: Memory Usage (434668K) : metal1 has 903 polygons
2026-04-03 00:24:01 +0200: Memory Usage (434796K) : metal1_pin has 107 polygons
2026-04-03 00:24:01 +0200: Memory Usage (434796K) : metal1_mask has 0 polygons
2026-04-03 00:24:01 +0200: Memory Usage (434924K) : metal1_nofill has 0 polygons
2026-04-03 00:24:01 +0200: Memory Usage (435180K) : metal1_text has 1 polygons
2026-04-03 00:24:01 +0200: Memory Usage (435180K) : metal1_OPC has 0 polygons
2026-04-03 00:24:01 +0200: Memory Usage (435308K) : metal1_noqrc has 0 polygons
2026-04-03 00:24:01 +0200: Memory Usage (435436K) : metal1_res has 0 polygons
2026-04-03 00:24:01 +0200: Memory Usage (435436K) : metal1_iprobe has 0 polygons
2026-04-03 00:24:01 +0200: Memory Usage (435564K) : metal1_diffprb has 0 polygons
2026-04-03 00:24:01 +0200: Memory Usage (435564K) : passiv_drw has 0 polygons
2026-04-03 00:24:01 +0200: Memory Usage (435692K) : passiv_pin has 0 polygons
2026-04-03 00:24:01 +0200: Memory Usage (435692K) : passiv_sbump has 0 polygons
2026-04-03 00:24:01 +0200: Memory Usage (435820K) : passiv_pillar has 0 polygons
2026-04-03 00:24:01 +0200: Memory Usage (435820K) : passiv_pdl has 0 polygons
2026-04-03 00:24:01 +0200: Memory Usage (435948K) : metal2_drw has 642 polygons
2026-04-03 00:24:01 +0200: Memory Usage (435948K) : metal2_filler has 0 polygons
2026-04-03 00:24:01 +0200: Memory Usage (436076K) : metal2_slit has 0 polygons
2026-04-03 00:24:01 +0200: Memory Usage (436076K) : metal2 has 642 polygons
2026-04-03 00:24:01 +0200: Memory Usage (436204K) : metal2_pin has 2 polygons
2026-04-03 00:24:01 +0200: Memory Usage (436204K) : metal2_mask has 0 polygons
2026-04-03 00:24:01 +0200: Memory Usage (436332K) : metal2_nofill has 0 polygons
2026-04-03 00:24:01 +0200: Memory Usage (436332K) : metal2_text has 2 polygons
2026-04-03 00:24:01 +0200: Memory Usage (436460K) : metal2_OPC has 0 polygons
2026-04-03 00:24:01 +0200: Memory Usage (436460K) : metal2_noqrc has 0 polygons
2026-04-03 00:24:01 +0200: Memory Usage (436588K) : metal2_res has 0 polygons
2026-04-03 00:24:01 +0200: Memory Usage (436588K) : metal2_iprobe has 0 polygons
2026-04-03 00:24:01 +0200: Memory Usage (436716K) : metal2_diffprb has 0 polygons
2026-04-03 00:24:01 +0200: Memory Usage (436716K) : baspoly_drw has 0 polygons
2026-04-03 00:24:01 +0200: Memory Usage (436844K) : baspoly_pin has 0 polygons
2026-04-03 00:24:01 +0200: Memory Usage (436844K) : psd_drw has 88 polygons
2026-04-03 00:24:01 +0200: Memory Usage (436972K) : nldb_drw has 0 polygons
2026-04-03 00:24:01 +0200: Memory Usage (436972K) : digibnd_drw has 0 polygons
2026-04-03 00:24:01 +0200: Memory Usage (437100K) : via1_drw has 1650 polygons
2026-04-03 00:24:01 +0200: Memory Usage (437100K) : backmetal1_drw has 0 polygons
2026-04-03 00:24:01 +0200: Memory Usage (437228K) : backmetal1_pin has 0 polygons
2026-04-03 00:24:01 +0200: Memory Usage (437228K) : backmetal1_mask has 0 polygons
2026-04-03 00:24:01 +0200: Memory Usage (437356K) : backmetal1_filler has 0 polygons
2026-04-03 00:24:01 +0200: Memory Usage (437356K) : backmetal1_nofill has 0 polygons
2026-04-03 00:24:01 +0200: Memory Usage (437484K) : backmetal1_slit has 0 polygons
2026-04-03 00:24:01 +0200: Memory Usage (437484K) : backmetal1_text has 0 polygons
2026-04-03 00:24:01 +0200: Memory Usage (437484K) : backmetal1_OPC has 0 polygons
2026-04-03 00:24:01 +0200: Memory Usage (437612K) : backmetal1_noqrc has 0 polygons
2026-04-03 00:24:01 +0200: Memory Usage (437612K) : backmetal1_res has 0 polygons
2026-04-03 00:24:01 +0200: Memory Usage (437740K) : backmetal1_iprobe has 0 polygons
2026-04-03 00:24:01 +0200: Memory Usage (437740K) : backmetal1_diffprb has 0 polygons
2026-04-03 00:24:01 +0200: Memory Usage (437868K) : backpassiv_drw has 0 polygons
2026-04-03 00:24:01 +0200: Memory Usage (437868K) : res_drw has 0 polygons
2026-04-03 00:24:01 +0200: Memory Usage (437996K) : sram_drw has 0 polygons
2026-04-03 00:24:01 +0200: Memory Usage (437996K) : trans_drw has 0 polygons
2026-04-03 00:24:01 +0200: Memory Usage (438124K) : ind_drw has 0 polygons
2026-04-03 00:24:01 +0200: Memory Usage (438124K) : ind_pin has 0 polygons
2026-04-03 00:24:01 +0200: Memory Usage (438252K) : ind_text has 0 polygons
2026-04-03 00:24:01 +0200: Memory Usage (438252K) : salblock_drw has 0 polygons
2026-04-03 00:24:01 +0200: Memory Usage (438380K) : via2_drw has 1444 polygons
2026-04-03 00:24:01 +0200: Memory Usage (438380K) : metal3_drw has 403 polygons
2026-04-03 00:24:01 +0200: Memory Usage (438508K) : metal3_filler has 0 polygons
2026-04-03 00:24:01 +0200: Memory Usage (438508K) : metal3_slit has 0 polygons
2026-04-03 00:24:01 +0200: Memory Usage (438636K) : metal3 has 403 polygons
2026-04-03 00:24:01 +0200: Memory Usage (438764K) : metal3_pin has 0 polygons
2026-04-03 00:24:01 +0200: Memory Usage (438764K) : metal3_mask has 0 polygons
2026-04-03 00:24:01 +0200: Memory Usage (438764K) : metal3_nofill has 0 polygons
2026-04-03 00:24:01 +0200: Memory Usage (438892K) : metal3_text has 0 polygons
2026-04-03 00:24:01 +0200: Memory Usage (438892K) : metal3_OPC has 0 polygons
2026-04-03 00:24:01 +0200: Memory Usage (439020K) : metal3_noqrc has 0 polygons
2026-04-03 00:24:01 +0200: Memory Usage (439020K) : metal3_res has 0 polygons
2026-04-03 00:24:01 +0200: Memory Usage (439148K) : metal3_iprobe has 0 polygons
2026-04-03 00:24:01 +0200: Memory Usage (439148K) : metal3_diffprb has 0 polygons
2026-04-03 00:24:01 +0200: Memory Usage (439276K) : nwell_drw has 103 polygons
2026-04-03 00:24:01 +0200: Memory Usage (439276K) : nwell_pin has 7 polygons
2026-04-03 00:24:01 +0200: Memory Usage (439404K) : nwell_text has 0 polygons
2026-04-03 00:24:01 +0200: Memory Usage (439404K) : nbulay_drw has 7 polygons
2026-04-03 00:24:01 +0200: Memory Usage (439532K) : nbulay_pin has 0 polygons
2026-04-03 00:24:01 +0200: Memory Usage (439532K) : nbulay_block has 0 polygons
2026-04-03 00:24:01 +0200: Memory Usage (439660K) : emwind_drw has 0 polygons
2026-04-03 00:24:01 +0200: Memory Usage (439788K) : emwind_OPC has 0 polygons
2026-04-03 00:24:01 +0200: Memory Usage (439788K) : deepco_drw has 0 polygons
2026-04-03 00:24:01 +0200: Memory Usage (439916K) : mim_drw has 0 polygons
2026-04-03 00:24:01 +0200: Memory Usage (439916K) : edgeseal_drw has 0 polygons
2026-04-03 00:24:01 +0200: Memory Usage (440044K) : substrate_drw has 83 polygons
2026-04-03 00:24:01 +0200: Memory Usage (440044K) : substrate_text has 0 polygons
2026-04-03 00:24:01 +0200: Memory Usage (440172K) : dfpad_drw has 0 polygons
2026-04-03 00:24:01 +0200: Memory Usage (440172K) : dfpad_pillar has 0 polygons
2026-04-03 00:24:01 +0200: Memory Usage (440300K) : dfpad_sbump has 0 polygons
2026-04-03 00:24:01 +0200: Memory Usage (440300K) : thickgateox_drw has 0 polygons
2026-04-03 00:24:01 +0200: Memory Usage (440428K) : pldb_drw has 0 polygons
2026-04-03 00:24:01 +0200: Memory Usage (440428K) : pwell_drw has 0 polygons
2026-04-03 00:24:01 +0200: Memory Usage (440428K) : pwell_pin has 0 polygons
2026-04-03 00:24:01 +0200: Memory Usage (440556K) : pwell_block has 0 polygons
2026-04-03 00:24:01 +0200: Memory Usage (440556K) : ic_drw has 0 polygons
2026-04-03 00:24:01 +0200: Memory Usage (440684K) : via3_drw has 624 polygons
2026-04-03 00:24:01 +0200: Memory Usage (440684K) : metal4_drw has 50 polygons
2026-04-03 00:24:01 +0200: Memory Usage (440812K) : metal4_filler has 0 polygons
2026-04-03 00:24:01 +0200: Memory Usage (440812K) : metal4_slit has 0 polygons
2026-04-03 00:24:01 +0200: Memory Usage (440940K) : metal4 has 50 polygons
2026-04-03 00:24:01 +0200: Memory Usage (441068K) : metal4_pin has 3 polygons
2026-04-03 00:24:01 +0200: Memory Usage (441068K) : metal4_mask has 0 polygons
2026-04-03 00:24:01 +0200: Memory Usage (441196K) : metal4_nofill has 0 polygons
2026-04-03 00:24:01 +0200: Memory Usage (441196K) : metal4_text has 3 polygons
2026-04-03 00:24:01 +0200: Memory Usage (441324K) : metal4_OPC has 0 polygons
2026-04-03 00:24:01 +0200: Memory Usage (441324K) : metal4_noqrc has 0 polygons
2026-04-03 00:24:01 +0200: Memory Usage (441452K) : metal4_res has 0 polygons
2026-04-03 00:24:01 +0200: Memory Usage (441452K) : metal4_iprobe has 0 polygons
2026-04-03 00:24:01 +0200: Memory Usage (441580K) : metal4_diffprb has 0 polygons
2026-04-03 00:24:01 +0200: Memory Usage (441580K) : heattrans_drw has 129 polygons
2026-04-03 00:24:01 +0200: Memory Usage (441708K) : heatres_drw has 0 polygons
2026-04-03 00:24:01 +0200: Memory Usage (441708K) : fbe_drw has 0 polygons
2026-04-03 00:24:01 +0200: Memory Usage (441836K) : empoly_drw has 0 polygons
2026-04-03 00:24:01 +0200: Memory Usage (441836K) : digisub_drw has 0 polygons
2026-04-03 00:24:01 +0200: Memory Usage (441964K) : text_drw has 136 polygons
2026-04-03 00:24:01 +0200: Memory Usage (441964K) : via4_drw has 0 polygons
2026-04-03 00:24:01 +0200: Memory Usage (441964K) : metal5_drw has 0 polygons
2026-04-03 00:24:01 +0200: Memory Usage (442092K) : metal5_filler has 0 polygons
2026-04-03 00:24:01 +0200: Memory Usage (442092K) : metal5_slit has 0 polygons
2026-04-03 00:24:01 +0200: Memory Usage (442220K) : metal5 has 0 polygons
2026-04-03 00:24:01 +0200: Memory Usage (442348K) : metal5_pin has 0 polygons
2026-04-03 00:24:01 +0200: Memory Usage (442348K) : metal5_mask has 0 polygons
2026-04-03 00:24:01 +0200: Memory Usage (442476K) : metal5_nofill has 0 polygons
2026-04-03 00:24:01 +0200: Memory Usage (442476K) : metal5_text has 0 polygons
2026-04-03 00:24:01 +0200: Memory Usage (442604K) : metal5_OPC has 0 polygons
2026-04-03 00:24:01 +0200: Memory Usage (442604K) : metal5_noqrc has 0 polygons
2026-04-03 00:24:01 +0200: Memory Usage (442732K) : metal5_res has 0 polygons
2026-04-03 00:24:01 +0200: Memory Usage (442732K) : metal5_iprobe has 0 polygons
2026-04-03 00:24:01 +0200: Memory Usage (442860K) : metal5_diffprb has 0 polygons
2026-04-03 00:24:01 +0200: Memory Usage (442860K) : radhard_drw has 0 polygons
2026-04-03 00:24:01 +0200: Memory Usage (442988K) : memcap_drw has 0 polygons
2026-04-03 00:24:01 +0200: Memory Usage (442988K) : varicap_drw has 0 polygons
2026-04-03 00:24:01 +0200: Memory Usage (443116K) : intbondvia_drw has 0 polygons
2026-04-03 00:24:01 +0200: Memory Usage (443116K) : intbondmet_drw has 0 polygons
2026-04-03 00:24:01 +0200: Memory Usage (443244K) : devbondvia_drw has 0 polygons
2026-04-03 00:24:01 +0200: Memory Usage (443244K) : devbondmet_drw has 0 polygons
2026-04-03 00:24:01 +0200: Memory Usage (443372K) : devtrench_drw has 0 polygons
2026-04-03 00:24:01 +0200: Memory Usage (443372K) : redist_drw has 0 polygons
2026-04-03 00:24:01 +0200: Memory Usage (443500K) : graphbot_drw has 0 polygons
2026-04-03 00:24:01 +0200: Memory Usage (443500K) : graphtop_drw has 0 polygons
2026-04-03 00:24:01 +0200: Memory Usage (443628K) : antvia1_drw has 0 polygons
2026-04-03 00:24:01 +0200: Memory Usage (443628K) : antmetal2_drw has 0 polygons
2026-04-03 00:24:01 +0200: Memory Usage (443756K) : graphcont_drw has 0 polygons
2026-04-03 00:24:01 +0200: Memory Usage (443756K) : siwg_drw has 0 polygons
2026-04-03 00:24:01 +0200: Memory Usage (443884K) : siwg_filler has 0 polygons
2026-04-03 00:24:01 +0200: Memory Usage (443884K) : siwg_nofill has 0 polygons
2026-04-03 00:24:01 +0200: Memory Usage (444012K) : sigrating_drw has 0 polygons
2026-04-03 00:24:01 +0200: Memory Usage (444012K) : singrating_drw has 0 polygons
2026-04-03 00:24:01 +0200: Memory Usage (444140K) : graphpas_drw has 0 polygons
2026-04-03 00:24:01 +0200: Memory Usage (444140K) : emwind3_drw has 0 polygons
2026-04-03 00:24:01 +0200: Memory Usage (444268K) : emwihv3_drw has 0 polygons
2026-04-03 00:24:01 +0200: Memory Usage (444268K) : redbulay_drw has 0 polygons
2026-04-03 00:24:01 +0200: Memory Usage (444396K) : smos_drw has 0 polygons
2026-04-03 00:24:01 +0200: Memory Usage (444396K) : graphpad_drw has 0 polygons
2026-04-03 00:24:01 +0200: Memory Usage (444524K) : polimide_drw has 0 polygons
2026-04-03 00:24:01 +0200: Memory Usage (444652K) : polimide_pin has 0 polygons
2026-04-03 00:24:01 +0200: Memory Usage (444652K) : recog_drw has 0 polygons
2026-04-03 00:24:01 +0200: Memory Usage (444780K) : recog_pin has 0 polygons
2026-04-03 00:24:01 +0200: Memory Usage (444780K) : recog_esd has 0 polygons
2026-04-03 00:24:01 +0200: Memory Usage (444908K) : recog_diode has 0 polygons
2026-04-03 00:24:01 +0200: Memory Usage (444908K) : recog_tsv has 0 polygons
2026-04-03 00:24:01 +0200: Memory Usage (445036K) : recog_iprobe has 0 polygons
2026-04-03 00:24:01 +0200: Memory Usage (445036K) : recog_diffprb has 0 polygons
2026-04-03 00:24:01 +0200: Memory Usage (445164K) : recog_pillar has 0 polygons
2026-04-03 00:24:01 +0200: Memory Usage (445164K) : recog_sbump has 0 polygons
2026-04-03 00:24:01 +0200: Memory Usage (445292K) : recog_otp has 0 polygons
2026-04-03 00:24:01 +0200: Memory Usage (445292K) : recog_pdiode has 0 polygons
2026-04-03 00:24:01 +0200: Memory Usage (445420K) : recog_mom has 0 polygons
2026-04-03 00:24:01 +0200: Memory Usage (445420K) : recog_pcm has 0 polygons
2026-04-03 00:24:01 +0200: Memory Usage (445548K) : colopen_drw has 0 polygons
2026-04-03 00:24:01 +0200: Memory Usage (445548K) : graphmetal1_drw has 0 polygons
2026-04-03 00:24:01 +0200: Memory Usage (445676K) : graphmetal1_filler has 0 polygons
2026-04-03 00:24:01 +0200: Memory Usage (445676K) : graphmetal1_nofill has 0 polygons
2026-04-03 00:24:01 +0200: Memory Usage (445804K) : graphmetal1_slit has 0 polygons
2026-04-03 00:24:01 +0200: Memory Usage (445804K) : graphmetal1_OPC has 0 polygons
2026-04-03 00:24:01 +0200: Memory Usage (445932K) : graphmet1l_drw has 0 polygons
2026-04-03 00:24:01 +0200: Memory Usage (445932K) : graphmet1l_filler has 0 polygons
2026-04-03 00:24:01 +0200: Memory Usage (446060K) : graphmet1l_nofill has 0 polygons
2026-04-03 00:24:01 +0200: Memory Usage (446060K) : graphmet1l_slit has 0 polygons
2026-04-03 00:24:01 +0200: Memory Usage (446188K) : graphmet1l_OPC has 0 polygons
2026-04-03 00:24:01 +0200: Memory Usage (446188K) : extblock_drw has 0 polygons
2026-04-03 00:24:01 +0200: Memory Usage (446316K) : nldd_drw has 0 polygons
2026-04-03 00:24:01 +0200: Memory Usage (446316K) : pldd_drw has 0 polygons
2026-04-03 00:24:01 +0200: Memory Usage (446444K) : next_drw has 0 polygons
2026-04-03 00:24:01 +0200: Memory Usage (446444K) : pext_drw has 0 polygons
2026-04-03 00:24:01 +0200: Memory Usage (446572K) : nexthv_drw has 0 polygons
2026-04-03 00:24:01 +0200: Memory Usage (446572K) : pexthv_drw has 0 polygons
2026-04-03 00:24:01 +0200: Memory Usage (446700K) : graphgate_drw has 0 polygons
2026-04-03 00:24:01 +0200: Memory Usage (446700K) : sinwg_drw has 0 polygons
2026-04-03 00:24:01 +0200: Memory Usage (446828K) : sinwg_filler has 0 polygons
2026-04-03 00:24:01 +0200: Memory Usage (446828K) : sinwg_nofill has 0 polygons
2026-04-03 00:24:01 +0200: Memory Usage (446956K) : mempad_drw has 0 polygons
2026-04-03 00:24:01 +0200: Memory Usage (447084K) : topvia1_drw has 0 polygons
2026-04-03 00:24:01 +0200: Memory Usage (447084K) : topmetal1_drw has 0 polygons
2026-04-03 00:24:01 +0200: Memory Usage (447212K) : topmetal1_filler has 0 polygons
2026-04-03 00:24:01 +0200: Memory Usage (447212K) : topmetal1_slit has 0 polygons
2026-04-03 00:24:01 +0200: Memory Usage (447340K) : topmetal1 has 0 polygons
2026-04-03 00:24:01 +0200: Memory Usage (447468K) : topmetal1_pin has 0 polygons
2026-04-03 00:24:01 +0200: Memory Usage (447468K) : topmetal1_mask has 0 polygons
2026-04-03 00:24:01 +0200: Memory Usage (447596K) : topmetal1_nofill has 0 polygons
2026-04-03 00:24:01 +0200: Memory Usage (447596K) : topmetal1_text has 0 polygons
2026-04-03 00:24:01 +0200: Memory Usage (447596K) : topmetal1_noqrc has 0 polygons
2026-04-03 00:24:01 +0200: Memory Usage (447724K) : topmetal1_res has 0 polygons
2026-04-03 00:24:01 +0200: Memory Usage (447852K) : topmetal1_iprobe has 0 polygons
2026-04-03 00:24:01 +0200: Memory Usage (447852K) : topmetal1_diffprb has 0 polygons
2026-04-03 00:24:01 +0200: Memory Usage (447852K) : inldpwl_drw has 0 polygons
2026-04-03 00:24:01 +0200: Memory Usage (447852K) : polyres_drw has 0 polygons
2026-04-03 00:24:01 +0200: Memory Usage (447852K) : polyres_pin has 0 polygons
2026-04-03 00:24:01 +0200: Memory Usage (447852K) : vmim_drw has 0 polygons
2026-04-03 00:24:01 +0200: Memory Usage (447980K) : nbulaycut_drw has 0 polygons
2026-04-03 00:24:01 +0200: Memory Usage (447980K) : antmetal1_drw has 0 polygons
2026-04-03 00:24:01 +0200: Memory Usage (448108K) : topvia2_drw has 0 polygons
2026-04-03 00:24:01 +0200: Memory Usage (448108K) : topmetal2_drw has 0 polygons
2026-04-03 00:24:01 +0200: Memory Usage (448236K) : topmetal2_filler has 0 polygons
2026-04-03 00:24:01 +0200: Memory Usage (448236K) : topmetal2_slit has 0 polygons
2026-04-03 00:24:01 +0200: Memory Usage (448364K) : topmetal2 has 0 polygons
2026-04-03 00:24:01 +0200: Memory Usage (448492K) : topmetal2_pin has 0 polygons
2026-04-03 00:24:01 +0200: Memory Usage (448492K) : topmetal2_mask has 0 polygons
2026-04-03 00:24:01 +0200: Memory Usage (448620K) : topmetal2_nofill has 0 polygons
2026-04-03 00:24:01 +0200: Memory Usage (448620K) : topmetal2_text has 0 polygons
2026-04-03 00:24:01 +0200: Memory Usage (448748K) : topmetal2_noqrc has 0 polygons
2026-04-03 00:24:01 +0200: Memory Usage (448748K) : topmetal2_res has 0 polygons
2026-04-03 00:24:01 +0200: Memory Usage (448876K) : topmetal2_iprobe has 0 polygons
2026-04-03 00:24:01 +0200: Memory Usage (448876K) : topmetal2_diffprb has 0 polygons
2026-04-03 00:24:01 +0200: Memory Usage (449004K) : snsring_drw has 0 polygons
2026-04-03 00:24:01 +0200: Memory Usage (449004K) : sensor_drw has 0 polygons
2026-04-03 00:24:01 +0200: Memory Usage (449132K) : snsarms_drw has 0 polygons
2026-04-03 00:24:01 +0200: Memory Usage (449132K) : snscmosvia_drw has 0 polygons
2026-04-03 00:24:01 +0200: Memory Usage (449260K) : colwind_drw has 0 polygons
2026-04-03 00:24:01 +0200: Memory Usage (449260K) : flm_drw has 0 polygons
2026-04-03 00:24:01 +0200: Memory Usage (449388K) : hafniumox_drw has 0 polygons
2026-04-03 00:24:01 +0200: Memory Usage (449388K) : memvia_drw has 0 polygons
2026-04-03 00:24:01 +0200: Memory Usage (449516K) : thinfilmres_drw has 0 polygons
2026-04-03 00:24:01 +0200: Memory Usage (449516K) : rfmem_drw has 0 polygons
2026-04-03 00:24:01 +0200: Memory Usage (449644K) : norcx_drw has 0 polygons
2026-04-03 00:24:01 +0200: Memory Usage (449644K) : norcx_m2m3 has 0 polygons
2026-04-03 00:24:01 +0200: Memory Usage (449772K) : norcx_m2m4 has 0 polygons
2026-04-03 00:24:01 +0200: Memory Usage (449772K) : norcx_m2m5 has 0 polygons
2026-04-03 00:24:01 +0200: Memory Usage (449900K) : norcx_m2tm1 has 0 polygons
2026-04-03 00:24:01 +0200: Memory Usage (449900K) : norcx_m2tm2 has 0 polygons
2026-04-03 00:24:01 +0200: Memory Usage (450028K) : norcx_m3m4 has 0 polygons
2026-04-03 00:24:01 +0200: Memory Usage (450028K) : norcx_m3m5 has 0 polygons
2026-04-03 00:24:01 +0200: Memory Usage (450156K) : norcx_m3tm1 has 0 polygons
2026-04-03 00:24:01 +0200: Memory Usage (450156K) : norcx_m3tm2 has 0 polygons
2026-04-03 00:24:01 +0200: Memory Usage (450156K) : norcx_m4m5 has 0 polygons
2026-04-03 00:24:01 +0200: Memory Usage (450284K) : norcx_m4tm1 has 0 polygons
2026-04-03 00:24:01 +0200: Memory Usage (450284K) : norcx_m4tm2 has 0 polygons
2026-04-03 00:24:01 +0200: Memory Usage (450412K) : norcx_m5tm1 has 0 polygons
2026-04-03 00:24:01 +0200: Memory Usage (450412K) : norcx_m5tm2 has 0 polygons
2026-04-03 00:24:01 +0200: Memory Usage (450540K) : norcx_tm1tm2 has 0 polygons
2026-04-03 00:24:01 +0200: Memory Usage (450540K) : norcx_m1sub has 0 polygons
2026-04-03 00:24:01 +0200: Memory Usage (450668K) : norcx_m2sub has 0 polygons
2026-04-03 00:24:01 +0200: Memory Usage (450668K) : norcx_m3sub has 0 polygons
2026-04-03 00:24:01 +0200: Memory Usage (450796K) : norcx_m4sub has 0 polygons
2026-04-03 00:24:01 +0200: Memory Usage (450796K) : norcx_m5sub has 0 polygons
2026-04-03 00:24:01 +0200: Memory Usage (450924K) : norcx_tm1sub has 0 polygons
2026-04-03 00:24:01 +0200: Memory Usage (450924K) : norcx_tm2sub has 0 polygons
2026-04-03 00:24:01 +0200: Memory Usage (451052K) : snsbotvia_drw has 0 polygons
2026-04-03 00:24:01 +0200: Memory Usage (451052K) : snstopvia_drw has 0 polygons
2026-04-03 00:24:01 +0200: Memory Usage (451180K) : deepvia_drw has 0 polygons
2026-04-03 00:24:01 +0200: Memory Usage (451180K) : fgetch_drw has 0 polygons
2026-04-03 00:24:01 +0200: Memory Usage (451308K) : ctrgat_drw has 0 polygons
2026-04-03 00:24:01 +0200: Memory Usage (451436K) : fgimp_drw has 0 polygons
2026-04-03 00:24:01 +0200: Memory Usage (451436K) : emwihv_drw has 0 polygons
2026-04-03 00:24:01 +0200: Memory Usage (451564K) : lbe_drw has 0 polygons
2026-04-03 00:24:01 +0200: Memory Usage (451564K) : alcustop_drw has 0 polygons
2026-04-03 00:24:01 +0200: Memory Usage (451692K) : nometfiller_drw has 0 polygons
2026-04-03 00:24:01 +0200: Memory Usage (451692K) : prboundary_drw has 0 polygons
2026-04-03 00:24:01 +0200: Memory Usage (451820K) : exchange0_drw has 0 polygons
2026-04-03 00:24:01 +0200: Memory Usage (451820K) : exchange0_pin has 0 polygons
2026-04-03 00:24:01 +0200: Memory Usage (451948K) : exchange0_text has 0 polygons
2026-04-03 00:24:01 +0200: Memory Usage (451948K) : exchange1_drw has 0 polygons
2026-04-03 00:24:01 +0200: Memory Usage (452076K) : exchange1_pin has 0 polygons
2026-04-03 00:24:01 +0200: Memory Usage (452076K) : exchange1_text has 0 polygons
2026-04-03 00:24:01 +0200: Memory Usage (452204K) : exchange2_drw has 0 polygons
2026-04-03 00:24:01 +0200: Memory Usage (452204K) : exchange2_pin has 0 polygons
2026-04-03 00:24:01 +0200: Memory Usage (452332K) : exchange2_text has 0 polygons
2026-04-03 00:24:01 +0200: Memory Usage (452332K) : exchange3_drw has 0 polygons
2026-04-03 00:24:01 +0200: Memory Usage (452460K) : exchange3_pin has 0 polygons
2026-04-03 00:24:01 +0200: Memory Usage (452460K) : exchange3_text has 0 polygons
2026-04-03 00:24:01 +0200: Memory Usage (452588K) : exchange4_drw has 0 polygons
2026-04-03 00:24:01 +0200: Memory Usage (452588K) : exchange4_pin has 0 polygons
2026-04-03 00:24:01 +0200: Memory Usage (452716K) : exchange4_text has 0 polygons
2026-04-03 00:24:01 +0200: Memory Usage (452716K) : isonwell_drw has 0 polygons
2026-04-03 00:24:01 +0200: Memory Usage (452716K) : Total no. of polygons in the design is 9774
2026-04-03 00:24:01 +0200: Memory Usage (452716K) : Starting base layers derivations
2026-04-03 00:24:01 +0200: Memory Usage (452716K) : Starting general LVS derivations
2026-04-03 00:24:01 +0200: Memory Usage (460908K) : Starting MOSFET DERIVATIONS
2026-04-03 00:24:01 +0200: Memory Usage (461676K) : Starting NMOS DERIVATIONS
2026-04-03 00:24:01 +0200: Memory Usage (461676K) : Starting PMOS DERIVATIONS
2026-04-03 00:24:01 +0200: Memory Usage (461676K) : Starting RF-MOSFET DERIVATIONS
2026-04-03 00:24:01 +0200: Memory Usage (461676K) : Starting RF-NMOS DERIVATIONS
2026-04-03 00:24:01 +0200: Memory Usage (461676K) : Starting RF-PMOS DERIVATIONS
2026-04-03 00:24:01 +0200: Memory Usage (461676K) : Starting BJT DERIVATIONS
2026-04-03 00:24:01 +0200: Memory Usage (461676K) : Starting NPN-BJT DERIVATIONS
2026-04-03 00:24:01 +0200: Memory Usage (461676K) : Starting PNP-BJT DERIVATIONS
2026-04-03 00:24:01 +0200: Memory Usage (461676K) : Starting DIODE DERIVATIONS
2026-04-03 00:24:01 +0200: Memory Usage (461676K) : Starting RESISTOR DERIVATIONS
2026-04-03 00:24:01 +0200: Memory Usage (461676K) : Starting CAP DERIVATIONS
2026-04-03 00:24:01 +0200: Memory Usage (461676K) : Starting ESD DERIVATIONS
2026-04-03 00:24:02 +0200: Memory Usage (466284K) : Starting Inductor DERIVATIONS
2026-04-03 00:24:02 +0200: Memory Usage (466796K) : Starting Taps DERIVATIONS
2026-04-03 00:24:02 +0200: Memory Usage (466796K) : Starting SG13G2 LVS connectivity setup
2026-04-03 00:24:02 +0200: Memory Usage (466796K) : Starting SG13G2 LVS connectivity setup (Inter-layer)
2026-04-03 00:24:02 +0200: Memory Usage (466924K) : Starting SG13G2 LVS connectivity setup (Global)
2026-04-03 00:24:02 +0200: Memory Usage (466924K) : Starting LVS MOSFET CONNECTIONS
2026-04-03 00:24:02 +0200: Memory Usage (466924K) : Starting LVS RF-MOSFET CONNECTIONS
2026-04-03 00:24:02 +0200: Memory Usage (466924K) : Starting LVS BJT CONNECTIONS
2026-04-03 00:24:02 +0200: Memory Usage (466924K) : Starting LVS DIODE CONNECTIONS
2026-04-03 00:24:02 +0200: Memory Usage (466924K) : Starting RESISTOR CONNECTIONS
2026-04-03 00:24:02 +0200: Memory Usage (466924K) : Starting LVS CAP CONNECTIONS
2026-04-03 00:24:02 +0200: Memory Usage (466924K) : Starting ESD CONNECTIONS
2026-04-03 00:24:02 +0200: Memory Usage (466924K) : Starting Inductor CONNECTIONS
2026-04-03 00:24:02 +0200: Memory Usage (466924K) : Starting LVS Taps CONNECTIONS
2026-04-03 00:24:02 +0200: Memory Usage (466924K) : Starting SG13G2 LVS DEVICES EXTRACTION
2026-04-03 00:24:02 +0200: Memory Usage (466924K) : Starting MOSFET EXTRACTION
2026-04-03 00:24:02 +0200: Memory Usage (466924K) : Starting NMOS EXTRACTION
2026-04-03 00:24:02 +0200: Memory Usage (466924K) : Extraction of NMOS-LV transistor
2026-04-03 00:24:02 +0200: Memory Usage (467308K) : Extraction of NMOS-HV transistor
2026-04-03 00:24:02 +0200: Memory Usage (467308K) : Starting PMOS EXTRACTION
2026-04-03 00:24:02 +0200: Memory Usage (467308K) : Extraction of PMOS-LV transistor
2026-04-03 00:24:02 +0200: Memory Usage (467308K) : Extraction of PMOS-HV transistor
2026-04-03 00:24:02 +0200: Memory Usage (467308K) : Starting RF-MOSFET EXTRACTION
2026-04-03 00:24:02 +0200: Memory Usage (467308K) : Extraction of RF-NMOS-LV transistor
2026-04-03 00:24:02 +0200: Memory Usage (467308K) : Extraction of RF-NMOS-HV transistor
2026-04-03 00:24:02 +0200: Memory Usage (467308K) : Extraction of RF-PMOS-LV transistor
2026-04-03 00:24:02 +0200: Memory Usage (467308K) : Extraction of RF-PMOS-HV transistor
2026-04-03 00:24:02 +0200: Memory Usage (467308K) : Starting BJT EXTRACTION
2026-04-03 00:24:02 +0200: Memory Usage (467308K) : Starting NPN-BJT EXTRACTION
2026-04-03 00:24:02 +0200: Memory Usage (467308K) : Extraction of npn13G2 BJT transistor
2026-04-03 00:24:02 +0200: Memory Usage (467308K) : Extraction of npn13G2L BJT transistor
2026-04-03 00:24:02 +0200: Memory Usage (467308K) : Extraction of npn13G2V BJT transistor
2026-04-03 00:24:02 +0200: Memory Usage (467308K) : Starting PNP-BJT EXTRACTION
2026-04-03 00:24:02 +0200: Memory Usage (467308K) : Extracting pnpMPA BJT
2026-04-03 00:24:02 +0200: Memory Usage (467308K) : Starting DIODE EXTRACTION
2026-04-03 00:24:02 +0200: Memory Usage (467308K) : Extracting dantenna diode
2026-04-03 00:24:02 +0200: Memory Usage (467308K) : Extracting dpantenna diode
2026-04-03 00:24:02 +0200: Memory Usage (467308K) : Extracting schottky_nbl1 diode
2026-04-03 00:24:02 +0200: Memory Usage (467308K) : Extracting isolbox diode
2026-04-03 00:24:02 +0200: Memory Usage (467308K) : Starting RESISTOR EXTRACTION
2026-04-03 00:24:02 +0200: Memory Usage (467308K) : Extracting rsil resistor
2026-04-03 00:24:02 +0200: Memory Usage (467308K) : Extracting rppd resistor
2026-04-03 00:24:02 +0200: Memory Usage (467308K) : Extracting rhigh resistor
2026-04-03 00:24:02 +0200: Memory Usage (467308K) : Extracting res_metal1 resistor
2026-04-03 00:24:02 +0200: Memory Usage (467436K) : Extracting res_metal2 resistor
2026-04-03 00:24:02 +0200: Memory Usage (467436K) : Extracting res_metal3 resistor
2026-04-03 00:24:02 +0200: Memory Usage (467436K) : Extracting res_metal4 resistor
2026-04-03 00:24:02 +0200: Memory Usage (467436K) : Extracting res_metal5 resistor
2026-04-03 00:24:02 +0200: Memory Usage (467436K) : Extracting res_topmetal1 resistor
2026-04-03 00:24:02 +0200: Memory Usage (467436K) : Extracting res_topmetal2 resistor
2026-04-03 00:24:02 +0200: Memory Usage (467436K) : Starting CAP EXTRACTION
2026-04-03 00:24:02 +0200: Memory Usage (467436K) : Extracting cap_cmim device
2026-04-03 00:24:02 +0200: Memory Usage (467436K) : Extracting rfcmim device
2026-04-03 00:24:02 +0200: Memory Usage (467436K) : Extracting sg13_hv_svaricap varactor
2026-04-03 00:24:02 +0200: Memory Usage (467436K) : Starting ESD EXTRACTION
2026-04-03 00:24:02 +0200: Memory Usage (467436K) : Extracting diodevdd_2kv ESD device
2026-04-03 00:24:02 +0200: Memory Usage (467436K) : Extracting diodevdd_4kv ESD device
2026-04-03 00:24:02 +0200: Memory Usage (467436K) : Extracting diodevss_2kv ESD device
2026-04-03 00:24:02 +0200: Memory Usage (467436K) : Extracting diodevss_4kv ESD device
2026-04-03 00:24:02 +0200: Memory Usage (467436K) : Extracting idiodevdd_2kv ESD device
2026-04-03 00:24:02 +0200: Memory Usage (467436K) : Extracting idiodevdd_4kv ESD device
2026-04-03 00:24:02 +0200: Memory Usage (467436K) : Extracting idiodevss_2kv ESD device
2026-04-03 00:24:02 +0200: Memory Usage (467436K) : Extracting idiodevss_4kv ESD device
2026-04-03 00:24:02 +0200: Memory Usage (467436K) : Extracting nmoscl_2 ESD device
2026-04-03 00:24:02 +0200: Memory Usage (467436K) : Extracting nmoscl_4 ESD device
2026-04-03 00:24:02 +0200: Memory Usage (467436K) : Starting Inductor EXTRACTION
2026-04-03 00:24:02 +0200: Memory Usage (467436K) : Extracting Inductor2 device
2026-04-03 00:24:02 +0200: Memory Usage (467436K) : Extracting Inductor3 device
2026-04-03 00:24:02 +0200: Memory Usage (467436K) : Starting Taps EXTRACTION
2026-04-03 00:24:02 +0200: Memory Usage (467436K) : Extracting ntap1 device
2026-04-03 00:24:02 +0200: Memory Usage (467436K) : Extracting ptap1 device
2026-04-03 00:24:02 +0200: Memory Usage (467436K) : Starting SG13G2 LVS RF MOS Model Mapping
2026-04-03 00:24:02 +0200: Memory Usage (467436K) : [layout_netlist] Apply RF MOS model mapping and rfmode parameter.
2026-04-03 00:24:02 +0200: Memory Usage (467436K) : Starting SG13G2 LVS Options Preparations
2026-04-03 00:24:02 +0200: Memory Usage (467436K) : SG13G2 LVS flow: extraction -> alignment -> option preparation -> comparison.
2026-04-03 00:24:02 +0200: Memory Usage (467436K) : Starting SG13G2 LVS Alignment
2026-04-03 00:24:02 +0200: Memory Usage (467692K) : Starting SG13G2 LVS Simplification
2026-04-03 00:24:02 +0200: Memory Usage (467692K) : [layout_netlist] simplify: ENABLED
2026-04-03 00:24:02 +0200: Memory Usage (467692K) : [layout_netlist] make_top_level_pins: ENABLED
2026-04-03 00:24:02 +0200: Memory Usage (467692K) : [layout_netlist] combine_devices: SKIPPED
2026-04-03 00:24:02 +0200: Memory Usage (467692K) : [layout_netlist] purge: SKIPPED
2026-04-03 00:24:02 +0200: Memory Usage (467692K) : [layout_netlist] purge_nets: SKIPPED
2026-04-03 00:24:02 +0200: Memory Usage (467692K) : [schematic_netlist] simplify: ENABLED
2026-04-03 00:24:02 +0200: Memory Usage (467692K) : [schematic_netlist] make_top_level_pins: ENABLED
2026-04-03 00:24:02 +0200: Memory Usage (467692K) : [schematic_netlist] combine_devices: SKIPPED
2026-04-03 00:24:02 +0200: Memory Usage (467692K) : [schematic_netlist] purge: SKIPPED
2026-04-03 00:24:02 +0200: Memory Usage (467692K) : [schematic_netlist] purge_nets: SKIPPED
2026-04-03 00:24:02 +0200: Memory Usage (467692K) : Starting SG13G2 LVS Comparison in strict port mode.
2026-04-03 00:24:02 +0200: Memory Usage (467692K) : flag_missing_ports enabled: missing/mislabeled top-level ports are treated as errors.
2026-04-03 00:24:02 +0200: Memory Usage (467692K) : ==========================================
2026-04-03 00:24:02 +0200: Memory Usage (467692K) : INFO : Congratulations! Netlists match.
2026-04-03 00:24:02 +0200: Memory Usage (467692K) : ==========================================
2026-04-03 00:24:02 +0200: Memory Usage (467692K) : LVS Total Run time 1.291082 seconds
