# Logfile created on 2026-04-01 19:01:29 +0200 by logger.rb/v1.4.3
2026-04-01 19:01:29 +0200: Memory Usage (430320K) : Starting running SG13G2 Klayout LVS runset on /home/designer/shared/designs/SSDOR_1.2V_v3/components/pmos_comp/pmos_comp.gds
2026-04-01 19:01:29 +0200: Memory Usage (430320K) : Ruby Version for klayout: 3.0.2
2026-04-01 19:01:29 +0200: Memory Usage (431344K) : Loading database to memory is complete.
2026-04-01 19:01:29 +0200: Memory Usage (431344K) : SG13G2 Klayout LVS runset output at: /home/designer/shared/designs/SSDOR_1.2V_v3/components/pmos_comp/lvs_run_pmos_comp_2026_04_01_19_01_28/pmos_comp.lvsdb
2026-04-01 19:01:29 +0200: Memory Usage (431344K) : Evaluate switches.
2026-04-01 19:01:29 +0200: Memory Usage (431344K) : Extracted netlist with net names: true
2026-04-01 19:01:29 +0200: Memory Usage (431344K) : Extracted netlist with comments in details: false
2026-04-01 19:01:29 +0200: Memory Usage (431344K) : Selected NET_ONLY option: false
2026-04-01 19:01:29 +0200: Memory Usage (431344K) : Selected LAYOUT_NETLIST option: (none)
2026-04-01 19:01:29 +0200: Memory Usage (431344K) : Selected IGNORE_TOP_PORTS_MISMATCH option: 
2026-04-01 19:01:29 +0200: Memory Usage (431344K) : Selected IMPLICIT_NETS option: (none)
2026-04-01 19:01:29 +0200: Memory Usage (431344K) : Selected TOP_LVL_PINS option: true
2026-04-01 19:01:29 +0200: Memory Usage (431344K) : Selected COMBINE DEVICES option: false
2026-04-01 19:01:29 +0200: Memory Usage (431344K) : Selected PURGE option: false
2026-04-01 19:01:29 +0200: Memory Usage (431344K) : Selected PURGE_NETS option: false
2026-04-01 19:01:29 +0200: Memory Usage (431344K) : Selected SIMPLIFY option: true
2026-04-01 19:01:29 +0200: Memory Usage (431344K) : Selected SERIES_RES option: true
2026-04-01 19:01:29 +0200: Memory Usage (431344K) : Selected PARALLEL_RES option: true
2026-04-01 19:01:29 +0200: Memory Usage (431344K) : deep  mode is enabled.
2026-04-01 19:01:29 +0200: Memory Usage (432496K) : Netlist file: /home/designer/shared/designs/SSDOR_1.2V_v3/components/pmos_comp/simulations/pmos_comp.spice
2026-04-01 19:01:29 +0200: Memory Usage (432496K) : LVS extracted netlist at: /home/designer/shared/designs/SSDOR_1.2V_v3/components/pmos_comp/lvs_run_pmos_comp_2026_04_01_19_01_28/pmos_comp_extracted.cir
2026-04-01 19:01:29 +0200: Memory Usage (432496K) : Applying SRAM integration support.
2026-04-01 19:01:29 +0200: Memory Usage (432496K) : Starting SG13G2 LVS runset
2026-04-01 19:01:29 +0200: Memory Usage (432496K) : Read in polygons from layers.
2026-04-01 19:01:29 +0200: Memory Usage (433264K) : activ_drw has 31 polygons
2026-04-01 19:01:29 +0200: Memory Usage (433264K) : activ_filler has 0 polygons
2026-04-01 19:01:29 +0200: Memory Usage (433392K) : activ has 31 polygons
2026-04-01 19:01:29 +0200: Memory Usage (433392K) : activ_pin has 0 polygons
2026-04-01 19:01:29 +0200: Memory Usage (433392K) : activ_mask has 0 polygons
2026-04-01 19:01:29 +0200: Memory Usage (433392K) : activ_nofill has 0 polygons
2026-04-01 19:01:29 +0200: Memory Usage (433392K) : activ_OPC has 0 polygons
2026-04-01 19:01:29 +0200: Memory Usage (433392K) : activ_iOPC has 0 polygons
2026-04-01 19:01:29 +0200: Memory Usage (433392K) : activ_noqrc has 0 polygons
2026-04-01 19:01:29 +0200: Memory Usage (433392K) : biwind_drw has 0 polygons
2026-04-01 19:01:29 +0200: Memory Usage (433392K) : biwind_OPC has 0 polygons
2026-04-01 19:01:29 +0200: Memory Usage (433392K) : gatpoly_drw has 22 polygons
2026-04-01 19:01:29 +0200: Memory Usage (433392K) : gatpoly_filler has 0 polygons
2026-04-01 19:01:29 +0200: Memory Usage (433392K) : gatpoly has 22 polygons
2026-04-01 19:01:29 +0200: Memory Usage (433392K) : gatpoly_pin has 5 polygons
2026-04-01 19:01:29 +0200: Memory Usage (433392K) : gatpoly_nofill has 0 polygons
2026-04-01 19:01:29 +0200: Memory Usage (433648K) : gatpoly_OPC has 0 polygons
2026-04-01 19:01:29 +0200: Memory Usage (433648K) : gatpoly_iOPC has 0 polygons
2026-04-01 19:01:29 +0200: Memory Usage (433648K) : gatpoly_noqrc has 0 polygons
2026-04-01 19:01:29 +0200: Memory Usage (433776K) : cont_drw has 268 polygons
2026-04-01 19:01:29 +0200: Memory Usage (433776K) : cont_OPC has 0 polygons
2026-04-01 19:01:29 +0200: Memory Usage (433776K) : nsd_drw has 0 polygons
2026-04-01 19:01:29 +0200: Memory Usage (433776K) : nsd_block has 0 polygons
2026-04-01 19:01:29 +0200: Memory Usage (434288K) : metal1_drw has 63 polygons
2026-04-01 19:01:29 +0200: Memory Usage (434288K) : metal1_filler has 0 polygons
2026-04-01 19:01:29 +0200: Memory Usage (434416K) : metal1_slit has 0 polygons
2026-04-01 19:01:29 +0200: Memory Usage (434544K) : metal1 has 63 polygons
2026-04-01 19:01:29 +0200: Memory Usage (434544K) : metal1_pin has 19 polygons
2026-04-01 19:01:29 +0200: Memory Usage (434672K) : metal1_mask has 0 polygons
2026-04-01 19:01:29 +0200: Memory Usage (434672K) : metal1_nofill has 0 polygons
2026-04-01 19:01:29 +0200: Memory Usage (435056K) : metal1_text has 3 polygons
2026-04-01 19:01:29 +0200: Memory Usage (435056K) : metal1_OPC has 0 polygons
2026-04-01 19:01:29 +0200: Memory Usage (435184K) : metal1_noqrc has 0 polygons
2026-04-01 19:01:29 +0200: Memory Usage (435184K) : metal1_res has 0 polygons
2026-04-01 19:01:29 +0200: Memory Usage (435312K) : metal1_iprobe has 0 polygons
2026-04-01 19:01:29 +0200: Memory Usage (435312K) : metal1_diffprb has 0 polygons
2026-04-01 19:01:29 +0200: Memory Usage (435312K) : passiv_drw has 0 polygons
2026-04-01 19:01:29 +0200: Memory Usage (435440K) : passiv_pin has 0 polygons
2026-04-01 19:01:29 +0200: Memory Usage (435440K) : passiv_sbump has 0 polygons
2026-04-01 19:01:29 +0200: Memory Usage (435568K) : passiv_pillar has 0 polygons
2026-04-01 19:01:29 +0200: Memory Usage (435568K) : passiv_pdl has 0 polygons
2026-04-01 19:01:29 +0200: Memory Usage (435696K) : metal2_drw has 14 polygons
2026-04-01 19:01:29 +0200: Memory Usage (435696K) : metal2_filler has 0 polygons
2026-04-01 19:01:29 +0200: Memory Usage (435824K) : metal2_slit has 0 polygons
2026-04-01 19:01:29 +0200: Memory Usage (435952K) : metal2 has 14 polygons
2026-04-01 19:01:29 +0200: Memory Usage (435952K) : metal2_pin has 2 polygons
2026-04-01 19:01:29 +0200: Memory Usage (436080K) : metal2_mask has 0 polygons
2026-04-01 19:01:29 +0200: Memory Usage (436080K) : metal2_nofill has 0 polygons
2026-04-01 19:01:29 +0200: Memory Usage (436208K) : metal2_text has 2 polygons
2026-04-01 19:01:29 +0200: Memory Usage (436208K) : metal2_OPC has 0 polygons
2026-04-01 19:01:29 +0200: Memory Usage (436336K) : metal2_noqrc has 0 polygons
2026-04-01 19:01:29 +0200: Memory Usage (436336K) : metal2_res has 0 polygons
2026-04-01 19:01:29 +0200: Memory Usage (436464K) : metal2_iprobe has 0 polygons
2026-04-01 19:01:29 +0200: Memory Usage (436464K) : metal2_diffprb has 0 polygons
2026-04-01 19:01:29 +0200: Memory Usage (436592K) : baspoly_drw has 0 polygons
2026-04-01 19:01:29 +0200: Memory Usage (436592K) : baspoly_pin has 0 polygons
2026-04-01 19:01:29 +0200: Memory Usage (436720K) : psd_drw has 5 polygons
2026-04-01 19:01:29 +0200: Memory Usage (436720K) : nldb_drw has 0 polygons
2026-04-01 19:01:29 +0200: Memory Usage (436848K) : digibnd_drw has 0 polygons
2026-04-01 19:01:29 +0200: Memory Usage (436848K) : via1_drw has 38 polygons
2026-04-01 19:01:29 +0200: Memory Usage (436976K) : backmetal1_drw has 0 polygons
2026-04-01 19:01:29 +0200: Memory Usage (436976K) : backmetal1_pin has 0 polygons
2026-04-01 19:01:29 +0200: Memory Usage (437104K) : backmetal1_mask has 0 polygons
2026-04-01 19:01:29 +0200: Memory Usage (437104K) : backmetal1_filler has 0 polygons
2026-04-01 19:01:29 +0200: Memory Usage (437232K) : backmetal1_nofill has 0 polygons
2026-04-01 19:01:29 +0200: Memory Usage (437232K) : backmetal1_slit has 0 polygons
2026-04-01 19:01:29 +0200: Memory Usage (437360K) : backmetal1_text has 0 polygons
2026-04-01 19:01:29 +0200: Memory Usage (437360K) : backmetal1_OPC has 0 polygons
2026-04-01 19:01:29 +0200: Memory Usage (437488K) : backmetal1_noqrc has 0 polygons
2026-04-01 19:01:29 +0200: Memory Usage (437488K) : backmetal1_res has 0 polygons
2026-04-01 19:01:29 +0200: Memory Usage (437616K) : backmetal1_iprobe has 0 polygons
2026-04-01 19:01:29 +0200: Memory Usage (437616K) : backmetal1_diffprb has 0 polygons
2026-04-01 19:01:29 +0200: Memory Usage (437744K) : backpassiv_drw has 0 polygons
2026-04-01 19:01:29 +0200: Memory Usage (437744K) : res_drw has 0 polygons
2026-04-01 19:01:29 +0200: Memory Usage (437872K) : sram_drw has 0 polygons
2026-04-01 19:01:29 +0200: Memory Usage (437872K) : trans_drw has 0 polygons
2026-04-01 19:01:29 +0200: Memory Usage (438000K) : ind_drw has 0 polygons
2026-04-01 19:01:29 +0200: Memory Usage (438000K) : ind_pin has 0 polygons
2026-04-01 19:01:29 +0200: Memory Usage (438128K) : ind_text has 0 polygons
2026-04-01 19:01:29 +0200: Memory Usage (438128K) : salblock_drw has 0 polygons
2026-04-01 19:01:29 +0200: Memory Usage (438256K) : via2_drw has 0 polygons
2026-04-01 19:01:29 +0200: Memory Usage (438256K) : metal3_drw has 0 polygons
2026-04-01 19:01:29 +0200: Memory Usage (438256K) : metal3_filler has 0 polygons
2026-04-01 19:01:29 +0200: Memory Usage (438384K) : metal3_slit has 0 polygons
2026-04-01 19:01:29 +0200: Memory Usage (438512K) : metal3 has 0 polygons
2026-04-01 19:01:29 +0200: Memory Usage (438512K) : metal3_pin has 0 polygons
2026-04-01 19:01:29 +0200: Memory Usage (438640K) : metal3_mask has 0 polygons
2026-04-01 19:01:29 +0200: Memory Usage (438640K) : metal3_nofill has 0 polygons
2026-04-01 19:01:29 +0200: Memory Usage (438768K) : metal3_text has 0 polygons
2026-04-01 19:01:29 +0200: Memory Usage (438768K) : metal3_OPC has 0 polygons
2026-04-01 19:01:29 +0200: Memory Usage (438896K) : metal3_noqrc has 0 polygons
2026-04-01 19:01:29 +0200: Memory Usage (438896K) : metal3_res has 0 polygons
2026-04-01 19:01:29 +0200: Memory Usage (439024K) : metal3_iprobe has 0 polygons
2026-04-01 19:01:29 +0200: Memory Usage (439024K) : metal3_diffprb has 0 polygons
2026-04-01 19:01:29 +0200: Memory Usage (439152K) : nwell_drw has 13 polygons
2026-04-01 19:01:29 +0200: Memory Usage (439152K) : nwell_pin has 3 polygons
2026-04-01 19:01:29 +0200: Memory Usage (439280K) : nwell_text has 0 polygons
2026-04-01 19:01:29 +0200: Memory Usage (439280K) : nbulay_drw has 3 polygons
2026-04-01 19:01:29 +0200: Memory Usage (439408K) : nbulay_pin has 0 polygons
2026-04-01 19:01:29 +0200: Memory Usage (439408K) : nbulay_block has 0 polygons
2026-04-01 19:01:29 +0200: Memory Usage (439536K) : emwind_drw has 0 polygons
2026-04-01 19:01:29 +0200: Memory Usage (439536K) : emwind_OPC has 0 polygons
2026-04-01 19:01:29 +0200: Memory Usage (439664K) : deepco_drw has 0 polygons
2026-04-01 19:01:29 +0200: Memory Usage (439664K) : mim_drw has 0 polygons
2026-04-01 19:01:29 +0200: Memory Usage (439664K) : edgeseal_drw has 0 polygons
2026-04-01 19:01:29 +0200: Memory Usage (439792K) : substrate_drw has 4 polygons
2026-04-01 19:01:29 +0200: Memory Usage (439792K) : substrate_text has 0 polygons
2026-04-01 19:01:29 +0200: Memory Usage (439920K) : dfpad_drw has 0 polygons
2026-04-01 19:01:29 +0200: Memory Usage (439920K) : dfpad_pillar has 0 polygons
2026-04-01 19:01:29 +0200: Memory Usage (440048K) : dfpad_sbump has 0 polygons
2026-04-01 19:01:29 +0200: Memory Usage (440048K) : thickgateox_drw has 0 polygons
2026-04-01 19:01:29 +0200: Memory Usage (440176K) : pldb_drw has 0 polygons
2026-04-01 19:01:29 +0200: Memory Usage (440176K) : pwell_drw has 0 polygons
2026-04-01 19:01:29 +0200: Memory Usage (440304K) : pwell_pin has 0 polygons
2026-04-01 19:01:29 +0200: Memory Usage (440304K) : pwell_block has 0 polygons
2026-04-01 19:01:29 +0200: Memory Usage (440432K) : ic_drw has 0 polygons
2026-04-01 19:01:29 +0200: Memory Usage (440432K) : via3_drw has 0 polygons
2026-04-01 19:01:29 +0200: Memory Usage (440560K) : metal4_drw has 0 polygons
2026-04-01 19:01:29 +0200: Memory Usage (440560K) : metal4_filler has 0 polygons
2026-04-01 19:01:29 +0200: Memory Usage (440688K) : metal4_slit has 0 polygons
2026-04-01 19:01:29 +0200: Memory Usage (440816K) : metal4 has 0 polygons
2026-04-01 19:01:29 +0200: Memory Usage (440816K) : metal4_pin has 0 polygons
2026-04-01 19:01:29 +0200: Memory Usage (440944K) : metal4_mask has 0 polygons
2026-04-01 19:01:29 +0200: Memory Usage (440944K) : metal4_nofill has 0 polygons
2026-04-01 19:01:29 +0200: Memory Usage (441072K) : metal4_text has 0 polygons
2026-04-01 19:01:29 +0200: Memory Usage (441072K) : metal4_OPC has 0 polygons
2026-04-01 19:01:29 +0200: Memory Usage (441200K) : metal4_noqrc has 0 polygons
2026-04-01 19:01:29 +0200: Memory Usage (441200K) : metal4_res has 0 polygons
2026-04-01 19:01:29 +0200: Memory Usage (441200K) : metal4_iprobe has 0 polygons
2026-04-01 19:01:29 +0200: Memory Usage (441328K) : metal4_diffprb has 0 polygons
2026-04-01 19:01:29 +0200: Memory Usage (441328K) : heattrans_drw has 9 polygons
2026-04-01 19:01:29 +0200: Memory Usage (441456K) : heatres_drw has 0 polygons
2026-04-01 19:01:29 +0200: Memory Usage (441456K) : fbe_drw has 0 polygons
2026-04-01 19:01:29 +0200: Memory Usage (441584K) : empoly_drw has 0 polygons
2026-04-01 19:01:29 +0200: Memory Usage (441584K) : digisub_drw has 0 polygons
2026-04-01 19:01:29 +0200: Memory Usage (441712K) : text_drw has 12 polygons
2026-04-01 19:01:29 +0200: Memory Usage (441712K) : via4_drw has 0 polygons
2026-04-01 19:01:29 +0200: Memory Usage (441840K) : metal5_drw has 0 polygons
2026-04-01 19:01:29 +0200: Memory Usage (441840K) : metal5_filler has 0 polygons
2026-04-01 19:01:29 +0200: Memory Usage (441968K) : metal5_slit has 0 polygons
2026-04-01 19:01:29 +0200: Memory Usage (442096K) : metal5 has 0 polygons
2026-04-01 19:01:29 +0200: Memory Usage (442096K) : metal5_pin has 0 polygons
2026-04-01 19:01:29 +0200: Memory Usage (442224K) : metal5_mask has 0 polygons
2026-04-01 19:01:29 +0200: Memory Usage (442224K) : metal5_nofill has 0 polygons
2026-04-01 19:01:29 +0200: Memory Usage (442352K) : metal5_text has 0 polygons
2026-04-01 19:01:29 +0200: Memory Usage (442352K) : metal5_OPC has 0 polygons
2026-04-01 19:01:29 +0200: Memory Usage (442480K) : metal5_noqrc has 0 polygons
2026-04-01 19:01:29 +0200: Memory Usage (442480K) : metal5_res has 0 polygons
2026-04-01 19:01:29 +0200: Memory Usage (442608K) : metal5_iprobe has 0 polygons
2026-04-01 19:01:29 +0200: Memory Usage (442608K) : metal5_diffprb has 0 polygons
2026-04-01 19:01:29 +0200: Memory Usage (442736K) : radhard_drw has 0 polygons
2026-04-01 19:01:29 +0200: Memory Usage (442736K) : memcap_drw has 0 polygons
2026-04-01 19:01:29 +0200: Memory Usage (442736K) : varicap_drw has 0 polygons
2026-04-01 19:01:29 +0200: Memory Usage (442864K) : intbondvia_drw has 0 polygons
2026-04-01 19:01:29 +0200: Memory Usage (442864K) : intbondmet_drw has 0 polygons
2026-04-01 19:01:29 +0200: Memory Usage (442992K) : devbondvia_drw has 0 polygons
2026-04-01 19:01:29 +0200: Memory Usage (442992K) : devbondmet_drw has 0 polygons
2026-04-01 19:01:29 +0200: Memory Usage (443120K) : devtrench_drw has 0 polygons
2026-04-01 19:01:29 +0200: Memory Usage (443120K) : redist_drw has 0 polygons
2026-04-01 19:01:29 +0200: Memory Usage (443248K) : graphbot_drw has 0 polygons
2026-04-01 19:01:29 +0200: Memory Usage (443248K) : graphtop_drw has 0 polygons
2026-04-01 19:01:29 +0200: Memory Usage (443376K) : antvia1_drw has 0 polygons
2026-04-01 19:01:30 +0200: Memory Usage (443376K) : antmetal2_drw has 0 polygons
2026-04-01 19:01:30 +0200: Memory Usage (443504K) : graphcont_drw has 0 polygons
2026-04-01 19:01:30 +0200: Memory Usage (443504K) : siwg_drw has 0 polygons
2026-04-01 19:01:30 +0200: Memory Usage (443632K) : siwg_filler has 0 polygons
2026-04-01 19:01:30 +0200: Memory Usage (443632K) : siwg_nofill has 0 polygons
2026-04-01 19:01:30 +0200: Memory Usage (443760K) : sigrating_drw has 0 polygons
2026-04-01 19:01:30 +0200: Memory Usage (443760K) : singrating_drw has 0 polygons
2026-04-01 19:01:30 +0200: Memory Usage (443888K) : graphpas_drw has 0 polygons
2026-04-01 19:01:30 +0200: Memory Usage (444016K) : emwind3_drw has 0 polygons
2026-04-01 19:01:30 +0200: Memory Usage (444016K) : emwihv3_drw has 0 polygons
2026-04-01 19:01:30 +0200: Memory Usage (444144K) : redbulay_drw has 0 polygons
2026-04-01 19:01:30 +0200: Memory Usage (444144K) : smos_drw has 0 polygons
2026-04-01 19:01:30 +0200: Memory Usage (444272K) : graphpad_drw has 0 polygons
2026-04-01 19:01:30 +0200: Memory Usage (444272K) : polimide_drw has 0 polygons
2026-04-01 19:01:30 +0200: Memory Usage (444400K) : polimide_pin has 0 polygons
2026-04-01 19:01:30 +0200: Memory Usage (444400K) : recog_drw has 0 polygons
2026-04-01 19:01:30 +0200: Memory Usage (444528K) : recog_pin has 0 polygons
2026-04-01 19:01:30 +0200: Memory Usage (444528K) : recog_esd has 0 polygons
2026-04-01 19:01:30 +0200: Memory Usage (444656K) : recog_diode has 0 polygons
2026-04-01 19:01:30 +0200: Memory Usage (444656K) : recog_tsv has 0 polygons
2026-04-01 19:01:30 +0200: Memory Usage (444784K) : recog_iprobe has 0 polygons
2026-04-01 19:01:30 +0200: Memory Usage (444784K) : recog_diffprb has 0 polygons
2026-04-01 19:01:30 +0200: Memory Usage (444912K) : recog_pillar has 0 polygons
2026-04-01 19:01:30 +0200: Memory Usage (444912K) : recog_sbump has 0 polygons
2026-04-01 19:01:30 +0200: Memory Usage (445040K) : recog_otp has 0 polygons
2026-04-01 19:01:30 +0200: Memory Usage (445040K) : recog_pdiode has 0 polygons
2026-04-01 19:01:30 +0200: Memory Usage (445168K) : recog_mom has 0 polygons
2026-04-01 19:01:30 +0200: Memory Usage (445168K) : recog_pcm has 0 polygons
2026-04-01 19:01:30 +0200: Memory Usage (445296K) : colopen_drw has 0 polygons
2026-04-01 19:01:30 +0200: Memory Usage (445296K) : graphmetal1_drw has 0 polygons
2026-04-01 19:01:30 +0200: Memory Usage (445424K) : graphmetal1_filler has 0 polygons
2026-04-01 19:01:30 +0200: Memory Usage (445424K) : graphmetal1_nofill has 0 polygons
2026-04-01 19:01:30 +0200: Memory Usage (445552K) : graphmetal1_slit has 0 polygons
2026-04-01 19:01:30 +0200: Memory Usage (445552K) : graphmetal1_OPC has 0 polygons
2026-04-01 19:01:30 +0200: Memory Usage (445552K) : graphmet1l_drw has 0 polygons
2026-04-01 19:01:30 +0200: Memory Usage (445680K) : graphmet1l_filler has 0 polygons
2026-04-01 19:01:30 +0200: Memory Usage (445680K) : graphmet1l_nofill has 0 polygons
2026-04-01 19:01:30 +0200: Memory Usage (445808K) : graphmet1l_slit has 0 polygons
2026-04-01 19:01:30 +0200: Memory Usage (445808K) : graphmet1l_OPC has 0 polygons
2026-04-01 19:01:30 +0200: Memory Usage (445936K) : extblock_drw has 0 polygons
2026-04-01 19:01:30 +0200: Memory Usage (445936K) : nldd_drw has 0 polygons
2026-04-01 19:01:30 +0200: Memory Usage (445936K) : pldd_drw has 0 polygons
2026-04-01 19:01:30 +0200: Memory Usage (446064K) : next_drw has 0 polygons
2026-04-01 19:01:30 +0200: Memory Usage (446192K) : pext_drw has 0 polygons
2026-04-01 19:01:30 +0200: Memory Usage (446192K) : nexthv_drw has 0 polygons
2026-04-01 19:01:30 +0200: Memory Usage (446320K) : pexthv_drw has 0 polygons
2026-04-01 19:01:30 +0200: Memory Usage (446320K) : graphgate_drw has 0 polygons
2026-04-01 19:01:30 +0200: Memory Usage (446448K) : sinwg_drw has 0 polygons
2026-04-01 19:01:30 +0200: Memory Usage (446448K) : sinwg_filler has 0 polygons
2026-04-01 19:01:30 +0200: Memory Usage (446576K) : sinwg_nofill has 0 polygons
2026-04-01 19:01:30 +0200: Memory Usage (446576K) : mempad_drw has 0 polygons
2026-04-01 19:01:30 +0200: Memory Usage (446704K) : topvia1_drw has 0 polygons
2026-04-01 19:01:30 +0200: Memory Usage (446704K) : topmetal1_drw has 0 polygons
2026-04-01 19:01:30 +0200: Memory Usage (446832K) : topmetal1_filler has 0 polygons
2026-04-01 19:01:30 +0200: Memory Usage (446832K) : topmetal1_slit has 0 polygons
2026-04-01 19:01:30 +0200: Memory Usage (446960K) : topmetal1 has 0 polygons
2026-04-01 19:01:30 +0200: Memory Usage (447088K) : topmetal1_pin has 0 polygons
2026-04-01 19:01:30 +0200: Memory Usage (447088K) : topmetal1_mask has 0 polygons
2026-04-01 19:01:30 +0200: Memory Usage (447216K) : topmetal1_nofill has 0 polygons
2026-04-01 19:01:30 +0200: Memory Usage (447216K) : topmetal1_text has 0 polygons
2026-04-01 19:01:30 +0200: Memory Usage (447344K) : topmetal1_noqrc has 0 polygons
2026-04-01 19:01:30 +0200: Memory Usage (447344K) : topmetal1_res has 0 polygons
2026-04-01 19:01:30 +0200: Memory Usage (447472K) : topmetal1_iprobe has 0 polygons
2026-04-01 19:01:30 +0200: Memory Usage (447472K) : topmetal1_diffprb has 0 polygons
2026-04-01 19:01:30 +0200: Memory Usage (447600K) : inldpwl_drw has 0 polygons
2026-04-01 19:01:30 +0200: Memory Usage (447600K) : polyres_drw has 0 polygons
2026-04-01 19:01:30 +0200: Memory Usage (447728K) : polyres_pin has 0 polygons
2026-04-01 19:01:30 +0200: Memory Usage (447728K) : vmim_drw has 0 polygons
2026-04-01 19:01:30 +0200: Memory Usage (447856K) : nbulaycut_drw has 0 polygons
2026-04-01 19:01:30 +0200: Memory Usage (447856K) : antmetal1_drw has 0 polygons
2026-04-01 19:01:30 +0200: Memory Usage (447984K) : topvia2_drw has 0 polygons
2026-04-01 19:01:30 +0200: Memory Usage (447984K) : topmetal2_drw has 0 polygons
2026-04-01 19:01:30 +0200: Memory Usage (448112K) : topmetal2_filler has 0 polygons
2026-04-01 19:01:30 +0200: Memory Usage (448112K) : topmetal2_slit has 0 polygons
2026-04-01 19:01:30 +0200: Memory Usage (448240K) : topmetal2 has 0 polygons
2026-04-01 19:01:30 +0200: Memory Usage (448368K) : topmetal2_pin has 0 polygons
2026-04-01 19:01:30 +0200: Memory Usage (448368K) : topmetal2_mask has 0 polygons
2026-04-01 19:01:30 +0200: Memory Usage (448496K) : topmetal2_nofill has 0 polygons
2026-04-01 19:01:30 +0200: Memory Usage (448496K) : topmetal2_text has 0 polygons
2026-04-01 19:01:30 +0200: Memory Usage (448496K) : topmetal2_noqrc has 0 polygons
2026-04-01 19:01:30 +0200: Memory Usage (448496K) : topmetal2_res has 0 polygons
2026-04-01 19:01:30 +0200: Memory Usage (448496K) : topmetal2_iprobe has 0 polygons
2026-04-01 19:01:30 +0200: Memory Usage (448624K) : topmetal2_diffprb has 0 polygons
2026-04-01 19:01:30 +0200: Memory Usage (448624K) : snsring_drw has 0 polygons
2026-04-01 19:01:30 +0200: Memory Usage (448752K) : sensor_drw has 0 polygons
2026-04-01 19:01:30 +0200: Memory Usage (448752K) : snsarms_drw has 0 polygons
2026-04-01 19:01:30 +0200: Memory Usage (448880K) : snscmosvia_drw has 0 polygons
2026-04-01 19:01:30 +0200: Memory Usage (448880K) : colwind_drw has 0 polygons
2026-04-01 19:01:30 +0200: Memory Usage (449008K) : flm_drw has 0 polygons
2026-04-01 19:01:30 +0200: Memory Usage (449008K) : hafniumox_drw has 0 polygons
2026-04-01 19:01:30 +0200: Memory Usage (449136K) : memvia_drw has 0 polygons
2026-04-01 19:01:30 +0200: Memory Usage (449136K) : thinfilmres_drw has 0 polygons
2026-04-01 19:01:30 +0200: Memory Usage (449264K) : rfmem_drw has 0 polygons
2026-04-01 19:01:30 +0200: Memory Usage (449264K) : norcx_drw has 0 polygons
2026-04-01 19:01:30 +0200: Memory Usage (449392K) : norcx_m2m3 has 0 polygons
2026-04-01 19:01:30 +0200: Memory Usage (449392K) : norcx_m2m4 has 0 polygons
2026-04-01 19:01:30 +0200: Memory Usage (449520K) : norcx_m2m5 has 0 polygons
2026-04-01 19:01:30 +0200: Memory Usage (449520K) : norcx_m2tm1 has 0 polygons
2026-04-01 19:01:30 +0200: Memory Usage (449648K) : norcx_m2tm2 has 0 polygons
2026-04-01 19:01:30 +0200: Memory Usage (449648K) : norcx_m3m4 has 0 polygons
2026-04-01 19:01:30 +0200: Memory Usage (449776K) : norcx_m3m5 has 0 polygons
2026-04-01 19:01:30 +0200: Memory Usage (449776K) : norcx_m3tm1 has 0 polygons
2026-04-01 19:01:30 +0200: Memory Usage (449776K) : norcx_m3tm2 has 0 polygons
2026-04-01 19:01:30 +0200: Memory Usage (449776K) : norcx_m4m5 has 0 polygons
2026-04-01 19:01:30 +0200: Memory Usage (449904K) : norcx_m4tm1 has 0 polygons
2026-04-01 19:01:30 +0200: Memory Usage (449904K) : norcx_m4tm2 has 0 polygons
2026-04-01 19:01:30 +0200: Memory Usage (450032K) : norcx_m5tm1 has 0 polygons
2026-04-01 19:01:30 +0200: Memory Usage (450032K) : norcx_m5tm2 has 0 polygons
2026-04-01 19:01:30 +0200: Memory Usage (450160K) : norcx_tm1tm2 has 0 polygons
2026-04-01 19:01:30 +0200: Memory Usage (450160K) : norcx_m1sub has 0 polygons
2026-04-01 19:01:30 +0200: Memory Usage (450288K) : norcx_m2sub has 0 polygons
2026-04-01 19:01:30 +0200: Memory Usage (448808K) : norcx_m3sub has 0 polygons
2026-04-01 19:01:30 +0200: Memory Usage (448808K) : norcx_m4sub has 0 polygons
2026-04-01 19:01:30 +0200: Memory Usage (448808K) : norcx_m5sub has 0 polygons
2026-04-01 19:01:30 +0200: Memory Usage (448808K) : norcx_tm1sub has 0 polygons
2026-04-01 19:01:30 +0200: Memory Usage (448808K) : norcx_tm2sub has 0 polygons
2026-04-01 19:01:30 +0200: Memory Usage (448808K) : snsbotvia_drw has 0 polygons
2026-04-01 19:01:30 +0200: Memory Usage (448808K) : snstopvia_drw has 0 polygons
2026-04-01 19:01:30 +0200: Memory Usage (448808K) : deepvia_drw has 0 polygons
2026-04-01 19:01:30 +0200: Memory Usage (448808K) : fgetch_drw has 0 polygons
2026-04-01 19:01:30 +0200: Memory Usage (448808K) : ctrgat_drw has 0 polygons
2026-04-01 19:01:30 +0200: Memory Usage (448808K) : fgimp_drw has 0 polygons
2026-04-01 19:01:30 +0200: Memory Usage (448808K) : emwihv_drw has 0 polygons
2026-04-01 19:01:30 +0200: Memory Usage (448808K) : lbe_drw has 0 polygons
2026-04-01 19:01:30 +0200: Memory Usage (448808K) : alcustop_drw has 0 polygons
2026-04-01 19:01:30 +0200: Memory Usage (448808K) : nometfiller_drw has 0 polygons
2026-04-01 19:01:30 +0200: Memory Usage (448808K) : prboundary_drw has 0 polygons
2026-04-01 19:01:30 +0200: Memory Usage (448808K) : exchange0_drw has 0 polygons
2026-04-01 19:01:30 +0200: Memory Usage (448808K) : exchange0_pin has 0 polygons
2026-04-01 19:01:30 +0200: Memory Usage (448808K) : exchange0_text has 0 polygons
2026-04-01 19:01:30 +0200: Memory Usage (448808K) : exchange1_drw has 0 polygons
2026-04-01 19:01:30 +0200: Memory Usage (448808K) : exchange1_pin has 0 polygons
2026-04-01 19:01:30 +0200: Memory Usage (448808K) : exchange1_text has 0 polygons
2026-04-01 19:01:30 +0200: Memory Usage (448808K) : exchange2_drw has 0 polygons
2026-04-01 19:01:30 +0200: Memory Usage (448808K) : exchange2_pin has 0 polygons
2026-04-01 19:01:30 +0200: Memory Usage (448808K) : exchange2_text has 0 polygons
2026-04-01 19:01:30 +0200: Memory Usage (448808K) : exchange3_drw has 0 polygons
2026-04-01 19:01:30 +0200: Memory Usage (448808K) : exchange3_pin has 0 polygons
2026-04-01 19:01:30 +0200: Memory Usage (448808K) : exchange3_text has 0 polygons
2026-04-01 19:01:30 +0200: Memory Usage (448808K) : exchange4_drw has 0 polygons
2026-04-01 19:01:30 +0200: Memory Usage (448808K) : exchange4_pin has 0 polygons
2026-04-01 19:01:30 +0200: Memory Usage (448808K) : exchange4_text has 0 polygons
2026-04-01 19:01:30 +0200: Memory Usage (448808K) : isonwell_drw has 0 polygons
2026-04-01 19:01:30 +0200: Memory Usage (448808K) : Total no. of polygons in the design is 516
2026-04-01 19:01:30 +0200: Memory Usage (448808K) : Starting base layers derivations
2026-04-01 19:01:30 +0200: Memory Usage (448808K) : Starting general LVS derivations
2026-04-01 19:01:30 +0200: Memory Usage (452392K) : Starting MOSFET DERIVATIONS
2026-04-01 19:01:30 +0200: Memory Usage (452520K) : Starting NMOS DERIVATIONS
2026-04-01 19:01:30 +0200: Memory Usage (452520K) : Starting PMOS DERIVATIONS
2026-04-01 19:01:30 +0200: Memory Usage (452520K) : Starting RF-MOSFET DERIVATIONS
2026-04-01 19:01:30 +0200: Memory Usage (452520K) : Starting RF-NMOS DERIVATIONS
2026-04-01 19:01:30 +0200: Memory Usage (452520K) : Starting RF-PMOS DERIVATIONS
2026-04-01 19:01:30 +0200: Memory Usage (452520K) : Starting BJT DERIVATIONS
2026-04-01 19:01:30 +0200: Memory Usage (452520K) : Starting NPN-BJT DERIVATIONS
2026-04-01 19:01:30 +0200: Memory Usage (452520K) : Starting PNP-BJT DERIVATIONS
2026-04-01 19:01:30 +0200: Memory Usage (452520K) : Starting DIODE DERIVATIONS
2026-04-01 19:01:30 +0200: Memory Usage (455464K) : Starting RESISTOR DERIVATIONS
2026-04-01 19:01:30 +0200: Memory Usage (458792K) : Starting CAP DERIVATIONS
2026-04-01 19:01:30 +0200: Memory Usage (461864K) : Starting ESD DERIVATIONS
2026-04-01 19:01:30 +0200: Memory Usage (456624K) : Starting Inductor DERIVATIONS
2026-04-01 19:01:30 +0200: Memory Usage (456624K) : Starting Taps DERIVATIONS
2026-04-01 19:01:30 +0200: Memory Usage (456624K) : Starting SG13G2 LVS connectivity setup
2026-04-01 19:01:30 +0200: Memory Usage (456624K) : Starting SG13G2 LVS connectivity setup (Inter-layer)
2026-04-01 19:01:30 +0200: Memory Usage (456752K) : Starting SG13G2 LVS connectivity setup (Global)
2026-04-01 19:01:30 +0200: Memory Usage (456752K) : Starting LVS MOSFET CONNECTIONS
2026-04-01 19:01:30 +0200: Memory Usage (456752K) : Starting LVS RF-MOSFET CONNECTIONS
2026-04-01 19:01:30 +0200: Memory Usage (456752K) : Starting LVS BJT CONNECTIONS
2026-04-01 19:01:30 +0200: Memory Usage (456752K) : Starting LVS DIODE CONNECTIONS
2026-04-01 19:01:30 +0200: Memory Usage (456752K) : Starting RESISTOR CONNECTIONS
2026-04-01 19:01:30 +0200: Memory Usage (456752K) : Starting LVS CAP CONNECTIONS
2026-04-01 19:01:30 +0200: Memory Usage (456752K) : Starting ESD CONNECTIONS
2026-04-01 19:01:30 +0200: Memory Usage (456752K) : Starting Inductor CONNECTIONS
2026-04-01 19:01:30 +0200: Memory Usage (456752K) : Starting LVS Taps CONNECTIONS
2026-04-01 19:01:30 +0200: Memory Usage (456752K) : Starting SG13G2 LVS DEVICES EXTRACTION
2026-04-01 19:01:30 +0200: Memory Usage (456752K) : Starting MOSFET EXTRACTION
2026-04-01 19:01:30 +0200: Memory Usage (456752K) : Starting NMOS EXTRACTION
2026-04-01 19:01:30 +0200: Memory Usage (456752K) : Extraction of NMOS-LV transistor
2026-04-01 19:01:30 +0200: Memory Usage (457264K) : Extraction of NMOS-HV transistor
2026-04-01 19:01:30 +0200: Memory Usage (457264K) : Starting PMOS EXTRACTION
2026-04-01 19:01:30 +0200: Memory Usage (457264K) : Extraction of PMOS-LV transistor
2026-04-01 19:01:30 +0200: Memory Usage (457264K) : Extraction of PMOS-HV transistor
2026-04-01 19:01:30 +0200: Memory Usage (457264K) : Starting RF-MOSFET EXTRACTION
2026-04-01 19:01:30 +0200: Memory Usage (457264K) : Extraction of RF-NMOS-LV transistor
2026-04-01 19:01:30 +0200: Memory Usage (457264K) : Extraction of RF-NMOS-HV transistor
2026-04-01 19:01:30 +0200: Memory Usage (457264K) : Extraction of RF-PMOS-LV transistor
2026-04-01 19:01:30 +0200: Memory Usage (457264K) : Extraction of RF-PMOS-HV transistor
2026-04-01 19:01:30 +0200: Memory Usage (457264K) : Starting BJT EXTRACTION
2026-04-01 19:01:30 +0200: Memory Usage (457264K) : Starting NPN-BJT EXTRACTION
2026-04-01 19:01:30 +0200: Memory Usage (457264K) : Extraction of npn13G2 BJT transistor
2026-04-01 19:01:30 +0200: Memory Usage (457264K) : Extraction of npn13G2L BJT transistor
2026-04-01 19:01:30 +0200: Memory Usage (457264K) : Extraction of npn13G2V BJT transistor
2026-04-01 19:01:30 +0200: Memory Usage (457264K) : Starting PNP-BJT EXTRACTION
2026-04-01 19:01:30 +0200: Memory Usage (457264K) : Extracting pnpMPA BJT
2026-04-01 19:01:30 +0200: Memory Usage (457264K) : Starting DIODE EXTRACTION
2026-04-01 19:01:30 +0200: Memory Usage (457264K) : Extracting dantenna diode
2026-04-01 19:01:30 +0200: Memory Usage (457264K) : Extracting dpantenna diode
2026-04-01 19:01:30 +0200: Memory Usage (457264K) : Extracting schottky_nbl1 diode
2026-04-01 19:01:30 +0200: Memory Usage (457264K) : Extracting isolbox diode
2026-04-01 19:01:30 +0200: Memory Usage (457264K) : Starting RESISTOR EXTRACTION
2026-04-01 19:01:30 +0200: Memory Usage (457264K) : Extracting rsil resistor
2026-04-01 19:01:30 +0200: Memory Usage (457264K) : Extracting rppd resistor
2026-04-01 19:01:30 +0200: Memory Usage (457264K) : Extracting rhigh resistor
2026-04-01 19:01:30 +0200: Memory Usage (457264K) : Extracting res_metal1 resistor
2026-04-01 19:01:30 +0200: Memory Usage (457392K) : Extracting res_metal2 resistor
2026-04-01 19:01:30 +0200: Memory Usage (457392K) : Extracting res_metal3 resistor
2026-04-01 19:01:30 +0200: Memory Usage (457392K) : Extracting res_metal4 resistor
2026-04-01 19:01:30 +0200: Memory Usage (457392K) : Extracting res_metal5 resistor
2026-04-01 19:01:30 +0200: Memory Usage (457392K) : Extracting res_topmetal1 resistor
2026-04-01 19:01:30 +0200: Memory Usage (457392K) : Extracting res_topmetal2 resistor
2026-04-01 19:01:30 +0200: Memory Usage (457392K) : Starting CAP EXTRACTION
2026-04-01 19:01:30 +0200: Memory Usage (457392K) : Extracting cap_cmim device
2026-04-01 19:01:30 +0200: Memory Usage (457392K) : Extracting rfcmim device
2026-04-01 19:01:30 +0200: Memory Usage (457392K) : Extracting sg13_hv_svaricap varactor
2026-04-01 19:01:30 +0200: Memory Usage (457392K) : Starting ESD EXTRACTION
2026-04-01 19:01:30 +0200: Memory Usage (457392K) : Extracting diodevdd_2kv ESD device
2026-04-01 19:01:30 +0200: Memory Usage (457392K) : Extracting diodevdd_4kv ESD device
2026-04-01 19:01:30 +0200: Memory Usage (457392K) : Extracting diodevss_2kv ESD device
2026-04-01 19:01:30 +0200: Memory Usage (457392K) : Extracting diodevss_4kv ESD device
2026-04-01 19:01:30 +0200: Memory Usage (457392K) : Extracting idiodevdd_2kv ESD device
2026-04-01 19:01:30 +0200: Memory Usage (457392K) : Extracting idiodevdd_4kv ESD device
2026-04-01 19:01:30 +0200: Memory Usage (457392K) : Extracting idiodevss_2kv ESD device
2026-04-01 19:01:30 +0200: Memory Usage (457392K) : Extracting idiodevss_4kv ESD device
2026-04-01 19:01:30 +0200: Memory Usage (457392K) : Extracting nmoscl_2 ESD device
2026-04-01 19:01:30 +0200: Memory Usage (457392K) : Extracting nmoscl_4 ESD device
2026-04-01 19:01:30 +0200: Memory Usage (457392K) : Starting Inductor EXTRACTION
2026-04-01 19:01:30 +0200: Memory Usage (457392K) : Extracting Inductor2 device
2026-04-01 19:01:30 +0200: Memory Usage (457392K) : Extracting Inductor3 device
2026-04-01 19:01:30 +0200: Memory Usage (457392K) : Starting Taps EXTRACTION
2026-04-01 19:01:30 +0200: Memory Usage (457392K) : Extracting ntap1 device
2026-04-01 19:01:30 +0200: Memory Usage (457392K) : Extracting ptap1 device
2026-04-01 19:01:30 +0200: Memory Usage (457392K) : Starting SG13G2 LVS RF MOS Model Mapping
2026-04-01 19:01:30 +0200: Memory Usage (457392K) : [layout_netlist] Apply RF MOS model mapping and rfmode parameter.
2026-04-01 19:01:30 +0200: Memory Usage (457392K) : Starting SG13G2 LVS Options Preparations
2026-04-01 19:01:30 +0200: Memory Usage (457392K) : SG13G2 LVS flow: extraction -> alignment -> option preparation -> comparison.
2026-04-01 19:01:30 +0200: Memory Usage (457392K) : Starting SG13G2 LVS Alignment
2026-04-01 19:01:30 +0200: Memory Usage (457648K) : Starting SG13G2 LVS Simplification
2026-04-01 19:01:30 +0200: Memory Usage (457648K) : [layout_netlist] simplify: ENABLED
2026-04-01 19:01:30 +0200: Memory Usage (457648K) : [layout_netlist] make_top_level_pins: ENABLED
2026-04-01 19:01:30 +0200: Memory Usage (457648K) : [layout_netlist] combine_devices: SKIPPED
2026-04-01 19:01:30 +0200: Memory Usage (457648K) : [layout_netlist] purge: SKIPPED
2026-04-01 19:01:30 +0200: Memory Usage (457648K) : [layout_netlist] purge_nets: SKIPPED
2026-04-01 19:01:30 +0200: Memory Usage (457648K) : [schematic_netlist] simplify: ENABLED
2026-04-01 19:01:30 +0200: Memory Usage (457648K) : [schematic_netlist] make_top_level_pins: ENABLED
2026-04-01 19:01:30 +0200: Memory Usage (457648K) : [schematic_netlist] combine_devices: SKIPPED
2026-04-01 19:01:30 +0200: Memory Usage (457648K) : [schematic_netlist] purge: SKIPPED
2026-04-01 19:01:30 +0200: Memory Usage (457648K) : [schematic_netlist] purge_nets: SKIPPED
2026-04-01 19:01:30 +0200: Memory Usage (457648K) : Starting SG13G2 LVS Comparison in strict port mode.
2026-04-01 19:01:30 +0200: Memory Usage (457648K) : flag_missing_ports enabled: missing/mislabeled top-level ports are treated as errors.
2026-04-01 19:01:30 +0200: Memory Usage (457648K) : ==========================================
2026-04-01 19:01:30 +0200: Memory Usage (457648K) : INFO : Congratulations! Netlists match.
2026-04-01 19:01:30 +0200: Memory Usage (457648K) : ==========================================
2026-04-01 19:01:30 +0200: Memory Usage (457648K) : LVS Total Run time 1.278115 seconds
