# Logfile created on 2026-04-01 18:39:33 +0200 by logger.rb/v1.4.3
2026-04-01 18:39:33 +0200: Memory Usage (430484K) : Starting running SG13G2 Klayout LVS runset on /home/designer/shared/designs/SSDOR_1.2V_v3/components/logic_shift_down/logic_shift_down.gds
2026-04-01 18:39:33 +0200: Memory Usage (430484K) : Ruby Version for klayout: 3.0.2
2026-04-01 18:39:33 +0200: Memory Usage (431508K) : Loading database to memory is complete.
2026-04-01 18:39:33 +0200: Memory Usage (431508K) : SG13G2 Klayout LVS runset output at: /home/designer/shared/designs/SSDOR_1.2V_v3/components/logic_shift_down/lvs_run_logic_shift_down_2026_04_01_18_39_32/logic_shift_down.lvsdb
2026-04-01 18:39:33 +0200: Memory Usage (431508K) : Evaluate switches.
2026-04-01 18:39:33 +0200: Memory Usage (431508K) : Extracted netlist with net names: true
2026-04-01 18:39:33 +0200: Memory Usage (431508K) : Extracted netlist with comments in details: false
2026-04-01 18:39:33 +0200: Memory Usage (431508K) : Selected NET_ONLY option: false
2026-04-01 18:39:33 +0200: Memory Usage (431508K) : Selected LAYOUT_NETLIST option: (none)
2026-04-01 18:39:33 +0200: Memory Usage (431508K) : Selected IGNORE_TOP_PORTS_MISMATCH option: 
2026-04-01 18:39:33 +0200: Memory Usage (431508K) : Selected IMPLICIT_NETS option: (none)
2026-04-01 18:39:33 +0200: Memory Usage (431508K) : Selected TOP_LVL_PINS option: false
2026-04-01 18:39:33 +0200: Memory Usage (431508K) : Selected COMBINE DEVICES option: false
2026-04-01 18:39:33 +0200: Memory Usage (431508K) : Selected PURGE option: false
2026-04-01 18:39:33 +0200: Memory Usage (431508K) : Selected PURGE_NETS option: false
2026-04-01 18:39:33 +0200: Memory Usage (431508K) : Selected SIMPLIFY option: true
2026-04-01 18:39:33 +0200: Memory Usage (431508K) : Selected SERIES_RES option: true
2026-04-01 18:39:33 +0200: Memory Usage (431508K) : Selected PARALLEL_RES option: true
2026-04-01 18:39:33 +0200: Memory Usage (431508K) : deep  mode is enabled.
2026-04-01 18:39:33 +0200: Memory Usage (432660K) : Netlist file: /home/designer/shared/designs/SSDOR_1.2V_v3/components/logic_shift_down/simulations/logic_shift_down.spice
2026-04-01 18:39:33 +0200: Memory Usage (432660K) : LVS extracted netlist at: /home/designer/shared/designs/SSDOR_1.2V_v3/components/logic_shift_down/lvs_run_logic_shift_down_2026_04_01_18_39_32/logic_shift_down_extracted.cir
2026-04-01 18:39:33 +0200: Memory Usage (432660K) : Applying SRAM integration support.
2026-04-01 18:39:33 +0200: Memory Usage (432660K) : Starting SG13G2 LVS runset
2026-04-01 18:39:33 +0200: Memory Usage (432660K) : Read in polygons from layers.
2026-04-01 18:39:33 +0200: Memory Usage (433300K) : activ_drw has 14 polygons
2026-04-01 18:39:33 +0200: Memory Usage (433300K) : activ_filler has 0 polygons
2026-04-01 18:39:33 +0200: Memory Usage (433428K) : activ has 14 polygons
2026-04-01 18:39:33 +0200: Memory Usage (433428K) : activ_pin has 0 polygons
2026-04-01 18:39:33 +0200: Memory Usage (433428K) : activ_mask has 0 polygons
2026-04-01 18:39:33 +0200: Memory Usage (433428K) : activ_nofill has 0 polygons
2026-04-01 18:39:33 +0200: Memory Usage (433428K) : activ_OPC has 0 polygons
2026-04-01 18:39:33 +0200: Memory Usage (433428K) : activ_iOPC has 0 polygons
2026-04-01 18:39:33 +0200: Memory Usage (433428K) : activ_noqrc has 0 polygons
2026-04-01 18:39:33 +0200: Memory Usage (433428K) : biwind_drw has 0 polygons
2026-04-01 18:39:33 +0200: Memory Usage (433428K) : biwind_OPC has 0 polygons
2026-04-01 18:39:33 +0200: Memory Usage (433428K) : gatpoly_drw has 10 polygons
2026-04-01 18:39:33 +0200: Memory Usage (433428K) : gatpoly_filler has 0 polygons
2026-04-01 18:39:33 +0200: Memory Usage (433428K) : gatpoly has 10 polygons
2026-04-01 18:39:33 +0200: Memory Usage (433428K) : gatpoly_pin has 2 polygons
2026-04-01 18:39:33 +0200: Memory Usage (433684K) : gatpoly_nofill has 0 polygons
2026-04-01 18:39:33 +0200: Memory Usage (433684K) : gatpoly_OPC has 0 polygons
2026-04-01 18:39:33 +0200: Memory Usage (433812K) : gatpoly_iOPC has 0 polygons
2026-04-01 18:39:33 +0200: Memory Usage (433812K) : gatpoly_noqrc has 0 polygons
2026-04-01 18:39:33 +0200: Memory Usage (433812K) : cont_drw has 80 polygons
2026-04-01 18:39:33 +0200: Memory Usage (433812K) : cont_OPC has 0 polygons
2026-04-01 18:39:33 +0200: Memory Usage (433812K) : nsd_drw has 0 polygons
2026-04-01 18:39:33 +0200: Memory Usage (433812K) : nsd_block has 0 polygons
2026-04-01 18:39:33 +0200: Memory Usage (434068K) : metal1_drw has 23 polygons
2026-04-01 18:39:33 +0200: Memory Usage (434196K) : metal1_filler has 0 polygons
2026-04-01 18:39:33 +0200: Memory Usage (434196K) : metal1_slit has 0 polygons
2026-04-01 18:39:33 +0200: Memory Usage (434324K) : metal1 has 23 polygons
2026-04-01 18:39:33 +0200: Memory Usage (434324K) : metal1_pin has 10 polygons
2026-04-01 18:39:33 +0200: Memory Usage (434452K) : metal1_mask has 0 polygons
2026-04-01 18:39:33 +0200: Memory Usage (434452K) : metal1_nofill has 0 polygons
2026-04-01 18:39:33 +0200: Memory Usage (434836K) : metal1_text has 4 polygons
2026-04-01 18:39:33 +0200: Memory Usage (434836K) : metal1_OPC has 0 polygons
2026-04-01 18:39:33 +0200: Memory Usage (434964K) : metal1_noqrc has 0 polygons
2026-04-01 18:39:33 +0200: Memory Usage (434964K) : metal1_res has 0 polygons
2026-04-01 18:39:33 +0200: Memory Usage (435092K) : metal1_iprobe has 0 polygons
2026-04-01 18:39:33 +0200: Memory Usage (435092K) : metal1_diffprb has 0 polygons
2026-04-01 18:39:33 +0200: Memory Usage (435220K) : passiv_drw has 0 polygons
2026-04-01 18:39:33 +0200: Memory Usage (435348K) : passiv_pin has 0 polygons
2026-04-01 18:39:33 +0200: Memory Usage (435348K) : passiv_sbump has 0 polygons
2026-04-01 18:39:33 +0200: Memory Usage (435476K) : passiv_pillar has 0 polygons
2026-04-01 18:39:33 +0200: Memory Usage (435476K) : passiv_pdl has 0 polygons
2026-04-01 18:39:33 +0200: Memory Usage (435476K) : metal2_drw has 0 polygons
2026-04-01 18:39:33 +0200: Memory Usage (435604K) : metal2_filler has 0 polygons
2026-04-01 18:39:34 +0200: Memory Usage (435604K) : metal2_slit has 0 polygons
2026-04-01 18:39:34 +0200: Memory Usage (435732K) : metal2 has 0 polygons
2026-04-01 18:39:34 +0200: Memory Usage (435860K) : metal2_pin has 0 polygons
2026-04-01 18:39:34 +0200: Memory Usage (435860K) : metal2_mask has 0 polygons
2026-04-01 18:39:34 +0200: Memory Usage (435860K) : metal2_nofill has 0 polygons
2026-04-01 18:39:34 +0200: Memory Usage (435988K) : metal2_text has 0 polygons
2026-04-01 18:39:34 +0200: Memory Usage (435988K) : metal2_OPC has 0 polygons
2026-04-01 18:39:34 +0200: Memory Usage (436116K) : metal2_noqrc has 0 polygons
2026-04-01 18:39:34 +0200: Memory Usage (436116K) : metal2_res has 0 polygons
2026-04-01 18:39:34 +0200: Memory Usage (436244K) : metal2_iprobe has 0 polygons
2026-04-01 18:39:34 +0200: Memory Usage (436244K) : metal2_diffprb has 0 polygons
2026-04-01 18:39:34 +0200: Memory Usage (436372K) : baspoly_drw has 0 polygons
2026-04-01 18:39:34 +0200: Memory Usage (436500K) : baspoly_pin has 0 polygons
2026-04-01 18:39:34 +0200: Memory Usage (436500K) : psd_drw has 3 polygons
2026-04-01 18:39:34 +0200: Memory Usage (436628K) : nldb_drw has 0 polygons
2026-04-01 18:39:34 +0200: Memory Usage (436628K) : digibnd_drw has 0 polygons
2026-04-01 18:39:34 +0200: Memory Usage (436756K) : via1_drw has 0 polygons
2026-04-01 18:39:34 +0200: Memory Usage (436756K) : backmetal1_drw has 0 polygons
2026-04-01 18:39:34 +0200: Memory Usage (436884K) : backmetal1_pin has 0 polygons
2026-04-01 18:39:34 +0200: Memory Usage (436884K) : backmetal1_mask has 0 polygons
2026-04-01 18:39:34 +0200: Memory Usage (437012K) : backmetal1_filler has 0 polygons
2026-04-01 18:39:34 +0200: Memory Usage (437012K) : backmetal1_nofill has 0 polygons
2026-04-01 18:39:34 +0200: Memory Usage (437012K) : backmetal1_slit has 0 polygons
2026-04-01 18:39:34 +0200: Memory Usage (437140K) : backmetal1_text has 0 polygons
2026-04-01 18:39:34 +0200: Memory Usage (437140K) : backmetal1_OPC has 0 polygons
2026-04-01 18:39:34 +0200: Memory Usage (437268K) : backmetal1_noqrc has 0 polygons
2026-04-01 18:39:34 +0200: Memory Usage (437268K) : backmetal1_res has 0 polygons
2026-04-01 18:39:34 +0200: Memory Usage (437396K) : backmetal1_iprobe has 0 polygons
2026-04-01 18:39:34 +0200: Memory Usage (437396K) : backmetal1_diffprb has 0 polygons
2026-04-01 18:39:34 +0200: Memory Usage (437524K) : backpassiv_drw has 0 polygons
2026-04-01 18:39:34 +0200: Memory Usage (437524K) : res_drw has 0 polygons
2026-04-01 18:39:34 +0200: Memory Usage (437652K) : sram_drw has 0 polygons
2026-04-01 18:39:34 +0200: Memory Usage (437652K) : trans_drw has 0 polygons
2026-04-01 18:39:34 +0200: Memory Usage (437780K) : ind_drw has 0 polygons
2026-04-01 18:39:34 +0200: Memory Usage (437780K) : ind_pin has 0 polygons
2026-04-01 18:39:34 +0200: Memory Usage (437908K) : ind_text has 0 polygons
2026-04-01 18:39:34 +0200: Memory Usage (437908K) : salblock_drw has 0 polygons
2026-04-01 18:39:34 +0200: Memory Usage (438036K) : via2_drw has 0 polygons
2026-04-01 18:39:34 +0200: Memory Usage (438036K) : metal3_drw has 0 polygons
2026-04-01 18:39:34 +0200: Memory Usage (438164K) : metal3_filler has 0 polygons
2026-04-01 18:39:34 +0200: Memory Usage (438164K) : metal3_slit has 0 polygons
2026-04-01 18:39:34 +0200: Memory Usage (438292K) : metal3 has 0 polygons
2026-04-01 18:39:34 +0200: Memory Usage (438420K) : metal3_pin has 0 polygons
2026-04-01 18:39:34 +0200: Memory Usage (438420K) : metal3_mask has 0 polygons
2026-04-01 18:39:34 +0200: Memory Usage (438420K) : metal3_nofill has 0 polygons
2026-04-01 18:39:34 +0200: Memory Usage (438548K) : metal3_text has 0 polygons
2026-04-01 18:39:34 +0200: Memory Usage (438548K) : metal3_OPC has 0 polygons
2026-04-01 18:39:34 +0200: Memory Usage (438676K) : metal3_noqrc has 0 polygons
2026-04-01 18:39:34 +0200: Memory Usage (438676K) : metal3_res has 0 polygons
2026-04-01 18:39:34 +0200: Memory Usage (438804K) : metal3_iprobe has 0 polygons
2026-04-01 18:39:34 +0200: Memory Usage (438804K) : metal3_diffprb has 0 polygons
2026-04-01 18:39:34 +0200: Memory Usage (438932K) : nwell_drw has 5 polygons
2026-04-01 18:39:34 +0200: Memory Usage (438932K) : nwell_pin has 1 polygons
2026-04-01 18:39:34 +0200: Memory Usage (439060K) : nwell_text has 0 polygons
2026-04-01 18:39:34 +0200: Memory Usage (439060K) : nbulay_drw has 1 polygons
2026-04-01 18:39:34 +0200: Memory Usage (439188K) : nbulay_pin has 0 polygons
2026-04-01 18:39:34 +0200: Memory Usage (439188K) : nbulay_block has 0 polygons
2026-04-01 18:39:34 +0200: Memory Usage (439316K) : emwind_drw has 0 polygons
2026-04-01 18:39:34 +0200: Memory Usage (439316K) : emwind_OPC has 0 polygons
2026-04-01 18:39:34 +0200: Memory Usage (439444K) : deepco_drw has 0 polygons
2026-04-01 18:39:34 +0200: Memory Usage (439444K) : mim_drw has 0 polygons
2026-04-01 18:39:34 +0200: Memory Usage (439572K) : edgeseal_drw has 0 polygons
2026-04-01 18:39:34 +0200: Memory Usage (439572K) : substrate_drw has 2 polygons
2026-04-01 18:39:34 +0200: Memory Usage (439700K) : substrate_text has 0 polygons
2026-04-01 18:39:34 +0200: Memory Usage (439700K) : dfpad_drw has 0 polygons
2026-04-01 18:39:34 +0200: Memory Usage (439700K) : dfpad_pillar has 0 polygons
2026-04-01 18:39:34 +0200: Memory Usage (439828K) : dfpad_sbump has 0 polygons
2026-04-01 18:39:34 +0200: Memory Usage (439828K) : thickgateox_drw has 0 polygons
2026-04-01 18:39:34 +0200: Memory Usage (439956K) : pldb_drw has 0 polygons
2026-04-01 18:39:34 +0200: Memory Usage (439956K) : pwell_drw has 0 polygons
2026-04-01 18:39:34 +0200: Memory Usage (440084K) : pwell_pin has 0 polygons
2026-04-01 18:39:34 +0200: Memory Usage (440084K) : pwell_block has 0 polygons
2026-04-01 18:39:34 +0200: Memory Usage (440212K) : ic_drw has 0 polygons
2026-04-01 18:39:34 +0200: Memory Usage (440212K) : via3_drw has 0 polygons
2026-04-01 18:39:34 +0200: Memory Usage (440340K) : metal4_drw has 0 polygons
2026-04-01 18:39:34 +0200: Memory Usage (440468K) : metal4_filler has 0 polygons
2026-04-01 18:39:34 +0200: Memory Usage (440468K) : metal4_slit has 0 polygons
2026-04-01 18:39:34 +0200: Memory Usage (440596K) : metal4 has 0 polygons
2026-04-01 18:39:34 +0200: Memory Usage (440596K) : metal4_pin has 0 polygons
2026-04-01 18:39:34 +0200: Memory Usage (440724K) : metal4_mask has 0 polygons
2026-04-01 18:39:34 +0200: Memory Usage (440724K) : metal4_nofill has 0 polygons
2026-04-01 18:39:34 +0200: Memory Usage (440852K) : metal4_text has 0 polygons
2026-04-01 18:39:34 +0200: Memory Usage (440980K) : metal4_OPC has 0 polygons
2026-04-01 18:39:34 +0200: Memory Usage (440980K) : metal4_noqrc has 0 polygons
2026-04-01 18:39:34 +0200: Memory Usage (441108K) : metal4_res has 0 polygons
2026-04-01 18:39:34 +0200: Memory Usage (441108K) : metal4_iprobe has 0 polygons
2026-04-01 18:39:34 +0200: Memory Usage (441236K) : metal4_diffprb has 0 polygons
2026-04-01 18:39:34 +0200: Memory Usage (441236K) : heattrans_drw has 4 polygons
2026-04-01 18:39:34 +0200: Memory Usage (441364K) : heatres_drw has 0 polygons
2026-04-01 18:39:34 +0200: Memory Usage (441364K) : fbe_drw has 0 polygons
2026-04-01 18:39:34 +0200: Memory Usage (441364K) : empoly_drw has 0 polygons
2026-04-01 18:39:34 +0200: Memory Usage (441492K) : digisub_drw has 0 polygons
2026-04-01 18:39:34 +0200: Memory Usage (441492K) : text_drw has 5 polygons
2026-04-01 18:39:34 +0200: Memory Usage (441620K) : via4_drw has 0 polygons
2026-04-01 18:39:34 +0200: Memory Usage (441620K) : metal5_drw has 0 polygons
2026-04-01 18:39:34 +0200: Memory Usage (441748K) : metal5_filler has 0 polygons
2026-04-01 18:39:34 +0200: Memory Usage (441748K) : metal5_slit has 0 polygons
2026-04-01 18:39:34 +0200: Memory Usage (441876K) : metal5 has 0 polygons
2026-04-01 18:39:34 +0200: Memory Usage (442004K) : metal5_pin has 0 polygons
2026-04-01 18:39:34 +0200: Memory Usage (442004K) : metal5_mask has 0 polygons
2026-04-01 18:39:34 +0200: Memory Usage (442132K) : metal5_nofill has 0 polygons
2026-04-01 18:39:34 +0200: Memory Usage (442132K) : metal5_text has 0 polygons
2026-04-01 18:39:34 +0200: Memory Usage (442260K) : metal5_OPC has 0 polygons
2026-04-01 18:39:34 +0200: Memory Usage (442260K) : metal5_noqrc has 0 polygons
2026-04-01 18:39:34 +0200: Memory Usage (442388K) : metal5_res has 0 polygons
2026-04-01 18:39:34 +0200: Memory Usage (442388K) : metal5_iprobe has 0 polygons
2026-04-01 18:39:34 +0200: Memory Usage (442516K) : metal5_diffprb has 0 polygons
2026-04-01 18:39:34 +0200: Memory Usage (442516K) : radhard_drw has 0 polygons
2026-04-01 18:39:34 +0200: Memory Usage (442644K) : memcap_drw has 0 polygons
2026-04-01 18:39:34 +0200: Memory Usage (442644K) : varicap_drw has 0 polygons
2026-04-01 18:39:34 +0200: Memory Usage (442772K) : intbondvia_drw has 0 polygons
2026-04-01 18:39:34 +0200: Memory Usage (442772K) : intbondmet_drw has 0 polygons
2026-04-01 18:39:34 +0200: Memory Usage (442900K) : devbondvia_drw has 0 polygons
2026-04-01 18:39:34 +0200: Memory Usage (442900K) : devbondmet_drw has 0 polygons
2026-04-01 18:39:34 +0200: Memory Usage (442900K) : devtrench_drw has 0 polygons
2026-04-01 18:39:34 +0200: Memory Usage (443028K) : redist_drw has 0 polygons
2026-04-01 18:39:34 +0200: Memory Usage (443028K) : graphbot_drw has 0 polygons
2026-04-01 18:39:34 +0200: Memory Usage (443156K) : graphtop_drw has 0 polygons
2026-04-01 18:39:34 +0200: Memory Usage (443156K) : antvia1_drw has 0 polygons
2026-04-01 18:39:34 +0200: Memory Usage (443284K) : antmetal2_drw has 0 polygons
2026-04-01 18:39:34 +0200: Memory Usage (443284K) : graphcont_drw has 0 polygons
2026-04-01 18:39:34 +0200: Memory Usage (443412K) : siwg_drw has 0 polygons
2026-04-01 18:39:34 +0200: Memory Usage (443412K) : siwg_filler has 0 polygons
2026-04-01 18:39:34 +0200: Memory Usage (443540K) : siwg_nofill has 0 polygons
2026-04-01 18:39:34 +0200: Memory Usage (443540K) : sigrating_drw has 0 polygons
2026-04-01 18:39:34 +0200: Memory Usage (443668K) : singrating_drw has 0 polygons
2026-04-01 18:39:34 +0200: Memory Usage (443668K) : graphpas_drw has 0 polygons
2026-04-01 18:39:34 +0200: Memory Usage (443796K) : emwind3_drw has 0 polygons
2026-04-01 18:39:34 +0200: Memory Usage (443796K) : emwihv3_drw has 0 polygons
2026-04-01 18:39:34 +0200: Memory Usage (443924K) : redbulay_drw has 0 polygons
2026-04-01 18:39:34 +0200: Memory Usage (443924K) : smos_drw has 0 polygons
2026-04-01 18:39:34 +0200: Memory Usage (444052K) : graphpad_drw has 0 polygons
2026-04-01 18:39:34 +0200: Memory Usage (444052K) : polimide_drw has 0 polygons
2026-04-01 18:39:34 +0200: Memory Usage (444180K) : polimide_pin has 0 polygons
2026-04-01 18:39:34 +0200: Memory Usage (444180K) : recog_drw has 0 polygons
2026-04-01 18:39:34 +0200: Memory Usage (444308K) : recog_pin has 0 polygons
2026-04-01 18:39:34 +0200: Memory Usage (444308K) : recog_esd has 0 polygons
2026-04-01 18:39:34 +0200: Memory Usage (444436K) : recog_diode has 0 polygons
2026-04-01 18:39:34 +0200: Memory Usage (444436K) : recog_tsv has 0 polygons
2026-04-01 18:39:34 +0200: Memory Usage (444564K) : recog_iprobe has 0 polygons
2026-04-01 18:39:34 +0200: Memory Usage (444564K) : recog_diffprb has 0 polygons
2026-04-01 18:39:34 +0200: Memory Usage (444692K) : recog_pillar has 0 polygons
2026-04-01 18:39:34 +0200: Memory Usage (444692K) : recog_sbump has 0 polygons
2026-04-01 18:39:34 +0200: Memory Usage (444820K) : recog_otp has 0 polygons
2026-04-01 18:39:34 +0200: Memory Usage (444820K) : recog_pdiode has 0 polygons
2026-04-01 18:39:34 +0200: Memory Usage (444820K) : recog_mom has 0 polygons
2026-04-01 18:39:34 +0200: Memory Usage (444948K) : recog_pcm has 0 polygons
2026-04-01 18:39:34 +0200: Memory Usage (444948K) : colopen_drw has 0 polygons
2026-04-01 18:39:34 +0200: Memory Usage (445076K) : graphmetal1_drw has 0 polygons
2026-04-01 18:39:34 +0200: Memory Usage (445076K) : graphmetal1_filler has 0 polygons
2026-04-01 18:39:34 +0200: Memory Usage (445204K) : graphmetal1_nofill has 0 polygons
2026-04-01 18:39:34 +0200: Memory Usage (445204K) : graphmetal1_slit has 0 polygons
2026-04-01 18:39:34 +0200: Memory Usage (445332K) : graphmetal1_OPC has 0 polygons
2026-04-01 18:39:34 +0200: Memory Usage (445332K) : graphmet1l_drw has 0 polygons
2026-04-01 18:39:34 +0200: Memory Usage (445460K) : graphmet1l_filler has 0 polygons
2026-04-01 18:39:34 +0200: Memory Usage (445460K) : graphmet1l_nofill has 0 polygons
2026-04-01 18:39:34 +0200: Memory Usage (445588K) : graphmet1l_slit has 0 polygons
2026-04-01 18:39:34 +0200: Memory Usage (445588K) : graphmet1l_OPC has 0 polygons
2026-04-01 18:39:34 +0200: Memory Usage (445716K) : extblock_drw has 0 polygons
2026-04-01 18:39:34 +0200: Memory Usage (445716K) : nldd_drw has 0 polygons
2026-04-01 18:39:34 +0200: Memory Usage (445716K) : pldd_drw has 0 polygons
2026-04-01 18:39:34 +0200: Memory Usage (445844K) : next_drw has 0 polygons
2026-04-01 18:39:34 +0200: Memory Usage (445844K) : pext_drw has 0 polygons
2026-04-01 18:39:34 +0200: Memory Usage (445972K) : nexthv_drw has 0 polygons
2026-04-01 18:39:34 +0200: Memory Usage (445972K) : pexthv_drw has 0 polygons
2026-04-01 18:39:34 +0200: Memory Usage (446100K) : graphgate_drw has 0 polygons
2026-04-01 18:39:34 +0200: Memory Usage (446228K) : sinwg_drw has 0 polygons
2026-04-01 18:39:34 +0200: Memory Usage (446228K) : sinwg_filler has 0 polygons
2026-04-01 18:39:34 +0200: Memory Usage (446356K) : sinwg_nofill has 0 polygons
2026-04-01 18:39:34 +0200: Memory Usage (446356K) : mempad_drw has 0 polygons
2026-04-01 18:39:34 +0200: Memory Usage (446484K) : topvia1_drw has 0 polygons
2026-04-01 18:39:34 +0200: Memory Usage (446484K) : topmetal1_drw has 0 polygons
2026-04-01 18:39:34 +0200: Memory Usage (446612K) : topmetal1_filler has 0 polygons
2026-04-01 18:39:34 +0200: Memory Usage (446612K) : topmetal1_slit has 0 polygons
2026-04-01 18:39:34 +0200: Memory Usage (446740K) : topmetal1 has 0 polygons
2026-04-01 18:39:34 +0200: Memory Usage (446868K) : topmetal1_pin has 0 polygons
2026-04-01 18:39:34 +0200: Memory Usage (446868K) : topmetal1_mask has 0 polygons
2026-04-01 18:39:34 +0200: Memory Usage (446996K) : topmetal1_nofill has 0 polygons
2026-04-01 18:39:34 +0200: Memory Usage (446996K) : topmetal1_text has 0 polygons
2026-04-01 18:39:34 +0200: Memory Usage (447124K) : topmetal1_noqrc has 0 polygons
2026-04-01 18:39:34 +0200: Memory Usage (447124K) : topmetal1_res has 0 polygons
2026-04-01 18:39:34 +0200: Memory Usage (447252K) : topmetal1_iprobe has 0 polygons
2026-04-01 18:39:34 +0200: Memory Usage (447252K) : topmetal1_diffprb has 0 polygons
2026-04-01 18:39:34 +0200: Memory Usage (447380K) : inldpwl_drw has 0 polygons
2026-04-01 18:39:34 +0200: Memory Usage (447380K) : polyres_drw has 0 polygons
2026-04-01 18:39:34 +0200: Memory Usage (447508K) : polyres_pin has 0 polygons
2026-04-01 18:39:34 +0200: Memory Usage (447508K) : vmim_drw has 0 polygons
2026-04-01 18:39:34 +0200: Memory Usage (447636K) : nbulaycut_drw has 0 polygons
2026-04-01 18:39:34 +0200: Memory Usage (447636K) : antmetal1_drw has 0 polygons
2026-04-01 18:39:34 +0200: Memory Usage (447764K) : topvia2_drw has 0 polygons
2026-04-01 18:39:34 +0200: Memory Usage (447764K) : topmetal2_drw has 0 polygons
2026-04-01 18:39:34 +0200: Memory Usage (447892K) : topmetal2_filler has 0 polygons
2026-04-01 18:39:34 +0200: Memory Usage (447892K) : topmetal2_slit has 0 polygons
2026-04-01 18:39:34 +0200: Memory Usage (448020K) : topmetal2 has 0 polygons
2026-04-01 18:39:34 +0200: Memory Usage (448148K) : topmetal2_pin has 0 polygons
2026-04-01 18:39:34 +0200: Memory Usage (448148K) : topmetal2_mask has 0 polygons
2026-04-01 18:39:34 +0200: Memory Usage (448276K) : topmetal2_nofill has 0 polygons
2026-04-01 18:39:34 +0200: Memory Usage (448276K) : topmetal2_text has 0 polygons
2026-04-01 18:39:34 +0200: Memory Usage (448404K) : topmetal2_noqrc has 0 polygons
2026-04-01 18:39:34 +0200: Memory Usage (448404K) : topmetal2_res has 0 polygons
2026-04-01 18:39:34 +0200: Memory Usage (448532K) : topmetal2_iprobe has 0 polygons
2026-04-01 18:39:34 +0200: Memory Usage (448532K) : topmetal2_diffprb has 0 polygons
2026-04-01 18:39:34 +0200: Memory Usage (448660K) : snsring_drw has 0 polygons
2026-04-01 18:39:34 +0200: Memory Usage (448660K) : sensor_drw has 0 polygons
2026-04-01 18:39:34 +0200: Memory Usage (448660K) : snsarms_drw has 0 polygons
2026-04-01 18:39:34 +0200: Memory Usage (448660K) : snscmosvia_drw has 0 polygons
2026-04-01 18:39:34 +0200: Memory Usage (448660K) : colwind_drw has 0 polygons
2026-04-01 18:39:34 +0200: Memory Usage (448788K) : flm_drw has 0 polygons
2026-04-01 18:39:34 +0200: Memory Usage (448788K) : hafniumox_drw has 0 polygons
2026-04-01 18:39:34 +0200: Memory Usage (448916K) : memvia_drw has 0 polygons
2026-04-01 18:39:34 +0200: Memory Usage (448916K) : thinfilmres_drw has 0 polygons
2026-04-01 18:39:34 +0200: Memory Usage (449044K) : rfmem_drw has 0 polygons
2026-04-01 18:39:34 +0200: Memory Usage (449044K) : norcx_drw has 0 polygons
2026-04-01 18:39:34 +0200: Memory Usage (449172K) : norcx_m2m3 has 0 polygons
2026-04-01 18:39:34 +0200: Memory Usage (449172K) : norcx_m2m4 has 0 polygons
2026-04-01 18:39:34 +0200: Memory Usage (449300K) : norcx_m2m5 has 0 polygons
2026-04-01 18:39:34 +0200: Memory Usage (449300K) : norcx_m2tm1 has 0 polygons
2026-04-01 18:39:34 +0200: Memory Usage (449428K) : norcx_m2tm2 has 0 polygons
2026-04-01 18:39:34 +0200: Memory Usage (449428K) : norcx_m3m4 has 0 polygons
2026-04-01 18:39:34 +0200: Memory Usage (449556K) : norcx_m3m5 has 0 polygons
2026-04-01 18:39:34 +0200: Memory Usage (449556K) : norcx_m3tm1 has 0 polygons
2026-04-01 18:39:34 +0200: Memory Usage (449556K) : norcx_m3tm2 has 0 polygons
2026-04-01 18:39:34 +0200: Memory Usage (449684K) : norcx_m4m5 has 0 polygons
2026-04-01 18:39:34 +0200: Memory Usage (449684K) : norcx_m4tm1 has 0 polygons
2026-04-01 18:39:34 +0200: Memory Usage (449684K) : norcx_m4tm2 has 0 polygons
2026-04-01 18:39:34 +0200: Memory Usage (449812K) : norcx_m5tm1 has 0 polygons
2026-04-01 18:39:34 +0200: Memory Usage (449812K) : norcx_m5tm2 has 0 polygons
2026-04-01 18:39:34 +0200: Memory Usage (449940K) : norcx_tm1tm2 has 0 polygons
2026-04-01 18:39:34 +0200: Memory Usage (449940K) : norcx_m1sub has 0 polygons
2026-04-01 18:39:34 +0200: Memory Usage (450068K) : norcx_m2sub has 0 polygons
2026-04-01 18:39:34 +0200: Memory Usage (450068K) : norcx_m3sub has 0 polygons
2026-04-01 18:39:34 +0200: Memory Usage (450196K) : norcx_m4sub has 0 polygons
2026-04-01 18:39:34 +0200: Memory Usage (450196K) : norcx_m5sub has 0 polygons
2026-04-01 18:39:34 +0200: Memory Usage (450324K) : norcx_tm1sub has 0 polygons
2026-04-01 18:39:34 +0200: Memory Usage (450324K) : norcx_tm2sub has 0 polygons
2026-04-01 18:39:34 +0200: Memory Usage (450452K) : snsbotvia_drw has 0 polygons
2026-04-01 18:39:34 +0200: Memory Usage (450580K) : snstopvia_drw has 0 polygons
2026-04-01 18:39:34 +0200: Memory Usage (450580K) : deepvia_drw has 0 polygons
2026-04-01 18:39:34 +0200: Memory Usage (450708K) : fgetch_drw has 0 polygons
2026-04-01 18:39:34 +0200: Memory Usage (450708K) : ctrgat_drw has 0 polygons
2026-04-01 18:39:34 +0200: Memory Usage (450836K) : fgimp_drw has 0 polygons
2026-04-01 18:39:34 +0200: Memory Usage (450836K) : emwihv_drw has 0 polygons
2026-04-01 18:39:34 +0200: Memory Usage (450964K) : lbe_drw has 0 polygons
2026-04-01 18:39:34 +0200: Memory Usage (450964K) : alcustop_drw has 0 polygons
2026-04-01 18:39:34 +0200: Memory Usage (451092K) : nometfiller_drw has 0 polygons
2026-04-01 18:39:34 +0200: Memory Usage (451092K) : prboundary_drw has 0 polygons
2026-04-01 18:39:34 +0200: Memory Usage (451220K) : exchange0_drw has 0 polygons
2026-04-01 18:39:34 +0200: Memory Usage (451220K) : exchange0_pin has 0 polygons
2026-04-01 18:39:34 +0200: Memory Usage (451348K) : exchange0_text has 0 polygons
2026-04-01 18:39:34 +0200: Memory Usage (451348K) : exchange1_drw has 0 polygons
2026-04-01 18:39:34 +0200: Memory Usage (451476K) : exchange1_pin has 0 polygons
2026-04-01 18:39:34 +0200: Memory Usage (451476K) : exchange1_text has 0 polygons
2026-04-01 18:39:34 +0200: Memory Usage (451604K) : exchange2_drw has 0 polygons
2026-04-01 18:39:34 +0200: Memory Usage (451604K) : exchange2_pin has 0 polygons
2026-04-01 18:39:34 +0200: Memory Usage (451732K) : exchange2_text has 0 polygons
2026-04-01 18:39:34 +0200: Memory Usage (451732K) : exchange3_drw has 0 polygons
2026-04-01 18:39:34 +0200: Memory Usage (451860K) : exchange3_pin has 0 polygons
2026-04-01 18:39:34 +0200: Memory Usage (451860K) : exchange3_text has 0 polygons
2026-04-01 18:39:34 +0200: Memory Usage (451988K) : exchange4_drw has 0 polygons
2026-04-01 18:39:34 +0200: Memory Usage (448656K) : exchange4_pin has 0 polygons
2026-04-01 18:39:34 +0200: Memory Usage (448656K) : exchange4_text has 0 polygons
2026-04-01 18:39:34 +0200: Memory Usage (448656K) : isonwell_drw has 0 polygons
2026-04-01 18:39:34 +0200: Memory Usage (448656K) : Total no. of polygons in the design is 164
2026-04-01 18:39:34 +0200: Memory Usage (448656K) : Starting base layers derivations
2026-04-01 18:39:34 +0200: Memory Usage (448656K) : Starting general LVS derivations
2026-04-01 18:39:34 +0200: Memory Usage (452368K) : Starting MOSFET DERIVATIONS
2026-04-01 18:39:34 +0200: Memory Usage (452368K) : Starting NMOS DERIVATIONS
2026-04-01 18:39:34 +0200: Memory Usage (452368K) : Starting PMOS DERIVATIONS
2026-04-01 18:39:34 +0200: Memory Usage (452368K) : Starting RF-MOSFET DERIVATIONS
2026-04-01 18:39:34 +0200: Memory Usage (452368K) : Starting RF-NMOS DERIVATIONS
2026-04-01 18:39:34 +0200: Memory Usage (452368K) : Starting RF-PMOS DERIVATIONS
2026-04-01 18:39:34 +0200: Memory Usage (452368K) : Starting BJT DERIVATIONS
2026-04-01 18:39:34 +0200: Memory Usage (452368K) : Starting NPN-BJT DERIVATIONS
2026-04-01 18:39:34 +0200: Memory Usage (452368K) : Starting PNP-BJT DERIVATIONS
2026-04-01 18:39:34 +0200: Memory Usage (452368K) : Starting DIODE DERIVATIONS
2026-04-01 18:39:34 +0200: Memory Usage (453392K) : Starting RESISTOR DERIVATIONS
2026-04-01 18:39:34 +0200: Memory Usage (456720K) : Starting CAP DERIVATIONS
2026-04-01 18:39:34 +0200: Memory Usage (459792K) : Starting ESD DERIVATIONS
2026-04-01 18:39:34 +0200: Memory Usage (451944K) : Starting Inductor DERIVATIONS
2026-04-01 18:39:34 +0200: Memory Usage (451944K) : Starting Taps DERIVATIONS
2026-04-01 18:39:35 +0200: Memory Usage (451944K) : Starting SG13G2 LVS connectivity setup
2026-04-01 18:39:35 +0200: Memory Usage (451944K) : Starting SG13G2 LVS connectivity setup (Inter-layer)
2026-04-01 18:39:35 +0200: Memory Usage (452072K) : Starting SG13G2 LVS connectivity setup (Global)
2026-04-01 18:39:35 +0200: Memory Usage (452072K) : Starting LVS MOSFET CONNECTIONS
2026-04-01 18:39:35 +0200: Memory Usage (452072K) : Starting LVS RF-MOSFET CONNECTIONS
2026-04-01 18:39:35 +0200: Memory Usage (452072K) : Starting LVS BJT CONNECTIONS
2026-04-01 18:39:35 +0200: Memory Usage (452072K) : Starting LVS DIODE CONNECTIONS
2026-04-01 18:39:35 +0200: Memory Usage (452072K) : Starting RESISTOR CONNECTIONS
2026-04-01 18:39:35 +0200: Memory Usage (452072K) : Starting LVS CAP CONNECTIONS
2026-04-01 18:39:35 +0200: Memory Usage (452072K) : Starting ESD CONNECTIONS
2026-04-01 18:39:35 +0200: Memory Usage (452072K) : Starting Inductor CONNECTIONS
2026-04-01 18:39:35 +0200: Memory Usage (452072K) : Starting LVS Taps CONNECTIONS
2026-04-01 18:39:35 +0200: Memory Usage (452072K) : Starting SG13G2 LVS DEVICES EXTRACTION
2026-04-01 18:39:35 +0200: Memory Usage (452072K) : Starting MOSFET EXTRACTION
2026-04-01 18:39:35 +0200: Memory Usage (452072K) : Starting NMOS EXTRACTION
2026-04-01 18:39:35 +0200: Memory Usage (452072K) : Extraction of NMOS-LV transistor
2026-04-01 18:39:35 +0200: Memory Usage (452456K) : Extraction of NMOS-HV transistor
2026-04-01 18:39:35 +0200: Memory Usage (452456K) : Starting PMOS EXTRACTION
2026-04-01 18:39:35 +0200: Memory Usage (452456K) : Extraction of PMOS-LV transistor
2026-04-01 18:39:35 +0200: Memory Usage (452456K) : Extraction of PMOS-HV transistor
2026-04-01 18:39:35 +0200: Memory Usage (452456K) : Starting RF-MOSFET EXTRACTION
2026-04-01 18:39:35 +0200: Memory Usage (452456K) : Extraction of RF-NMOS-LV transistor
2026-04-01 18:39:35 +0200: Memory Usage (452456K) : Extraction of RF-NMOS-HV transistor
2026-04-01 18:39:35 +0200: Memory Usage (452456K) : Extraction of RF-PMOS-LV transistor
2026-04-01 18:39:35 +0200: Memory Usage (452456K) : Extraction of RF-PMOS-HV transistor
2026-04-01 18:39:35 +0200: Memory Usage (452456K) : Starting BJT EXTRACTION
2026-04-01 18:39:35 +0200: Memory Usage (452456K) : Starting NPN-BJT EXTRACTION
2026-04-01 18:39:35 +0200: Memory Usage (452456K) : Extraction of npn13G2 BJT transistor
2026-04-01 18:39:35 +0200: Memory Usage (452456K) : Extraction of npn13G2L BJT transistor
2026-04-01 18:39:35 +0200: Memory Usage (452456K) : Extraction of npn13G2V BJT transistor
2026-04-01 18:39:35 +0200: Memory Usage (452456K) : Starting PNP-BJT EXTRACTION
2026-04-01 18:39:35 +0200: Memory Usage (452456K) : Extracting pnpMPA BJT
2026-04-01 18:39:35 +0200: Memory Usage (452456K) : Starting DIODE EXTRACTION
2026-04-01 18:39:35 +0200: Memory Usage (452456K) : Extracting dantenna diode
2026-04-01 18:39:35 +0200: Memory Usage (452456K) : Extracting dpantenna diode
2026-04-01 18:39:35 +0200: Memory Usage (452456K) : Extracting schottky_nbl1 diode
2026-04-01 18:39:35 +0200: Memory Usage (452456K) : Extracting isolbox diode
2026-04-01 18:39:35 +0200: Memory Usage (452456K) : Starting RESISTOR EXTRACTION
2026-04-01 18:39:35 +0200: Memory Usage (452456K) : Extracting rsil resistor
2026-04-01 18:39:35 +0200: Memory Usage (452456K) : Extracting rppd resistor
2026-04-01 18:39:35 +0200: Memory Usage (452456K) : Extracting rhigh resistor
2026-04-01 18:39:35 +0200: Memory Usage (452456K) : Extracting res_metal1 resistor
2026-04-01 18:39:35 +0200: Memory Usage (452584K) : Extracting res_metal2 resistor
2026-04-01 18:39:35 +0200: Memory Usage (452584K) : Extracting res_metal3 resistor
2026-04-01 18:39:35 +0200: Memory Usage (452584K) : Extracting res_metal4 resistor
2026-04-01 18:39:35 +0200: Memory Usage (452584K) : Extracting res_metal5 resistor
2026-04-01 18:39:35 +0200: Memory Usage (452584K) : Extracting res_topmetal1 resistor
2026-04-01 18:39:35 +0200: Memory Usage (452584K) : Extracting res_topmetal2 resistor
2026-04-01 18:39:35 +0200: Memory Usage (452584K) : Starting CAP EXTRACTION
2026-04-01 18:39:35 +0200: Memory Usage (452584K) : Extracting cap_cmim device
2026-04-01 18:39:35 +0200: Memory Usage (452584K) : Extracting rfcmim device
2026-04-01 18:39:35 +0200: Memory Usage (452584K) : Extracting sg13_hv_svaricap varactor
2026-04-01 18:39:35 +0200: Memory Usage (452584K) : Starting ESD EXTRACTION
2026-04-01 18:39:35 +0200: Memory Usage (452584K) : Extracting diodevdd_2kv ESD device
2026-04-01 18:39:35 +0200: Memory Usage (452584K) : Extracting diodevdd_4kv ESD device
2026-04-01 18:39:35 +0200: Memory Usage (452584K) : Extracting diodevss_2kv ESD device
2026-04-01 18:39:35 +0200: Memory Usage (452584K) : Extracting diodevss_4kv ESD device
2026-04-01 18:39:35 +0200: Memory Usage (452584K) : Extracting idiodevdd_2kv ESD device
2026-04-01 18:39:35 +0200: Memory Usage (452584K) : Extracting idiodevdd_4kv ESD device
2026-04-01 18:39:35 +0200: Memory Usage (452584K) : Extracting idiodevss_2kv ESD device
2026-04-01 18:39:35 +0200: Memory Usage (452584K) : Extracting idiodevss_4kv ESD device
2026-04-01 18:39:35 +0200: Memory Usage (452584K) : Extracting nmoscl_2 ESD device
2026-04-01 18:39:35 +0200: Memory Usage (452584K) : Extracting nmoscl_4 ESD device
2026-04-01 18:39:35 +0200: Memory Usage (452584K) : Starting Inductor EXTRACTION
2026-04-01 18:39:35 +0200: Memory Usage (452584K) : Extracting Inductor2 device
2026-04-01 18:39:35 +0200: Memory Usage (452584K) : Extracting Inductor3 device
2026-04-01 18:39:35 +0200: Memory Usage (452584K) : Starting Taps EXTRACTION
2026-04-01 18:39:35 +0200: Memory Usage (452584K) : Extracting ntap1 device
2026-04-01 18:39:35 +0200: Memory Usage (452584K) : Extracting ptap1 device
2026-04-01 18:39:35 +0200: Memory Usage (452584K) : Starting SG13G2 LVS RF MOS Model Mapping
2026-04-01 18:39:35 +0200: Memory Usage (452712K) : [layout_netlist] Apply RF MOS model mapping and rfmode parameter.
2026-04-01 18:39:35 +0200: Memory Usage (452712K) : Starting SG13G2 LVS Options Preparations
2026-04-01 18:39:35 +0200: Memory Usage (452712K) : SG13G2 LVS flow: extraction -> alignment -> option preparation -> comparison.
2026-04-01 18:39:35 +0200: Memory Usage (452712K) : Starting SG13G2 LVS Alignment
2026-04-01 18:39:35 +0200: Memory Usage (452840K) : Starting SG13G2 LVS Simplification
2026-04-01 18:39:35 +0200: Memory Usage (452840K) : [layout_netlist] simplify: ENABLED
2026-04-01 18:39:35 +0200: Memory Usage (452840K) : [layout_netlist] make_top_level_pins: SKIPPED
2026-04-01 18:39:35 +0200: Memory Usage (452840K) : [layout_netlist] combine_devices: SKIPPED
2026-04-01 18:39:35 +0200: Memory Usage (452840K) : [layout_netlist] purge: SKIPPED
2026-04-01 18:39:35 +0200: Memory Usage (452840K) : [layout_netlist] purge_nets: SKIPPED
2026-04-01 18:39:35 +0200: Memory Usage (452840K) : [schematic_netlist] simplify: ENABLED
2026-04-01 18:39:35 +0200: Memory Usage (452840K) : [schematic_netlist] make_top_level_pins: SKIPPED
2026-04-01 18:39:35 +0200: Memory Usage (452840K) : [schematic_netlist] combine_devices: SKIPPED
2026-04-01 18:39:35 +0200: Memory Usage (452840K) : [schematic_netlist] purge: SKIPPED
2026-04-01 18:39:35 +0200: Memory Usage (452840K) : [schematic_netlist] purge_nets: SKIPPED
2026-04-01 18:39:35 +0200: Memory Usage (452840K) : Starting SG13G2 LVS Comparison in strict port mode.
2026-04-01 18:39:35 +0200: Memory Usage (452840K) : flag_missing_ports enabled: missing/mislabeled top-level ports are treated as errors.
2026-04-01 18:39:35 +0200: Memory Usage (452968K) : ==========================================
2026-04-01 18:39:35 +0200: Memory Usage (452968K) : INFO : Congratulations! Netlists match.
2026-04-01 18:39:35 +0200: Memory Usage (452968K) : ==========================================
2026-04-01 18:39:35 +0200: Memory Usage (452968K) : LVS Total Run time 1.226109 seconds
