# Logfile created on 2026-03-18 04:10:25 +0100 by logger.rb/v1.4.3
2026-03-18 04:10:25 +0100: Memory Usage (428956K) : Starting running IHP-SG13G2 KLayout DRC runset on /home/designer/shared/designs/SSDOR_1.2V_v3/components/logic_controller/logic_controller.gds
2026-03-18 04:10:25 +0100: Memory Usage (428956K) : Ruby Version for klayout: 3.0.2
2026-03-18 04:10:25 +0100: Memory Usage (429980K) : Loading database to memory is complete.
2026-03-18 04:10:25 +0100: Memory Usage (429980K) : IHP-SG13G2 KLayout DRC runset output at: /home/designer/shared/designs/SSDOR_1.2V_v3/components/logic_controller/drc_run_logic_controller/logic_controller_logic_controller_main.lyrdb
2026-03-18 04:10:25 +0100: Memory Usage (430108K) : Evaluate switches.
2026-03-18 04:10:25 +0100: Memory Usage (430108K) : tables selected: main
2026-03-18 04:10:25 +0100: Memory Usage (430108K) : KLayout will use 1 thread(s) in tiling mode.
2026-03-18 04:10:25 +0100: Memory Usage (430108K) : deep mode is enabled.
2026-03-18 04:10:25 +0100: Memory Usage (430108K) : FEOL enabled: true
2026-03-18 04:10:25 +0100: Memory Usage (430108K) : BEOL enabled: true
2026-03-18 04:10:25 +0100: Memory Usage (430108K) : OFFGRID enabled: true
2026-03-18 04:10:25 +0100: Memory Usage (430108K) : PIN enabled: true
2026-03-18 04:10:25 +0100: Memory Usage (430108K) : FORBIDDEN enabled: true
2026-03-18 04:10:25 +0100: Memory Usage (430108K) : RECOMMENDED enabled: true
2026-03-18 04:10:25 +0100: Memory Usage (430108K) : PreCheck DRC enabled: false
2026-03-18 04:10:25 +0100: Memory Usage (430108K) : CONNECTIVITY_RULES enabled: true.
2026-03-18 04:10:25 +0100: Memory Usage (430108K) : Read in polygons from layers.
2026-03-18 04:10:25 +0100: Memory Usage (430748K) : activ_drw has 16 polygons
2026-03-18 04:10:25 +0100: Memory Usage (430748K) : activ_pin has 0 polygons
2026-03-18 04:10:25 +0100: Memory Usage (430876K) : activ_mask has 0 polygons
2026-03-18 04:10:25 +0100: Memory Usage (430876K) : activ_filler has 0 polygons
2026-03-18 04:10:25 +0100: Memory Usage (430876K) : activ_nofill has 0 polygons
2026-03-18 04:10:25 +0100: Memory Usage (430876K) : activ_opc has 0 polygons
2026-03-18 04:10:25 +0100: Memory Usage (430876K) : activ_iopc has 0 polygons
2026-03-18 04:10:25 +0100: Memory Usage (430876K) : activ_noqrc has 0 polygons
2026-03-18 04:10:25 +0100: Memory Usage (430876K) : biwind_drw has 0 polygons
2026-03-18 04:10:25 +0100: Memory Usage (430876K) : biwind_opc has 0 polygons
2026-03-18 04:10:25 +0100: Memory Usage (430876K) : pemwind_drw has 0 polygons
2026-03-18 04:10:25 +0100: Memory Usage (431260K) : gatpoly_drw has 10 polygons
2026-03-18 04:10:25 +0100: Memory Usage (431260K) : gatpoly_pin has 0 polygons
2026-03-18 04:10:25 +0100: Memory Usage (431260K) : gatpoly_filler has 0 polygons
2026-03-18 04:10:25 +0100: Memory Usage (431260K) : gatpoly_nofill has 0 polygons
2026-03-18 04:10:25 +0100: Memory Usage (431260K) : gatpoly_opc has 0 polygons
2026-03-18 04:10:25 +0100: Memory Usage (431260K) : gatpoly_iopc has 0 polygons
2026-03-18 04:10:25 +0100: Memory Usage (431260K) : gatpoly_noqrc has 0 polygons
2026-03-18 04:10:25 +0100: Memory Usage (431260K) : cont_drw has 90 polygons
2026-03-18 04:10:25 +0100: Memory Usage (431260K) : cont_opc has 0 polygons
2026-03-18 04:10:25 +0100: Memory Usage (431260K) : nsd_drw has 0 polygons
2026-03-18 04:10:25 +0100: Memory Usage (431260K) : nsd_block has 0 polygons
2026-03-18 04:10:25 +0100: Memory Usage (431260K) : metal1_drw has 22 polygons
2026-03-18 04:10:25 +0100: Memory Usage (431260K) : metal1_pin has 7 polygons
2026-03-18 04:10:25 +0100: Memory Usage (431260K) : metal1_mask has 0 polygons
2026-03-18 04:10:25 +0100: Memory Usage (431260K) : metal1_filler has 0 polygons
2026-03-18 04:10:25 +0100: Memory Usage (431260K) : metal1_nofill has 0 polygons
2026-03-18 04:10:25 +0100: Memory Usage (431388K) : metal1_slit has 0 polygons
2026-03-18 04:10:25 +0100: Memory Usage (431644K) : metal1_text has 7 polygons
2026-03-18 04:10:25 +0100: Memory Usage (431644K) : metal1_opc has 0 polygons
2026-03-18 04:10:25 +0100: Memory Usage (431772K) : metal1_noqrc has 0 polygons
2026-03-18 04:10:25 +0100: Memory Usage (431772K) : metal1_res has 0 polygons
2026-03-18 04:10:25 +0100: Memory Usage (431772K) : metal1_iprobe has 0 polygons
2026-03-18 04:10:25 +0100: Memory Usage (431772K) : metal1_diffprb has 0 polygons
2026-03-18 04:10:25 +0100: Memory Usage (431772K) : passiv_drw has 0 polygons
2026-03-18 04:10:25 +0100: Memory Usage (431900K) : passiv_pin has 0 polygons
2026-03-18 04:10:25 +0100: Memory Usage (431900K) : passiv_sbump has 0 polygons
2026-03-18 04:10:25 +0100: Memory Usage (431900K) : passiv_pillar has 0 polygons
2026-03-18 04:10:25 +0100: Memory Usage (432028K) : passiv_pdl has 0 polygons
2026-03-18 04:10:25 +0100: Memory Usage (432028K) : metal2_drw has 3 polygons
2026-03-18 04:10:25 +0100: Memory Usage (432028K) : metal2_pin has 0 polygons
2026-03-18 04:10:25 +0100: Memory Usage (432156K) : metal2_mask has 0 polygons
2026-03-18 04:10:25 +0100: Memory Usage (432156K) : metal2_filler has 0 polygons
2026-03-18 04:10:25 +0100: Memory Usage (432156K) : metal2_nofill has 0 polygons
2026-03-18 04:10:25 +0100: Memory Usage (432284K) : metal2_slit has 0 polygons
2026-03-18 04:10:25 +0100: Memory Usage (432284K) : metal2_text has 0 polygons
2026-03-18 04:10:25 +0100: Memory Usage (432284K) : metal2_opc has 0 polygons
2026-03-18 04:10:25 +0100: Memory Usage (432412K) : metal2_noqrc has 0 polygons
2026-03-18 04:10:25 +0100: Memory Usage (432412K) : metal2_res has 0 polygons
2026-03-18 04:10:25 +0100: Memory Usage (432412K) : metal2_iprobe has 0 polygons
2026-03-18 04:10:25 +0100: Memory Usage (432540K) : metal2_diffprb has 0 polygons
2026-03-18 04:10:25 +0100: Memory Usage (432540K) : baspoly_drw has 0 polygons
2026-03-18 04:10:25 +0100: Memory Usage (432540K) : baspoly_pin has 0 polygons
2026-03-18 04:10:25 +0100: Memory Usage (432668K) : psd_drw has 8 polygons
2026-03-18 04:10:25 +0100: Memory Usage (432668K) : nldb_drw has 0 polygons
2026-03-18 04:10:25 +0100: Memory Usage (432668K) : digibnd_drw has 0 polygons
2026-03-18 04:10:25 +0100: Memory Usage (432796K) : via1_drw has 4 polygons
2026-03-18 04:10:25 +0100: Memory Usage (432796K) : backmetal1_drw has 0 polygons
2026-03-18 04:10:25 +0100: Memory Usage (432796K) : backmetal1_pin has 0 polygons
2026-03-18 04:10:25 +0100: Memory Usage (432796K) : backmetal1_mask has 0 polygons
2026-03-18 04:10:25 +0100: Memory Usage (432924K) : backmetal1_filler has 0 polygons
2026-03-18 04:10:25 +0100: Memory Usage (432924K) : backmetal1_nofill has 0 polygons
2026-03-18 04:10:25 +0100: Memory Usage (433052K) : backmetal1_slit has 0 polygons
2026-03-18 04:10:25 +0100: Memory Usage (433052K) : backmetal1_text has 0 polygons
2026-03-18 04:10:25 +0100: Memory Usage (433052K) : backmetal1_opc has 0 polygons
2026-03-18 04:10:25 +0100: Memory Usage (433052K) : backmetal1_noqrc has 0 polygons
2026-03-18 04:10:25 +0100: Memory Usage (433180K) : backmetal1_res has 0 polygons
2026-03-18 04:10:25 +0100: Memory Usage (433180K) : backmetal1_iprobe has 0 polygons
2026-03-18 04:10:25 +0100: Memory Usage (433180K) : backmetal1_diffprb has 0 polygons
2026-03-18 04:10:25 +0100: Memory Usage (433308K) : backpassiv_drw has 0 polygons
2026-03-18 04:10:25 +0100: Memory Usage (433308K) : res_drw has 0 polygons
2026-03-18 04:10:25 +0100: Memory Usage (433308K) : sram_drw has 0 polygons
2026-03-18 04:10:25 +0100: Memory Usage (433436K) : trans_drw has 0 polygons
2026-03-18 04:10:25 +0100: Memory Usage (433436K) : ind_drw has 0 polygons
2026-03-18 04:10:25 +0100: Memory Usage (433436K) : ind_pin has 0 polygons
2026-03-18 04:10:25 +0100: Memory Usage (433564K) : ind_text has 0 polygons
2026-03-18 04:10:25 +0100: Memory Usage (433564K) : salblock_drw has 0 polygons
2026-03-18 04:10:25 +0100: Memory Usage (433564K) : via2_drw has 0 polygons
2026-03-18 04:10:25 +0100: Memory Usage (433692K) : metal3_drw has 0 polygons
2026-03-18 04:10:25 +0100: Memory Usage (433692K) : metal3_pin has 0 polygons
2026-03-18 04:10:25 +0100: Memory Usage (433692K) : metal3_mask has 0 polygons
2026-03-18 04:10:25 +0100: Memory Usage (433820K) : metal3_filler has 0 polygons
2026-03-18 04:10:25 +0100: Memory Usage (433820K) : metal3_nofill has 0 polygons
2026-03-18 04:10:25 +0100: Memory Usage (433820K) : metal3_slit has 0 polygons
2026-03-18 04:10:25 +0100: Memory Usage (433948K) : metal3_text has 0 polygons
2026-03-18 04:10:25 +0100: Memory Usage (433948K) : metal3_opc has 0 polygons
2026-03-18 04:10:25 +0100: Memory Usage (433948K) : metal3_noqrc has 0 polygons
2026-03-18 04:10:25 +0100: Memory Usage (434076K) : metal3_res has 0 polygons
2026-03-18 04:10:25 +0100: Memory Usage (434076K) : metal3_iprobe has 0 polygons
2026-03-18 04:10:25 +0100: Memory Usage (434076K) : metal3_diffprb has 0 polygons
2026-03-18 04:10:25 +0100: Memory Usage (434204K) : nwell_drw has 4 polygons
2026-03-18 04:10:25 +0100: Memory Usage (434204K) : nwell_pin has 0 polygons
2026-03-18 04:10:25 +0100: Memory Usage (434204K) : nbulay_drw has 0 polygons
2026-03-18 04:10:25 +0100: Memory Usage (434204K) : nbulay_pin has 0 polygons
2026-03-18 04:10:25 +0100: Memory Usage (434332K) : nbulay_block has 0 polygons
2026-03-18 04:10:25 +0100: Memory Usage (434332K) : emwind_drw has 0 polygons
2026-03-18 04:10:25 +0100: Memory Usage (434332K) : emwind_opc has 0 polygons
2026-03-18 04:10:25 +0100: Memory Usage (434332K) : deepco_drw has 0 polygons
2026-03-18 04:10:25 +0100: Memory Usage (434332K) : deepco_drw has 0 polygons
2026-03-18 04:10:25 +0100: Memory Usage (434460K) : mim_drw has 0 polygons
2026-03-18 04:10:25 +0100: Memory Usage (434460K) : edgeseal_drw has 0 polygons
2026-03-18 04:10:25 +0100: Memory Usage (434460K) : edgeseal_bound has 0 polygons
2026-03-18 04:10:25 +0100: Memory Usage (434588K) : substrate_drw has 0 polygons
2026-03-18 04:10:25 +0100: Memory Usage (434588K) : substrate_text has 0 polygons
2026-03-18 04:10:25 +0100: Memory Usage (434588K) : dfpad_drw has 0 polygons
2026-03-18 04:10:25 +0100: Memory Usage (434716K) : dfpad_pillar has 0 polygons
2026-03-18 04:10:25 +0100: Memory Usage (434716K) : dfpad_sbump has 0 polygons
2026-03-18 04:10:25 +0100: Memory Usage (434844K) : thickgateox_drw has 0 polygons
2026-03-18 04:10:25 +0100: Memory Usage (434844K) : pldb_drw has 0 polygons
2026-03-18 04:10:25 +0100: Memory Usage (434844K) : pwell_drw has 0 polygons
2026-03-18 04:10:25 +0100: Memory Usage (434844K) : pwell_pin has 0 polygons
2026-03-18 04:10:25 +0100: Memory Usage (434972K) : pwell_block has 0 polygons
2026-03-18 04:10:25 +0100: Memory Usage (434972K) : ic_drw has 0 polygons
2026-03-18 04:10:25 +0100: Memory Usage (435100K) : via3_drw has 0 polygons
2026-03-18 04:10:25 +0100: Memory Usage (435100K) : metal4_drw has 0 polygons
2026-03-18 04:10:25 +0100: Memory Usage (435100K) : metal4_pin has 0 polygons
2026-03-18 04:10:25 +0100: Memory Usage (435228K) : metal4_mask has 0 polygons
2026-03-18 04:10:25 +0100: Memory Usage (435228K) : metal4_filler has 0 polygons
2026-03-18 04:10:25 +0100: Memory Usage (435228K) : metal4_nofill has 0 polygons
2026-03-18 04:10:25 +0100: Memory Usage (435356K) : metal4_slit has 0 polygons
2026-03-18 04:10:25 +0100: Memory Usage (435356K) : metal4_text has 0 polygons
2026-03-18 04:10:25 +0100: Memory Usage (435356K) : metal4_opc has 0 polygons
2026-03-18 04:10:25 +0100: Memory Usage (435484K) : metal4_noqrc has 0 polygons
2026-03-18 04:10:25 +0100: Memory Usage (435484K) : metal4_res has 0 polygons
2026-03-18 04:10:25 +0100: Memory Usage (435612K) : metal4_iprobe has 0 polygons
2026-03-18 04:10:25 +0100: Memory Usage (435612K) : metal4_diffprb has 0 polygons
2026-03-18 04:10:25 +0100: Memory Usage (435740K) : heattrans_drw has 0 polygons
2026-03-18 04:10:25 +0100: Memory Usage (435740K) : heatres_drw has 0 polygons
2026-03-18 04:10:25 +0100: Memory Usage (435740K) : pempoly_drw has 0 polygons
2026-03-18 04:10:25 +0100: Memory Usage (435868K) : fbe_drw has 0 polygons
2026-03-18 04:10:25 +0100: Memory Usage (435868K) : empoly_drw has 0 polygons
2026-03-18 04:10:25 +0100: Memory Usage (435996K) : ldmos_drw has 0 polygons
2026-03-18 04:10:25 +0100: Memory Usage (435996K) : pbiwind_drw has 0 polygons
2026-03-18 04:10:25 +0100: Memory Usage (436124K) : digisub_drw has 0 polygons
2026-03-18 04:10:25 +0100: Memory Usage (436124K) : nodrc_drw has 0 polygons
2026-03-18 04:10:25 +0100: Memory Usage (436124K) : text_drw has 0 polygons
2026-03-18 04:10:25 +0100: Memory Usage (436252K) : via4_drw has 0 polygons
2026-03-18 04:10:25 +0100: Memory Usage (436252K) : metal5_drw has 0 polygons
2026-03-18 04:10:25 +0100: Memory Usage (436380K) : metal5_pin has 0 polygons
2026-03-18 04:10:25 +0100: Memory Usage (436380K) : metal5_mask has 0 polygons
2026-03-18 04:10:25 +0100: Memory Usage (436380K) : metal5_filler has 0 polygons
2026-03-18 04:10:25 +0100: Memory Usage (436508K) : metal5_nofill has 0 polygons
2026-03-18 04:10:25 +0100: Memory Usage (436508K) : metal5_slit has 0 polygons
2026-03-18 04:10:25 +0100: Memory Usage (436508K) : metal5_text has 0 polygons
2026-03-18 04:10:25 +0100: Memory Usage (436508K) : metal5_opc has 0 polygons
2026-03-18 04:10:25 +0100: Memory Usage (436636K) : metal5_noqrc has 0 polygons
2026-03-18 04:10:25 +0100: Memory Usage (436636K) : metal5_res has 0 polygons
2026-03-18 04:10:25 +0100: Memory Usage (436764K) : metal5_iprobe has 0 polygons
2026-03-18 04:10:25 +0100: Memory Usage (436764K) : metal5_diffprb has 0 polygons
2026-03-18 04:10:25 +0100: Memory Usage (436764K) : radhard_drw has 0 polygons
2026-03-18 04:10:25 +0100: Memory Usage (436892K) : memcap_drw has 0 polygons
2026-03-18 04:10:25 +0100: Memory Usage (436892K) : varicap_drw has 0 polygons
2026-03-18 04:10:25 +0100: Memory Usage (437020K) : flash_drw has 0 polygons
2026-03-18 04:10:25 +0100: Memory Usage (437020K) : intbondvia_drw has 0 polygons
2026-03-18 04:10:25 +0100: Memory Usage (437148K) : intbondmet_drw has 0 polygons
2026-03-18 04:10:25 +0100: Memory Usage (437148K) : devbondvia_drw has 0 polygons
2026-03-18 04:10:25 +0100: Memory Usage (437148K) : devbondmet_drw has 0 polygons
2026-03-18 04:10:25 +0100: Memory Usage (437276K) : devtrench_drw has 0 polygons
2026-03-18 04:10:25 +0100: Memory Usage (437276K) : redist_drw has 0 polygons
2026-03-18 04:10:25 +0100: Memory Usage (437404K) : graphbot_drw has 0 polygons
2026-03-18 04:10:25 +0100: Memory Usage (437404K) : graphtop_drw has 0 polygons
2026-03-18 04:10:25 +0100: Memory Usage (437532K) : antvia1_drw has 0 polygons
2026-03-18 04:10:25 +0100: Memory Usage (437532K) : antmetal2_drw has 0 polygons
2026-03-18 04:10:25 +0100: Memory Usage (437532K) : graphcont_drw has 0 polygons
2026-03-18 04:10:25 +0100: Memory Usage (437660K) : siwg_drw has 0 polygons
2026-03-18 04:10:25 +0100: Memory Usage (437660K) : siwg_filler has 0 polygons
2026-03-18 04:10:25 +0100: Memory Usage (437788K) : siwg_nofill has 0 polygons
2026-03-18 04:10:25 +0100: Memory Usage (437788K) : sigrating_drw has 0 polygons
2026-03-18 04:10:25 +0100: Memory Usage (437788K) : singrating_drw has 0 polygons
2026-03-18 04:10:25 +0100: Memory Usage (437788K) : graphpas_drw has 0 polygons
2026-03-18 04:10:25 +0100: Memory Usage (437916K) : emwind3_drw has 0 polygons
2026-03-18 04:10:25 +0100: Memory Usage (437916K) : emwihv3_drw has 0 polygons
2026-03-18 04:10:25 +0100: Memory Usage (437916K) : redbulay_drw has 0 polygons
2026-03-18 04:10:25 +0100: Memory Usage (438044K) : smos_drw has 0 polygons
2026-03-18 04:10:25 +0100: Memory Usage (438044K) : graphpad_drw has 0 polygons
2026-03-18 04:10:25 +0100: Memory Usage (438172K) : polimide_drw has 0 polygons
2026-03-18 04:10:25 +0100: Memory Usage (438172K) : polimide_pin has 0 polygons
2026-03-18 04:10:25 +0100: Memory Usage (438300K) : recog_drw has 0 polygons
2026-03-18 04:10:25 +0100: Memory Usage (438300K) : recog_pin has 0 polygons
2026-03-18 04:10:25 +0100: Memory Usage (438300K) : recog_esd has 0 polygons
2026-03-18 04:10:25 +0100: Memory Usage (438428K) : recog_diode has 0 polygons
2026-03-18 04:10:25 +0100: Memory Usage (438428K) : recog_tsv has 0 polygons
2026-03-18 04:10:25 +0100: Memory Usage (438556K) : recog_iprobe has 0 polygons
2026-03-18 04:10:25 +0100: Memory Usage (438556K) : recog_diffprb has 0 polygons
2026-03-18 04:10:25 +0100: Memory Usage (438556K) : recog_pillar has 0 polygons
2026-03-18 04:10:25 +0100: Memory Usage (438684K) : recog_sbump has 0 polygons
2026-03-18 04:10:25 +0100: Memory Usage (438684K) : recog_otp has 0 polygons
2026-03-18 04:10:25 +0100: Memory Usage (438812K) : recog_pdiode has 0 polygons
2026-03-18 04:10:25 +0100: Memory Usage (438812K) : recog_mom has 0 polygons
2026-03-18 04:10:25 +0100: Memory Usage (438940K) : recog_pcm has 0 polygons
2026-03-18 04:10:25 +0100: Memory Usage (438940K) : colopen_drw has 0 polygons
2026-03-18 04:10:25 +0100: Memory Usage (438940K) : graphmetal1_drw has 0 polygons
2026-03-18 04:10:25 +0100: Memory Usage (439068K) : graphmetal1_filler has 0 polygons
2026-03-18 04:10:25 +0100: Memory Usage (439068K) : graphmetal1_nofill has 0 polygons
2026-03-18 04:10:25 +0100: Memory Usage (439196K) : graphmetal1_slit has 0 polygons
2026-03-18 04:10:25 +0100: Memory Usage (439196K) : graphmetal1_opc has 0 polygons
2026-03-18 04:10:25 +0100: Memory Usage (439196K) : graphmet1l_drw has 0 polygons
2026-03-18 04:10:25 +0100: Memory Usage (439324K) : graphmet1l_filler has 0 polygons
2026-03-18 04:10:25 +0100: Memory Usage (439324K) : graphmet1l_nofill has 0 polygons
2026-03-18 04:10:25 +0100: Memory Usage (439452K) : graphmet1l_slit has 0 polygons
2026-03-18 04:10:25 +0100: Memory Usage (439452K) : graphmet1l_opc has 0 polygons
2026-03-18 04:10:25 +0100: Memory Usage (439580K) : extblock_drw has 0 polygons
2026-03-18 04:10:25 +0100: Memory Usage (439580K) : nldd_drw has 0 polygons
2026-03-18 04:10:25 +0100: Memory Usage (439708K) : pldd_drw has 0 polygons
2026-03-18 04:10:25 +0100: Memory Usage (439708K) : next_drw has 0 polygons
2026-03-18 04:10:25 +0100: Memory Usage (439708K) : pext_drw has 0 polygons
2026-03-18 04:10:25 +0100: Memory Usage (439836K) : nexthv_drw has 0 polygons
2026-03-18 04:10:25 +0100: Memory Usage (439836K) : pexthv_drw has 0 polygons
2026-03-18 04:10:25 +0100: Memory Usage (439964K) : graphgate_drw has 0 polygons
2026-03-18 04:10:25 +0100: Memory Usage (439964K) : sinwg_drw has 0 polygons
2026-03-18 04:10:25 +0100: Memory Usage (439964K) : sinwg_filler has 0 polygons
2026-03-18 04:10:25 +0100: Memory Usage (440092K) : sinwg_nofill has 0 polygons
2026-03-18 04:10:25 +0100: Memory Usage (440092K) : mempad_drw has 0 polygons
2026-03-18 04:10:25 +0100: Memory Usage (440220K) : topvia1_drw has 0 polygons
2026-03-18 04:10:25 +0100: Memory Usage (440220K) : topmetal1_drw has 0 polygons
2026-03-18 04:10:25 +0100: Memory Usage (440348K) : topmetal1_pin has 0 polygons
2026-03-18 04:10:25 +0100: Memory Usage (440348K) : topmetal1_mask has 0 polygons
2026-03-18 04:10:25 +0100: Memory Usage (440348K) : topmetal1_filler has 0 polygons
2026-03-18 04:10:25 +0100: Memory Usage (440476K) : topmetal1_nofill has 0 polygons
2026-03-18 04:10:25 +0100: Memory Usage (440476K) : topmetal1_slit has 0 polygons
2026-03-18 04:10:25 +0100: Memory Usage (440604K) : topmetal1_text has 0 polygons
2026-03-18 04:10:25 +0100: Memory Usage (440604K) : topmetal1_noqrc has 0 polygons
2026-03-18 04:10:25 +0100: Memory Usage (440604K) : topmetal1_res has 0 polygons
2026-03-18 04:10:25 +0100: Memory Usage (440732K) : topmetal1_iprobe has 0 polygons
2026-03-18 04:10:25 +0100: Memory Usage (440732K) : topmetal1_diffprb has 0 polygons
2026-03-18 04:10:25 +0100: Memory Usage (440860K) : inldpwl_drw has 0 polygons
2026-03-18 04:10:25 +0100: Memory Usage (440860K) : polyres_drw has 0 polygons
2026-03-18 04:10:25 +0100: Memory Usage (440860K) : polyres_pin has 0 polygons
2026-03-18 04:10:25 +0100: Memory Usage (440988K) : vmim_drw has 0 polygons
2026-03-18 04:10:25 +0100: Memory Usage (440988K) : nbulaycut_drw has 0 polygons
2026-03-18 04:10:25 +0100: Memory Usage (441116K) : antmetal1_drw has 0 polygons
2026-03-18 04:10:25 +0100: Memory Usage (441116K) : topvia2_drw has 0 polygons
2026-03-18 04:10:25 +0100: Memory Usage (441244K) : topmetal2_drw has 0 polygons
2026-03-18 04:10:25 +0100: Memory Usage (441244K) : topmetal2_pin has 0 polygons
2026-03-18 04:10:25 +0100: Memory Usage (441244K) : topmetal2_mask has 0 polygons
2026-03-18 04:10:25 +0100: Memory Usage (441372K) : topmetal2_filler has 0 polygons
2026-03-18 04:10:25 +0100: Memory Usage (441372K) : topmetal2_nofill has 0 polygons
2026-03-18 04:10:25 +0100: Memory Usage (441500K) : topmetal2_slit has 0 polygons
2026-03-18 04:10:25 +0100: Memory Usage (441500K) : topmetal2_text has 0 polygons
2026-03-18 04:10:25 +0100: Memory Usage (441628K) : topmetal2_noqrc has 0 polygons
2026-03-18 04:10:25 +0100: Memory Usage (441628K) : topmetal2_res has 0 polygons
2026-03-18 04:10:25 +0100: Memory Usage (441628K) : topmetal2_iprobe has 0 polygons
2026-03-18 04:10:25 +0100: Memory Usage (441756K) : topmetal2_diffprb has 0 polygons
2026-03-18 04:10:25 +0100: Memory Usage (441756K) : snsring_drw has 0 polygons
2026-03-18 04:10:25 +0100: Memory Usage (441884K) : sensor_drw has 0 polygons
2026-03-18 04:10:25 +0100: Memory Usage (441884K) : snsarms_drw has 0 polygons
2026-03-18 04:10:25 +0100: Memory Usage (441884K) : snscmosvia_drw has 0 polygons
2026-03-18 04:10:25 +0100: Memory Usage (442012K) : colwind_drw has 0 polygons
2026-03-18 04:10:25 +0100: Memory Usage (442012K) : flm_drw has 0 polygons
2026-03-18 04:10:25 +0100: Memory Usage (442140K) : hafniumox_drw has 0 polygons
2026-03-18 04:10:25 +0100: Memory Usage (442140K) : memvia_drw has 0 polygons
2026-03-18 04:10:25 +0100: Memory Usage (440196K) : thinfilmres_drw has 0 polygons
2026-03-18 04:10:25 +0100: Memory Usage (440196K) : rfmem_drw has 0 polygons
2026-03-18 04:10:25 +0100: Memory Usage (440196K) : norcx_drw has 0 polygons
2026-03-18 04:10:25 +0100: Memory Usage (440196K) : norcx_m2m3 has 0 polygons
2026-03-18 04:10:25 +0100: Memory Usage (440196K) : norcx_m2m4 has 0 polygons
2026-03-18 04:10:25 +0100: Memory Usage (440196K) : norcx_m2m5 has 0 polygons
2026-03-18 04:10:25 +0100: Memory Usage (440196K) : norcx_m2tm1 has 0 polygons
2026-03-18 04:10:25 +0100: Memory Usage (440196K) : norcx_m2tm2 has 0 polygons
2026-03-18 04:10:25 +0100: Memory Usage (440196K) : norcx_m3m4 has 0 polygons
2026-03-18 04:10:25 +0100: Memory Usage (440196K) : norcx_m3m5 has 0 polygons
2026-03-18 04:10:25 +0100: Memory Usage (440196K) : norcx_m3tm1 has 0 polygons
2026-03-18 04:10:25 +0100: Memory Usage (440196K) : norcx_m3tm2 has 0 polygons
2026-03-18 04:10:25 +0100: Memory Usage (440196K) : norcx_m4m5 has 0 polygons
2026-03-18 04:10:25 +0100: Memory Usage (440196K) : norcx_m4tm1 has 0 polygons
2026-03-18 04:10:25 +0100: Memory Usage (440196K) : norcx_m4tm2 has 0 polygons
2026-03-18 04:10:25 +0100: Memory Usage (440196K) : norcx_m5tm1 has 0 polygons
2026-03-18 04:10:25 +0100: Memory Usage (440196K) : norcx_m5tm2 has 0 polygons
2026-03-18 04:10:25 +0100: Memory Usage (440196K) : norcx_tm1tm2 has 0 polygons
2026-03-18 04:10:25 +0100: Memory Usage (440196K) : norcx_m1sub has 0 polygons
2026-03-18 04:10:25 +0100: Memory Usage (440196K) : norcx_m2sub has 0 polygons
2026-03-18 04:10:25 +0100: Memory Usage (440196K) : norcx_m3sub has 0 polygons
2026-03-18 04:10:25 +0100: Memory Usage (440196K) : norcx_m4sub has 0 polygons
2026-03-18 04:10:25 +0100: Memory Usage (440196K) : norcx_m5sub has 0 polygons
2026-03-18 04:10:25 +0100: Memory Usage (440196K) : norcx_tm1sub has 0 polygons
2026-03-18 04:10:25 +0100: Memory Usage (440196K) : norcx_tm2sub has 0 polygons
2026-03-18 04:10:25 +0100: Memory Usage (440196K) : snsbotvia_drw has 0 polygons
2026-03-18 04:10:25 +0100: Memory Usage (440196K) : snstopvia_drw has 0 polygons
2026-03-18 04:10:25 +0100: Memory Usage (440196K) : deepvia_drw has 0 polygons
2026-03-18 04:10:25 +0100: Memory Usage (440196K) : fgetch_drw has 0 polygons
2026-03-18 04:10:25 +0100: Memory Usage (440196K) : ctrgat_drw has 0 polygons
2026-03-18 04:10:25 +0100: Memory Usage (440196K) : fgimp_drw has 0 polygons
2026-03-18 04:10:25 +0100: Memory Usage (440196K) : emwihv_drw has 0 polygons
2026-03-18 04:10:25 +0100: Memory Usage (440196K) : lbe_drw has 0 polygons
2026-03-18 04:10:25 +0100: Memory Usage (440196K) : alcustop_drw has 0 polygons
2026-03-18 04:10:25 +0100: Memory Usage (440196K) : nometfiller_drw has 0 polygons
2026-03-18 04:10:25 +0100: Memory Usage (440196K) : prboundary_drw has 0 polygons
2026-03-18 04:10:25 +0100: Memory Usage (440196K) : exchange0_drw has 0 polygons
2026-03-18 04:10:25 +0100: Memory Usage (440196K) : exchange0_pin has 0 polygons
2026-03-18 04:10:25 +0100: Memory Usage (440196K) : exchange0_text has 0 polygons
2026-03-18 04:10:25 +0100: Memory Usage (440196K) : exchange1_drw has 0 polygons
2026-03-18 04:10:25 +0100: Memory Usage (440196K) : exchange1_pin has 0 polygons
2026-03-18 04:10:25 +0100: Memory Usage (440196K) : exchange1_text has 0 polygons
2026-03-18 04:10:25 +0100: Memory Usage (440196K) : exchange2_drw has 0 polygons
2026-03-18 04:10:25 +0100: Memory Usage (440196K) : exchange2_pin has 0 polygons
2026-03-18 04:10:25 +0100: Memory Usage (440196K) : exchange2_text has 0 polygons
2026-03-18 04:10:25 +0100: Memory Usage (440196K) : exchange3_drw has 0 polygons
2026-03-18 04:10:25 +0100: Memory Usage (440196K) : exchange3_pin has 0 polygons
2026-03-18 04:10:25 +0100: Memory Usage (440196K) : exchange3_text has 0 polygons
2026-03-18 04:10:25 +0100: Memory Usage (440196K) : exchange4_drw has 0 polygons
2026-03-18 04:10:25 +0100: Memory Usage (440196K) : exchange4_pin has 0 polygons
2026-03-18 04:10:25 +0100: Memory Usage (440196K) : exchange4_text has 0 polygons
2026-03-18 04:10:26 +0100: Memory Usage (440196K) : isonwell_drw has 0 polygons
2026-03-18 04:10:26 +0100: Memory Usage (440196K) : Total no. of polygons in the design is 171
2026-03-18 04:10:26 +0100: Memory Usage (440196K) : Loaded TECH DRC rules values from /opt/pdks/ihp-sg13g2/libs.tech/klayout/python/sg13g2_pycell_lib/sg13g2_tech_mod.json
2026-03-18 04:10:26 +0100: Memory Usage (440196K) : Loaded default DRC rules values from /opt/pdks/ihp-sg13g2/libs.tech/klayout/tech/drc/rule_decks/sg13g2_tech_default.json
2026-03-18 04:10:26 +0100: Memory Usage (440196K) : The following rules values were missing in tech json and default values were used:
2026-03-18 04:10:26 +0100: Memory Usage (440196K) :   - Cnt_c_digibnd
2026-03-18 04:10:26 +0100: Memory Usage (441092K) : Total area of the design is 114.0527 um^2.
2026-03-18 04:10:26 +0100: Memory Usage (441092K) : The design dimensions are 14.02 µm * 8.135000000000002 µm.
2026-03-18 04:10:26 +0100: Memory Usage (441092K) : Starting general IHP-SG13G2 derivations.
2026-03-18 04:10:26 +0100: Memory Usage (441092K) : Starting Pwell derivations
2026-03-18 04:10:26 +0100: Memory Usage (442628K) : Starting n-Activ derivations
2026-03-18 04:10:26 +0100: Memory Usage (442628K) : Starting p-Activ derivations
2026-03-18 04:10:26 +0100: Memory Usage (442628K) : Starting ptap derivations
2026-03-18 04:10:26 +0100: Memory Usage (442628K) : Starting ntap derivations
2026-03-18 04:10:26 +0100: Memory Usage (442628K) : Starting pact FET derivations
2026-03-18 04:10:26 +0100: Memory Usage (442628K) : Starting nact FET derivations
2026-03-18 04:10:26 +0100: Memory Usage (442628K) : Starting Gate derivations
2026-03-18 04:10:26 +0100: Memory Usage (442628K) : Starting cont/contbar general derivations
2026-03-18 04:10:26 +0100: Memory Usage (442628K) : Starting pad general derivations
2026-03-18 04:10:26 +0100: Memory Usage (442628K) : Starting IHP-SG13G2 DRC connectivity related derivations.
2026-03-18 04:10:26 +0100: Memory Usage (442628K) : Starting IHP-SG13G2 DRC connectivity setup
2026-03-18 04:10:26 +0100: Memory Usage (442884K) : Starting IHP-SG13G2 DRC rules.
2026-03-18 04:10:26 +0100: Memory Usage (442884K) : Running all FEOL rules
2026-03-18 04:10:26 +0100: Memory Usage (442884K) : Running all BEOL rules
2026-03-18 04:10:26 +0100: Memory Usage (442884K) : Running all PIN rules
2026-03-18 04:10:26 +0100: Memory Usage (442884K) : Running all FORBIDDEN rules
2026-03-18 04:10:26 +0100: Memory Usage (442884K) : Starting 5.1 NWell table
2026-03-18 04:10:26 +0100: Memory Usage (442884K) : Executing rule NW.b
2026-03-18 04:10:26 +0100: Memory Usage (443652K) : Executing rule NW.b1
2026-03-18 04:10:26 +0100: Memory Usage (443652K) : Starting 5.2 PWell:block
2026-03-18 04:10:26 +0100: Memory Usage (443652K) : Executing rule PWB.e
2026-03-18 04:10:26 +0100: Memory Usage (443652K) : Executing rule PWB.e1
2026-03-18 04:10:26 +0100: Memory Usage (443652K) : Executing rule PWB.f
2026-03-18 04:10:26 +0100: Memory Usage (443652K) : Executing rule PWB.f1
2026-03-18 04:10:26 +0100: Memory Usage (443652K) : Starting 5.3 nBuLay table
2026-03-18 04:10:26 +0100: Memory Usage (443652K) : Executing rule NBL.b
2026-03-18 04:10:26 +0100: Memory Usage (443652K) : Executing rule NBL.c
2026-03-18 04:10:26 +0100: Memory Usage (443652K) : Executing rule NBL.d
2026-03-18 04:10:26 +0100: Memory Usage (443652K) : Executing rule NBL.e
2026-03-18 04:10:26 +0100: Memory Usage (443652K) : Executing rule NBL.f
2026-03-18 04:10:26 +0100: Memory Usage (443652K) : Starting 5.5. Activ table
2026-03-18 04:10:26 +0100: Memory Usage (443652K) : Executing rule Act.a
2026-03-18 04:10:26 +0100: Memory Usage (443652K) : Executing rule Act.b
2026-03-18 04:10:26 +0100: Memory Usage (443780K) : Starting 5.6 Activ:filler table
2026-03-18 04:10:26 +0100: Memory Usage (443908K) : Executing rule AFil.c1
2026-03-18 04:10:26 +0100: Memory Usage (443908K) : Executing rule AFil.c
2026-03-18 04:10:26 +0100: Memory Usage (443908K) : Executing rule AFil.d
2026-03-18 04:10:26 +0100: Memory Usage (443908K) : Executing rule AFil.e
2026-03-18 04:10:26 +0100: Memory Usage (443908K) : Executing rule AFil.j
2026-03-18 04:10:26 +0100: Memory Usage (443908K) : Starting 5.7. ThickGateOx table
2026-03-18 04:10:26 +0100: Memory Usage (443908K) : Executing rule TGO.f
2026-03-18 04:10:26 +0100: Memory Usage (443908K) : Starting 5.8. GatPoly table
2026-03-18 04:10:26 +0100: Memory Usage (443908K) : Executing rule Gat.a
2026-03-18 04:10:26 +0100: Memory Usage (443908K) : Executing rule Gat.b
2026-03-18 04:10:26 +0100: Memory Usage (443908K) : Executing rule Gat.d
2026-03-18 04:10:26 +0100: Memory Usage (443908K) : Executing rule Gat.a1
2026-03-18 04:10:26 +0100: Memory Usage (444292K) : Executing rule Gat.a2
2026-03-18 04:10:26 +0100: Memory Usage (444292K) : Executing rule Gat.g
2026-03-18 04:10:26 +0100: Memory Usage (444292K) : Starting 5.9 GatPoly:filler
2026-03-18 04:10:26 +0100: Memory Usage (444420K) : Executing rule GFil.d
2026-03-18 04:10:26 +0100: Memory Usage (444420K) : Executing rule GFil.e
2026-03-18 04:10:26 +0100: Memory Usage (444420K) : Executing rule GFil.i
2026-03-18 04:10:26 +0100: Memory Usage (444420K) : Starting 5.10 pSD table
2026-03-18 04:10:26 +0100: Memory Usage (444420K) : Executing rule pSD.c1
2026-03-18 04:10:26 +0100: Memory Usage (444420K) : Starting 5.14. Cont table
2026-03-18 04:10:26 +0100: Memory Usage (444420K) : Executing rule Cnt.a
2026-03-18 04:10:26 +0100: Memory Usage (444420K) : Executing rule Cnt.b
2026-03-18 04:10:26 +0100: Memory Usage (444420K) : Executing rule Cnt.c
2026-03-18 04:10:26 +0100: Memory Usage (444420K) : Executing rule Cnt.c
2026-03-18 04:10:26 +0100: Memory Usage (444420K) : Executing rule Cnt.d
2026-03-18 04:10:26 +0100: Memory Usage (444420K) : Executing rule Cnt.e
2026-03-18 04:10:26 +0100: Memory Usage (444420K) : Executing rule Cnt.g1
2026-03-18 04:10:26 +0100: Memory Usage (444548K) : Executing rule Cnt.g2
2026-03-18 04:10:26 +0100: Memory Usage (444676K) : Starting 5.15. ContBar table
2026-03-18 04:10:26 +0100: Memory Usage (444676K) : Executing rule CntB.b1
2026-03-18 04:10:26 +0100: Memory Usage (444676K) : Executing rule CntB.h1
2026-03-18 04:10:26 +0100: Memory Usage (444804K) : Starting 6.1.3 NPN Substrate-Tie table
2026-03-18 04:10:26 +0100: Memory Usage (444932K) : Executing rule npn13G2.bR 
2026-03-18 04:10:26 +0100: Memory Usage (445060K) : Executing rule npn13G2L.cR 
2026-03-18 04:10:26 +0100: Memory Usage (445316K) : Executing rule npn13G2V.cR 
2026-03-18 04:10:26 +0100: Memory Usage (445444K) : Starting 6.7 Schottky diode table
2026-03-18 04:10:26 +0100: Memory Usage (445444K) : Executing rule Sdiod.d
2026-03-18 04:10:26 +0100: Memory Usage (445572K) : Executing rule Sdiod.e
2026-03-18 04:10:26 +0100: Memory Usage (445700K) : Starting 7.2 Latch-up table
2026-03-18 04:10:26 +0100: Memory Usage (445700K) : Executing rule LU.b
2026-03-18 04:10:26 +0100: Memory Usage (447492K) : Starting 5.16. Metal1 table
2026-03-18 04:10:26 +0100: Memory Usage (447492K) : Executing rule M1.a
2026-03-18 04:10:26 +0100: Memory Usage (447492K) : Executing rule M1.b
2026-03-18 04:10:26 +0100: Memory Usage (447620K) : Executing rule M1.e
2026-03-18 04:10:26 +0100: Memory Usage (447876K) : Executing rule M1.f
2026-03-18 04:10:26 +0100: Memory Usage (448004K) : Executing rule M1.g
2026-03-18 04:10:26 +0100: Memory Usage (448260K) : Executing rule M1.i
2026-03-18 04:10:26 +0100: Memory Usage (448516K) : Starting 5.17 Metaln table
2026-03-18 04:10:26 +0100: Memory Usage (448516K) : Executing rule M2.a
2026-03-18 04:10:26 +0100: Memory Usage (448644K) : Executing rule M2.b
2026-03-18 04:10:26 +0100: Memory Usage (448772K) : Executing rule M2.e
2026-03-18 04:10:26 +0100: Memory Usage (449028K) : Executing rule M2.f
2026-03-18 04:10:26 +0100: Memory Usage (449284K) : Executing rule M2.g
2026-03-18 04:10:26 +0100: Memory Usage (449540K) : Executing rule M2.i
2026-03-18 04:10:26 +0100: Memory Usage (449924K) : Executing rule M3.a
2026-03-18 04:10:26 +0100: Memory Usage (450052K) : Executing rule M3.b
2026-03-18 04:10:26 +0100: Memory Usage (450180K) : Executing rule M3.e
2026-03-18 04:10:26 +0100: Memory Usage (450436K) : Executing rule M3.f
2026-03-18 04:10:26 +0100: Memory Usage (450692K) : Executing rule M3.g
2026-03-18 04:10:26 +0100: Memory Usage (450948K) : Executing rule M3.i
2026-03-18 04:10:26 +0100: Memory Usage (451332K) : Executing rule M4.a
2026-03-18 04:10:26 +0100: Memory Usage (451332K) : Executing rule M4.b
2026-03-18 04:10:26 +0100: Memory Usage (451460K) : Executing rule M4.e
2026-03-18 04:10:26 +0100: Memory Usage (451716K) : Executing rule M4.f
2026-03-18 04:10:26 +0100: Memory Usage (451972K) : Executing rule M4.g
2026-03-18 04:10:26 +0100: Memory Usage (445296K) : Executing rule M4.i
2026-03-18 04:10:26 +0100: Memory Usage (445296K) : Executing rule M5.a
2026-03-18 04:10:26 +0100: Memory Usage (445296K) : Executing rule M5.b
2026-03-18 04:10:26 +0100: Memory Usage (445296K) : Executing rule M5.e
2026-03-18 04:10:26 +0100: Memory Usage (445296K) : Executing rule M5.f
2026-03-18 04:10:26 +0100: Memory Usage (445296K) : Executing rule M5.g
2026-03-18 04:10:26 +0100: Memory Usage (445296K) : Executing rule M5.i
2026-03-18 04:10:26 +0100: Memory Usage (445296K) : Starting 5.18 Metaln:filler table
2026-03-18 04:10:26 +0100: Memory Usage (445296K) : Executing rule M1Fil.c
2026-03-18 04:10:26 +0100: Memory Usage (445296K) : Executing rule M1Fil.a2
2026-03-18 04:10:26 +0100: Memory Usage (445296K) : Executing rule M2Fil.c
2026-03-18 04:10:26 +0100: Memory Usage (445296K) : Executing rule M2Fil.a2
2026-03-18 04:10:26 +0100: Memory Usage (445296K) : Executing rule M3Fil.c
2026-03-18 04:10:26 +0100: Memory Usage (445296K) : Executing rule M3Fil.a2
2026-03-18 04:10:26 +0100: Memory Usage (445296K) : Executing rule M4Fil.c
2026-03-18 04:10:26 +0100: Memory Usage (445296K) : Executing rule M4Fil.a2
2026-03-18 04:10:26 +0100: Memory Usage (445296K) : Executing rule M5Fil.c
2026-03-18 04:10:26 +0100: Memory Usage (445296K) : Executing rule M5Fil.a2
2026-03-18 04:10:26 +0100: Memory Usage (445296K) : Starting 5.19. Via1 table
2026-03-18 04:10:26 +0100: Memory Usage (445296K) : Starting 5.19. Via1 table derivations
2026-03-18 04:10:26 +0100: Memory Usage (445296K) : Executing rule V1.a
2026-03-18 04:10:26 +0100: Memory Usage (445296K) : Executing rule V1.b
2026-03-18 04:10:26 +0100: Memory Usage (445296K) : Executing rule V1.c
2026-03-18 04:10:26 +0100: Memory Usage (445296K) : Starting 5.20. Vian table
2026-03-18 04:10:26 +0100: Memory Usage (445296K) : Executing rule V2.a
2026-03-18 04:10:26 +0100: Memory Usage (445296K) : Executing rule V2.b
2026-03-18 04:10:26 +0100: Memory Usage (445296K) : Executing rule V2.c
2026-03-18 04:10:26 +0100: Memory Usage (445296K) : Executing rule V3.a
2026-03-18 04:10:26 +0100: Memory Usage (445296K) : Executing rule V3.b
2026-03-18 04:10:26 +0100: Memory Usage (445296K) : Executing rule V3.c
2026-03-18 04:10:26 +0100: Memory Usage (445296K) : Executing rule V4.a
2026-03-18 04:10:26 +0100: Memory Usage (445296K) : Executing rule V4.b
2026-03-18 04:10:26 +0100: Memory Usage (445296K) : Executing rule V4.c
2026-03-18 04:10:26 +0100: Memory Usage (445296K) : Starting 5.21. TopVia1 table
2026-03-18 04:10:26 +0100: Memory Usage (445296K) : Executing rule TV1.a
2026-03-18 04:10:26 +0100: Memory Usage (445296K) : Executing rule TV1.b
2026-03-18 04:10:26 +0100: Memory Usage (445296K) : Executing rule TV1.c
2026-03-18 04:10:26 +0100: Memory Usage (445296K) : Executing rule TV1.d
2026-03-18 04:10:26 +0100: Memory Usage (445296K) : Starting 5.22. TopMetal1 table
2026-03-18 04:10:26 +0100: Memory Usage (445296K) : Executing rule TM1.a
2026-03-18 04:10:26 +0100: Memory Usage (445296K) : Executing rule TM1.b
2026-03-18 04:10:26 +0100: Memory Usage (445296K) : Starting 5.23 TopMetal1:filler table
2026-03-18 04:10:26 +0100: Memory Usage (445296K) : Executing rule TM1Fil.c
2026-03-18 04:10:26 +0100: Memory Usage (445296K) : Executing rule TM1Fil.a1
2026-03-18 04:10:26 +0100: Memory Usage (445296K) : Starting 5.24. TopVia2 table
2026-03-18 04:10:26 +0100: Memory Usage (445296K) : Executing rule TV2.a
2026-03-18 04:10:26 +0100: Memory Usage (445296K) : Executing rule TV2.b
2026-03-18 04:10:26 +0100: Memory Usage (445296K) : Executing rule TV2.c
2026-03-18 04:10:26 +0100: Memory Usage (445296K) : Executing rule TV2.d
2026-03-18 04:10:26 +0100: Memory Usage (445296K) : Starting 5.25. TopMetal2 table
2026-03-18 04:10:26 +0100: Memory Usage (445296K) : Executing rule TM2.a
2026-03-18 04:10:26 +0100: Memory Usage (445296K) : Executing rule TM2.b
2026-03-18 04:10:26 +0100: Memory Usage (445296K) : Executing rule TM2.bR
2026-03-18 04:10:26 +0100: Memory Usage (445296K) : Starting 5.26 TopMetal2:filler table
2026-03-18 04:10:26 +0100: Memory Usage (445296K) : Executing rule TM2Fil.c
2026-03-18 04:10:26 +0100: Memory Usage (445296K) : Executing rule TM2Fil.a1
2026-03-18 04:10:26 +0100: Memory Usage (445296K) : Starting 5.27. Passiv table
2026-03-18 04:10:26 +0100: Memory Usage (445296K) : Executing rule Pas.a
2026-03-18 04:10:26 +0100: Memory Usage (445296K) : Executing rule Pas.b
2026-03-18 04:10:26 +0100: Memory Usage (445296K) : Executing rule Pas.c
2026-03-18 04:10:26 +0100: Memory Usage (445296K) : Starting 6.9.2 Copper Pillar table
2026-03-18 04:10:26 +0100: Memory Usage (445296K) : Executing rule Padc.a
2026-03-18 04:10:26 +0100: Memory Usage (445296K) : Executing rule Padc.b
2026-03-18 04:10:26 +0100: Memory Usage (445296K) : Executing rule Padc.c
2026-03-18 04:10:26 +0100: Memory Usage (445296K) : Executing rule Padb.f
2026-03-18 04:10:26 +0100: Memory Usage (445296K) : Starting 6.9 Pad table
2026-03-18 04:10:26 +0100: Memory Usage (445296K) : Executing rule Pad.m
2026-03-18 04:10:26 +0100: Memory Usage (445296K) : Executing rule Pad.fR_M1
2026-03-18 04:10:26 +0100: Memory Usage (445296K) : Executing rule Pad.fR_M2
2026-03-18 04:10:26 +0100: Memory Usage (445296K) : Executing rule Pad.fR_M3
2026-03-18 04:10:26 +0100: Memory Usage (445296K) : Executing rule Pad.fR_M4
2026-03-18 04:10:26 +0100: Memory Usage (445296K) : Executing rule Pad.fR_M5
2026-03-18 04:10:26 +0100: Memory Usage (445296K) : Executing rule Pad.fR_TM1
2026-03-18 04:10:26 +0100: Memory Usage (445296K) : Executing rule Pad.fR_TM2
2026-03-18 04:10:26 +0100: Memory Usage (445296K) : Executing rule Pad.i
2026-03-18 04:10:26 +0100: Memory Usage (445296K) : Starting 6.9.1 Solder Bump
2026-03-18 04:10:26 +0100: Memory Usage (445296K) : Executing rule Padb.a
2026-03-18 04:10:26 +0100: Memory Usage (445296K) : Executing rule Padb.b
2026-03-18 04:10:26 +0100: Memory Usage (445296K) : Executing rule Padb.c
2026-03-18 04:10:26 +0100: Memory Usage (445296K) : Executing rule Padb.f
2026-03-18 04:10:26 +0100: Memory Usage (445680K) : Executing rule Padb.d
2026-03-18 04:10:26 +0100: Memory Usage (445680K) : Starting 6.10 Sealring table
2026-03-18 04:10:26 +0100: Memory Usage (445680K) : Executing rule Seal.l
2026-03-18 04:10:26 +0100: Memory Usage (445808K) : Executing rule Seal.n
2026-03-18 04:10:26 +0100: Memory Usage (445936K) : Executing rule seal.b_metal1
2026-03-18 04:10:26 +0100: Memory Usage (446192K) : Executing rule seal.b_metal2
2026-03-18 04:10:26 +0100: Memory Usage (446320K) : Executing rule seal.b_metal3
2026-03-18 04:10:26 +0100: Memory Usage (446448K) : Executing rule seal.b_metal4
2026-03-18 04:10:26 +0100: Memory Usage (446704K) : Executing rule seal.b_metal5
2026-03-18 04:10:26 +0100: Memory Usage (446832K) : Executing rule seal.b_topmetal1
2026-03-18 04:10:26 +0100: Memory Usage (447088K) : Executing rule seal.b_topmetal2
2026-03-18 04:10:26 +0100: Memory Usage (447216K) : Executing rule seal.b_activ
2026-03-18 04:10:26 +0100: Memory Usage (447344K) : Executing rule seal.b_psd
2026-03-18 04:10:26 +0100: Memory Usage (447600K) : Executing rule Seal.k
2026-03-18 04:10:26 +0100: Memory Usage (447728K) : Executing rule Seal.m
2026-03-18 04:10:26 +0100: Memory Usage (447856K) : Starting 6.11 MIM table
2026-03-18 04:10:26 +0100: Memory Usage (447856K) : Executing rule MIM.c
2026-03-18 04:10:26 +0100: Memory Usage (448112K) : Executing rule MIM.d
2026-03-18 04:10:26 +0100: Memory Usage (448240K) : Executing rule MIM.gR
2026-03-18 04:10:26 +0100: Memory Usage (448240K) : Starting 7.3 Metal Slits table
2026-03-18 04:10:26 +0100: Memory Usage (448240K) : Executing rule Slt.e1_M1
2026-03-18 04:10:26 +0100: Memory Usage (448368K) : Executing rule Slt.e1_M2
2026-03-18 04:10:26 +0100: Memory Usage (448496K) : Executing rule Slt.e1_M3
2026-03-18 04:10:26 +0100: Memory Usage (448624K) : Executing rule Slt.e1_M4
2026-03-18 04:10:26 +0100: Memory Usage (448752K) : Executing rule Slt.e1_M5
2026-03-18 04:10:26 +0100: Memory Usage (448880K) : Executing rule Slt.e1_TM1
2026-03-18 04:10:26 +0100: Memory Usage (449008K) : Executing rule Slt.e1_TM2
2026-03-18 04:10:26 +0100: Memory Usage (449136K) : Starting 9.1. LBE table
2026-03-18 04:10:26 +0100: Memory Usage (449264K) : Executing rule LBE.a
2026-03-18 04:10:26 +0100: Memory Usage (449264K) : Executing rule LBE.b
2026-03-18 04:10:26 +0100: Memory Usage (449392K) : Executing rule LBE.b1
2026-03-18 04:10:26 +0100: Memory Usage (449520K) : Executing rule LBE.c
2026-03-18 04:10:26 +0100: Memory Usage (449648K) : Executing rule LBE.d
2026-03-18 04:10:26 +0100: Memory Usage (449648K) : Executing rule LBE.h
2026-03-18 04:10:26 +0100: Memory Usage (449904K) : Starting 7.4. PIN table
2026-03-18 04:10:26 +0100: Memory Usage (449904K) : Executing rule Pin.a
2026-03-18 04:10:26 +0100: Memory Usage (450032K) : Executing rule Pin.b
2026-03-18 04:10:26 +0100: Memory Usage (450032K) : Executing rule Pin.e
2026-03-18 04:10:26 +0100: Memory Usage (450160K) : Executing rule Pin.f_M2
2026-03-18 04:10:26 +0100: Memory Usage (450288K) : Executing rule Pin.f_M3
2026-03-18 04:10:26 +0100: Memory Usage (450416K) : Executing rule Pin.f_M4
2026-03-18 04:10:26 +0100: Memory Usage (450544K) : Executing rule Pin.f_M5
2026-03-18 04:10:26 +0100: Memory Usage (450672K) : Executing rule Pin.g
2026-03-18 04:10:26 +0100: Memory Usage (450800K) : Executing rule Pin.h
2026-03-18 04:10:26 +0100: Memory Usage (450928K) : Starting 3.2. FORBIDDEN table
2026-03-18 04:10:26 +0100: Memory Usage (450928K) : Executing rule forbidden.biwind
2026-03-18 04:10:26 +0100: Memory Usage (451056K) : Executing rule forbidden.pemwind
2026-03-18 04:10:26 +0100: Memory Usage (451056K) : Executing rule forbidden.baspoly
2026-03-18 04:10:26 +0100: Memory Usage (451184K) : Executing rule forbidden.deepco
2026-03-18 04:10:26 +0100: Memory Usage (451184K) : Executing rule forbidden.pempoly
2026-03-18 04:10:26 +0100: Memory Usage (451312K) : Executing rule forbidden.empoly
2026-03-18 04:10:26 +0100: Memory Usage (451312K) : Executing rule forbidden.ldmos
2026-03-18 04:10:26 +0100: Memory Usage (451312K) : Executing rule forbidden.pbiwind
2026-03-18 04:10:26 +0100: Memory Usage (451440K) : Executing rule forbidden.nodrc
2026-03-18 04:10:26 +0100: Memory Usage (451440K) : Executing rule forbidden.flash
2026-03-18 04:10:26 +0100: Memory Usage (451568K) : Executing rule forbidden.colwind
2026-03-18 04:10:26 +0100: Memory Usage (451568K) : KLayout DRC run for tables 'main' completed in 1.37 seconds
